TpTrace Information: 0 : 16444, 1, 2020/12/02, 19:14:05.162, 2040967978026, datacollector.dll, DataCollectorMain.Run: Starting data collector run with args: --port,63400,--parentprocessid,10568,--diag,C:\Users\User\Desktop\VVSZadaca2\Filmoteka\Unit Testovi\bin\Debug\fine-code-coverage\_outputfolder\diagnostics.datacollector.20-12-02_19-14-04_97189_4.log,--tracelevel,4
TpTrace Information: 0 : 16444, 1, 2020/12/02, 19:14:05.170, 2040968011124, datacollector.dll, DataCollector: Monitoring parent process with id: '10568'
TpTrace Information: 0 : 16444, 1, 2020/12/02, 19:14:05.183, 2040968136904, datacollector.dll, Trying to connect to server on socket : 127.0.0.1:63400 
TpTrace Verbose: 0 : 16444, 1, 2020/12/02, 19:14:05.205, 2040968361520, datacollector.dll, SocketCommunicationManager : SetupClientAsync : Attempting to connect to the server.
TpTrace Information: 0 : 16444, 5, 2020/12/02, 19:14:05.226, 2040968567235, datacollector.dll, Connected to the server successfully 
TpTrace Information: 0 : 16444, 5, 2020/12/02, 19:14:05.226, 2040968569817, datacollector.dll, Using the buffer size of 16384 bytes
TpTrace Information: 0 : 16444, 1, 2020/12/02, 19:14:05.461, 2040970916606, datacollector.dll, DataCollector: Start Request Processing.
TpTrace Information: 0 : 16444, 1, 2020/12/02, 19:14:05.478, 2040971092185, datacollector.dll, DataCollectionRequestHandler.ProcessRequests : Datacollector received message: (DataCollection.BeforeTestRunStart) -> {
  "SettingsXml": "<RunSettings><RunConfiguration><ResultsDirectory>C:\\Users\\User\\Desktop\\VVSZadaca2\\Filmoteka\\Unit Testovi\\bin\\Debug\\fine-code-coverage\\_outputfolder</ResultsDirectory><TargetPlatform>X64</TargetPlatform><TargetFrameworkVersion>.NETCoreApp,Version=v3.1</TargetFrameworkVersion><DesignMode>False</DesignMode><CollectSourceInformation>False</CollectSourceInformation><TestAdaptersPaths>C:\\Program Files\\dotnet\\sdk\\3.1.403\\Extensions</TestAdaptersPaths></RunConfiguration><LoggerRunSettings><Loggers><Logger friendlyName=\"blame\" enabled=\"True\" /><Logger friendlyName=\"Console\" uri=\"logger://microsoft/TestPlatform/ConsoleLogger/v1\" assemblyQualifiedName=\"Microsoft.VisualStudio.TestPlatform.CommandLine.Internal.ConsoleLogger, vstest.console, Version=15.0.0.0, Culture=neutral, PublicKeyToken=b03f5f7f11d50a3a\" codeBase=\"C:\\Program Files\\dotnet\\sdk\\3.1.403\\vstest.console.dll\" enabled=\"True\" /></Loggers></LoggerRunSettings><DataCollectionRunSettings><DataCollectors><DataCollector friendlyName=\"blame\" enabled=\"True\"><Configuration><ResultsDirectory>C:\\Users\\User\\Desktop\\VVSZadaca2\\Filmoteka\\Unit Testovi\\bin\\Debug\\fine-code-coverage\\_outputfolder</ResultsDirectory></Configuration></DataCollector></DataCollectors></DataCollectionRunSettings></RunSettings>",
  "Sources": [
    "C:\\Users\\User\\Desktop\\VVSZadaca2\\Filmoteka\\Unit Testovi\\bin\\Debug\\fine-code-coverage\\Unit Testovi.dll"
  ]
}
TpTrace Verbose: 0 : 16444, 1, 2020/12/02, 19:14:05.565, 2040971956391, datacollector.dll, TestPluginCache: Update extensions started. Skip filter = False
TpTrace Verbose: 0 : 16444, 1, 2020/12/02, 19:14:05.566, 2040971968038, datacollector.dll, TestPluginCache: Using directories for assembly resolution 'C:\Program Files\dotnet\sdk\3.1.403\Extensions'.
TpTrace Verbose: 0 : 16444, 1, 2020/12/02, 19:14:05.566, 2040971970215, datacollector.dll, TestPluginCache: Updated the available extensions to 'C:\Program Files\dotnet\sdk\3.1.403\Extensions\Microsoft.TestPlatform.Extensions.BlameDataCollector.dll,C:\Program Files\dotnet\sdk\3.1.403\Extensions\Microsoft.TestPlatform.Extensions.EventLogCollector.dll'.
TpTrace Verbose: 0 : 16444, 1, 2020/12/02, 19:14:05.575, 2040972064819, datacollector.dll, TestPluginCache.DiscoverTestExtensions: finding test extensions in assemblies ends with: Collector.dll TPluginInfo: Microsoft.VisualStudio.TestPlatform.Common.DataCollector.DataCollectorConfig TExtension: Microsoft.VisualStudio.TestPlatform.ObjectModel.DataCollection.DataCollector
TpTrace Verbose: 0 : 16444, 1, 2020/12/02, 19:14:05.576, 2040972068133, datacollector.dll, TestPluginCache.GetExtensionPaths: Filtered extension paths: C:\Program Files\dotnet\sdk\3.1.403\Extensions\Microsoft.TestPlatform.Extensions.BlameDataCollector.dll
C:\Program Files\dotnet\sdk\3.1.403\Extensions\Microsoft.TestPlatform.Extensions.EventLogCollector.dll
TpTrace Verbose: 0 : 16444, 1, 2020/12/02, 19:14:05.576, 2040972070321, datacollector.dll, TestPluginCache.GetExtensionPaths: Added default extension paths: 
TpTrace Verbose: 0 : 16444, 1, 2020/12/02, 19:14:05.576, 2040972071863, datacollector.dll, TestPluginCache.GetExtensionPaths: Added unfilterableExtensionPaths: 
TpTrace Information: 0 : 16444, 1, 2020/12/02, 19:14:05.577, 2040972082209, datacollector.dll, AssemblyResolver.ctor: Creating AssemblyResolver with searchDirectories C:\Program Files\dotnet\sdk\3.1.403\Extensions,C:\Program Files\dotnet\sdk\3.1.403
TpTrace Verbose: 0 : 16444, 1, 2020/12/02, 19:14:05.579, 2040972103614, datacollector.dll, TestPluginCache.DiscoverTestExtensions: Discovering the extensions using extension path.
TpTrace Verbose: 0 : 16444, 1, 2020/12/02, 19:14:05.580, 2040972108322, datacollector.dll, TestPluginCache.GetExtensionPaths: Filtered extension paths: C:\Program Files\dotnet\sdk\3.1.403\Extensions\Microsoft.TestPlatform.Extensions.BlameDataCollector.dll
C:\Program Files\dotnet\sdk\3.1.403\Extensions\Microsoft.TestPlatform.Extensions.EventLogCollector.dll
TpTrace Verbose: 0 : 16444, 1, 2020/12/02, 19:14:05.580, 2040972110651, datacollector.dll, TestPluginCache.GetExtensionPaths: Added default extension paths: 
TpTrace Verbose: 0 : 16444, 1, 2020/12/02, 19:14:05.581, 2040972119220, datacollector.dll, TestPluginCache.GetExtensionPaths: Added unfilterableExtensionPaths: 
TpTrace Verbose: 0 : 16444, 1, 2020/12/02, 19:14:05.581, 2040972122439, datacollector.dll, TestPluginCache.DiscoverTestExtensions: Discovering the extensions using allExtensionPaths: C:\Program Files\dotnet\sdk\3.1.403\Extensions\Microsoft.TestPlatform.Extensions.BlameDataCollector.dll
C:\Program Files\dotnet\sdk\3.1.403\Extensions\Microsoft.TestPlatform.Extensions.EventLogCollector.dll
TpTrace Information: 0 : 16444, 1, 2020/12/02, 19:14:05.582, 2040972126305, datacollector.dll, AssemblyResolver.AddSearchDirectories: Adding more searchDirectories C:\Program Files\dotnet\sdk\3.1.403\Extensions,C:\Program Files\dotnet\sdk\3.1.403
TpTrace Information: 0 : 16444, 1, 2020/12/02, 19:14:05.582, 2040972129127, datacollector.dll, AssemblyResolver.AddSearchDirectories: Adding more searchDirectories C:\Program Files\dotnet\sdk\3.1.403\Extensions,C:\Program Files\dotnet\sdk\3.1.403
TpTrace Information: 0 : 16444, 1, 2020/12/02, 19:14:05.583, 2040972140937, datacollector.dll, AssemblyResolver.OnResolve: Microsoft.TestPlatform.Extensions.BlameDataCollector: Resolving assembly.
TpTrace Information: 0 : 16444, 1, 2020/12/02, 19:14:05.586, 2040972167782, datacollector.dll, AssemblyResolver.OnResolve: Resolved assembly: Microsoft.TestPlatform.Extensions.BlameDataCollector, from path: C:\Program Files\dotnet\sdk\3.1.403\Extensions\Microsoft.TestPlatform.Extensions.BlameDataCollector.dll
TpTrace Error: 0 : 16444, 1, 2020/12/02, 19:14:05.588, 2040972188813, datacollector.dll, The type "Microsoft.TestPlatform.Extensions.BlameDataCollector.BlameCollector" defined in "Microsoft.TestPlatform.Extensions.BlameDataCollector.dll" does not have ExtensionUri attribute.
TpTrace Information: 0 : 16444, 1, 2020/12/02, 19:14:05.589, 2040972201552, datacollector.dll, AssemblyResolver.OnResolve: Microsoft.TestPlatform.Extensions.EventLogCollector: Resolving assembly.
TpTrace Information: 0 : 16444, 1, 2020/12/02, 19:14:05.591, 2040972221068, datacollector.dll, AssemblyResolver.OnResolve: Resolved assembly: Microsoft.TestPlatform.Extensions.EventLogCollector, from path: C:\Program Files\dotnet\sdk\3.1.403\Extensions\Microsoft.TestPlatform.Extensions.EventLogCollector.dll
TpTrace Error: 0 : 16444, 1, 2020/12/02, 19:14:05.595, 2040972264391, datacollector.dll, The type "Microsoft.TestPlatform.Extensions.EventLogCollector.EventLogDataCollector" defined in "Microsoft.TestPlatform.Extensions.EventLogCollector.dll" does not have ExtensionUri attribute.
TpTrace Verbose: 0 : 16444, 1, 2020/12/02, 19:14:05.596, 2040972273083, datacollector.dll, TestPluginCache: Discovered the extensions using extension path 'C:\Program Files\dotnet\sdk\3.1.403\Extensions\Microsoft.TestPlatform.Extensions.BlameDataCollector.dll,C:\Program Files\dotnet\sdk\3.1.403\Extensions\Microsoft.TestPlatform.Extensions.EventLogCollector.dll'.
TpTrace Verbose: 0 : 16444, 1, 2020/12/02, 19:14:05.596, 2040972275810, datacollector.dll, TestPluginCache: Discoverers are ''.
TpTrace Verbose: 0 : 16444, 1, 2020/12/02, 19:14:05.597, 2040972278012, datacollector.dll, TestPluginCache: Executors are ''.
TpTrace Verbose: 0 : 16444, 1, 2020/12/02, 19:14:05.597, 2040972280118, datacollector.dll, TestPluginCache: Executors2 are ''.
TpTrace Verbose: 0 : 16444, 1, 2020/12/02, 19:14:05.597, 2040972282628, datacollector.dll, TestPluginCache: Setting providers are ''.
TpTrace Verbose: 0 : 16444, 1, 2020/12/02, 19:14:05.597, 2040972284501, datacollector.dll, TestPluginCache: Loggers are ''.
TpTrace Information: 0 : 16444, 1, 2020/12/02, 19:14:05.601, 2040972320933, datacollector.dll, TestPluginManager.CreateTestExtension: Attempting to load test extension: Microsoft.TestPlatform.Extensions.BlameDataCollector.BlameCollector
TpTrace Error: 0 : 16444, 1, 2020/12/02, 19:14:05.601, 2040972325592, datacollector.dll, The type "Microsoft.TestPlatform.Extensions.BlameDataCollector.BlameCollector" defined in "Microsoft.TestPlatform.Extensions.BlameDataCollector.dll" does not have ExtensionUri attribute.
TpTrace Information: 0 : 16444, 1, 2020/12/02, 19:14:05.615, 2040972465164, datacollector.dll, Listening on Endpoint : 127.0.0.1:63403
TpTrace Information: 0 : 16444, 1, 2020/12/02, 19:14:05.635, 2040972658716, datacollector.dll, DataCollectionRequestHandler.ProcessRequests : DataCollection started.
TpTrace Information: 0 : 16444, 1, 2020/12/02, 19:14:05.735, 2040973660593, datacollector.dll, DataCollectionRequestHandler.ProcessRequests : Datacollector received message: (DataCollection.TestHostLaunched) -> {
  "ProcessId": 13076
}
TpTrace Information: 0 : 16444, 7, 2020/12/02, 19:14:06.155, 2040977860330, datacollector.dll, Using the buffer size of 16384 bytes
TpTrace Information: 0 : 16444, 7, 2020/12/02, 19:14:06.155, 2040977865336, datacollector.dll, Accepted Client request and set the flag
TpTrace Information: 0 : 16444, 5, 2020/12/02, 19:14:07.039, 2040986704434, datacollector.dll, DataCollectionTestCaseEventHandler: Test case starting.
TpTrace Information: 0 : 16444, 5, 2020/12/02, 19:14:07.107, 2040987376717, datacollector.dll, Blame Collector : Test Case Start
TpTrace Information: 0 : 16444, 5, 2020/12/02, 19:14:07.107, 2040987383125, datacollector.dll, DataCollectionTestCaseEventHandler: Test case 'TestDajSveFilmoveSGlumcima1 - 1c352a7f-958a-a6b4-d8e1-b916a9458cf0' started.
TpTrace Information: 0 : 16444, 5, 2020/12/02, 19:14:07.201, 2040988325380, datacollector.dll, DataCollectionTestCaseEventHandler : Test case completing.
TpTrace Information: 0 : 16444, 5, 2020/12/02, 19:14:07.207, 2040988382552, datacollector.dll, Blame Collector : Test Case End
TpTrace Error: 0 : 16444, 5, 2020/12/02, 19:14:07.227, 2040988583721, datacollector.dll, DataCollectionAttachmentManager.GetAttachments: Fail to get attachments: System.Collections.Generic.KeyNotFoundException: The given key 'Microsoft.VisualStudio.TestPlatform.ObjectModel.DataCollection.DataCollectionContext' was not present in the dictionary.
   at System.Collections.Generic.Dictionary`2.get_Item(TKey key)
   at Microsoft.VisualStudio.TestPlatform.Common.DataCollector.DataCollectionAttachmentManager.GetAttachments(DataCollectionContext dataCollectionContext) 
TpTrace Information: 0 : 16444, 5, 2020/12/02, 19:14:07.232, 2040988632245, datacollector.dll, DataCollectionTestCaseEventHandler: Test case 'TestDajSveFilmoveSGlumcima1 - 1c352a7f-958a-a6b4-d8e1-b916a9458cf0' completed
TpTrace Information: 0 : 16444, 5, 2020/12/02, 19:14:07.248, 2040988793589, datacollector.dll, DataCollectionTestCaseEventHandler: Test case starting.
TpTrace Information: 0 : 16444, 5, 2020/12/02, 19:14:07.249, 2040988799031, datacollector.dll, Blame Collector : Test Case Start
TpTrace Information: 0 : 16444, 5, 2020/12/02, 19:14:07.249, 2040988801563, datacollector.dll, DataCollectionTestCaseEventHandler: Test case 'TestDajSveFilmoveSGlumcima2 - 8878fe32-8883-05f3-b64b-634a4fe2459e' started.
TpTrace Information: 0 : 16444, 5, 2020/12/02, 19:14:07.251, 2040988821294, datacollector.dll, DataCollectionTestCaseEventHandler : Test case completing.
TpTrace Information: 0 : 16444, 5, 2020/12/02, 19:14:07.252, 2040988827240, datacollector.dll, Blame Collector : Test Case End
TpTrace Error: 0 : 16444, 5, 2020/12/02, 19:14:07.252, 2040988830956, datacollector.dll, DataCollectionAttachmentManager.GetAttachments: Fail to get attachments: System.Collections.Generic.KeyNotFoundException: The given key 'Microsoft.VisualStudio.TestPlatform.ObjectModel.DataCollection.DataCollectionContext' was not present in the dictionary.
   at System.Collections.Generic.Dictionary`2.get_Item(TKey key)
   at Microsoft.VisualStudio.TestPlatform.Common.DataCollector.DataCollectionAttachmentManager.GetAttachments(DataCollectionContext dataCollectionContext) 
TpTrace Information: 0 : 16444, 5, 2020/12/02, 19:14:07.252, 2040988834033, datacollector.dll, DataCollectionTestCaseEventHandler: Test case 'TestDajSveFilmoveSGlumcima2 - 8878fe32-8883-05f3-b64b-634a4fe2459e' completed
TpTrace Information: 0 : 16444, 5, 2020/12/02, 19:14:07.254, 2040988850064, datacollector.dll, DataCollectionTestCaseEventHandler: Test case starting.
TpTrace Information: 0 : 16444, 5, 2020/12/02, 19:14:07.255, 2040988857697, datacollector.dll, Blame Collector : Test Case Start
TpTrace Information: 0 : 16444, 5, 2020/12/02, 19:14:07.255, 2040988861107, datacollector.dll, DataCollectionTestCaseEventHandler: Test case 'TestDajSveFilmoveSaGlumcimaIzuzetak - 540364fc-aa0e-893b-b9c6-b3574792c46d' started.
TpTrace Information: 0 : 16444, 5, 2020/12/02, 19:14:07.263, 2040988936961, datacollector.dll, DataCollectionTestCaseEventHandler : Test case completing.
TpTrace Information: 0 : 16444, 5, 2020/12/02, 19:14:07.263, 2040988943383, datacollector.dll, Blame Collector : Test Case End
TpTrace Error: 0 : 16444, 5, 2020/12/02, 19:14:07.264, 2040988946792, datacollector.dll, DataCollectionAttachmentManager.GetAttachments: Fail to get attachments: System.Collections.Generic.KeyNotFoundException: The given key 'Microsoft.VisualStudio.TestPlatform.ObjectModel.DataCollection.DataCollectionContext' was not present in the dictionary.
   at System.Collections.Generic.Dictionary`2.get_Item(TKey key)
   at Microsoft.VisualStudio.TestPlatform.Common.DataCollector.DataCollectionAttachmentManager.GetAttachments(DataCollectionContext dataCollectionContext) 
TpTrace Information: 0 : 16444, 5, 2020/12/02, 19:14:07.264, 2040988949469, datacollector.dll, DataCollectionTestCaseEventHandler: Test case 'TestDajSveFilmoveSaGlumcimaIzuzetak - 540364fc-aa0e-893b-b9c6-b3574792c46d' completed
TpTrace Information: 0 : 16444, 5, 2020/12/02, 19:14:07.265, 2040988964229, datacollector.dll, DataCollectionTestCaseEventHandler: Test case starting.
TpTrace Information: 0 : 16444, 5, 2020/12/02, 19:14:07.266, 2040988969803, datacollector.dll, Blame Collector : Test Case Start
TpTrace Information: 0 : 16444, 5, 2020/12/02, 19:14:07.266, 2040988973253, datacollector.dll, DataCollectionTestCaseEventHandler: Test case 'TestZamjenskiObjekat - aef9dec6-1181-fac1-2596-b31421e8da47' started.
TpTrace Information: 0 : 16444, 5, 2020/12/02, 19:14:07.269, 2040989001217, datacollector.dll, DataCollectionTestCaseEventHandler : Test case completing.
TpTrace Information: 0 : 16444, 5, 2020/12/02, 19:14:07.270, 2040989008356, datacollector.dll, Blame Collector : Test Case End
TpTrace Error: 0 : 16444, 5, 2020/12/02, 19:14:07.270, 2040989012009, datacollector.dll, DataCollectionAttachmentManager.GetAttachments: Fail to get attachments: System.Collections.Generic.KeyNotFoundException: The given key 'Microsoft.VisualStudio.TestPlatform.ObjectModel.DataCollection.DataCollectionContext' was not present in the dictionary.
   at System.Collections.Generic.Dictionary`2.get_Item(TKey key)
   at Microsoft.VisualStudio.TestPlatform.Common.DataCollector.DataCollectionAttachmentManager.GetAttachments(DataCollectionContext dataCollectionContext) 
TpTrace Information: 0 : 16444, 5, 2020/12/02, 19:14:07.271, 2040989016050, datacollector.dll, DataCollectionTestCaseEventHandler: Test case 'TestZamjenskiObjekat - aef9dec6-1181-fac1-2596-b31421e8da47' completed
TpTrace Information: 0 : 16444, 5, 2020/12/02, 19:14:07.272, 2040989031950, datacollector.dll, DataCollectionTestCaseEventHandler: Test case starting.
TpTrace Information: 0 : 16444, 5, 2020/12/02, 19:14:07.273, 2040989037922, datacollector.dll, Blame Collector : Test Case Start
TpTrace Information: 0 : 16444, 5, 2020/12/02, 19:14:07.273, 2040989040679, datacollector.dll, DataCollectionTestCaseEventHandler: Test case 'TestDodajNastavakIstiGlumci - 307a9543-71bf-45b1-736e-e86a33581b25' started.
TpTrace Information: 0 : 16444, 5, 2020/12/02, 19:14:07.308, 2040989393894, datacollector.dll, DataCollectionTestCaseEventHandler : Test case completing.
TpTrace Information: 0 : 16444, 5, 2020/12/02, 19:14:07.309, 2040989399293, datacollector.dll, Blame Collector : Test Case End
TpTrace Error: 0 : 16444, 5, 2020/12/02, 19:14:07.309, 2040989404722, datacollector.dll, DataCollectionAttachmentManager.GetAttachments: Fail to get attachments: System.Collections.Generic.KeyNotFoundException: The given key 'Microsoft.VisualStudio.TestPlatform.ObjectModel.DataCollection.DataCollectionContext' was not present in the dictionary.
   at System.Collections.Generic.Dictionary`2.get_Item(TKey key)
   at Microsoft.VisualStudio.TestPlatform.Common.DataCollector.DataCollectionAttachmentManager.GetAttachments(DataCollectionContext dataCollectionContext) 
TpTrace Information: 0 : 16444, 5, 2020/12/02, 19:14:07.310, 2040989408397, datacollector.dll, DataCollectionTestCaseEventHandler: Test case 'TestDodajNastavakIstiGlumci - 307a9543-71bf-45b1-736e-e86a33581b25' completed
TpTrace Information: 0 : 16444, 5, 2020/12/02, 19:14:07.312, 2040989433610, datacollector.dll, DataCollectionTestCaseEventHandler: Test case starting.
TpTrace Information: 0 : 16444, 5, 2020/12/02, 19:14:07.313, 2040989438867, datacollector.dll, Blame Collector : Test Case Start
TpTrace Information: 0 : 16444, 5, 2020/12/02, 19:14:07.313, 2040989441093, datacollector.dll, DataCollectionTestCaseEventHandler: Test case 'TestDodajNastavakRazlicitiGlumci - ccc8a4b1-0bba-0d1f-634a-2a0e08c0293a' started.
TpTrace Information: 0 : 16444, 5, 2020/12/02, 19:14:07.316, 2040989468153, datacollector.dll, DataCollectionTestCaseEventHandler : Test case completing.
TpTrace Information: 0 : 16444, 5, 2020/12/02, 19:14:07.316, 2040989474421, datacollector.dll, Blame Collector : Test Case End
TpTrace Error: 0 : 16444, 5, 2020/12/02, 19:14:07.317, 2040989477735, datacollector.dll, DataCollectionAttachmentManager.GetAttachments: Fail to get attachments: System.Collections.Generic.KeyNotFoundException: The given key 'Microsoft.VisualStudio.TestPlatform.ObjectModel.DataCollection.DataCollectionContext' was not present in the dictionary.
   at System.Collections.Generic.Dictionary`2.get_Item(TKey key)
   at Microsoft.VisualStudio.TestPlatform.Common.DataCollector.DataCollectionAttachmentManager.GetAttachments(DataCollectionContext dataCollectionContext) 
TpTrace Information: 0 : 16444, 5, 2020/12/02, 19:14:07.317, 2040989480494, datacollector.dll, DataCollectionTestCaseEventHandler: Test case 'TestDodajNastavakRazlicitiGlumci - ccc8a4b1-0bba-0d1f-634a-2a0e08c0293a' completed
TpTrace Information: 0 : 16444, 5, 2020/12/02, 19:14:07.319, 2040989500376, datacollector.dll, DataCollectionTestCaseEventHandler: Test case starting.
TpTrace Information: 0 : 16444, 5, 2020/12/02, 19:14:07.320, 2040989507802, datacollector.dll, Blame Collector : Test Case Start
TpTrace Information: 0 : 16444, 5, 2020/12/02, 19:14:07.320, 2040989510132, datacollector.dll, DataCollectionTestCaseEventHandler: Test case 'TestDodajNastavakIzuzetak - 83c1ddde-4e31-66fc-a376-4096e8037e77' started.
TpTrace Information: 0 : 16444, 5, 2020/12/02, 19:14:07.322, 2040989530933, datacollector.dll, DataCollectionTestCaseEventHandler : Test case completing.
TpTrace Information: 0 : 16444, 5, 2020/12/02, 19:14:07.323, 2040989536062, datacollector.dll, Blame Collector : Test Case End
TpTrace Error: 0 : 16444, 5, 2020/12/02, 19:14:07.323, 2040989539269, datacollector.dll, DataCollectionAttachmentManager.GetAttachments: Fail to get attachments: System.Collections.Generic.KeyNotFoundException: The given key 'Microsoft.VisualStudio.TestPlatform.ObjectModel.DataCollection.DataCollectionContext' was not present in the dictionary.
   at System.Collections.Generic.Dictionary`2.get_Item(TKey key)
   at Microsoft.VisualStudio.TestPlatform.Common.DataCollector.DataCollectionAttachmentManager.GetAttachments(DataCollectionContext dataCollectionContext) 
TpTrace Information: 0 : 16444, 5, 2020/12/02, 19:14:07.323, 2040989541939, datacollector.dll, DataCollectionTestCaseEventHandler: Test case 'TestDodajNastavakIzuzetak - 83c1ddde-4e31-66fc-a376-4096e8037e77' completed
TpTrace Information: 0 : 16444, 5, 2020/12/02, 19:14:07.329, 2040989596307, datacollector.dll, DataCollectionTestCaseEventHandler: Test session ended
TpTrace Information: 0 : 16444, 1, 2020/12/02, 19:14:07.531, 2040991623335, datacollector.dll, DataCollectionRequestHandler.ProcessRequests : Datacollector received message: (DataCollection.AfterTestRunEnd) -> false
TpTrace Information: 0 : 16444, 1, 2020/12/02, 19:14:07.533, 2040991643644, datacollector.dll, Blame Collector : Session End
TpTrace Error: 0 : 16444, 1, 2020/12/02, 19:14:07.534, 2040991652839, datacollector.dll, DataCollectionAttachmentManager.GetAttachments: Fail to get attachments: System.Collections.Generic.KeyNotFoundException: The given key 'Microsoft.VisualStudio.TestPlatform.ObjectModel.DataCollection.DataCollectionContext' was not present in the dictionary.
   at System.Collections.Generic.Dictionary`2.get_Item(TKey key)
   at Microsoft.VisualStudio.TestPlatform.Common.DataCollector.DataCollectionAttachmentManager.GetAttachments(DataCollectionContext dataCollectionContext) 
TpTrace Information: 0 : 16444, 1, 2020/12/02, 19:14:07.535, 2040991656017, datacollector.dll, DataCollectionManager.CleanupPlugins: CleanupPlugins called
TpTrace Verbose: 0 : 16444, 1, 2020/12/02, 19:14:07.535, 2040991658608, datacollector.dll, DataCollectionManager.CleanupPlugins: Cleaning up 1 plugins
TpTrace Verbose: 0 : 16444, 1, 2020/12/02, 19:14:07.535, 2040991662707, datacollector.dll, dataCollectorInfo.DisposeDataCollector: calling Dispose() on Microsoft.TestPlatform.Extensions.BlameDataCollector.BlameCollector
TpTrace Information: 0 : 16444, 1, 2020/12/02, 19:14:07.535, 2040991665515, datacollector.dll, DataCollectionManager.CleanupPlugins: CleanupPlugins finished
TpTrace Information: 0 : 16444, 1, 2020/12/02, 19:14:07.536, 2040991671612, datacollector.dll, DataCollectionRequestHandler.ProcessRequests : Session End message received from server. Closing the connection.
TpTrace Information: 0 : 16444, 1, 2020/12/02, 19:14:07.536, 2040991675641, datacollector.dll, Closing the connection !
TpTrace Information: 0 : 16444, 1, 2020/12/02, 19:14:07.537, 2040991677760, datacollector.dll, DataCollectionRequestHandler.ProcessRequests : DataCollection completed
TpTrace Information: 0 : 16444, 1, 2020/12/02, 19:14:07.537, 2040991679774, datacollector.dll, Program.Main: exiting datacollector process.
