TpTrace Information: 0 : 11268, 1, 2020/12/02, 17:54:06.769, 756476525913, testhost.dll, DefaultEngineInvoker.Invoke: Testhost process started with args :[--port, 34077],[--endpoint, 127.0.0.1:034077],[--role, client],[--parentprocessid, 12676],[--diag, C:\Users\nadir\Desktop\VVSZadaca2\Filmoteka\Unit Testovi\bin\Debug\fine-code-coverage\_outputfolder\diagnostics.host.20-12-02_17-54-06_63968_4.log],[--tracelevel, 4],[--datacollectionport, 34076],[--telemetryoptedin, false]
TpTrace Information: 0 : 11268, 1, 2020/12/02, 17:54:06.774, 756476549643, testhost.dll, DefaultEngineInvoker.SetParentProcessExitCallback: Monitoring parent process with id: '12676'
TpTrace Information: 0 : 11268, 1, 2020/12/02, 17:54:06.780, 756476616519, testhost.dll, DefaultEngineInvoker.GetConnectionInfo: Initialize communication on endpoint address: '127.0.0.1:034077'
TpTrace Information: 0 : 11268, 1, 2020/12/02, 17:54:06.791, 756476726130, testhost.dll, SocketClient.Start: connecting to server endpoint: 127.0.0.1:034077
TpTrace Information: 0 : 11268, 1, 2020/12/02, 17:54:06.795, 756476766804, testhost.dll, DefaultEngineInvoker.ConnectToDatacollector: Connecting to datacollector, port: 34076
TpTrace Information: 0 : 11268, 8, 2020/12/02, 17:54:06.797, 756476786091, testhost.dll, SocketClient.OnServerConnected: connected to server endpoint: 127.0.0.1:034077
TpTrace Information: 0 : 11268, 1, 2020/12/02, 17:54:06.798, 756476794973, testhost.dll, Trying to connect to server on socket : 127.0.0.1:34076 
TpTrace Verbose: 0 : 11268, 1, 2020/12/02, 17:54:06.799, 756476799998, testhost.dll, SocketCommunicationManager : SetupClientAsync : Attempting to connect to the server.
TpTrace Verbose: 0 : 11268, 8, 2020/12/02, 17:54:06.799, 756476804037, testhost.dll, Connected to server, and starting MessageLoopAsync
TpTrace Information: 0 : 11268, 10, 2020/12/02, 17:54:06.800, 756476815855, testhost.dll, Connected to the server successfully 
TpTrace Information: 0 : 11268, 10, 2020/12/02, 17:54:06.801, 756476816848, testhost.dll, Using the buffer size of 16384 bytes
TpTrace Information: 0 : 11268, 1, 2020/12/02, 17:54:06.801, 756476821637, testhost.dll, DefaultEngineInvoker.Invoke: Start Request Processing.
TpTrace Information: 0 : 11268, 11, 2020/12/02, 17:54:06.802, 756476828828, testhost.dll, DefaultEngineInvoker.StartProcessingAsync: Connected to vstest.console, Starting process requests.
TpTrace Verbose: 0 : 11268, 9, 2020/12/02, 17:54:06.802, 756476829507, testhost.dll, TcpClientExtensions.MessageLoopAsync: Polling on remoteEndPoint: [::ffff:127.0.0.1]:34077 localEndPoint: [::ffff:127.0.0.1]:34078
TpTrace Verbose: 0 : 11268, 9, 2020/12/02, 17:54:06.802, 756476832490, testhost.dll, TcpClientExtensions.MessageLoopAsync: NotifyDataAvailable remoteEndPoint: [::ffff:127.0.0.1]:34077 localEndPoint: [::ffff:127.0.0.1]:34078
TpTrace Information: 0 : 11268, 9, 2020/12/02, 17:54:06.916, 756477974838, testhost.dll, TestRequestHandler.ProcessRequests: received message: (ProtocolVersion) -> 3
TpTrace Verbose: 0 : 11268, 9, 2020/12/02, 17:54:06.944, 756478253118, testhost.dll, TestRequestHandler.SendData:  sending data from testhost: {"Version":2,"MessageType":"TestSession.Message","Payload":{"MessageLevel":0,"Message":"Logging TestHost Diagnostics in file: C:\\Users\\nadir\\Desktop\\VVSZadaca2\\Filmoteka\\Unit Testovi\\bin\\Debug\\fine-code-coverage\\_outputfolder\\diagnostics.host.20-12-02_17-54-06_63968_4.log"}}
TpTrace Verbose: 0 : 11268, 9, 2020/12/02, 17:54:06.944, 756478255093, testhost.dll, TcpClientExtensions.MessageLoopAsync: Polling on remoteEndPoint: [::ffff:127.0.0.1]:34077 localEndPoint: [::ffff:127.0.0.1]:34078
TpTrace Verbose: 0 : 11268, 9, 2020/12/02, 17:54:06.944, 756478255748, testhost.dll, TcpClientExtensions.MessageLoopAsync: NotifyDataAvailable remoteEndPoint: [::ffff:127.0.0.1]:34077 localEndPoint: [::ffff:127.0.0.1]:34078
TpTrace Information: 0 : 11268, 9, 2020/12/02, 17:54:06.948, 756478287304, testhost.dll, TestRequestHandler.ProcessRequests: received message: (TestExecution.Initialize) -> [
  "C:\\Users\\nadir\\Desktop\\VVSZadaca2\\Filmoteka\\Unit Testovi\\bin\\Debug\\fine-code-coverage\\Microsoft.VisualStudio.TestPlatform.MSTest.TestAdapter.dll"
]
TpTrace Information: 0 : 11268, 9, 2020/12/02, 17:54:06.948, 756478288805, testhost.dll, Execution Session Initialize.
TpTrace Verbose: 0 : 11268, 9, 2020/12/02, 17:54:06.954, 756478355369, testhost.dll, TcpClientExtensions.MessageLoopAsync: Polling on remoteEndPoint: [::ffff:127.0.0.1]:34077 localEndPoint: [::ffff:127.0.0.1]:34078
TpTrace Verbose: 0 : 11268, 9, 2020/12/02, 17:54:06.955, 756478357890, testhost.dll, TcpClientExtensions.MessageLoopAsync: NotifyDataAvailable remoteEndPoint: [::ffff:127.0.0.1]:34077 localEndPoint: [::ffff:127.0.0.1]:34078
TpTrace Verbose: 0 : 11268, 4, 2020/12/02, 17:54:06.957, 756478378797, testhost.dll, TestExecutorService: Loading the extensions
TpTrace Information: 0 : 11268, 9, 2020/12/02, 17:54:06.957, 756478385133, testhost.dll, TestRequestHandler.ProcessRequests: received message: (TestExecution.StartWithSources) -> {
  "AdapterSourceMap": {
    "_none_": [
      "C:\\Users\\nadir\\Desktop\\VVSZadaca2\\Filmoteka\\Unit Testovi\\bin\\Debug\\fine-code-coverage\\Unit Testovi.dll"
    ]
  },
  "RunSettings": "<RunSettings>\r\n  <RunConfiguration>\r\n    <ResultsDirectory>C:\\Users\\nadir\\Desktop\\VVSZadaca2\\Filmoteka\\Unit Testovi\\bin\\Debug\\fine-code-coverage\\_outputfolder</ResultsDirectory>\r\n    <TargetPlatform>X64</TargetPlatform>\r\n    <TargetFrameworkVersion>.NETCoreApp,Version=v3.1</TargetFrameworkVersion>\r\n    <DesignMode>False</DesignMode>\r\n    <CollectSourceInformation>False</CollectSourceInformation>\r\n  </RunConfiguration>\r\n  <LoggerRunSettings>\r\n    <Loggers>\r\n      <Logger friendlyName=\"blame\" enabled=\"True\" />\r\n      <Logger friendlyName=\"Console\" uri=\"logger://microsoft/TestPlatform/ConsoleLogger/v1\" assemblyQualifiedName=\"Microsoft.VisualStudio.TestPlatform.CommandLine.Internal.ConsoleLogger, vstest.console, Version=15.0.0.0, Culture=neutral, PublicKeyToken=b03f5f7f11d50a3a\" codeBase=\"C:\\Program Files\\dotnet\\sdk\\3.1.403\\vstest.console.dll\" enabled=\"True\" />\r\n    </Loggers>\r\n  </LoggerRunSettings>\r\n  <DataCollectionRunSettings>\r\n    <DataCollectors>\r\n      <DataCollector friendlyName=\"blame\" enabled=\"True\">\r\n        <Configuration>\r\n          <ResultsDirectory>C:\\Users\\nadir\\Desktop\\VVSZadaca2\\Filmoteka\\Unit Testovi\\bin\\Debug\\fine-code-coverage\\_outputfolder</ResultsDirectory>\r\n        </Configuration>\r\n      </DataCollector>\r\n    </DataCollectors>\r\n  </DataCollectionRunSettings>\r\n</RunSettings>",
  "TestExecutionContext": {
    "FrequencyOfRunStatsChangeEvent": 10,
    "RunStatsChangeEventTimeout": "00:00:01.5000000",
    "InIsolation": false,
    "KeepAlive": false,
    "AreTestCaseLevelEventsRequired": false,
    "IsDebug": false,
    "TestCaseFilter": null,
    "FilterOptions": null
  },
  "Package": null
}
TpTrace Information: 0 : 11268, 9, 2020/12/02, 17:54:06.957, 756478386460, testhost.dll, Execution started.
TpTrace Verbose: 0 : 11268, 4, 2020/12/02, 17:54:06.958, 756478393916, testhost.dll, TestPluginCache.DiscoverTestExtensions: finding test extensions in assemblies endswith: TestAdapter.dll TPluginInfo: Microsoft.VisualStudio.TestPlatform.Common.ExtensionFramework.Utilities.TestExecutorPluginInformation TExtension: Microsoft.VisualStudio.TestPlatform.ObjectModel.Adapter.ITestExecutor
TpTrace Verbose: 0 : 11268, 4, 2020/12/02, 17:54:06.959, 756478403331, testhost.dll, TestPluginCache.GetExtensionPaths: Filtered extension paths: 
TpTrace Verbose: 0 : 11268, 4, 2020/12/02, 17:54:06.959, 756478406450, testhost.dll, TestPluginCache.GetExtensionPaths: Added default extension paths: C:\Users\nadir\Desktop\VVSZadaca2\Filmoteka\Unit Testovi\bin\Debug\fine-code-coverage\Microsoft.VisualStudio.TestPlatform.MSTest.TestAdapter.dll
TpTrace Verbose: 0 : 11268, 4, 2020/12/02, 17:54:06.960, 756478407138, testhost.dll, TestPluginCache.GetExtensionPaths: Added unfilterableExtensionPaths: 
TpTrace Information: 0 : 11268, 4, 2020/12/02, 17:54:06.962, 756478427163, testhost.dll, AssemblyResolver.ctor: Creating AssemblyResolver with searchDirectories C:\Users\nadir\Desktop\VVSZadaca2\Filmoteka\Unit Testovi\bin\Debug\fine-code-coverage
TpTrace Verbose: 0 : 11268, 4, 2020/12/02, 17:54:06.963, 756478442932, testhost.dll, TestPluginCache.DiscoverTestExtensions: Discovering the extensions using extension path.
TpTrace Verbose: 0 : 11268, 4, 2020/12/02, 17:54:06.963, 756478444359, testhost.dll, TestPluginCache.GetExtensionPaths: Filtered extension paths: 
TpTrace Verbose: 0 : 11268, 4, 2020/12/02, 17:54:06.963, 756478444978, testhost.dll, TestPluginCache.GetExtensionPaths: Added default extension paths: C:\Users\nadir\Desktop\VVSZadaca2\Filmoteka\Unit Testovi\bin\Debug\fine-code-coverage\Microsoft.VisualStudio.TestPlatform.MSTest.TestAdapter.dll
TpTrace Verbose: 0 : 11268, 4, 2020/12/02, 17:54:06.963, 756478445554, testhost.dll, TestPluginCache.GetExtensionPaths: Added unfilterableExtensionPaths: 
TpTrace Verbose: 0 : 11268, 4, 2020/12/02, 17:54:06.963, 756478446381, testhost.dll, TestPluginCache.DiscoverTestExtensions: Discovering the extensions using allExtensionPaths: C:\Users\nadir\Desktop\VVSZadaca2\Filmoteka\Unit Testovi\bin\Debug\fine-code-coverage\Microsoft.VisualStudio.TestPlatform.MSTest.TestAdapter.dll
TpTrace Information: 0 : 11268, 4, 2020/12/02, 17:54:06.964, 756478455130, testhost.dll, AssemblyResolver.AddSearchDirectories: Adding more searchDirectories C:\Users\nadir\Desktop\VVSZadaca2\Filmoteka\Unit Testovi\bin\Debug\fine-code-coverage
TpTrace Information: 0 : 11268, 4, 2020/12/02, 17:54:06.968, 756478494124, testhost.dll, AssemblyResolver.OnResolve: Microsoft.VisualStudio.TestPlatform.MSTest.TestAdapter: Resolving assembly.
TpTrace Information: 0 : 11268, 4, 2020/12/02, 17:54:06.970, 756478507856, testhost.dll, AssemblyResolver.OnResolve: Resolved assembly: Microsoft.VisualStudio.TestPlatform.MSTest.TestAdapter, from path: C:\Users\nadir\Desktop\VVSZadaca2\Filmoteka\Unit Testovi\bin\Debug\fine-code-coverage\Microsoft.VisualStudio.TestPlatform.MSTest.TestAdapter.dll
TpTrace Information: 0 : 11268, 4, 2020/12/02, 17:54:06.971, 756478525234, testhost.dll, AssemblyResolver.OnResolve: Microsoft.VisualStudio.TestPlatform.MSTestAdapter.PlatformServices.Interface: Resolving assembly.
TpTrace Information: 0 : 11268, 4, 2020/12/02, 17:54:06.972, 756478530654, testhost.dll, AssemblyResolver.OnResolve: Resolved assembly: Microsoft.VisualStudio.TestPlatform.MSTestAdapter.PlatformServices.Interface, from path: C:\Users\nadir\Desktop\VVSZadaca2\Filmoteka\Unit Testovi\bin\Debug\fine-code-coverage\Microsoft.VisualStudio.TestPlatform.MSTestAdapter.PlatformServices.Interface.dll
TpTrace Information: 0 : 11268, 4, 2020/12/02, 17:54:06.972, 756478532996, testhost.dll, AssemblyResolver.OnResolve: Microsoft.VisualStudio.TestPlatform.MSTestAdapter.PlatformServices: Resolving assembly.
TpTrace Information: 0 : 11268, 4, 2020/12/02, 17:54:06.973, 756478537367, testhost.dll, AssemblyResolver.OnResolve: Resolved assembly: Microsoft.VisualStudio.TestPlatform.MSTestAdapter.PlatformServices, from path: C:\Users\nadir\Desktop\VVSZadaca2\Filmoteka\Unit Testovi\bin\Debug\fine-code-coverage\Microsoft.VisualStudio.TestPlatform.MSTestAdapter.PlatformServices.dll
TpTrace Verbose: 0 : 11268, 4, 2020/12/02, 17:54:06.977, 756478576984, testhost.dll, TestPluginCache: Discovered the extensions using extension path ''.
TpTrace Verbose: 0 : 11268, 4, 2020/12/02, 17:54:06.977, 756478581004, testhost.dll, TestPluginCache: Discoverers are ''.
TpTrace Verbose: 0 : 11268, 4, 2020/12/02, 17:54:06.977, 756478581910, testhost.dll, TestPluginCache: Executors are 'executor://MSTestAdapter/v2'.
TpTrace Verbose: 0 : 11268, 4, 2020/12/02, 17:54:06.977, 756478582896, testhost.dll, TestPluginCache: Setting providers are ''.
TpTrace Verbose: 0 : 11268, 4, 2020/12/02, 17:54:06.977, 756478583853, testhost.dll, TestPluginCache: Loggers are ''.
TpTrace Verbose: 0 : 11268, 9, 2020/12/02, 17:54:06.979, 756478606421, testhost.dll, TcpClientExtensions.MessageLoopAsync: Polling on remoteEndPoint: [::ffff:127.0.0.1]:34077 localEndPoint: [::ffff:127.0.0.1]:34078
TpTrace Information: 0 : 11268, 4, 2020/12/02, 17:54:06.982, 756478635042, testhost.dll, TestPluginManager.CreateTestExtension: Attempting to load test extension: Microsoft.VisualStudio.TestPlatform.MSTest.TestAdapter.MSTestExecutor
TpTrace Verbose: 0 : 11268, 4, 2020/12/02, 17:54:06.985, 756478664845, testhost.dll, TestExecutorExtensionManager: Loading executor Microsoft.VisualStudio.TestPlatform.MSTest.TestAdapter.MSTestExecutor
TpTrace Verbose: 0 : 11268, 4, 2020/12/02, 17:54:06.985, 756478665687, testhost.dll, TestExecutorService: Loaded the executors
TpTrace Verbose: 0 : 11268, 4, 2020/12/02, 17:54:06.986, 756478673376, testhost.dll, TestPluginCache.DiscoverTestExtensions: finding test extensions in assemblies endswith: TestAdapter.dll TPluginInfo: Microsoft.VisualStudio.TestPlatform.Common.ExtensionFramework.Utilities.TestSettingsProviderPluginInformation TExtension: Microsoft.VisualStudio.TestPlatform.ObjectModel.Adapter.ISettingsProvider
TpTrace Verbose: 0 : 11268, 4, 2020/12/02, 17:54:06.986, 756478676024, testhost.dll, TestPluginCache.GetExtensionPaths: Filtered extension paths: 
TpTrace Verbose: 0 : 11268, 4, 2020/12/02, 17:54:06.986, 756478676632, testhost.dll, TestPluginCache.GetExtensionPaths: Added default extension paths: C:\Users\nadir\Desktop\VVSZadaca2\Filmoteka\Unit Testovi\bin\Debug\fine-code-coverage\Microsoft.VisualStudio.TestPlatform.MSTest.TestAdapter.dll
TpTrace Verbose: 0 : 11268, 4, 2020/12/02, 17:54:06.987, 756478677187, testhost.dll, TestPluginCache.GetExtensionPaths: Added unfilterableExtensionPaths: 
TpTrace Information: 0 : 11268, 4, 2020/12/02, 17:54:06.987, 756478678985, testhost.dll, AssemblyResolver.AddSearchDirectories: Adding more searchDirectories C:\Users\nadir\Desktop\VVSZadaca2\Filmoteka\Unit Testovi\bin\Debug\fine-code-coverage
TpTrace Verbose: 0 : 11268, 4, 2020/12/02, 17:54:06.987, 756478679663, testhost.dll, TestPluginCache.DiscoverTestExtensions: Discovering the extensions using extension path.
TpTrace Verbose: 0 : 11268, 4, 2020/12/02, 17:54:06.987, 756478680165, testhost.dll, TestPluginCache.GetExtensionPaths: Filtered extension paths: 
TpTrace Verbose: 0 : 11268, 4, 2020/12/02, 17:54:06.987, 756478680622, testhost.dll, TestPluginCache.GetExtensionPaths: Added default extension paths: C:\Users\nadir\Desktop\VVSZadaca2\Filmoteka\Unit Testovi\bin\Debug\fine-code-coverage\Microsoft.VisualStudio.TestPlatform.MSTest.TestAdapter.dll
TpTrace Verbose: 0 : 11268, 4, 2020/12/02, 17:54:06.987, 756478681114, testhost.dll, TestPluginCache.GetExtensionPaths: Added unfilterableExtensionPaths: 
TpTrace Verbose: 0 : 11268, 4, 2020/12/02, 17:54:06.987, 756478681590, testhost.dll, TestPluginCache.DiscoverTestExtensions: Discovering the extensions using allExtensionPaths: C:\Users\nadir\Desktop\VVSZadaca2\Filmoteka\Unit Testovi\bin\Debug\fine-code-coverage\Microsoft.VisualStudio.TestPlatform.MSTest.TestAdapter.dll
TpTrace Information: 0 : 11268, 4, 2020/12/02, 17:54:06.987, 756478682225, testhost.dll, AssemblyResolver.AddSearchDirectories: Adding more searchDirectories C:\Users\nadir\Desktop\VVSZadaca2\Filmoteka\Unit Testovi\bin\Debug\fine-code-coverage
TpTrace Verbose: 0 : 11268, 4, 2020/12/02, 17:54:06.987, 756478684499, testhost.dll, TestPluginCache: Discovered the extensions using extension path ''.
TpTrace Verbose: 0 : 11268, 4, 2020/12/02, 17:54:06.987, 756478685053, testhost.dll, TestPluginCache: Discoverers are ''.
TpTrace Verbose: 0 : 11268, 4, 2020/12/02, 17:54:06.987, 756478685662, testhost.dll, TestPluginCache: Executors are 'executor://MSTestAdapter/v2'.
TpTrace Verbose: 0 : 11268, 4, 2020/12/02, 17:54:06.987, 756478686396, testhost.dll, TestPluginCache: Setting providers are ''.
TpTrace Verbose: 0 : 11268, 4, 2020/12/02, 17:54:06.988, 756478686887, testhost.dll, TestPluginCache: Loggers are ''.
TpTrace Verbose: 0 : 11268, 4, 2020/12/02, 17:54:06.988, 756478695233, testhost.dll, TestExecutorService: Loaded the settings providers
TpTrace Information: 0 : 11268, 4, 2020/12/02, 17:54:06.988, 756478695929, testhost.dll, TestExecutorService: Loaded the extensions
TpTrace Information: 0 : 11268, 4, 2020/12/02, 17:54:07.055, 756479357518, testhost.dll, TestDiscoveryManager: Discovering tests from sources C:\Users\nadir\Desktop\VVSZadaca2\Filmoteka\Unit Testovi\bin\Debug\fine-code-coverage\Unit Testovi.dll
TpTrace Verbose: 0 : 11268, 4, 2020/12/02, 17:54:07.056, 756479375426, testhost.dll, TestPluginCache.DiscoverTestExtensions: finding test extensions in assemblies endswith: TestAdapter.dll TPluginInfo: Microsoft.VisualStudio.TestPlatform.Common.ExtensionFramework.Utilities.TestDiscovererPluginInformation TExtension: Microsoft.VisualStudio.TestPlatform.ObjectModel.Adapter.ITestDiscoverer
TpTrace Verbose: 0 : 11268, 4, 2020/12/02, 17:54:07.056, 756479376774, testhost.dll, TestPluginCache.GetExtensionPaths: Filtered extension paths: 
TpTrace Verbose: 0 : 11268, 4, 2020/12/02, 17:54:07.057, 756479377339, testhost.dll, TestPluginCache.GetExtensionPaths: Added default extension paths: C:\Users\nadir\Desktop\VVSZadaca2\Filmoteka\Unit Testovi\bin\Debug\fine-code-coverage\Microsoft.VisualStudio.TestPlatform.MSTest.TestAdapter.dll
TpTrace Verbose: 0 : 11268, 4, 2020/12/02, 17:54:07.057, 756479377819, testhost.dll, TestPluginCache.GetExtensionPaths: Added unfilterableExtensionPaths: 
TpTrace Information: 0 : 11268, 4, 2020/12/02, 17:54:07.057, 756479378892, testhost.dll, AssemblyResolver.AddSearchDirectories: Adding more searchDirectories C:\Users\nadir\Desktop\VVSZadaca2\Filmoteka\Unit Testovi\bin\Debug\fine-code-coverage
TpTrace Verbose: 0 : 11268, 4, 2020/12/02, 17:54:07.057, 756479379459, testhost.dll, TestPluginCache.DiscoverTestExtensions: Discovering the extensions using extension path.
TpTrace Verbose: 0 : 11268, 4, 2020/12/02, 17:54:07.057, 756479379987, testhost.dll, TestPluginCache.GetExtensionPaths: Filtered extension paths: 
TpTrace Verbose: 0 : 11268, 4, 2020/12/02, 17:54:07.057, 756479380448, testhost.dll, TestPluginCache.GetExtensionPaths: Added default extension paths: C:\Users\nadir\Desktop\VVSZadaca2\Filmoteka\Unit Testovi\bin\Debug\fine-code-coverage\Microsoft.VisualStudio.TestPlatform.MSTest.TestAdapter.dll
TpTrace Verbose: 0 : 11268, 4, 2020/12/02, 17:54:07.057, 756479380904, testhost.dll, TestPluginCache.GetExtensionPaths: Added unfilterableExtensionPaths: 
TpTrace Verbose: 0 : 11268, 4, 2020/12/02, 17:54:07.057, 756479381428, testhost.dll, TestPluginCache.DiscoverTestExtensions: Discovering the extensions using allExtensionPaths: C:\Users\nadir\Desktop\VVSZadaca2\Filmoteka\Unit Testovi\bin\Debug\fine-code-coverage\Microsoft.VisualStudio.TestPlatform.MSTest.TestAdapter.dll
TpTrace Information: 0 : 11268, 4, 2020/12/02, 17:54:07.057, 756479381992, testhost.dll, AssemblyResolver.AddSearchDirectories: Adding more searchDirectories C:\Users\nadir\Desktop\VVSZadaca2\Filmoteka\Unit Testovi\bin\Debug\fine-code-coverage
TpTrace Verbose: 0 : 11268, 4, 2020/12/02, 17:54:07.059, 756479401534, testhost.dll, TestPluginCache: Discovered the extensions using extension path ''.
TpTrace Verbose: 0 : 11268, 4, 2020/12/02, 17:54:07.059, 756479402350, testhost.dll, TestPluginCache: Discoverers are 'Microsoft.VisualStudio.TestPlatform.MSTest.TestAdapter.MSTestDiscoverer, Microsoft.VisualStudio.TestPlatform.MSTest.TestAdapter, Version=14.0.0.0, Culture=neutral, PublicKeyToken=b03f5f7f11d50a3a'.
TpTrace Verbose: 0 : 11268, 4, 2020/12/02, 17:54:07.059, 756479402912, testhost.dll, TestPluginCache: Executors are 'executor://MSTestAdapter/v2'.
TpTrace Verbose: 0 : 11268, 4, 2020/12/02, 17:54:07.059, 756479403384, testhost.dll, TestPluginCache: Setting providers are ''.
TpTrace Verbose: 0 : 11268, 4, 2020/12/02, 17:54:07.059, 756479403830, testhost.dll, TestPluginCache: Loggers are ''.
TpTrace Verbose: 0 : 11268, 4, 2020/12/02, 17:54:07.063, 756479445212, testhost.dll, BaseRunTests.RunTestInternalWithExecutors: Running tests for executor://MSTestAdapter/v2
TpTrace Information: 0 : 11268, 4, 2020/12/02, 17:54:07.103, 756479837919, testhost.dll, AssemblyResolver.OnResolve: Microsoft.VisualStudio.TestPlatform.MSTestAdapter.PlatformServices.resources: Resolving assembly.
TpTrace Information: 0 : 11268, 4, 2020/12/02, 17:54:07.103, 756479840057, testhost.dll, AssemblyResolver.OnResolve: Microsoft.VisualStudio.TestPlatform.MSTestAdapter.PlatformServices.resources: Failed to load assembly.
TpTrace Information: 0 : 11268, 4, 2020/12/02, 17:54:07.103, 756479842781, testhost.dll, AssemblyResolver.OnResolve: Microsoft.VisualStudio.TestPlatform.MSTestAdapter.PlatformServices.resources: Resolving assembly.
TpTrace Information: 0 : 11268, 4, 2020/12/02, 17:54:07.103, 756479843470, testhost.dll, AssemblyResolver.OnResolve: Microsoft.VisualStudio.TestPlatform.MSTestAdapter.PlatformServices.resources: Resolved from cache.
TpTrace Verbose: 0 : 11268, 4, 2020/12/02, 17:54:07.116, 756479969901, testhost.dll, TestExecutionRecorder.RecordStart: Starting test: Unit_Testovi.NoveFunkcionalnostiTest.TestDajSveFilmoveSGlumcima1.
TpTrace Verbose: 0 : 11268, 4, 2020/12/02, 17:54:07.204, 756480852632, testhost.dll, TestExecutionRecorder.RecordEnd: test: Unit_Testovi.NoveFunkcionalnostiTest.TestDajSveFilmoveSGlumcima1 execution completed.
TpTrace Verbose: 0 : 11268, 4, 2020/12/02, 17:54:07.227, 756481078142, testhost.dll, TestExecutionRecorder.RecordResult: Received result for test: Unit_Testovi.NoveFunkcionalnostiTest.TestDajSveFilmoveSGlumcima1.
TpTrace Warning: 0 : 11268, 4, 2020/12/02, 17:54:07.230, 756481112965, testhost.dll, InProgressTests is null
TpTrace Warning: 0 : 11268, 4, 2020/12/02, 17:54:07.232, 756481129997, testhost.dll, TestRunCache: No test found corresponding to testResult 'TestDajSveFilmoveSGlumcima1  Passed
  Test Messages:
  StdOutMsgs:
1
' in inProgress list.
TpTrace Verbose: 0 : 11268, 4, 2020/12/02, 17:54:07.232, 756481130972, testhost.dll, TestExecutionRecorder.RecordStart: Starting test: Unit_Testovi.NoveFunkcionalnostiTest.TestDajSveFilmoveSGlumcima2.
TpTrace Verbose: 0 : 11268, 4, 2020/12/02, 17:54:07.233, 756481144235, testhost.dll, TestExecutionRecorder.RecordEnd: test: Unit_Testovi.NoveFunkcionalnostiTest.TestDajSveFilmoveSGlumcima2 execution completed.
TpTrace Verbose: 0 : 11268, 4, 2020/12/02, 17:54:07.234, 756481155328, testhost.dll, TestExecutionRecorder.RecordResult: Received result for test: Unit_Testovi.NoveFunkcionalnostiTest.TestDajSveFilmoveSGlumcima2.
TpTrace Warning: 0 : 11268, 4, 2020/12/02, 17:54:07.234, 756481156319, testhost.dll, InProgressTests is null
TpTrace Warning: 0 : 11268, 4, 2020/12/02, 17:54:07.235, 756481156888, testhost.dll, TestRunCache: No test found corresponding to testResult 'TestDajSveFilmoveSGlumcima2  Passed
  Test Messages:
  StdOutMsgs:
1
' in inProgress list.
TpTrace Verbose: 0 : 11268, 4, 2020/12/02, 17:54:07.235, 756481157939, testhost.dll, TestExecutionRecorder.RecordStart: Starting test: Unit_Testovi.NoveFunkcionalnostiTest.TestDodajNastavakIzuzetak.
TpTrace Verbose: 0 : 11268, 4, 2020/12/02, 17:54:07.237, 756481185675, testhost.dll, TestExecutionRecorder.RecordEnd: test: Unit_Testovi.NoveFunkcionalnostiTest.TestDodajNastavakIzuzetak execution completed.
TpTrace Verbose: 0 : 11268, 4, 2020/12/02, 17:54:07.239, 756481196861, testhost.dll, TestExecutionRecorder.RecordResult: Received result for test: Unit_Testovi.NoveFunkcionalnostiTest.TestDodajNastavakIzuzetak.
TpTrace Warning: 0 : 11268, 4, 2020/12/02, 17:54:07.239, 756481197657, testhost.dll, InProgressTests is null
TpTrace Warning: 0 : 11268, 4, 2020/12/02, 17:54:07.239, 756481198213, testhost.dll, TestRunCache: No test found corresponding to testResult 'TestDodajNastavakIzuzetak  Passed
  Test Messages:
  StdOutMsgs:
0
' in inProgress list.
TpTrace Verbose: 0 : 11268, 4, 2020/12/02, 17:54:07.239, 756481198926, testhost.dll, TestExecutionRecorder.RecordStart: Starting test: Unit_Testovi.NoviTestovi.TestZamjenskiObjekat.
TpTrace Information: 0 : 11268, 4, 2020/12/02, 17:54:07.244, 756481249291, testhost.dll, AssemblyResolver.OnResolve: Microsoft.VisualStudio.TestPlatform.MSTest.TestAdapter.resources: Resolving assembly.
TpTrace Information: 0 : 11268, 4, 2020/12/02, 17:54:07.244, 756481250659, testhost.dll, AssemblyResolver.OnResolve: Microsoft.VisualStudio.TestPlatform.MSTest.TestAdapter.resources: Failed to load assembly.
TpTrace Verbose: 0 : 11268, 4, 2020/12/02, 17:54:07.260, 756481414515, testhost.dll, TestExecutionRecorder.RecordEnd: test: Unit_Testovi.NoviTestovi.TestZamjenskiObjekat execution completed.
TpTrace Verbose: 0 : 11268, 4, 2020/12/02, 17:54:07.261, 756481425987, testhost.dll, TestExecutionRecorder.RecordResult: Received result for test: Unit_Testovi.NoviTestovi.TestZamjenskiObjekat.
TpTrace Warning: 0 : 11268, 4, 2020/12/02, 17:54:07.261, 756481426775, testhost.dll, InProgressTests is null
TpTrace Warning: 0 : 11268, 4, 2020/12/02, 17:54:07.262, 756481428970, testhost.dll, TestRunCache: No test found corresponding to testResult 'TestZamjenskiObjekat  Failed
  Message: Test method Unit_Testovi.NoviTestovi.TestZamjenskiObjekat threw exception: 
System.NotImplementedException: The method or operation is not implemented.
  StackTrace:
    at Filmoteka.Reziser.DaLiJeReziraoFilm(Film f) in C:\Users\nadir\Desktop\VVSZadaca2\Filmoteka\Filmoteka\Reziser.cs:line 15
   at Filmoteka.Filmoteka.DajSveFilmoveZaRezisera(IReziser reziser) in C:\Users\nadir\Desktop\VVSZadaca2\Filmoteka\Filmoteka\Filmoteka.cs:line 100
   at Unit_Testovi.NoviTestovi.TestZamjenskiObjekat() in C:\Users\nadir\Desktop\VVSZadaca2\Filmoteka\Unit Testovi\NoviTestovi.cs:line 23
' in inProgress list.
TpTrace Verbose: 0 : 11268, 4, 2020/12/02, 17:54:07.262, 756481429658, testhost.dll, TestExecutionRecorder.RecordStart: Starting test: Unit_Testovi.NoviTestovi.TestDodajNastavakIstiGlumci.
TpTrace Verbose: 0 : 11268, 4, 2020/12/02, 17:54:07.263, 756481444997, testhost.dll, TestExecutionRecorder.RecordEnd: test: Unit_Testovi.NoviTestovi.TestDodajNastavakIstiGlumci execution completed.
TpTrace Verbose: 0 : 11268, 4, 2020/12/02, 17:54:07.264, 756481454081, testhost.dll, TestExecutionRecorder.RecordResult: Received result for test: Unit_Testovi.NoviTestovi.TestDodajNastavakIstiGlumci.
TpTrace Warning: 0 : 11268, 4, 2020/12/02, 17:54:07.264, 756481454907, testhost.dll, InProgressTests is null
TpTrace Warning: 0 : 11268, 4, 2020/12/02, 17:54:07.264, 756481455462, testhost.dll, TestRunCache: No test found corresponding to testResult 'TestDodajNastavakIstiGlumci  Failed
  Message: Test method Unit_Testovi.NoviTestovi.TestDodajNastavakIstiGlumci threw exception: 
System.NotImplementedException: The method or operation is not implemented.
  StackTrace:
    at Filmoteka.Filmoteka.DodajNastavak(Film film, Double rating, Boolean istiGlumci, List`1 noviGlumci) in C:\Users\nadir\Desktop\VVSZadaca2\Filmoteka\Filmoteka\Filmoteka.cs:line 140
   at Unit_Testovi.NoviTestovi.TestDodajNastavakIstiGlumci() in C:\Users\nadir\Desktop\VVSZadaca2\Filmoteka\Unit Testovi\NoviTestovi.cs:line 40
' in inProgress list.
TpTrace Verbose: 0 : 11268, 4, 2020/12/02, 17:54:07.264, 756481456116, testhost.dll, TestExecutionRecorder.RecordStart: Starting test: Unit_Testovi.NoviTestovi.TestDodajNastavakRazlicitiGlumci.
TpTrace Verbose: 0 : 11268, 4, 2020/12/02, 17:54:07.266, 756481472720, testhost.dll, TestExecutionRecorder.RecordEnd: test: Unit_Testovi.NoviTestovi.TestDodajNastavakRazlicitiGlumci execution completed.
TpTrace Verbose: 0 : 11268, 4, 2020/12/02, 17:54:07.267, 756481481749, testhost.dll, TestExecutionRecorder.RecordResult: Received result for test: Unit_Testovi.NoviTestovi.TestDodajNastavakRazlicitiGlumci.
TpTrace Warning: 0 : 11268, 4, 2020/12/02, 17:54:07.267, 756481482516, testhost.dll, InProgressTests is null
TpTrace Warning: 0 : 11268, 4, 2020/12/02, 17:54:07.267, 756481483048, testhost.dll, TestRunCache: No test found corresponding to testResult 'TestDodajNastavakRazlicitiGlumci  Failed
  Message: Test method Unit_Testovi.NoviTestovi.TestDodajNastavakRazlicitiGlumci threw exception: 
System.NotImplementedException: The method or operation is not implemented.
  StackTrace:
    at Filmoteka.Filmoteka.DodajNastavak(Film film, Double rating, Boolean istiGlumci, List`1 noviGlumci) in C:\Users\nadir\Desktop\VVSZadaca2\Filmoteka\Filmoteka\Filmoteka.cs:line 140
   at Unit_Testovi.NoviTestovi.TestDodajNastavakRazlicitiGlumci() in C:\Users\nadir\Desktop\VVSZadaca2\Filmoteka\Unit Testovi\NoviTestovi.cs:line 53
' in inProgress list.
TpTrace Verbose: 0 : 11268, 4, 2020/12/02, 17:54:07.267, 756481483690, testhost.dll, TestExecutionRecorder.RecordStart: Starting test: Unit_Testovi.NoviTestovi.TestDodajNastavakIzuzetak.
TpTrace Information: 0 : 11268, 4, 2020/12/02, 17:54:07.269, 756481501057, testhost.dll, AssemblyResolver.OnResolve: Microsoft.VisualStudio.TestPlatform.TestFramework.resources: Resolving assembly.
TpTrace Information: 0 : 11268, 4, 2020/12/02, 17:54:07.269, 756481502443, testhost.dll, AssemblyResolver.OnResolve: Microsoft.VisualStudio.TestPlatform.TestFramework.resources: Failed to load assembly.
TpTrace Verbose: 0 : 11268, 4, 2020/12/02, 17:54:07.270, 756481511186, testhost.dll, TestExecutionRecorder.RecordEnd: test: Unit_Testovi.NoviTestovi.TestDodajNastavakIzuzetak execution completed.
TpTrace Verbose: 0 : 11268, 4, 2020/12/02, 17:54:07.271, 756481520882, testhost.dll, TestExecutionRecorder.RecordResult: Received result for test: Unit_Testovi.NoviTestovi.TestDodajNastavakIzuzetak.
TpTrace Warning: 0 : 11268, 4, 2020/12/02, 17:54:07.271, 756481521647, testhost.dll, InProgressTests is null
TpTrace Warning: 0 : 11268, 4, 2020/12/02, 17:54:07.271, 756481522236, testhost.dll, TestRunCache: No test found corresponding to testResult 'TestDodajNastavakIzuzetak  Failed
  Message: Test method threw exception System.NotImplementedException, but exception System.ArgumentNullException was expected. Exception message: System.NotImplementedException: The method or operation is not implemented.
  StackTrace:
   at Filmoteka.Filmoteka.DodajNastavak(Film film, Double rating, Boolean istiGlumci, List`1 noviGlumci) in C:\Users\nadir\Desktop\VVSZadaca2\Filmoteka\Filmoteka\Filmoteka.cs:line 140
   at Unit_Testovi.NoviTestovi.TestDodajNastavakIzuzetak() in C:\Users\nadir\Desktop\VVSZadaca2\Filmoteka\Unit Testovi\NoviTestovi.cs:line 66
' in inProgress list.
TpTrace Verbose: 0 : 11268, 4, 2020/12/02, 17:54:07.273, 756481537795, testhost.dll, BaseRunTests.RunTestInternalWithExecutors: Completed running tests for executor://MSTestAdapter/v2
TpTrace Information: 0 : 11268, 4, 2020/12/02, 17:54:07.276, 756481571555, testhost.dll, Sending test run complete
TpTrace Verbose: 0 : 11268, 4, 2020/12/02, 17:54:07.309, 756481901921, testhost.dll, TestRequestHandler.SendData:  sending data from testhost: {"Version":2,"MessageType":"TestExecution.Completed","Payload":{"TestRunCompleteArgs":{"TestRunStatistics":{"ExecutedTests":7,"Stats":{"Passed":3,"Failed":4}},"IsCanceled":false,"IsAborted":false,"Error":null,"AttachmentSets":[],"ElapsedTimeInRunningTests":"00:00:00.2122083","Metrics":{}},"LastRunTests":{"NewTestResults":[{"TestCase":{"Id":"1c352a7f-958a-a6b4-d8e1-b916a9458cf0","FullyQualifiedName":"Unit_Testovi.NoveFunkcionalnostiTest.TestDajSveFilmoveSGlumcima1","DisplayName":"TestDajSveFilmoveSGlumcima1","ExecutorUri":"executor://MSTestAdapter/v2","Source":"C:\\Users\\nadir\\Desktop\\VVSZadaca2\\Filmoteka\\Unit Testovi\\bin\\Debug\\fine-code-coverage\\Unit Testovi.dll","CodeFilePath":null,"LineNumber":-1,"Properties":[{"Key":{"Id":"MSTestDiscoverer.TestClassName","Label":"ClassName","Category":"","Description":"","Attributes":1,"ValueType":"System.String"},"Value":"Unit_Testovi.NoveFunkcionalnostiTest"},{"Key":{"Id":"TestObject.Traits","Label":"Traits","Category":"","Description":"","Attributes":5,"ValueType":"System.Collections.Generic.KeyValuePair`2[[System.String],[System.String]][]"},"Value":[]}]},"Attachments":[],"Outcome":1,"ErrorMessage":null,"ErrorStackTrace":null,"DisplayName":null,"Messages":[{"Category":"StdOutMsgs","Text":"1\r\n"}],"ComputerName":null,"Duration":"00:00:00.0086238","StartTime":"2020-12-02T17:54:07.167965+01:00","EndTime":"2020-12-02T17:54:07.2009354+01:00","Properties":[{"Key":{"Id":"ExecutionId","Label":"ExecutionId","Category":"","Description":"","Attributes":1,"ValueType":"System.Guid"},"Value":"00000000-0000-0000-0000-000000000000"},{"Key":{"Id":"ParentExecId","Label":"ParentExecId","Category":"","Description":"","Attributes":1,"ValueType":"System.Guid"},"Value":"00000000-0000-0000-0000-000000000000"},{"Key":{"Id":"InnerResultsCount","Label":"InnerResultsCount","Category":"","Description":"","Attributes":1,"ValueType":"System.Int32"},"Value":0}]},{"TestCase":{"Id":"8878fe32-8883-05f3-b64b-634a4fe2459e","FullyQualifiedName":"Unit_Testovi.NoveFunkcionalnostiTest.TestDajSveFilmoveSGlumcima2","DisplayName":"TestDajSveFilmoveSGlumcima2","ExecutorUri":"executor://MSTestAdapter/v2","Source":"C:\\Users\\nadir\\Desktop\\VVSZadaca2\\Filmoteka\\Unit Testovi\\bin\\Debug\\fine-code-coverage\\Unit Testovi.dll","CodeFilePath":null,"LineNumber":-1,"Properties":[{"Key":{"Id":"MSTestDiscoverer.TestClassName","Label":"ClassName","Category":"","Description":"","Attributes":1,"ValueType":"System.String"},"Value":"Unit_Testovi.NoveFunkcionalnostiTest"},{"Key":{"Id":"TestObject.Traits","Label":"Traits","Category":"","Description":"","Attributes":5,"ValueType":"System.Collections.Generic.KeyValuePair`2[[System.String],[System.String]][]"},"Value":[]}]},"Attachments":[],"Outcome":1,"ErrorMessage":null,"ErrorStackTrace":null,"DisplayName":null,"Messages":[{"Category":"StdOutMsgs","Text":"1\r\n"}],"ComputerName":null,"Duration":"00:00:00.0002160","StartTime":"2020-12-02T17:54:07.2333816+01:00","EndTime":"2020-12-02T17:54:07.2337309+01:00","Properties":[{"Key":{"Id":"ExecutionId","Label":"ExecutionId","Category":"","Description":"","Attributes":1,"ValueType":"System.Guid"},"Value":"00000000-0000-0000-0000-000000000000"},{"Key":{"Id":"ParentExecId","Label":"ParentExecId","Category":"","Description":"","Attributes":1,"ValueType":"System.Guid"},"Value":"00000000-0000-0000-0000-000000000000"},{"Key":{"Id":"InnerResultsCount","Label":"InnerResultsCount","Category":"","Description":"","Attributes":1,"ValueType":"System.Int32"},"Value":0}]},{"TestCase":{"Id":"870dc948-2d33-ba74-2be0-2d66f8928f48","FullyQualifiedName":"Unit_Testovi.NoveFunkcionalnostiTest.TestDodajNastavakIzuzetak","DisplayName":"TestDodajNastavakIzuzetak","ExecutorUri":"executor://MSTestAdapter/v2","Source":"C:\\Users\\nadir\\Desktop\\VVSZadaca2\\Filmoteka\\Unit Testovi\\bin\\Debug\\fine-code-coverage\\Unit Testovi.dll","CodeFilePath":null,"LineNumber":-1,"Properties":[{"Key":{"Id":"MSTestDiscoverer.TestClassName","Label":"ClassName","Category":"","Description":"","Attributes":1,"ValueType":"System.String"},"Value":"Unit_Testovi.NoveFunkcionalnostiTest"},{"Key":{"Id":"TestObject.Traits","Label":"Traits","Category":"","Description":"","Attributes":5,"ValueType":"System.Collections.Generic.KeyValuePair`2[[System.String],[System.String]][]"},"Value":[]}]},"Attachments":[],"Outcome":1,"ErrorMessage":null,"ErrorStackTrace":null,"DisplayName":null,"Messages":[{"Category":"StdOutMsgs","Text":"0\r\n"}],"ComputerName":null,"Duration":"00:00:00.0017122","StartTime":"2020-12-02T17:54:07.2359719+01:00","EndTime":"2020-12-02T17:54:07.2378673+01:00","Properties":[{"Key":{"Id":"ExecutionId","Label":"ExecutionId","Category":"","Description":"","Attributes":1,"ValueType":"System.Guid"},"Value":"00000000-0000-0000-0000-000000000000"},{"Key":{"Id":"ParentExecId","Label":"ParentExecId","Category":"","Description":"","Attributes":1,"ValueType":"System.Guid"},"Value":"00000000-0000-0000-0000-000000000000"},{"Key":{"Id":"InnerResultsCount","Label":"InnerResultsCount","Category":"","Description":"","Attributes":1,"ValueType":"System.Int32"},"Value":0}]},{"TestCase":{"Id":"aef9dec6-1181-fac1-2596-b31421e8da47","FullyQualifiedName":"Unit_Testovi.NoviTestovi.TestZamjenskiObjekat","DisplayName":"TestZamjenskiObjekat","ExecutorUri":"executor://MSTestAdapter/v2","Source":"C:\\Users\\nadir\\Desktop\\VVSZadaca2\\Filmoteka\\Unit Testovi\\bin\\Debug\\fine-code-coverage\\Unit Testovi.dll","CodeFilePath":null,"LineNumber":-1,"Properties":[{"Key":{"Id":"MSTestDiscoverer.TestClassName","Label":"ClassName","Category":"","Description":"","Attributes":1,"ValueType":"System.String"},"Value":"Unit_Testovi.NoviTestovi"},{"Key":{"Id":"TestObject.Traits","Label":"Traits","Category":"","Description":"","Attributes":5,"ValueType":"System.Collections.Generic.KeyValuePair`2[[System.String],[System.String]][]"},"Value":[]}]},"Attachments":[],"Outcome":2,"ErrorMessage":"Test method Unit_Testovi.NoviTestovi.TestZamjenskiObjekat threw exception: \r\nSystem.NotImplementedException: The method or operation is not implemented.","ErrorStackTrace":"    at Filmoteka.Reziser.DaLiJeReziraoFilm(Film f) in C:\\Users\\nadir\\Desktop\\VVSZadaca2\\Filmoteka\\Filmoteka\\Reziser.cs:line 15\r\n   at Filmoteka.Filmoteka.DajSveFilmoveZaRezisera(IReziser reziser) in C:\\Users\\nadir\\Desktop\\VVSZadaca2\\Filmoteka\\Filmoteka\\Filmoteka.cs:line 100\r\n   at Unit_Testovi.NoviTestovi.TestZamjenskiObjekat() in C:\\Users\\nadir\\Desktop\\VVSZadaca2\\Filmoteka\\Unit Testovi\\NoviTestovi.cs:line 23\r\n","DisplayName":null,"Messages":[],"ComputerName":null,"Duration":"00:00:00.0176882","StartTime":"2020-12-02T17:54:07.2423459+01:00","EndTime":"2020-12-02T17:54:07.2607525+01:00","Properties":[{"Key":{"Id":"ExecutionId","Label":"ExecutionId","Category":"","Description":"","Attributes":1,"ValueType":"System.Guid"},"Value":"00000000-0000-0000-0000-000000000000"},{"Key":{"Id":"ParentExecId","Label":"ParentExecId","Category":"","Description":"","Attributes":1,"ValueType":"System.Guid"},"Value":"00000000-0000-0000-0000-000000000000"},{"Key":{"Id":"InnerResultsCount","Label":"InnerResultsCount","Category":"","Description":"","Attributes":1,"ValueType":"System.Int32"},"Value":0}]},{"TestCase":{"Id":"307a9543-71bf-45b1-736e-e86a33581b25","FullyQualifiedName":"Unit_Testovi.NoviTestovi.TestDodajNastavakIstiGlumci","DisplayName":"TestDodajNastavakIstiGlumci","ExecutorUri":"executor://MSTestAdapter/v2","Source":"C:\\Users\\nadir\\Desktop\\VVSZadaca2\\Filmoteka\\Unit Testovi\\bin\\Debug\\fine-code-coverage\\Unit Testovi.dll","CodeFilePath":null,"LineNumber":-1,"Properties":[{"Key":{"Id":"MSTestDiscoverer.TestClassName","Label":"ClassName","Category":"","Description":"","Attributes":1,"ValueType":"System.String"},"Value":"Unit_Testovi.NoviTestovi"},{"Key":{"Id":"TestObject.Traits","Label":"Traits","Category":"","Description":"","Attributes":5,"ValueType":"System.Collections.Generic.KeyValuePair`2[[System.String],[System.String]][]"},"Value":[]}]},"Attachments":[],"Outcome":2,"ErrorMessage":"Test method Unit_Testovi.NoviTestovi.TestDodajNastavakIstiGlumci threw exception: \r\nSystem.NotImplementedException: The method or operation is not implemented.","ErrorStackTrace":"    at Filmoteka.Filmoteka.DodajNastavak(Film film, Double rating, Boolean istiGlumci, List`1 noviGlumci) in C:\\Users\\nadir\\Desktop\\VVSZadaca2\\Filmoteka\\Filmoteka\\Filmoteka.cs:line 140\r\n   at Unit_Testovi.NoviTestovi.TestDodajNastavakIstiGlumci() in C:\\Users\\nadir\\Desktop\\VVSZadaca2\\Filmoteka\\Unit Testovi\\NoviTestovi.cs:line 40\r\n","DisplayName":null,"Messages":[],"ComputerName":null,"Duration":"00:00:00.0007033","StartTime":"2020-12-02T17:54:07.2630048+01:00","EndTime":"2020-12-02T17:54:07.263811+01:00","Properties":[{"Key":{"Id":"ExecutionId","Label":"ExecutionId","Category":"","Description":"","Attributes":1,"ValueType":"System.Guid"},"Value":"00000000-0000-0000-0000-000000000000"},{"Key":{"Id":"ParentExecId","Label":"ParentExecId","Category":"","Description":"","Attributes":1,"ValueType":"System.Guid"},"Value":"00000000-0000-0000-0000-000000000000"},{"Key":{"Id":"InnerResultsCount","Label":"InnerResultsCount","Category":"","Description":"","Attributes":1,"ValueType":"System.Int32"},"Value":0}]},{"TestCase":{"Id":"ccc8a4b1-0bba-0d1f-634a-2a0e08c0293a","FullyQualifiedName":"Unit_Testovi.NoviTestovi.TestDodajNastavakRazlicitiGlumci","DisplayName":"TestDodajNastavakRazlicitiGlumci","ExecutorUri":"executor://MSTestAdapter/v2","Source":"C:\\Users\\nadir\\Desktop\\VVSZadaca2\\Filmoteka\\Unit Testovi\\bin\\Debug\\fine-code-coverage\\Unit Testovi.dll","CodeFilePath":null,"LineNumber":-1,"Properties":[{"Key":{"Id":"MSTestDiscoverer.TestClassName","Label":"ClassName","Category":"","Description":"","Attributes":1,"ValueType":"System.String"},"Value":"Unit_Testovi.NoviTestovi"},{"Key":{"Id":"TestObject.Traits","Label":"Traits","Category":"","Description":"","Attributes":5,"ValueType":"System.Collections.Generic.KeyValuePair`2[[System.String],[System.String]][]"},"Value":[]}]},"Attachments":[],"Outcome":2,"ErrorMessage":"Test method Unit_Testovi.NoviTestovi.TestDodajNastavakRazlicitiGlumci threw exception: \r\nSystem.NotImplementedException: The method or operation is not implemented.","ErrorStackTrace":"    at Filmoteka.Filmoteka.DodajNastavak(Film film, Double rating, Boolean istiGlumci, List`1 noviGlumci) in C:\\Users\\nadir\\Desktop\\VVSZadaca2\\Filmoteka\\Filmoteka\\Filmoteka.cs:line 140\r\n   at Unit_Testovi.NoviTestovi.TestDodajNastavakRazlicitiGlumci() in C:\\Users\\nadir\\Desktop\\VVSZadaca2\\Filmoteka\\Unit Testovi\\NoviTestovi.cs:line 53\r\n","DisplayName":null,"Messages":[],"ComputerName":null,"Duration":"00:00:00.0006960","StartTime":"2020-12-02T17:54:07.2657591+01:00","EndTime":"2020-12-02T17:54:07.2665821+01:00","Properties":[{"Key":{"Id":"ExecutionId","Label":"ExecutionId","Category":"","Description":"","Attributes":1,"ValueType":"System.Guid"},"Value":"00000000-0000-0000-0000-000000000000"},{"Key":{"Id":"ParentExecId","Label":"ParentExecId","Category":"","Description":"","Attributes":1,"ValueType":"System.Guid"},"Value":"00000000-0000-0000-0000-000000000000"},{"Key":{"Id":"InnerResultsCount","Label":"InnerResultsCount","Category":"","Description":"","Attributes":1,"ValueType":"System.Int32"},"Value":0}]},{"TestCase":{"Id":"83c1ddde-4e31-66fc-a376-4096e8037e77","FullyQualifiedName":"Unit_Testovi.NoviTestovi.TestDodajNastavakIzuzetak","DisplayName":"TestDodajNastavakIzuzetak","ExecutorUri":"executor://MSTestAdapter/v2","Source":"C:\\Users\\nadir\\Desktop\\VVSZadaca2\\Filmoteka\\Unit Testovi\\bin\\Debug\\fine-code-coverage\\Unit Testovi.dll","CodeFilePath":null,"LineNumber":-1,"Properties":[{"Key":{"Id":"MSTestDiscoverer.TestClassName","Label":"ClassName","Category":"","Description":"","Attributes":1,"ValueType":"System.String"},"Value":"Unit_Testovi.NoviTestovi"},{"Key":{"Id":"TestObject.Traits","Label":"Traits","Category":"","Description":"","Attributes":5,"ValueType":"System.Collections.Generic.KeyValuePair`2[[System.String],[System.String]][]"},"Value":[]}]},"Attachments":[],"Outcome":2,"ErrorMessage":"Test method threw exception System.NotImplementedException, but exception System.ArgumentNullException was expected. Exception message: System.NotImplementedException: The method or operation is not implemented.","ErrorStackTrace":"   at Filmoteka.Filmoteka.DodajNastavak(Film film, Double rating, Boolean istiGlumci, List`1 noviGlumci) in C:\\Users\\nadir\\Desktop\\VVSZadaca2\\Filmoteka\\Filmoteka\\Filmoteka.cs:line 140\r\n   at Unit_Testovi.NoviTestovi.TestDodajNastavakIzuzetak() in C:\\Users\\nadir\\Desktop\\VVSZadaca2\\Filmoteka\\Unit Testovi\\NoviTestovi.cs:line 66\r\n","DisplayName":null,"Messages":[],"ComputerName":null,"Duration":"00:00:00.0019225","StartTime":"2020-12-02T17:54:07.2683743+01:00","EndTime":"2020-12-02T17:54:07.2704267+01:00","Properties":[{"Key":{"Id":"ExecutionId","Label":"ExecutionId","Category":"","Description":"","Attributes":1,"ValueType":"System.Guid"},"Value":"00000000-0000-0000-0000-000000000000"},{"Key":{"Id":"ParentExecId","Label":"ParentExecId","Category":"","Description":"","Attributes":1,"ValueType":"System.Guid"},"Value":"00000000-0000-0000-0000-000000000000"},{"Key":{"Id":"InnerResultsCount","Label":"InnerResultsCount","Category":"","Description":"","Attributes":1,"ValueType":"System.Int32"},"Value":0}]}],"TestRunStatistics":{"ExecutedTests":7,"Stats":{"Passed":3,"Failed":4}},"ActiveTests":[]},"RunAttachments":[],"ExecutorUris":["executor://mstestadapter/v2"]}}
TpTrace Verbose: 0 : 11268, 4, 2020/12/02, 17:54:07.310, 756481907092, testhost.dll, BaseRunTests.RunTests: Run is complete.
TpTrace Verbose: 0 : 11268, 9, 2020/12/02, 17:54:07.312, 756481936135, testhost.dll, TcpClientExtensions.MessageLoopAsync: NotifyDataAvailable remoteEndPoint: [::ffff:127.0.0.1]:34077 localEndPoint: [::ffff:127.0.0.1]:34078
TpTrace Information: 0 : 11268, 9, 2020/12/02, 17:54:07.313, 756481937364, testhost.dll, TestRequestHandler.ProcessRequests: received message: (TestSession.Terminate) -> null
TpTrace Information: 0 : 11268, 9, 2020/12/02, 17:54:07.313, 756481937903, testhost.dll, Session End message received from server. Closing the connection.
TpTrace Information: 0 : 11268, 9, 2020/12/02, 17:54:07.313, 756481941165, testhost.dll, SocketClient.Stop: Stop communication from server endpoint: 127.0.0.1:034077
TpTrace Information: 0 : 11268, 9, 2020/12/02, 17:54:07.313, 756481941782, testhost.dll, SocketClient: Stop: Cancellation requested. Stopping message loop.
TpTrace Verbose: 0 : 11268, 9, 2020/12/02, 17:54:07.313, 756481944851, testhost.dll, LengthPrefixCommunicationChannel.Dispose: Dispose reader and writer.
TpTrace Information: 0 : 11268, 9, 2020/12/02, 17:54:07.313, 756481945933, testhost.dll, Closing the connection !
TpTrace Information: 0 : 11268, 1, 2020/12/02, 17:54:07.314, 756481947653, testhost.dll, Closing the connection !
TpTrace Information: 0 : 11268, 9, 2020/12/02, 17:54:07.314, 756481948363, testhost.dll, SocketClient.PrivateStop: Stop communication from server endpoint: 127.0.0.1:034077, error:
TpTrace Information: 0 : 11268, 1, 2020/12/02, 17:54:07.314, 756481948440, testhost.dll, SocketClient.Stop: Stop communication from server endpoint: 127.0.0.1:034077
TpTrace Verbose: 0 : 11268, 9, 2020/12/02, 17:54:07.314, 756481949828, testhost.dll, LengthPrefixCommunicationChannel.Dispose: Dispose reader and writer.
TpTrace Verbose: 0 : 11268, 1, 2020/12/02, 17:54:07.314, 756481950621, testhost.dll, LengthPrefixCommunicationChannel.Dispose: Dispose reader and writer.
TpTrace Verbose: 0 : 11268, 9, 2020/12/02, 17:54:07.314, 756481951761, testhost.dll, TcpClientExtensions.MessageLoopAsync: exiting MessageLoopAsync remoteEndPoint: [::ffff:127.0.0.1]:34077 localEndPoint: [::ffff:127.0.0.1]:34078
TpTrace Information: 0 : 11268, 1, 2020/12/02, 17:54:07.314, 756481953255, testhost.dll, Testhost process exiting.
