TpTrace Information: 0 : 18176, 1, 2020/12/02, 18:36:52.307, 2018639451754, testhost.dll, DefaultEngineInvoker.Invoke: Testhost process started with args :[--port, 63087],[--endpoint, 127.0.0.1:063087],[--role, client],[--parentprocessid, 11424],[--diag, C:\Users\User\Desktop\VVSZadaca2\Filmoteka\Unit Testovi\bin\Debug\fine-code-coverage\_outputfolder\diagnostics.host.20-12-02_18-36-51_88473_4.log],[--tracelevel, 4],[--datacollectionport, 63086],[--telemetryoptedin, false]
TpTrace Information: 0 : 18176, 1, 2020/12/02, 18:36:52.321, 2018639521342, testhost.dll, DefaultEngineInvoker.SetParentProcessExitCallback: Monitoring parent process with id: '11424'
TpTrace Information: 0 : 18176, 1, 2020/12/02, 18:36:52.336, 2018639669714, testhost.dll, DefaultEngineInvoker.GetConnectionInfo: Initialize communication on endpoint address: '127.0.0.1:063087'
TpTrace Information: 0 : 18176, 1, 2020/12/02, 18:36:52.365, 2018639962593, testhost.dll, SocketClient.Start: connecting to server endpoint: 127.0.0.1:063087
TpTrace Information: 0 : 18176, 1, 2020/12/02, 18:36:52.380, 2018640113804, testhost.dll, DefaultEngineInvoker.ConnectToDatacollector: Connecting to datacollector, port: 63086
TpTrace Information: 0 : 18176, 4, 2020/12/02, 18:36:52.382, 2018640132292, testhost.dll, SocketClient.OnServerConnected: connected to server endpoint: 127.0.0.1:063087
TpTrace Verbose: 0 : 18176, 4, 2020/12/02, 18:36:52.388, 2018640186998, testhost.dll, Connected to server, and starting MessageLoopAsync
TpTrace Information: 0 : 18176, 1, 2020/12/02, 18:36:52.388, 2018640190791, testhost.dll, Trying to connect to server on socket : 127.0.0.1:63086 
TpTrace Verbose: 0 : 18176, 1, 2020/12/02, 18:36:52.389, 2018640204116, testhost.dll, SocketCommunicationManager : SetupClientAsync : Attempting to connect to the server.
TpTrace Information: 0 : 18176, 1, 2020/12/02, 18:36:52.390, 2018640214615, testhost.dll, Connected to the server successfully 
TpTrace Information: 0 : 18176, 1, 2020/12/02, 18:36:52.391, 2018640217521, testhost.dll, Using the buffer size of 16384 bytes
TpTrace Information: 0 : 18176, 1, 2020/12/02, 18:36:52.393, 2018640241632, testhost.dll, DefaultEngineInvoker.Invoke: Start Request Processing.
TpTrace Information: 0 : 18176, 11, 2020/12/02, 18:36:52.395, 2018640260390, testhost.dll, DefaultEngineInvoker.StartProcessingAsync: Connected to vstest.console, Starting process requests.
TpTrace Verbose: 0 : 18176, 9, 2020/12/02, 18:36:52.395, 2018640260644, testhost.dll, TcpClientExtensions.MessageLoopAsync: Polling on remoteEndPoint: [::ffff:127.0.0.1]:63087 localEndPoint: [::ffff:127.0.0.1]:63088
TpTrace Verbose: 0 : 18176, 9, 2020/12/02, 18:36:52.396, 2018640272274, testhost.dll, TcpClientExtensions.MessageLoopAsync: NotifyDataAvailable remoteEndPoint: [::ffff:127.0.0.1]:63087 localEndPoint: [::ffff:127.0.0.1]:63088
TpTrace Information: 0 : 18176, 9, 2020/12/02, 18:36:52.682, 2018643133427, testhost.dll, TestRequestHandler.ProcessRequests: received message: (ProtocolVersion) -> 3
TpTrace Verbose: 0 : 18176, 9, 2020/12/02, 18:36:52.732, 2018643634547, testhost.dll, TestRequestHandler.SendData:  sending data from testhost: {"Version":2,"MessageType":"TestSession.Message","Payload":{"MessageLevel":0,"Message":"Logging TestHost Diagnostics in file: C:\\Users\\User\\Desktop\\VVSZadaca2\\Filmoteka\\Unit Testovi\\bin\\Debug\\fine-code-coverage\\_outputfolder\\diagnostics.host.20-12-02_18-36-51_88473_4.log"}}
TpTrace Verbose: 0 : 18176, 9, 2020/12/02, 18:36:52.733, 2018643639889, testhost.dll, TcpClientExtensions.MessageLoopAsync: Polling on remoteEndPoint: [::ffff:127.0.0.1]:63087 localEndPoint: [::ffff:127.0.0.1]:63088
TpTrace Verbose: 0 : 18176, 9, 2020/12/02, 18:36:52.733, 2018643643359, testhost.dll, TcpClientExtensions.MessageLoopAsync: NotifyDataAvailable remoteEndPoint: [::ffff:127.0.0.1]:63087 localEndPoint: [::ffff:127.0.0.1]:63088
TpTrace Information: 0 : 18176, 9, 2020/12/02, 18:36:52.741, 2018643716724, testhost.dll, TestRequestHandler.ProcessRequests: received message: (TestExecution.Initialize) -> [
  "C:\\Users\\User\\Desktop\\VVSZadaca2\\Filmoteka\\Unit Testovi\\bin\\Debug\\fine-code-coverage\\Microsoft.VisualStudio.TestPlatform.MSTest.TestAdapter.dll"
]
TpTrace Information: 0 : 18176, 9, 2020/12/02, 18:36:52.741, 2018643720443, testhost.dll, Execution Session Initialize.
TpTrace Verbose: 0 : 18176, 9, 2020/12/02, 18:36:52.755, 2018643858666, testhost.dll, TcpClientExtensions.MessageLoopAsync: Polling on remoteEndPoint: [::ffff:127.0.0.1]:63087 localEndPoint: [::ffff:127.0.0.1]:63088
TpTrace Verbose: 0 : 18176, 9, 2020/12/02, 18:36:52.755, 2018643861691, testhost.dll, TcpClientExtensions.MessageLoopAsync: NotifyDataAvailable remoteEndPoint: [::ffff:127.0.0.1]:63087 localEndPoint: [::ffff:127.0.0.1]:63088
TpTrace Verbose: 0 : 18176, 5, 2020/12/02, 18:36:52.759, 2018643900818, testhost.dll, TestExecutorService: Loading the extensions
TpTrace Information: 0 : 18176, 9, 2020/12/02, 18:36:52.760, 2018643915045, testhost.dll, TestRequestHandler.ProcessRequests: received message: (TestExecution.StartWithSources) -> {
  "AdapterSourceMap": {
    "_none_": [
      "C:\\Users\\User\\Desktop\\VVSZadaca2\\Filmoteka\\Unit Testovi\\bin\\Debug\\fine-code-coverage\\Unit Testovi.dll"
    ]
  },
  "RunSettings": "<RunSettings>\r\n  <RunConfiguration>\r\n    <ResultsDirectory>C:\\Users\\User\\Desktop\\VVSZadaca2\\Filmoteka\\Unit Testovi\\bin\\Debug\\fine-code-coverage\\_outputfolder</ResultsDirectory>\r\n    <TargetPlatform>X64</TargetPlatform>\r\n    <TargetFrameworkVersion>.NETCoreApp,Version=v3.1</TargetFrameworkVersion>\r\n    <DesignMode>False</DesignMode>\r\n    <CollectSourceInformation>False</CollectSourceInformation>\r\n  </RunConfiguration>\r\n  <LoggerRunSettings>\r\n    <Loggers>\r\n      <Logger friendlyName=\"blame\" enabled=\"True\" />\r\n      <Logger friendlyName=\"Console\" uri=\"logger://microsoft/TestPlatform/ConsoleLogger/v1\" assemblyQualifiedName=\"Microsoft.VisualStudio.TestPlatform.CommandLine.Internal.ConsoleLogger, vstest.console, Version=15.0.0.0, Culture=neutral, PublicKeyToken=b03f5f7f11d50a3a\" codeBase=\"C:\\Program Files\\dotnet\\sdk\\3.1.403\\vstest.console.dll\" enabled=\"True\" />\r\n    </Loggers>\r\n  </LoggerRunSettings>\r\n  <DataCollectionRunSettings>\r\n    <DataCollectors>\r\n      <DataCollector friendlyName=\"blame\" enabled=\"True\">\r\n        <Configuration>\r\n          <ResultsDirectory>C:\\Users\\User\\Desktop\\VVSZadaca2\\Filmoteka\\Unit Testovi\\bin\\Debug\\fine-code-coverage\\_outputfolder</ResultsDirectory>\r\n        </Configuration>\r\n      </DataCollector>\r\n    </DataCollectors>\r\n  </DataCollectionRunSettings>\r\n</RunSettings>",
  "TestExecutionContext": {
    "FrequencyOfRunStatsChangeEvent": 10,
    "RunStatsChangeEventTimeout": "00:00:01.5000000",
    "InIsolation": false,
    "KeepAlive": false,
    "AreTestCaseLevelEventsRequired": false,
    "IsDebug": false,
    "TestCaseFilter": null,
    "FilterOptions": null
  },
  "Package": null
}
TpTrace Information: 0 : 18176, 9, 2020/12/02, 18:36:52.761, 2018643919619, testhost.dll, Execution started.
TpTrace Verbose: 0 : 18176, 5, 2020/12/02, 18:36:52.762, 2018643933242, testhost.dll, TestPluginCache.DiscoverTestExtensions: finding test extensions in assemblies endswith: TestAdapter.dll TPluginInfo: Microsoft.VisualStudio.TestPlatform.Common.ExtensionFramework.Utilities.TestExecutorPluginInformation TExtension: Microsoft.VisualStudio.TestPlatform.ObjectModel.Adapter.ITestExecutor
TpTrace Verbose: 0 : 18176, 5, 2020/12/02, 18:36:52.764, 2018643949971, testhost.dll, TestPluginCache.GetExtensionPaths: Filtered extension paths: 
TpTrace Verbose: 0 : 18176, 5, 2020/12/02, 18:36:52.765, 2018643956578, testhost.dll, TestPluginCache.GetExtensionPaths: Added default extension paths: C:\Users\User\Desktop\VVSZadaca2\Filmoteka\Unit Testovi\bin\Debug\fine-code-coverage\Microsoft.VisualStudio.TestPlatform.MSTest.TestAdapter.dll
TpTrace Verbose: 0 : 18176, 5, 2020/12/02, 18:36:52.765, 2018643958564, testhost.dll, TestPluginCache.GetExtensionPaths: Added unfilterableExtensionPaths: 
TpTrace Information: 0 : 18176, 5, 2020/12/02, 18:36:52.768, 2018643993669, testhost.dll, AssemblyResolver.ctor: Creating AssemblyResolver with searchDirectories C:\Users\User\Desktop\VVSZadaca2\Filmoteka\Unit Testovi\bin\Debug\fine-code-coverage
TpTrace Verbose: 0 : 18176, 5, 2020/12/02, 18:36:52.772, 2018644026848, testhost.dll, TestPluginCache.DiscoverTestExtensions: Discovering the extensions using extension path.
TpTrace Verbose: 0 : 18176, 5, 2020/12/02, 18:36:52.772, 2018644031052, testhost.dll, TestPluginCache.GetExtensionPaths: Filtered extension paths: 
TpTrace Verbose: 0 : 18176, 5, 2020/12/02, 18:36:52.772, 2018644033903, testhost.dll, TestPluginCache.GetExtensionPaths: Added default extension paths: C:\Users\User\Desktop\VVSZadaca2\Filmoteka\Unit Testovi\bin\Debug\fine-code-coverage\Microsoft.VisualStudio.TestPlatform.MSTest.TestAdapter.dll
TpTrace Verbose: 0 : 18176, 5, 2020/12/02, 18:36:52.773, 2018644036941, testhost.dll, TestPluginCache.GetExtensionPaths: Added unfilterableExtensionPaths: 
TpTrace Verbose: 0 : 18176, 5, 2020/12/02, 18:36:52.773, 2018644039966, testhost.dll, TestPluginCache.DiscoverTestExtensions: Discovering the extensions using allExtensionPaths: C:\Users\User\Desktop\VVSZadaca2\Filmoteka\Unit Testovi\bin\Debug\fine-code-coverage\Microsoft.VisualStudio.TestPlatform.MSTest.TestAdapter.dll
TpTrace Information: 0 : 18176, 5, 2020/12/02, 18:36:52.775, 2018644059500, testhost.dll, AssemblyResolver.AddSearchDirectories: Adding more searchDirectories C:\Users\User\Desktop\VVSZadaca2\Filmoteka\Unit Testovi\bin\Debug\fine-code-coverage
TpTrace Information: 0 : 18176, 5, 2020/12/02, 18:36:52.783, 2018644137080, testhost.dll, AssemblyResolver.OnResolve: Microsoft.VisualStudio.TestPlatform.MSTest.TestAdapter: Resolving assembly.
TpTrace Information: 0 : 18176, 5, 2020/12/02, 18:36:52.785, 2018644163128, testhost.dll, AssemblyResolver.OnResolve: Resolved assembly: Microsoft.VisualStudio.TestPlatform.MSTest.TestAdapter, from path: C:\Users\User\Desktop\VVSZadaca2\Filmoteka\Unit Testovi\bin\Debug\fine-code-coverage\Microsoft.VisualStudio.TestPlatform.MSTest.TestAdapter.dll
TpTrace Information: 0 : 18176, 5, 2020/12/02, 18:36:52.788, 2018644194316, testhost.dll, AssemblyResolver.OnResolve: Microsoft.VisualStudio.TestPlatform.MSTestAdapter.PlatformServices.Interface: Resolving assembly.
TpTrace Information: 0 : 18176, 5, 2020/12/02, 18:36:52.789, 2018644205739, testhost.dll, AssemblyResolver.OnResolve: Resolved assembly: Microsoft.VisualStudio.TestPlatform.MSTestAdapter.PlatformServices.Interface, from path: C:\Users\User\Desktop\VVSZadaca2\Filmoteka\Unit Testovi\bin\Debug\fine-code-coverage\Microsoft.VisualStudio.TestPlatform.MSTestAdapter.PlatformServices.Interface.dll
TpTrace Information: 0 : 18176, 5, 2020/12/02, 18:36:52.790, 2018644212258, testhost.dll, AssemblyResolver.OnResolve: Microsoft.VisualStudio.TestPlatform.MSTestAdapter.PlatformServices: Resolving assembly.
TpTrace Information: 0 : 18176, 5, 2020/12/02, 18:36:52.791, 2018644224617, testhost.dll, AssemblyResolver.OnResolve: Resolved assembly: Microsoft.VisualStudio.TestPlatform.MSTestAdapter.PlatformServices, from path: C:\Users\User\Desktop\VVSZadaca2\Filmoteka\Unit Testovi\bin\Debug\fine-code-coverage\Microsoft.VisualStudio.TestPlatform.MSTestAdapter.PlatformServices.dll
TpTrace Verbose: 0 : 18176, 5, 2020/12/02, 18:36:52.802, 2018644332683, testhost.dll, TestPluginCache: Discovered the extensions using extension path ''.
TpTrace Verbose: 0 : 18176, 5, 2020/12/02, 18:36:52.803, 2018644340510, testhost.dll, TestPluginCache: Discoverers are ''.
TpTrace Verbose: 0 : 18176, 5, 2020/12/02, 18:36:52.803, 2018644342864, testhost.dll, TestPluginCache: Executors are 'executor://MSTestAdapter/v2'.
TpTrace Verbose: 0 : 18176, 5, 2020/12/02, 18:36:52.803, 2018644345822, testhost.dll, TestPluginCache: Setting providers are ''.
TpTrace Verbose: 0 : 18176, 5, 2020/12/02, 18:36:52.804, 2018644348218, testhost.dll, TestPluginCache: Loggers are ''.
TpTrace Verbose: 0 : 18176, 9, 2020/12/02, 18:36:52.808, 2018644391753, testhost.dll, TcpClientExtensions.MessageLoopAsync: Polling on remoteEndPoint: [::ffff:127.0.0.1]:63087 localEndPoint: [::ffff:127.0.0.1]:63088
TpTrace Information: 0 : 18176, 5, 2020/12/02, 18:36:52.813, 2018644442245, testhost.dll, TestPluginManager.CreateTestExtension: Attempting to load test extension: Microsoft.VisualStudio.TestPlatform.MSTest.TestAdapter.MSTestExecutor
TpTrace Verbose: 0 : 18176, 5, 2020/12/02, 18:36:52.822, 2018644530784, testhost.dll, TestExecutorExtensionManager: Loading executor Microsoft.VisualStudio.TestPlatform.MSTest.TestAdapter.MSTestExecutor
TpTrace Verbose: 0 : 18176, 5, 2020/12/02, 18:36:52.822, 2018644534134, testhost.dll, TestExecutorService: Loaded the executors
TpTrace Verbose: 0 : 18176, 5, 2020/12/02, 18:36:52.824, 2018644554868, testhost.dll, TestPluginCache.DiscoverTestExtensions: finding test extensions in assemblies endswith: TestAdapter.dll TPluginInfo: Microsoft.VisualStudio.TestPlatform.Common.ExtensionFramework.Utilities.TestSettingsProviderPluginInformation TExtension: Microsoft.VisualStudio.TestPlatform.ObjectModel.Adapter.ISettingsProvider
TpTrace Verbose: 0 : 18176, 5, 2020/12/02, 18:36:52.825, 2018644564475, testhost.dll, TestPluginCache.GetExtensionPaths: Filtered extension paths: 
TpTrace Verbose: 0 : 18176, 5, 2020/12/02, 18:36:52.826, 2018644567280, testhost.dll, TestPluginCache.GetExtensionPaths: Added default extension paths: C:\Users\User\Desktop\VVSZadaca2\Filmoteka\Unit Testovi\bin\Debug\fine-code-coverage\Microsoft.VisualStudio.TestPlatform.MSTest.TestAdapter.dll
TpTrace Verbose: 0 : 18176, 5, 2020/12/02, 18:36:52.826, 2018644569682, testhost.dll, TestPluginCache.GetExtensionPaths: Added unfilterableExtensionPaths: 
TpTrace Information: 0 : 18176, 5, 2020/12/02, 18:36:52.826, 2018644574137, testhost.dll, AssemblyResolver.AddSearchDirectories: Adding more searchDirectories C:\Users\User\Desktop\VVSZadaca2\Filmoteka\Unit Testovi\bin\Debug\fine-code-coverage
TpTrace Verbose: 0 : 18176, 5, 2020/12/02, 18:36:52.827, 2018644576608, testhost.dll, TestPluginCache.DiscoverTestExtensions: Discovering the extensions using extension path.
TpTrace Verbose: 0 : 18176, 5, 2020/12/02, 18:36:52.827, 2018644578584, testhost.dll, TestPluginCache.GetExtensionPaths: Filtered extension paths: 
TpTrace Verbose: 0 : 18176, 5, 2020/12/02, 18:36:52.827, 2018644580452, testhost.dll, TestPluginCache.GetExtensionPaths: Added default extension paths: C:\Users\User\Desktop\VVSZadaca2\Filmoteka\Unit Testovi\bin\Debug\fine-code-coverage\Microsoft.VisualStudio.TestPlatform.MSTest.TestAdapter.dll
TpTrace Verbose: 0 : 18176, 5, 2020/12/02, 18:36:52.827, 2018644582298, testhost.dll, TestPluginCache.GetExtensionPaths: Added unfilterableExtensionPaths: 
TpTrace Verbose: 0 : 18176, 5, 2020/12/02, 18:36:52.827, 2018644584472, testhost.dll, TestPluginCache.DiscoverTestExtensions: Discovering the extensions using allExtensionPaths: C:\Users\User\Desktop\VVSZadaca2\Filmoteka\Unit Testovi\bin\Debug\fine-code-coverage\Microsoft.VisualStudio.TestPlatform.MSTest.TestAdapter.dll
TpTrace Information: 0 : 18176, 5, 2020/12/02, 18:36:52.828, 2018644587106, testhost.dll, AssemblyResolver.AddSearchDirectories: Adding more searchDirectories C:\Users\User\Desktop\VVSZadaca2\Filmoteka\Unit Testovi\bin\Debug\fine-code-coverage
TpTrace Verbose: 0 : 18176, 5, 2020/12/02, 18:36:52.828, 2018644592133, testhost.dll, TestPluginCache: Discovered the extensions using extension path ''.
TpTrace Verbose: 0 : 18176, 5, 2020/12/02, 18:36:52.828, 2018644594106, testhost.dll, TestPluginCache: Discoverers are ''.
TpTrace Verbose: 0 : 18176, 5, 2020/12/02, 18:36:52.828, 2018644595833, testhost.dll, TestPluginCache: Executors are 'executor://MSTestAdapter/v2'.
TpTrace Verbose: 0 : 18176, 5, 2020/12/02, 18:36:52.829, 2018644597737, testhost.dll, TestPluginCache: Setting providers are ''.
TpTrace Verbose: 0 : 18176, 5, 2020/12/02, 18:36:52.829, 2018644599181, testhost.dll, TestPluginCache: Loggers are ''.
TpTrace Verbose: 0 : 18176, 5, 2020/12/02, 18:36:52.831, 2018644623632, testhost.dll, TestExecutorService: Loaded the settings providers
TpTrace Information: 0 : 18176, 5, 2020/12/02, 18:36:52.832, 2018644626318, testhost.dll, TestExecutorService: Loaded the extensions
TpTrace Information: 0 : 18176, 5, 2020/12/02, 18:36:52.978, 2018646085966, testhost.dll, TestDiscoveryManager: Discovering tests from sources C:\Users\User\Desktop\VVSZadaca2\Filmoteka\Unit Testovi\bin\Debug\fine-code-coverage\Unit Testovi.dll
TpTrace Verbose: 0 : 18176, 5, 2020/12/02, 18:36:52.981, 2018646118154, testhost.dll, TestPluginCache.DiscoverTestExtensions: finding test extensions in assemblies endswith: TestAdapter.dll TPluginInfo: Microsoft.VisualStudio.TestPlatform.Common.ExtensionFramework.Utilities.TestDiscovererPluginInformation TExtension: Microsoft.VisualStudio.TestPlatform.ObjectModel.Adapter.ITestDiscoverer
TpTrace Verbose: 0 : 18176, 5, 2020/12/02, 18:36:52.981, 2018646121507, testhost.dll, TestPluginCache.GetExtensionPaths: Filtered extension paths: 
TpTrace Verbose: 0 : 18176, 5, 2020/12/02, 18:36:52.981, 2018646123348, testhost.dll, TestPluginCache.GetExtensionPaths: Added default extension paths: C:\Users\User\Desktop\VVSZadaca2\Filmoteka\Unit Testovi\bin\Debug\fine-code-coverage\Microsoft.VisualStudio.TestPlatform.MSTest.TestAdapter.dll
TpTrace Verbose: 0 : 18176, 5, 2020/12/02, 18:36:52.981, 2018646125048, testhost.dll, TestPluginCache.GetExtensionPaths: Added unfilterableExtensionPaths: 
TpTrace Information: 0 : 18176, 5, 2020/12/02, 18:36:52.982, 2018646128756, testhost.dll, AssemblyResolver.AddSearchDirectories: Adding more searchDirectories C:\Users\User\Desktop\VVSZadaca2\Filmoteka\Unit Testovi\bin\Debug\fine-code-coverage
TpTrace Verbose: 0 : 18176, 5, 2020/12/02, 18:36:52.982, 2018646130643, testhost.dll, TestPluginCache.DiscoverTestExtensions: Discovering the extensions using extension path.
TpTrace Verbose: 0 : 18176, 5, 2020/12/02, 18:36:52.982, 2018646132125, testhost.dll, TestPluginCache.GetExtensionPaths: Filtered extension paths: 
TpTrace Verbose: 0 : 18176, 5, 2020/12/02, 18:36:52.982, 2018646133518, testhost.dll, TestPluginCache.GetExtensionPaths: Added default extension paths: C:\Users\User\Desktop\VVSZadaca2\Filmoteka\Unit Testovi\bin\Debug\fine-code-coverage\Microsoft.VisualStudio.TestPlatform.MSTest.TestAdapter.dll
TpTrace Verbose: 0 : 18176, 5, 2020/12/02, 18:36:52.982, 2018646134910, testhost.dll, TestPluginCache.GetExtensionPaths: Added unfilterableExtensionPaths: 
TpTrace Verbose: 0 : 18176, 5, 2020/12/02, 18:36:52.983, 2018646136346, testhost.dll, TestPluginCache.DiscoverTestExtensions: Discovering the extensions using allExtensionPaths: C:\Users\User\Desktop\VVSZadaca2\Filmoteka\Unit Testovi\bin\Debug\fine-code-coverage\Microsoft.VisualStudio.TestPlatform.MSTest.TestAdapter.dll
TpTrace Information: 0 : 18176, 5, 2020/12/02, 18:36:52.983, 2018646138045, testhost.dll, AssemblyResolver.AddSearchDirectories: Adding more searchDirectories C:\Users\User\Desktop\VVSZadaca2\Filmoteka\Unit Testovi\bin\Debug\fine-code-coverage
TpTrace Verbose: 0 : 18176, 5, 2020/12/02, 18:36:52.986, 2018646174538, testhost.dll, TestPluginCache: Discovered the extensions using extension path ''.
TpTrace Verbose: 0 : 18176, 5, 2020/12/02, 18:36:52.987, 2018646176738, testhost.dll, TestPluginCache: Discoverers are 'Microsoft.VisualStudio.TestPlatform.MSTest.TestAdapter.MSTestDiscoverer, Microsoft.VisualStudio.TestPlatform.MSTest.TestAdapter, Version=14.0.0.0, Culture=neutral, PublicKeyToken=b03f5f7f11d50a3a'.
TpTrace Verbose: 0 : 18176, 5, 2020/12/02, 18:36:52.987, 2018646178332, testhost.dll, TestPluginCache: Executors are 'executor://MSTestAdapter/v2'.
TpTrace Verbose: 0 : 18176, 5, 2020/12/02, 18:36:52.987, 2018646179745, testhost.dll, TestPluginCache: Setting providers are ''.
TpTrace Verbose: 0 : 18176, 5, 2020/12/02, 18:36:52.987, 2018646181217, testhost.dll, TestPluginCache: Loggers are ''.
TpTrace Verbose: 0 : 18176, 5, 2020/12/02, 18:36:52.995, 2018646256967, testhost.dll, BaseRunTests.RunTestInternalWithExecutors: Running tests for executor://MSTestAdapter/v2
TpTrace Information: 0 : 18176, 5, 2020/12/02, 18:36:53.075, 2018647064623, testhost.dll, AssemblyResolver.OnResolve: Microsoft.VisualStudio.TestPlatform.MSTestAdapter.PlatformServices.resources: Resolving assembly.
TpTrace Information: 0 : 18176, 5, 2020/12/02, 18:36:53.076, 2018647069985, testhost.dll, AssemblyResolver.OnResolve: Microsoft.VisualStudio.TestPlatform.MSTestAdapter.PlatformServices.resources: Failed to load assembly.
TpTrace Information: 0 : 18176, 5, 2020/12/02, 18:36:53.077, 2018647079550, testhost.dll, AssemblyResolver.OnResolve: Microsoft.VisualStudio.TestPlatform.MSTestAdapter.PlatformServices.resources: Resolving assembly.
TpTrace Information: 0 : 18176, 5, 2020/12/02, 18:36:53.078, 2018647091098, testhost.dll, AssemblyResolver.OnResolve: Microsoft.VisualStudio.TestPlatform.MSTestAdapter.PlatformServices.resources: Resolved from cache.
TpTrace Verbose: 0 : 18176, 5, 2020/12/02, 18:36:53.174, 2018648051090, testhost.dll, TestExecutionRecorder.RecordStart: Starting test: Unit_Testovi.NoviTestovi.TestZamjenskiObjekat.
TpTrace Verbose: 0 : 18176, 5, 2020/12/02, 18:36:53.448, 2018650789367, testhost.dll, TestExecutionRecorder.RecordEnd: test: Unit_Testovi.NoviTestovi.TestZamjenskiObjekat execution completed.
TpTrace Verbose: 0 : 18176, 5, 2020/12/02, 18:36:53.488, 2018651195310, testhost.dll, TestExecutionRecorder.RecordResult: Received result for test: Unit_Testovi.NoviTestovi.TestZamjenskiObjekat.
TpTrace Warning: 0 : 18176, 5, 2020/12/02, 18:36:53.494, 2018651249502, testhost.dll, InProgressTests is null
TpTrace Warning: 0 : 18176, 5, 2020/12/02, 18:36:53.497, 2018651279492, testhost.dll, TestRunCache: No test found corresponding to testResult 'TestZamjenskiObjekat  Passed' in inProgress list.
TpTrace Verbose: 0 : 18176, 5, 2020/12/02, 18:36:53.497, 2018651282851, testhost.dll, TestExecutionRecorder.RecordStart: Starting test: Unit_Testovi.NoviTestovi.TestDodajNastavakIstiGlumci.
TpTrace Information: 0 : 18176, 5, 2020/12/02, 18:36:53.504, 2018651346295, testhost.dll, AssemblyResolver.OnResolve: Microsoft.VisualStudio.TestPlatform.MSTest.TestAdapter.resources: Resolving assembly.
TpTrace Information: 0 : 18176, 5, 2020/12/02, 18:36:53.504, 2018651349370, testhost.dll, AssemblyResolver.OnResolve: Microsoft.VisualStudio.TestPlatform.MSTest.TestAdapter.resources: Failed to load assembly.
TpTrace Verbose: 0 : 18176, 5, 2020/12/02, 18:36:53.534, 2018651649456, testhost.dll, TestExecutionRecorder.RecordEnd: test: Unit_Testovi.NoviTestovi.TestDodajNastavakIstiGlumci execution completed.
TpTrace Verbose: 0 : 18176, 5, 2020/12/02, 18:36:53.536, 2018651673990, testhost.dll, TestExecutionRecorder.RecordResult: Received result for test: Unit_Testovi.NoviTestovi.TestDodajNastavakIstiGlumci.
TpTrace Warning: 0 : 18176, 5, 2020/12/02, 18:36:53.537, 2018651677251, testhost.dll, InProgressTests is null
TpTrace Warning: 0 : 18176, 5, 2020/12/02, 18:36:53.537, 2018651684191, testhost.dll, TestRunCache: No test found corresponding to testResult 'TestDodajNastavakIstiGlumci  Failed
  Message: Test method Unit_Testovi.NoviTestovi.TestDodajNastavakIstiGlumci threw exception: 
System.NotImplementedException: The method or operation is not implemented.
  StackTrace:
    at Filmoteka.Filmoteka.DodajNastavak(Film film, Double rating, Boolean istiGlumci, List`1 noviGlumci) in C:\Users\User\Desktop\VVSZadaca2\Filmoteka\Filmoteka\Filmoteka.cs:line 118
   at Unit_Testovi.NoviTestovi.TestDodajNastavakIstiGlumci() in C:\Users\User\Desktop\VVSZadaca2\Filmoteka\Unit Testovi\NoviTestovi.cs:line 42
' in inProgress list.
TpTrace Verbose: 0 : 18176, 5, 2020/12/02, 18:36:53.538, 2018651686940, testhost.dll, TestExecutionRecorder.RecordStart: Starting test: Unit_Testovi.NoviTestovi.TestDodajNastavakRazlicitiGlumci.
TpTrace Verbose: 0 : 18176, 5, 2020/12/02, 18:36:53.542, 2018651728318, testhost.dll, TestExecutionRecorder.RecordEnd: test: Unit_Testovi.NoviTestovi.TestDodajNastavakRazlicitiGlumci execution completed.
TpTrace Verbose: 0 : 18176, 5, 2020/12/02, 18:36:53.548, 2018651795415, testhost.dll, TestExecutionRecorder.RecordResult: Received result for test: Unit_Testovi.NoviTestovi.TestDodajNastavakRazlicitiGlumci.
TpTrace Warning: 0 : 18176, 5, 2020/12/02, 18:36:53.549, 2018651798133, testhost.dll, InProgressTests is null
TpTrace Warning: 0 : 18176, 5, 2020/12/02, 18:36:53.549, 2018651801134, testhost.dll, TestRunCache: No test found corresponding to testResult 'TestDodajNastavakRazlicitiGlumci  Failed
  Message: Test method Unit_Testovi.NoviTestovi.TestDodajNastavakRazlicitiGlumci threw exception: 
System.NotImplementedException: The method or operation is not implemented.
  StackTrace:
    at Filmoteka.Filmoteka.DodajNastavak(Film film, Double rating, Boolean istiGlumci, List`1 noviGlumci) in C:\Users\User\Desktop\VVSZadaca2\Filmoteka\Filmoteka\Filmoteka.cs:line 118
   at Unit_Testovi.NoviTestovi.TestDodajNastavakRazlicitiGlumci() in C:\Users\User\Desktop\VVSZadaca2\Filmoteka\Unit Testovi\NoviTestovi.cs:line 55
' in inProgress list.
TpTrace Verbose: 0 : 18176, 5, 2020/12/02, 18:36:53.549, 2018651803668, testhost.dll, TestExecutionRecorder.RecordStart: Starting test: Unit_Testovi.NoviTestovi.TestDodajNastavakIzuzetak.
TpTrace Information: 0 : 18176, 5, 2020/12/02, 18:36:53.555, 2018651861563, testhost.dll, AssemblyResolver.OnResolve: Microsoft.VisualStudio.TestPlatform.TestFramework.resources: Resolving assembly.
TpTrace Information: 0 : 18176, 5, 2020/12/02, 18:36:53.556, 2018651866156, testhost.dll, AssemblyResolver.OnResolve: Microsoft.VisualStudio.TestPlatform.TestFramework.resources: Failed to load assembly.
TpTrace Verbose: 0 : 18176, 5, 2020/12/02, 18:36:53.558, 2018651888481, testhost.dll, TestExecutionRecorder.RecordEnd: test: Unit_Testovi.NoviTestovi.TestDodajNastavakIzuzetak execution completed.
TpTrace Verbose: 0 : 18176, 5, 2020/12/02, 18:36:53.560, 2018651910378, testhost.dll, TestExecutionRecorder.RecordResult: Received result for test: Unit_Testovi.NoviTestovi.TestDodajNastavakIzuzetak.
TpTrace Warning: 0 : 18176, 5, 2020/12/02, 18:36:53.560, 2018651913082, testhost.dll, InProgressTests is null
TpTrace Warning: 0 : 18176, 5, 2020/12/02, 18:36:53.560, 2018651915518, testhost.dll, TestRunCache: No test found corresponding to testResult 'TestDodajNastavakIzuzetak  Failed
  Message: Test method threw exception System.NotImplementedException, but exception System.ArgumentNullException was expected. Exception message: System.NotImplementedException: The method or operation is not implemented.
  StackTrace:
   at Filmoteka.Filmoteka.DodajNastavak(Film film, Double rating, Boolean istiGlumci, List`1 noviGlumci) in C:\Users\User\Desktop\VVSZadaca2\Filmoteka\Filmoteka\Filmoteka.cs:line 118
   at Unit_Testovi.NoviTestovi.TestDodajNastavakIzuzetak() in C:\Users\User\Desktop\VVSZadaca2\Filmoteka\Unit Testovi\NoviTestovi.cs:line 68
' in inProgress list.
TpTrace Verbose: 0 : 18176, 5, 2020/12/02, 18:36:53.564, 2018651952754, testhost.dll, BaseRunTests.RunTestInternalWithExecutors: Completed running tests for executor://MSTestAdapter/v2
TpTrace Information: 0 : 18176, 5, 2020/12/02, 18:36:53.573, 2018652039466, testhost.dll, Sending test run complete
TpTrace Verbose: 0 : 18176, 5, 2020/12/02, 18:36:53.643, 2018652741442, testhost.dll, TestRequestHandler.SendData:  sending data from testhost: {"Version":2,"MessageType":"TestExecution.Completed","Payload":{"TestRunCompleteArgs":{"TestRunStatistics":{"ExecutedTests":4,"Stats":{"Passed":1,"Failed":3}},"IsCanceled":false,"IsAborted":false,"Error":null,"AttachmentSets":[],"ElapsedTimeInRunningTests":"00:00:00.5750674","Metrics":{}},"LastRunTests":{"NewTestResults":[{"TestCase":{"Id":"aef9dec6-1181-fac1-2596-b31421e8da47","FullyQualifiedName":"Unit_Testovi.NoviTestovi.TestZamjenskiObjekat","DisplayName":"TestZamjenskiObjekat","ExecutorUri":"executor://MSTestAdapter/v2","Source":"C:\\Users\\User\\Desktop\\VVSZadaca2\\Filmoteka\\Unit Testovi\\bin\\Debug\\fine-code-coverage\\Unit Testovi.dll","CodeFilePath":null,"LineNumber":-1,"Properties":[{"Key":{"Id":"MSTestDiscoverer.TestClassName","Label":"ClassName","Category":"","Description":"","Attributes":1,"ValueType":"System.String"},"Value":"Unit_Testovi.NoviTestovi"},{"Key":{"Id":"TestObject.Traits","Label":"Traits","Category":"","Description":"","Attributes":5,"ValueType":"System.Collections.Generic.KeyValuePair`2[[System.String],[System.String]][]"},"Value":[]}]},"Attachments":[],"Outcome":1,"ErrorMessage":null,"ErrorStackTrace":null,"DisplayName":null,"Messages":[],"ComputerName":null,"Duration":"00:00:00.0126911","StartTime":"2020-12-02T18:36:53.3657944+01:00","EndTime":"2020-12-02T18:36:53.4392916+01:00","Properties":[{"Key":{"Id":"ExecutionId","Label":"ExecutionId","Category":"","Description":"","Attributes":1,"ValueType":"System.Guid"},"Value":"00000000-0000-0000-0000-000000000000"},{"Key":{"Id":"ParentExecId","Label":"ParentExecId","Category":"","Description":"","Attributes":1,"ValueType":"System.Guid"},"Value":"00000000-0000-0000-0000-000000000000"},{"Key":{"Id":"InnerResultsCount","Label":"InnerResultsCount","Category":"","Description":"","Attributes":1,"ValueType":"System.Int32"},"Value":0}]},{"TestCase":{"Id":"307a9543-71bf-45b1-736e-e86a33581b25","FullyQualifiedName":"Unit_Testovi.NoviTestovi.TestDodajNastavakIstiGlumci","DisplayName":"TestDodajNastavakIstiGlumci","ExecutorUri":"executor://MSTestAdapter/v2","Source":"C:\\Users\\User\\Desktop\\VVSZadaca2\\Filmoteka\\Unit Testovi\\bin\\Debug\\fine-code-coverage\\Unit Testovi.dll","CodeFilePath":null,"LineNumber":-1,"Properties":[{"Key":{"Id":"MSTestDiscoverer.TestClassName","Label":"ClassName","Category":"","Description":"","Attributes":1,"ValueType":"System.String"},"Value":"Unit_Testovi.NoviTestovi"},{"Key":{"Id":"TestObject.Traits","Label":"Traits","Category":"","Description":"","Attributes":5,"ValueType":"System.Collections.Generic.KeyValuePair`2[[System.String],[System.String]][]"},"Value":[]}]},"Attachments":[],"Outcome":2,"ErrorMessage":"Test method Unit_Testovi.NoviTestovi.TestDodajNastavakIstiGlumci threw exception: \r\nSystem.NotImplementedException: The method or operation is not implemented.","ErrorStackTrace":"    at Filmoteka.Filmoteka.DodajNastavak(Film film, Double rating, Boolean istiGlumci, List`1 noviGlumci) in C:\\Users\\User\\Desktop\\VVSZadaca2\\Filmoteka\\Filmoteka\\Filmoteka.cs:line 118\r\n   at Unit_Testovi.NoviTestovi.TestDodajNastavakIstiGlumci() in C:\\Users\\User\\Desktop\\VVSZadaca2\\Filmoteka\\Unit Testovi\\NoviTestovi.cs:line 42\r\n","DisplayName":null,"Messages":[],"ComputerName":null,"Duration":"00:00:00.0334177","StartTime":"2020-12-02T18:36:53.4995713+01:00","EndTime":"2020-12-02T18:36:53.5343185+01:00","Properties":[{"Key":{"Id":"ExecutionId","Label":"ExecutionId","Category":"","Description":"","Attributes":1,"ValueType":"System.Guid"},"Value":"00000000-0000-0000-0000-000000000000"},{"Key":{"Id":"ParentExecId","Label":"ParentExecId","Category":"","Description":"","Attributes":1,"ValueType":"System.Guid"},"Value":"00000000-0000-0000-0000-000000000000"},{"Key":{"Id":"InnerResultsCount","Label":"InnerResultsCount","Category":"","Description":"","Attributes":1,"ValueType":"System.Int32"},"Value":0}]},{"TestCase":{"Id":"ccc8a4b1-0bba-0d1f-634a-2a0e08c0293a","FullyQualifiedName":"Unit_Testovi.NoviTestovi.TestDodajNastavakRazlicitiGlumci","DisplayName":"TestDodajNastavakRazlicitiGlumci","ExecutorUri":"executor://MSTestAdapter/v2","Source":"C:\\Users\\User\\Desktop\\VVSZadaca2\\Filmoteka\\Unit Testovi\\bin\\Debug\\fine-code-coverage\\Unit Testovi.dll","CodeFilePath":null,"LineNumber":-1,"Properties":[{"Key":{"Id":"MSTestDiscoverer.TestClassName","Label":"ClassName","Category":"","Description":"","Attributes":1,"ValueType":"System.String"},"Value":"Unit_Testovi.NoviTestovi"},{"Key":{"Id":"TestObject.Traits","Label":"Traits","Category":"","Description":"","Attributes":5,"ValueType":"System.Collections.Generic.KeyValuePair`2[[System.String],[System.String]][]"},"Value":[]}]},"Attachments":[],"Outcome":2,"ErrorMessage":"Test method Unit_Testovi.NoviTestovi.TestDodajNastavakRazlicitiGlumci threw exception: \r\nSystem.NotImplementedException: The method or operation is not implemented.","ErrorStackTrace":"    at Filmoteka.Filmoteka.DodajNastavak(Film film, Double rating, Boolean istiGlumci, List`1 noviGlumci) in C:\\Users\\User\\Desktop\\VVSZadaca2\\Filmoteka\\Filmoteka\\Filmoteka.cs:line 118\r\n   at Unit_Testovi.NoviTestovi.TestDodajNastavakRazlicitiGlumci() in C:\\Users\\User\\Desktop\\VVSZadaca2\\Filmoteka\\Unit Testovi\\NoviTestovi.cs:line 55\r\n","DisplayName":null,"Messages":[],"ComputerName":null,"Duration":"00:00:00.0017145","StartTime":"2020-12-02T18:36:53.5402251+01:00","EndTime":"2020-12-02T18:36:53.542219+01:00","Properties":[{"Key":{"Id":"ExecutionId","Label":"ExecutionId","Category":"","Description":"","Attributes":1,"ValueType":"System.Guid"},"Value":"00000000-0000-0000-0000-000000000000"},{"Key":{"Id":"ParentExecId","Label":"ParentExecId","Category":"","Description":"","Attributes":1,"ValueType":"System.Guid"},"Value":"00000000-0000-0000-0000-000000000000"},{"Key":{"Id":"InnerResultsCount","Label":"InnerResultsCount","Category":"","Description":"","Attributes":1,"ValueType":"System.Int32"},"Value":0}]},{"TestCase":{"Id":"83c1ddde-4e31-66fc-a376-4096e8037e77","FullyQualifiedName":"Unit_Testovi.NoviTestovi.TestDodajNastavakIzuzetak","DisplayName":"TestDodajNastavakIzuzetak","ExecutorUri":"executor://MSTestAdapter/v2","Source":"C:\\Users\\User\\Desktop\\VVSZadaca2\\Filmoteka\\Unit Testovi\\bin\\Debug\\fine-code-coverage\\Unit Testovi.dll","CodeFilePath":null,"LineNumber":-1,"Properties":[{"Key":{"Id":"MSTestDiscoverer.TestClassName","Label":"ClassName","Category":"","Description":"","Attributes":1,"ValueType":"System.String"},"Value":"Unit_Testovi.NoviTestovi"},{"Key":{"Id":"TestObject.Traits","Label":"Traits","Category":"","Description":"","Attributes":5,"ValueType":"System.Collections.Generic.KeyValuePair`2[[System.String],[System.String]][]"},"Value":[]}]},"Attachments":[],"Outcome":2,"ErrorMessage":"Test method threw exception System.NotImplementedException, but exception System.ArgumentNullException was expected. Exception message: System.NotImplementedException: The method or operation is not implemented.","ErrorStackTrace":"   at Filmoteka.Filmoteka.DodajNastavak(Film film, Double rating, Boolean istiGlumci, List`1 noviGlumci) in C:\\Users\\User\\Desktop\\VVSZadaca2\\Filmoteka\\Filmoteka\\Filmoteka.cs:line 118\r\n   at Unit_Testovi.NoviTestovi.TestDodajNastavakIzuzetak() in C:\\Users\\User\\Desktop\\VVSZadaca2\\Filmoteka\\Unit Testovi\\NoviTestovi.cs:line 68\r\n","DisplayName":null,"Messages":[],"ComputerName":null,"Duration":"00:00:00.0056939","StartTime":"2020-12-02T18:36:53.5520505+01:00","EndTime":"2020-12-02T18:36:53.5582393+01:00","Properties":[{"Key":{"Id":"ExecutionId","Label":"ExecutionId","Category":"","Description":"","Attributes":1,"ValueType":"System.Guid"},"Value":"00000000-0000-0000-0000-000000000000"},{"Key":{"Id":"ParentExecId","Label":"ParentExecId","Category":"","Description":"","Attributes":1,"ValueType":"System.Guid"},"Value":"00000000-0000-0000-0000-000000000000"},{"Key":{"Id":"InnerResultsCount","Label":"InnerResultsCount","Category":"","Description":"","Attributes":1,"ValueType":"System.Int32"},"Value":0}]}],"TestRunStatistics":{"ExecutedTests":4,"Stats":{"Passed":1,"Failed":3}},"ActiveTests":[]},"RunAttachments":[],"ExecutorUris":["executor://mstestadapter/v2"]}}
TpTrace Verbose: 0 : 18176, 5, 2020/12/02, 18:36:53.644, 2018652750286, testhost.dll, BaseRunTests.RunTests: Run is complete.
TpTrace Verbose: 0 : 18176, 9, 2020/12/02, 18:36:53.649, 2018652797613, testhost.dll, TcpClientExtensions.MessageLoopAsync: NotifyDataAvailable remoteEndPoint: [::ffff:127.0.0.1]:63087 localEndPoint: [::ffff:127.0.0.1]:63088
TpTrace Information: 0 : 18176, 9, 2020/12/02, 18:36:53.649, 2018652800151, testhost.dll, TestRequestHandler.ProcessRequests: received message: (TestSession.Terminate) -> null
TpTrace Information: 0 : 18176, 9, 2020/12/02, 18:36:53.649, 2018652801651, testhost.dll, Session End message received from server. Closing the connection.
TpTrace Information: 0 : 18176, 9, 2020/12/02, 18:36:53.650, 2018652807544, testhost.dll, SocketClient.Stop: Stop communication from server endpoint: 127.0.0.1:063087
TpTrace Information: 0 : 18176, 9, 2020/12/02, 18:36:53.650, 2018652809549, testhost.dll, SocketClient: Stop: Cancellation requested. Stopping message loop.
TpTrace Verbose: 0 : 18176, 9, 2020/12/02, 18:36:53.651, 2018652817042, testhost.dll, LengthPrefixCommunicationChannel.Dispose: Dispose reader and writer.
TpTrace Information: 0 : 18176, 1, 2020/12/02, 18:36:53.651, 2018652818739, testhost.dll, Closing the connection !
TpTrace Information: 0 : 18176, 9, 2020/12/02, 18:36:53.651, 2018652819172, testhost.dll, Closing the connection !
TpTrace Information: 0 : 18176, 1, 2020/12/02, 18:36:53.651, 2018652821386, testhost.dll, SocketClient.Stop: Stop communication from server endpoint: 127.0.0.1:063087
TpTrace Information: 0 : 18176, 1, 2020/12/02, 18:36:53.651, 2018652825783, testhost.dll, SocketClient: Stop: Cancellation requested. Stopping message loop.
TpTrace Verbose: 0 : 18176, 1, 2020/12/02, 18:36:53.652, 2018652828044, testhost.dll, LengthPrefixCommunicationChannel.Dispose: Dispose reader and writer.
TpTrace Information: 0 : 18176, 9, 2020/12/02, 18:36:53.652, 2018652828229, testhost.dll, SocketClient.PrivateStop: Stop communication from server endpoint: 127.0.0.1:063087, error:
TpTrace Information: 0 : 18176, 1, 2020/12/02, 18:36:53.652, 2018652831858, testhost.dll, Testhost process exiting.
TpTrace Verbose: 0 : 18176, 9, 2020/12/02, 18:36:53.652, 2018652833823, testhost.dll, LengthPrefixCommunicationChannel.Dispose: Dispose reader and writer.
TpTrace Verbose: 0 : 18176, 9, 2020/12/02, 18:36:53.653, 2018652836909, testhost.dll, TcpClientExtensions.MessageLoopAsync: exiting MessageLoopAsync remoteEndPoint: [::ffff:127.0.0.1]:63087 localEndPoint: [::ffff:127.0.0.1]:63088
