TpTrace Information: 0 : 6932, 1, 2020/12/02, 21:24:59.509, 882989789757, datacollector.dll, DataCollectorMain.Run: Starting data collector run with args: --port,36831,--parentprocessid,2776,--diag,C:\Users\nadir\Desktop\VVSZadaca2\Filmoteka\Unit Testovi\bin\Debug\fine-code-coverage\_outputfolder\diagnostics.datacollector.20-12-02_21-24-59_40964_4.log,--tracelevel,4
TpTrace Information: 0 : 6932, 1, 2020/12/02, 21:24:59.514, 882989810202, datacollector.dll, DataCollector: Monitoring parent process with id: '2776'
TpTrace Information: 0 : 6932, 1, 2020/12/02, 21:24:59.522, 882989893850, datacollector.dll, Trying to connect to server on socket : 127.0.0.1:36831 
TpTrace Verbose: 0 : 6932, 1, 2020/12/02, 21:24:59.534, 882990009183, datacollector.dll, SocketCommunicationManager : SetupClientAsync : Attempting to connect to the server.
TpTrace Information: 0 : 6932, 7, 2020/12/02, 21:24:59.546, 882990131123, datacollector.dll, Connected to the server successfully 
TpTrace Information: 0 : 6932, 7, 2020/12/02, 21:24:59.546, 882990132442, datacollector.dll, Using the buffer size of 16384 bytes
TpTrace Information: 0 : 6932, 1, 2020/12/02, 21:24:59.604, 882990713382, datacollector.dll, DataCollector: Start Request Processing.
TpTrace Information: 0 : 6932, 1, 2020/12/02, 21:24:59.608, 882990750277, datacollector.dll, DataCollectionRequestHandler.ProcessRequests : Datacollector received message: (DataCollection.BeforeTestRunStart) -> {
  "SettingsXml": "<RunSettings><RunConfiguration><ResultsDirectory>C:\\Users\\nadir\\Desktop\\VVSZadaca2\\Filmoteka\\Unit Testovi\\bin\\Debug\\fine-code-coverage\\_outputfolder</ResultsDirectory><TargetPlatform>X64</TargetPlatform><TargetFrameworkVersion>.NETCoreApp,Version=v3.1</TargetFrameworkVersion><DesignMode>False</DesignMode><CollectSourceInformation>False</CollectSourceInformation><TestAdaptersPaths>C:\\Program Files\\dotnet\\sdk\\3.1.403\\Extensions</TestAdaptersPaths></RunConfiguration><LoggerRunSettings><Loggers><Logger friendlyName=\"blame\" enabled=\"True\" /><Logger friendlyName=\"Console\" uri=\"logger://microsoft/TestPlatform/ConsoleLogger/v1\" assemblyQualifiedName=\"Microsoft.VisualStudio.TestPlatform.CommandLine.Internal.ConsoleLogger, vstest.console, Version=15.0.0.0, Culture=neutral, PublicKeyToken=b03f5f7f11d50a3a\" codeBase=\"C:\\Program Files\\dotnet\\sdk\\3.1.403\\vstest.console.dll\" enabled=\"True\" /></Loggers></LoggerRunSettings><DataCollectionRunSettings><DataCollectors><DataCollector friendlyName=\"blame\" enabled=\"True\"><Configuration><ResultsDirectory>C:\\Users\\nadir\\Desktop\\VVSZadaca2\\Filmoteka\\Unit Testovi\\bin\\Debug\\fine-code-coverage\\_outputfolder</ResultsDirectory></Configuration></DataCollector></DataCollectors></DataCollectionRunSettings></RunSettings>",
  "Sources": [
    "C:\\Users\\nadir\\Desktop\\VVSZadaca2\\Filmoteka\\Unit Testovi\\bin\\Debug\\fine-code-coverage\\Unit Testovi.dll"
  ]
}
TpTrace Verbose: 0 : 6932, 1, 2020/12/02, 21:24:59.647, 882991143509, datacollector.dll, TestPluginCache: Update extensions started. Skip filter = False
TpTrace Verbose: 0 : 6932, 1, 2020/12/02, 21:24:59.648, 882991150992, datacollector.dll, TestPluginCache: Using directories for assembly resolution 'C:\Program Files\dotnet\sdk\3.1.403\Extensions'.
TpTrace Verbose: 0 : 6932, 1, 2020/12/02, 21:24:59.648, 882991151724, datacollector.dll, TestPluginCache: Updated the available extensions to 'C:\Program Files\dotnet\sdk\3.1.403\Extensions\Microsoft.TestPlatform.Extensions.BlameDataCollector.dll,C:\Program Files\dotnet\sdk\3.1.403\Extensions\Microsoft.TestPlatform.Extensions.EventLogCollector.dll'.
TpTrace Verbose: 0 : 6932, 1, 2020/12/02, 21:24:59.654, 882991215999, datacollector.dll, TestPluginCache.DiscoverTestExtensions: finding test extensions in assemblies ends with: Collector.dll TPluginInfo: Microsoft.VisualStudio.TestPlatform.Common.DataCollector.DataCollectorConfig TExtension: Microsoft.VisualStudio.TestPlatform.ObjectModel.DataCollection.DataCollector
TpTrace Verbose: 0 : 6932, 1, 2020/12/02, 21:24:59.655, 882991217957, datacollector.dll, TestPluginCache.GetExtensionPaths: Filtered extension paths: C:\Program Files\dotnet\sdk\3.1.403\Extensions\Microsoft.TestPlatform.Extensions.BlameDataCollector.dll
C:\Program Files\dotnet\sdk\3.1.403\Extensions\Microsoft.TestPlatform.Extensions.EventLogCollector.dll
TpTrace Verbose: 0 : 6932, 1, 2020/12/02, 21:24:59.655, 882991219010, datacollector.dll, TestPluginCache.GetExtensionPaths: Added default extension paths: 
TpTrace Verbose: 0 : 6932, 1, 2020/12/02, 21:24:59.655, 882991219597, datacollector.dll, TestPluginCache.GetExtensionPaths: Added unfilterableExtensionPaths: 
TpTrace Information: 0 : 6932, 1, 2020/12/02, 21:24:59.655, 882991224850, datacollector.dll, AssemblyResolver.ctor: Creating AssemblyResolver with searchDirectories C:\Program Files\dotnet\sdk\3.1.403\Extensions,C:\Program Files\dotnet\sdk\3.1.403
TpTrace Verbose: 0 : 6932, 1, 2020/12/02, 21:24:59.656, 882991236507, datacollector.dll, TestPluginCache.DiscoverTestExtensions: Discovering the extensions using extension path.
TpTrace Verbose: 0 : 6932, 1, 2020/12/02, 21:24:59.657, 882991238255, datacollector.dll, TestPluginCache.GetExtensionPaths: Filtered extension paths: C:\Program Files\dotnet\sdk\3.1.403\Extensions\Microsoft.TestPlatform.Extensions.BlameDataCollector.dll
C:\Program Files\dotnet\sdk\3.1.403\Extensions\Microsoft.TestPlatform.Extensions.EventLogCollector.dll
TpTrace Verbose: 0 : 6932, 1, 2020/12/02, 21:24:59.657, 882991238880, datacollector.dll, TestPluginCache.GetExtensionPaths: Added default extension paths: 
TpTrace Verbose: 0 : 6932, 1, 2020/12/02, 21:24:59.657, 882991239352, datacollector.dll, TestPluginCache.GetExtensionPaths: Added unfilterableExtensionPaths: 
TpTrace Verbose: 0 : 6932, 1, 2020/12/02, 21:24:59.657, 882991240106, datacollector.dll, TestPluginCache.DiscoverTestExtensions: Discovering the extensions using allExtensionPaths: C:\Program Files\dotnet\sdk\3.1.403\Extensions\Microsoft.TestPlatform.Extensions.BlameDataCollector.dll
C:\Program Files\dotnet\sdk\3.1.403\Extensions\Microsoft.TestPlatform.Extensions.EventLogCollector.dll
TpTrace Information: 0 : 6932, 1, 2020/12/02, 21:24:59.657, 882991241265, datacollector.dll, AssemblyResolver.AddSearchDirectories: Adding more searchDirectories C:\Program Files\dotnet\sdk\3.1.403\Extensions,C:\Program Files\dotnet\sdk\3.1.403
TpTrace Information: 0 : 6932, 1, 2020/12/02, 21:24:59.657, 882991242021, datacollector.dll, AssemblyResolver.AddSearchDirectories: Adding more searchDirectories C:\Program Files\dotnet\sdk\3.1.403\Extensions,C:\Program Files\dotnet\sdk\3.1.403
TpTrace Information: 0 : 6932, 1, 2020/12/02, 21:24:59.657, 882991245621, datacollector.dll, AssemblyResolver.OnResolve: Microsoft.TestPlatform.Extensions.BlameDataCollector: Resolving assembly.
TpTrace Information: 0 : 6932, 1, 2020/12/02, 21:24:59.658, 882991256239, datacollector.dll, AssemblyResolver.OnResolve: Resolved assembly: Microsoft.TestPlatform.Extensions.BlameDataCollector, from path: C:\Program Files\dotnet\sdk\3.1.403\Extensions\Microsoft.TestPlatform.Extensions.BlameDataCollector.dll
TpTrace Error: 0 : 6932, 1, 2020/12/02, 21:24:59.659, 882991263915, datacollector.dll, The type "Microsoft.TestPlatform.Extensions.BlameDataCollector.BlameCollector" defined in "Microsoft.TestPlatform.Extensions.BlameDataCollector.dll" does not have ExtensionUri attribute.
TpTrace Information: 0 : 6932, 1, 2020/12/02, 21:24:59.660, 882991269030, datacollector.dll, AssemblyResolver.OnResolve: Microsoft.TestPlatform.Extensions.EventLogCollector: Resolving assembly.
TpTrace Information: 0 : 6932, 1, 2020/12/02, 21:24:59.660, 882991277141, datacollector.dll, AssemblyResolver.OnResolve: Resolved assembly: Microsoft.TestPlatform.Extensions.EventLogCollector, from path: C:\Program Files\dotnet\sdk\3.1.403\Extensions\Microsoft.TestPlatform.Extensions.EventLogCollector.dll
TpTrace Error: 0 : 6932, 1, 2020/12/02, 21:24:59.662, 882991291281, datacollector.dll, The type "Microsoft.TestPlatform.Extensions.EventLogCollector.EventLogDataCollector" defined in "Microsoft.TestPlatform.Extensions.EventLogCollector.dll" does not have ExtensionUri attribute.
TpTrace Verbose: 0 : 6932, 1, 2020/12/02, 21:24:59.662, 882991294154, datacollector.dll, TestPluginCache: Discovered the extensions using extension path 'C:\Program Files\dotnet\sdk\3.1.403\Extensions\Microsoft.TestPlatform.Extensions.BlameDataCollector.dll,C:\Program Files\dotnet\sdk\3.1.403\Extensions\Microsoft.TestPlatform.Extensions.EventLogCollector.dll'.
TpTrace Verbose: 0 : 6932, 1, 2020/12/02, 21:24:59.662, 882991294858, datacollector.dll, TestPluginCache: Discoverers are ''.
TpTrace Verbose: 0 : 6932, 1, 2020/12/02, 21:24:59.662, 882991295340, datacollector.dll, TestPluginCache: Executors are ''.
TpTrace Verbose: 0 : 6932, 1, 2020/12/02, 21:24:59.662, 882991295781, datacollector.dll, TestPluginCache: Executors2 are ''.
TpTrace Verbose: 0 : 6932, 1, 2020/12/02, 21:24:59.662, 882991296229, datacollector.dll, TestPluginCache: Setting providers are ''.
TpTrace Verbose: 0 : 6932, 1, 2020/12/02, 21:24:59.662, 882991296700, datacollector.dll, TestPluginCache: Loggers are ''.
TpTrace Information: 0 : 6932, 1, 2020/12/02, 21:24:59.664, 882991307998, datacollector.dll, TestPluginManager.CreateTestExtension: Attempting to load test extension: Microsoft.TestPlatform.Extensions.BlameDataCollector.BlameCollector
TpTrace Error: 0 : 6932, 1, 2020/12/02, 21:24:59.664, 882991309423, datacollector.dll, The type "Microsoft.TestPlatform.Extensions.BlameDataCollector.BlameCollector" defined in "Microsoft.TestPlatform.Extensions.BlameDataCollector.dll" does not have ExtensionUri attribute.
TpTrace Information: 0 : 6932, 1, 2020/12/02, 21:24:59.668, 882991355143, datacollector.dll, Listening on Endpoint : 127.0.0.1:36833
TpTrace Information: 0 : 6932, 1, 2020/12/02, 21:24:59.674, 882991408195, datacollector.dll, DataCollectionRequestHandler.ProcessRequests : DataCollection started.
TpTrace Information: 0 : 6932, 1, 2020/12/02, 21:24:59.707, 882991746865, datacollector.dll, DataCollectionRequestHandler.ProcessRequests : Datacollector received message: (DataCollection.TestHostLaunched) -> {
  "ProcessId": 5072
}
TpTrace Information: 0 : 6932, 5, 2020/12/02, 21:24:59.845, 882993117995, datacollector.dll, Using the buffer size of 16384 bytes
TpTrace Information: 0 : 6932, 5, 2020/12/02, 21:24:59.845, 882993119000, datacollector.dll, Accepted Client request and set the flag
TpTrace Information: 0 : 6932, 7, 2020/12/02, 21:25:00.214, 882996817701, datacollector.dll, DataCollectionTestCaseEventHandler: Test case starting.
TpTrace Information: 0 : 6932, 7, 2020/12/02, 21:25:00.240, 882997072706, datacollector.dll, Blame Collector : Test Case Start
TpTrace Information: 0 : 6932, 7, 2020/12/02, 21:25:00.240, 882997076429, datacollector.dll, DataCollectionTestCaseEventHandler: Test case 'ClanKonstruktor1 - 139572fd-680c-520c-cc6c-9653e8b199d2' started.
TpTrace Information: 0 : 6932, 7, 2020/12/02, 21:25:00.300, 882997670716, datacollector.dll, DataCollectionTestCaseEventHandler : Test case completing.
TpTrace Information: 0 : 6932, 7, 2020/12/02, 21:25:00.302, 882997696543, datacollector.dll, Blame Collector : Test Case End
TpTrace Error: 0 : 6932, 7, 2020/12/02, 21:25:00.313, 882997804319, datacollector.dll, DataCollectionAttachmentManager.GetAttachments: Fail to get attachments: System.Collections.Generic.KeyNotFoundException: The given key 'Microsoft.VisualStudio.TestPlatform.ObjectModel.DataCollection.DataCollectionContext' was not present in the dictionary.
   at System.Collections.Generic.Dictionary`2.get_Item(TKey key)
   at Microsoft.VisualStudio.TestPlatform.Common.DataCollector.DataCollectionAttachmentManager.GetAttachments(DataCollectionContext dataCollectionContext) 
TpTrace Information: 0 : 6932, 7, 2020/12/02, 21:25:00.316, 882997830628, datacollector.dll, DataCollectionTestCaseEventHandler: Test case 'ClanKonstruktor1 - 139572fd-680c-520c-cc6c-9653e8b199d2' completed
TpTrace Information: 0 : 6932, 7, 2020/12/02, 21:25:00.324, 882997909536, datacollector.dll, DataCollectionTestCaseEventHandler: Test case starting.
TpTrace Information: 0 : 6932, 7, 2020/12/02, 21:25:00.324, 882997913045, datacollector.dll, Blame Collector : Test Case Start
TpTrace Information: 0 : 6932, 7, 2020/12/02, 21:25:00.324, 882997914455, datacollector.dll, DataCollectionTestCaseEventHandler: Test case 'vratiWatchList - d8983018-3355-41eb-a856-7c7fd6fe5c9f' started.
TpTrace Information: 0 : 6932, 7, 2020/12/02, 21:25:00.326, 882997930737, datacollector.dll, DataCollectionTestCaseEventHandler : Test case completing.
TpTrace Information: 0 : 6932, 7, 2020/12/02, 21:25:00.326, 882997933933, datacollector.dll, Blame Collector : Test Case End
TpTrace Error: 0 : 6932, 7, 2020/12/02, 21:25:00.326, 882997935780, datacollector.dll, DataCollectionAttachmentManager.GetAttachments: Fail to get attachments: System.Collections.Generic.KeyNotFoundException: The given key 'Microsoft.VisualStudio.TestPlatform.ObjectModel.DataCollection.DataCollectionContext' was not present in the dictionary.
   at System.Collections.Generic.Dictionary`2.get_Item(TKey key)
   at Microsoft.VisualStudio.TestPlatform.Common.DataCollector.DataCollectionAttachmentManager.GetAttachments(DataCollectionContext dataCollectionContext) 
TpTrace Information: 0 : 6932, 7, 2020/12/02, 21:25:00.326, 882997937099, datacollector.dll, DataCollectionTestCaseEventHandler: Test case 'vratiWatchList - d8983018-3355-41eb-a856-7c7fd6fe5c9f' completed
TpTrace Information: 0 : 6932, 7, 2020/12/02, 21:25:00.327, 882997944870, datacollector.dll, DataCollectionTestCaseEventHandler: Test case starting.
TpTrace Information: 0 : 6932, 7, 2020/12/02, 21:25:00.328, 882997948193, datacollector.dll, Blame Collector : Test Case Start
TpTrace Information: 0 : 6932, 7, 2020/12/02, 21:25:00.328, 882997949480, datacollector.dll, DataCollectionTestCaseEventHandler: Test case 'vratiRokPreplate - 235154e2-4575-eb5b-08d3-30a8f52320f7' started.
TpTrace Information: 0 : 6932, 7, 2020/12/02, 21:25:00.329, 882997962918, datacollector.dll, DataCollectionTestCaseEventHandler : Test case completing.
TpTrace Information: 0 : 6932, 7, 2020/12/02, 21:25:00.329, 882997965887, datacollector.dll, Blame Collector : Test Case End
TpTrace Error: 0 : 6932, 7, 2020/12/02, 21:25:00.329, 882997967282, datacollector.dll, DataCollectionAttachmentManager.GetAttachments: Fail to get attachments: System.Collections.Generic.KeyNotFoundException: The given key 'Microsoft.VisualStudio.TestPlatform.ObjectModel.DataCollection.DataCollectionContext' was not present in the dictionary.
   at System.Collections.Generic.Dictionary`2.get_Item(TKey key)
   at Microsoft.VisualStudio.TestPlatform.Common.DataCollector.DataCollectionAttachmentManager.GetAttachments(DataCollectionContext dataCollectionContext) 
TpTrace Information: 0 : 6932, 7, 2020/12/02, 21:25:00.330, 882997968399, datacollector.dll, DataCollectionTestCaseEventHandler: Test case 'vratiRokPreplate - 235154e2-4575-eb5b-08d3-30a8f52320f7' completed
TpTrace Information: 0 : 6932, 7, 2020/12/02, 21:25:00.330, 882997974974, datacollector.dll, DataCollectionTestCaseEventHandler: Test case starting.
TpTrace Information: 0 : 6932, 7, 2020/12/02, 21:25:00.333, 882998006641, datacollector.dll, Blame Collector : Test Case Start
TpTrace Information: 0 : 6932, 7, 2020/12/02, 21:25:00.334, 882998009152, datacollector.dll, DataCollectionTestCaseEventHandler: Test case 'FilmotekaTestKonstruktor1 - 830add01-5277-d6c6-a33f-8b2d18d00e49' started.
TpTrace Information: 0 : 6932, 7, 2020/12/02, 21:25:00.335, 882998018758, datacollector.dll, DataCollectionTestCaseEventHandler : Test case completing.
TpTrace Information: 0 : 6932, 7, 2020/12/02, 21:25:00.335, 882998022200, datacollector.dll, Blame Collector : Test Case End
TpTrace Error: 0 : 6932, 7, 2020/12/02, 21:25:00.335, 882998023870, datacollector.dll, DataCollectionAttachmentManager.GetAttachments: Fail to get attachments: System.Collections.Generic.KeyNotFoundException: The given key 'Microsoft.VisualStudio.TestPlatform.ObjectModel.DataCollection.DataCollectionContext' was not present in the dictionary.
   at System.Collections.Generic.Dictionary`2.get_Item(TKey key)
   at Microsoft.VisualStudio.TestPlatform.Common.DataCollector.DataCollectionAttachmentManager.GetAttachments(DataCollectionContext dataCollectionContext) 
TpTrace Information: 0 : 6932, 7, 2020/12/02, 21:25:00.335, 882998025778, datacollector.dll, DataCollectionTestCaseEventHandler: Test case 'FilmotekaTestKonstruktor1 - 830add01-5277-d6c6-a33f-8b2d18d00e49' completed
TpTrace Information: 0 : 6932, 7, 2020/12/02, 21:25:00.336, 882998033483, datacollector.dll, DataCollectionTestCaseEventHandler: Test case starting.
TpTrace Information: 0 : 6932, 7, 2020/12/02, 21:25:00.336, 882998036014, datacollector.dll, Blame Collector : Test Case Start
TpTrace Information: 0 : 6932, 7, 2020/12/02, 21:25:00.336, 882998037079, datacollector.dll, DataCollectionTestCaseEventHandler: Test case 'FilmotekaTestKonstruktor2 - e55661b8-2091-e054-9ca8-7c4e7b611965' started.
TpTrace Information: 0 : 6932, 7, 2020/12/02, 21:25:00.337, 882998043156, datacollector.dll, DataCollectionTestCaseEventHandler : Test case completing.
TpTrace Information: 0 : 6932, 7, 2020/12/02, 21:25:00.337, 882998045505, datacollector.dll, Blame Collector : Test Case End
TpTrace Error: 0 : 6932, 7, 2020/12/02, 21:25:00.337, 882998046826, datacollector.dll, DataCollectionAttachmentManager.GetAttachments: Fail to get attachments: System.Collections.Generic.KeyNotFoundException: The given key 'Microsoft.VisualStudio.TestPlatform.ObjectModel.DataCollection.DataCollectionContext' was not present in the dictionary.
   at System.Collections.Generic.Dictionary`2.get_Item(TKey key)
   at Microsoft.VisualStudio.TestPlatform.Common.DataCollector.DataCollectionAttachmentManager.GetAttachments(DataCollectionContext dataCollectionContext) 
TpTrace Information: 0 : 6932, 7, 2020/12/02, 21:25:00.338, 882998048434, datacollector.dll, DataCollectionTestCaseEventHandler: Test case 'FilmotekaTestKonstruktor2 - e55661b8-2091-e054-9ca8-7c4e7b611965' completed
TpTrace Information: 0 : 6932, 7, 2020/12/02, 21:25:00.338, 882998055133, datacollector.dll, DataCollectionTestCaseEventHandler: Test case starting.
TpTrace Information: 0 : 6932, 7, 2020/12/02, 21:25:00.338, 882998057676, datacollector.dll, Blame Collector : Test Case Start
TpTrace Information: 0 : 6932, 7, 2020/12/02, 21:25:00.339, 882998059281, datacollector.dll, DataCollectionTestCaseEventHandler: Test case 'DodajWatchlistuTest - cc26dc98-368f-72f4-126e-41ee00726230' started.
TpTrace Information: 0 : 6932, 7, 2020/12/02, 21:25:00.339, 882998067716, datacollector.dll, DataCollectionTestCaseEventHandler : Test case completing.
TpTrace Information: 0 : 6932, 7, 2020/12/02, 21:25:00.340, 882998071422, datacollector.dll, Blame Collector : Test Case End
TpTrace Error: 0 : 6932, 7, 2020/12/02, 21:25:00.340, 882998072911, datacollector.dll, DataCollectionAttachmentManager.GetAttachments: Fail to get attachments: System.Collections.Generic.KeyNotFoundException: The given key 'Microsoft.VisualStudio.TestPlatform.ObjectModel.DataCollection.DataCollectionContext' was not present in the dictionary.
   at System.Collections.Generic.Dictionary`2.get_Item(TKey key)
   at Microsoft.VisualStudio.TestPlatform.Common.DataCollector.DataCollectionAttachmentManager.GetAttachments(DataCollectionContext dataCollectionContext) 
TpTrace Information: 0 : 6932, 7, 2020/12/02, 21:25:00.340, 882998074001, datacollector.dll, DataCollectionTestCaseEventHandler: Test case 'DodajWatchlistuTest - cc26dc98-368f-72f4-126e-41ee00726230' completed
TpTrace Information: 0 : 6932, 7, 2020/12/02, 21:25:00.341, 882998080253, datacollector.dll, DataCollectionTestCaseEventHandler: Test case starting.
TpTrace Information: 0 : 6932, 7, 2020/12/02, 21:25:00.341, 882998082541, datacollector.dll, Blame Collector : Test Case Start
TpTrace Information: 0 : 6932, 7, 2020/12/02, 21:25:00.341, 882998083445, datacollector.dll, DataCollectionTestCaseEventHandler: Test case 'DajSveFilmoveZaReziseraTest - 3a8bf842-1414-c573-0562-859fdb513ec1' started.
TpTrace Information: 0 : 6932, 7, 2020/12/02, 21:25:00.342, 882998089236, datacollector.dll, DataCollectionTestCaseEventHandler : Test case completing.
TpTrace Information: 0 : 6932, 7, 2020/12/02, 21:25:00.342, 882998091524, datacollector.dll, Blame Collector : Test Case End
TpTrace Error: 0 : 6932, 7, 2020/12/02, 21:25:00.342, 882998093170, datacollector.dll, DataCollectionAttachmentManager.GetAttachments: Fail to get attachments: System.Collections.Generic.KeyNotFoundException: The given key 'Microsoft.VisualStudio.TestPlatform.ObjectModel.DataCollection.DataCollectionContext' was not present in the dictionary.
   at System.Collections.Generic.Dictionary`2.get_Item(TKey key)
   at Microsoft.VisualStudio.TestPlatform.Common.DataCollector.DataCollectionAttachmentManager.GetAttachments(DataCollectionContext dataCollectionContext) 
TpTrace Information: 0 : 6932, 7, 2020/12/02, 21:25:00.342, 882998094195, datacollector.dll, DataCollectionTestCaseEventHandler: Test case 'DajSveFilmoveZaReziseraTest - 3a8bf842-1414-c573-0562-859fdb513ec1' completed
TpTrace Information: 0 : 6932, 7, 2020/12/02, 21:25:00.343, 882998102402, datacollector.dll, DataCollectionTestCaseEventHandler: Test case starting.
TpTrace Information: 0 : 6932, 7, 2020/12/02, 21:25:00.343, 882998105033, datacollector.dll, Blame Collector : Test Case Start
TpTrace Information: 0 : 6932, 7, 2020/12/02, 21:25:00.343, 882998106303, datacollector.dll, DataCollectionTestCaseEventHandler: Test case 'RadSaKorisnicimaTest - b942e361-4be5-f590-6aa4-9aad43bbea60' started.
TpTrace Information: 0 : 6932, 7, 2020/12/02, 21:25:00.344, 882998113886, datacollector.dll, DataCollectionTestCaseEventHandler : Test case completing.
TpTrace Information: 0 : 6932, 7, 2020/12/02, 21:25:00.344, 882998117225, datacollector.dll, Blame Collector : Test Case End
TpTrace Error: 0 : 6932, 7, 2020/12/02, 21:25:00.345, 882998119100, datacollector.dll, DataCollectionAttachmentManager.GetAttachments: Fail to get attachments: System.Collections.Generic.KeyNotFoundException: The given key 'Microsoft.VisualStudio.TestPlatform.ObjectModel.DataCollection.DataCollectionContext' was not present in the dictionary.
   at System.Collections.Generic.Dictionary`2.get_Item(TKey key)
   at Microsoft.VisualStudio.TestPlatform.Common.DataCollector.DataCollectionAttachmentManager.GetAttachments(DataCollectionContext dataCollectionContext) 
TpTrace Information: 0 : 6932, 7, 2020/12/02, 21:25:00.345, 882998120501, datacollector.dll, DataCollectionTestCaseEventHandler: Test case 'RadSaKorisnicimaTest - b942e361-4be5-f590-6aa4-9aad43bbea60' completed
TpTrace Information: 0 : 6932, 7, 2020/12/02, 21:25:00.345, 882998127073, datacollector.dll, DataCollectionTestCaseEventHandler: Test case starting.
TpTrace Information: 0 : 6932, 7, 2020/12/02, 21:25:00.346, 882998130181, datacollector.dll, Blame Collector : Test Case Start
TpTrace Information: 0 : 6932, 7, 2020/12/02, 21:25:00.346, 882998131389, datacollector.dll, DataCollectionTestCaseEventHandler: Test case 'FilmTestKonstruktor1 - 03a038aa-8497-4306-f9a2-05522e98cf00' started.
TpTrace Information: 0 : 6932, 7, 2020/12/02, 21:25:00.347, 882998139659, datacollector.dll, DataCollectionTestCaseEventHandler : Test case completing.
TpTrace Information: 0 : 6932, 7, 2020/12/02, 21:25:00.347, 882998142484, datacollector.dll, Blame Collector : Test Case End
TpTrace Error: 0 : 6932, 7, 2020/12/02, 21:25:00.347, 882998143923, datacollector.dll, DataCollectionAttachmentManager.GetAttachments: Fail to get attachments: System.Collections.Generic.KeyNotFoundException: The given key 'Microsoft.VisualStudio.TestPlatform.ObjectModel.DataCollection.DataCollectionContext' was not present in the dictionary.
   at System.Collections.Generic.Dictionary`2.get_Item(TKey key)
   at Microsoft.VisualStudio.TestPlatform.Common.DataCollector.DataCollectionAttachmentManager.GetAttachments(DataCollectionContext dataCollectionContext) 
TpTrace Information: 0 : 6932, 7, 2020/12/02, 21:25:00.347, 882998145042, datacollector.dll, DataCollectionTestCaseEventHandler: Test case 'FilmTestKonstruktor1 - 03a038aa-8497-4306-f9a2-05522e98cf00' completed
TpTrace Information: 0 : 6932, 7, 2020/12/02, 21:25:00.377, 882998443896, datacollector.dll, DataCollectionTestCaseEventHandler: Test case starting.
TpTrace Information: 0 : 6932, 7, 2020/12/02, 21:25:00.377, 882998447045, datacollector.dll, Blame Collector : Test Case Start
TpTrace Information: 0 : 6932, 7, 2020/12/02, 21:25:00.378, 882998448371, datacollector.dll, DataCollectionTestCaseEventHandler: Test case 'FilmTestKonstruktor2 - 6d7f88f3-c0af-7e44-e254-a509de61f3a7' started.
TpTrace Information: 0 : 6932, 7, 2020/12/02, 21:25:00.378, 882998455441, datacollector.dll, DataCollectionTestCaseEventHandler : Test case completing.
TpTrace Information: 0 : 6932, 7, 2020/12/02, 21:25:00.379, 882998458897, datacollector.dll, Blame Collector : Test Case End
TpTrace Error: 0 : 6932, 7, 2020/12/02, 21:25:00.379, 882998461070, datacollector.dll, DataCollectionAttachmentManager.GetAttachments: Fail to get attachments: System.Collections.Generic.KeyNotFoundException: The given key 'Microsoft.VisualStudio.TestPlatform.ObjectModel.DataCollection.DataCollectionContext' was not present in the dictionary.
   at System.Collections.Generic.Dictionary`2.get_Item(TKey key)
   at Microsoft.VisualStudio.TestPlatform.Common.DataCollector.DataCollectionAttachmentManager.GetAttachments(DataCollectionContext dataCollectionContext) 
TpTrace Information: 0 : 6932, 7, 2020/12/02, 21:25:00.379, 882998462715, datacollector.dll, DataCollectionTestCaseEventHandler: Test case 'FilmTestKonstruktor2 - 6d7f88f3-c0af-7e44-e254-a509de61f3a7' completed
TpTrace Information: 0 : 6932, 7, 2020/12/02, 21:25:00.380, 882998470658, datacollector.dll, DataCollectionTestCaseEventHandler: Test case starting.
TpTrace Information: 0 : 6932, 7, 2020/12/02, 21:25:00.380, 882998474174, datacollector.dll, Blame Collector : Test Case Start
TpTrace Information: 0 : 6932, 7, 2020/12/02, 21:25:00.380, 882998475342, datacollector.dll, DataCollectionTestCaseEventHandler: Test case 'GostTestKonstruktor1 - 2a34a0e4-6794-7c5c-d0f0-c60b5cbbf6fd' started.
TpTrace Information: 0 : 6932, 7, 2020/12/02, 21:25:00.381, 882998484615, datacollector.dll, DataCollectionTestCaseEventHandler : Test case completing.
TpTrace Information: 0 : 6932, 7, 2020/12/02, 21:25:00.382, 882998489122, datacollector.dll, Blame Collector : Test Case End
TpTrace Error: 0 : 6932, 7, 2020/12/02, 21:25:00.382, 882998491111, datacollector.dll, DataCollectionAttachmentManager.GetAttachments: Fail to get attachments: System.Collections.Generic.KeyNotFoundException: The given key 'Microsoft.VisualStudio.TestPlatform.ObjectModel.DataCollection.DataCollectionContext' was not present in the dictionary.
   at System.Collections.Generic.Dictionary`2.get_Item(TKey key)
   at Microsoft.VisualStudio.TestPlatform.Common.DataCollector.DataCollectionAttachmentManager.GetAttachments(DataCollectionContext dataCollectionContext) 
TpTrace Information: 0 : 6932, 7, 2020/12/02, 21:25:00.382, 882998493249, datacollector.dll, DataCollectionTestCaseEventHandler: Test case 'GostTestKonstruktor1 - 2a34a0e4-6794-7c5c-d0f0-c60b5cbbf6fd' completed
TpTrace Information: 0 : 6932, 7, 2020/12/02, 21:25:00.383, 882998503239, datacollector.dll, DataCollectionTestCaseEventHandler: Test case starting.
TpTrace Information: 0 : 6932, 7, 2020/12/02, 21:25:00.383, 882998507755, datacollector.dll, Blame Collector : Test Case Start
TpTrace Information: 0 : 6932, 7, 2020/12/02, 21:25:00.384, 882998509314, datacollector.dll, DataCollectionTestCaseEventHandler: Test case 'GostTestKonstruktor2 - 5329faea-753a-3783-8eac-5f5a6112fb03' started.
TpTrace Information: 0 : 6932, 7, 2020/12/02, 21:25:00.385, 882998519487, datacollector.dll, DataCollectionTestCaseEventHandler : Test case completing.
TpTrace Information: 0 : 6932, 7, 2020/12/02, 21:25:00.385, 882998523038, datacollector.dll, Blame Collector : Test Case End
TpTrace Error: 0 : 6932, 7, 2020/12/02, 21:25:00.385, 882998524695, datacollector.dll, DataCollectionAttachmentManager.GetAttachments: Fail to get attachments: System.Collections.Generic.KeyNotFoundException: The given key 'Microsoft.VisualStudio.TestPlatform.ObjectModel.DataCollection.DataCollectionContext' was not present in the dictionary.
   at System.Collections.Generic.Dictionary`2.get_Item(TKey key)
   at Microsoft.VisualStudio.TestPlatform.Common.DataCollector.DataCollectionAttachmentManager.GetAttachments(DataCollectionContext dataCollectionContext) 
TpTrace Information: 0 : 6932, 7, 2020/12/02, 21:25:00.385, 882998526119, datacollector.dll, DataCollectionTestCaseEventHandler: Test case 'GostTestKonstruktor2 - 5329faea-753a-3783-8eac-5f5a6112fb03' completed
TpTrace Information: 0 : 6932, 7, 2020/12/02, 21:25:00.386, 882998537354, datacollector.dll, DataCollectionTestCaseEventHandler: Test case starting.
TpTrace Information: 0 : 6932, 7, 2020/12/02, 21:25:00.387, 882998540363, datacollector.dll, Blame Collector : Test Case Start
TpTrace Information: 0 : 6932, 7, 2020/12/02, 21:25:00.387, 882998541463, datacollector.dll, DataCollectionTestCaseEventHandler: Test case 'AutomatskiKorisničkiPodaciTest - 7fb0bd75-b855-0371-f3a9-be12f246e7ae' started.
TpTrace Information: 0 : 6932, 7, 2020/12/02, 21:25:00.388, 882998548527, datacollector.dll, DataCollectionTestCaseEventHandler : Test case completing.
TpTrace Information: 0 : 6932, 7, 2020/12/02, 21:25:00.388, 882998551463, datacollector.dll, Blame Collector : Test Case End
TpTrace Error: 0 : 6932, 7, 2020/12/02, 21:25:00.388, 882998552982, datacollector.dll, DataCollectionAttachmentManager.GetAttachments: Fail to get attachments: System.Collections.Generic.KeyNotFoundException: The given key 'Microsoft.VisualStudio.TestPlatform.ObjectModel.DataCollection.DataCollectionContext' was not present in the dictionary.
   at System.Collections.Generic.Dictionary`2.get_Item(TKey key)
   at Microsoft.VisualStudio.TestPlatform.Common.DataCollector.DataCollectionAttachmentManager.GetAttachments(DataCollectionContext dataCollectionContext) 
TpTrace Information: 0 : 6932, 7, 2020/12/02, 21:25:00.388, 882998554252, datacollector.dll, DataCollectionTestCaseEventHandler: Test case 'AutomatskiKorisničkiPodaciTest - 7fb0bd75-b855-0371-f3a9-be12f246e7ae' completed
TpTrace Information: 0 : 6932, 7, 2020/12/02, 21:25:00.389, 882998561725, datacollector.dll, DataCollectionTestCaseEventHandler: Test case starting.
TpTrace Information: 0 : 6932, 7, 2020/12/02, 21:25:00.389, 882998564865, datacollector.dll, Blame Collector : Test Case Start
TpTrace Information: 0 : 6932, 7, 2020/12/02, 21:25:00.389, 882998566017, datacollector.dll, DataCollectionTestCaseEventHandler: Test case 'TestDajSveFilmoveSGlumcima1 - 1c352a7f-958a-a6b4-d8e1-b916a9458cf0' started.
TpTrace Information: 0 : 6932, 7, 2020/12/02, 21:25:00.393, 882998598796, datacollector.dll, DataCollectionTestCaseEventHandler : Test case completing.
TpTrace Information: 0 : 6932, 7, 2020/12/02, 21:25:00.393, 882998602077, datacollector.dll, Blame Collector : Test Case End
TpTrace Error: 0 : 6932, 7, 2020/12/02, 21:25:00.393, 882998603617, datacollector.dll, DataCollectionAttachmentManager.GetAttachments: Fail to get attachments: System.Collections.Generic.KeyNotFoundException: The given key 'Microsoft.VisualStudio.TestPlatform.ObjectModel.DataCollection.DataCollectionContext' was not present in the dictionary.
   at System.Collections.Generic.Dictionary`2.get_Item(TKey key)
   at Microsoft.VisualStudio.TestPlatform.Common.DataCollector.DataCollectionAttachmentManager.GetAttachments(DataCollectionContext dataCollectionContext) 
TpTrace Information: 0 : 6932, 7, 2020/12/02, 21:25:00.393, 882998604999, datacollector.dll, DataCollectionTestCaseEventHandler: Test case 'TestDajSveFilmoveSGlumcima1 - 1c352a7f-958a-a6b4-d8e1-b916a9458cf0' completed
TpTrace Information: 0 : 6932, 7, 2020/12/02, 21:25:00.394, 882998613948, datacollector.dll, DataCollectionTestCaseEventHandler: Test case starting.
TpTrace Information: 0 : 6932, 7, 2020/12/02, 21:25:00.394, 882998617368, datacollector.dll, Blame Collector : Test Case Start
TpTrace Information: 0 : 6932, 7, 2020/12/02, 21:25:00.395, 882998618928, datacollector.dll, DataCollectionTestCaseEventHandler: Test case 'TestDajSveFilmoveSGlumcima2 - 8878fe32-8883-05f3-b64b-634a4fe2459e' started.
TpTrace Information: 0 : 6932, 7, 2020/12/02, 21:25:00.396, 882998628596, datacollector.dll, DataCollectionTestCaseEventHandler : Test case completing.
TpTrace Information: 0 : 6932, 7, 2020/12/02, 21:25:00.396, 882998631819, datacollector.dll, Blame Collector : Test Case End
TpTrace Error: 0 : 6932, 7, 2020/12/02, 21:25:00.396, 882998633462, datacollector.dll, DataCollectionAttachmentManager.GetAttachments: Fail to get attachments: System.Collections.Generic.KeyNotFoundException: The given key 'Microsoft.VisualStudio.TestPlatform.ObjectModel.DataCollection.DataCollectionContext' was not present in the dictionary.
   at System.Collections.Generic.Dictionary`2.get_Item(TKey key)
   at Microsoft.VisualStudio.TestPlatform.Common.DataCollector.DataCollectionAttachmentManager.GetAttachments(DataCollectionContext dataCollectionContext) 
TpTrace Information: 0 : 6932, 7, 2020/12/02, 21:25:00.396, 882998634824, datacollector.dll, DataCollectionTestCaseEventHandler: Test case 'TestDajSveFilmoveSGlumcima2 - 8878fe32-8883-05f3-b64b-634a4fe2459e' completed
TpTrace Information: 0 : 6932, 7, 2020/12/02, 21:25:00.397, 882998642200, datacollector.dll, DataCollectionTestCaseEventHandler: Test case starting.
TpTrace Information: 0 : 6932, 7, 2020/12/02, 21:25:00.397, 882998645307, datacollector.dll, Blame Collector : Test Case Start
TpTrace Information: 0 : 6932, 7, 2020/12/02, 21:25:00.397, 882998646536, datacollector.dll, DataCollectionTestCaseEventHandler: Test case 'TestDajSveFilmoveSaGlumcimaIzuzetak - 540364fc-aa0e-893b-b9c6-b3574792c46d' started.
TpTrace Information: 0 : 6932, 7, 2020/12/02, 21:25:00.400, 882998668802, datacollector.dll, DataCollectionTestCaseEventHandler : Test case completing.
TpTrace Information: 0 : 6932, 7, 2020/12/02, 21:25:00.400, 882998672257, datacollector.dll, Blame Collector : Test Case End
TpTrace Error: 0 : 6932, 7, 2020/12/02, 21:25:00.400, 882998673799, datacollector.dll, DataCollectionAttachmentManager.GetAttachments: Fail to get attachments: System.Collections.Generic.KeyNotFoundException: The given key 'Microsoft.VisualStudio.TestPlatform.ObjectModel.DataCollection.DataCollectionContext' was not present in the dictionary.
   at System.Collections.Generic.Dictionary`2.get_Item(TKey key)
   at Microsoft.VisualStudio.TestPlatform.Common.DataCollector.DataCollectionAttachmentManager.GetAttachments(DataCollectionContext dataCollectionContext) 
TpTrace Information: 0 : 6932, 7, 2020/12/02, 21:25:00.400, 882998675211, datacollector.dll, DataCollectionTestCaseEventHandler: Test case 'TestDajSveFilmoveSaGlumcimaIzuzetak - 540364fc-aa0e-893b-b9c6-b3574792c46d' completed
TpTrace Information: 0 : 6932, 7, 2020/12/02, 21:25:00.401, 882998683047, datacollector.dll, DataCollectionTestCaseEventHandler: Test case starting.
TpTrace Information: 0 : 6932, 7, 2020/12/02, 21:25:00.401, 882998685992, datacollector.dll, Blame Collector : Test Case Start
TpTrace Information: 0 : 6932, 7, 2020/12/02, 21:25:00.401, 882998687270, datacollector.dll, DataCollectionTestCaseEventHandler: Test case 'TestProdužiRok1 - 4b7b20d5-9a0e-8dd8-b49c-d6558eb7178d' started.
TpTrace Information: 0 : 6932, 7, 2020/12/02, 21:25:00.403, 882998703707, datacollector.dll, DataCollectionTestCaseEventHandler : Test case completing.
TpTrace Information: 0 : 6932, 7, 2020/12/02, 21:25:00.403, 882998707202, datacollector.dll, Blame Collector : Test Case End
TpTrace Error: 0 : 6932, 7, 2020/12/02, 21:25:00.404, 882998708935, datacollector.dll, DataCollectionAttachmentManager.GetAttachments: Fail to get attachments: System.Collections.Generic.KeyNotFoundException: The given key 'Microsoft.VisualStudio.TestPlatform.ObjectModel.DataCollection.DataCollectionContext' was not present in the dictionary.
   at System.Collections.Generic.Dictionary`2.get_Item(TKey key)
   at Microsoft.VisualStudio.TestPlatform.Common.DataCollector.DataCollectionAttachmentManager.GetAttachments(DataCollectionContext dataCollectionContext) 
TpTrace Information: 0 : 6932, 7, 2020/12/02, 21:25:00.404, 882998710293, datacollector.dll, DataCollectionTestCaseEventHandler: Test case 'TestProdužiRok1 - 4b7b20d5-9a0e-8dd8-b49c-d6558eb7178d' completed
TpTrace Information: 0 : 6932, 7, 2020/12/02, 21:25:00.404, 882998717762, datacollector.dll, DataCollectionTestCaseEventHandler: Test case starting.
TpTrace Information: 0 : 6932, 7, 2020/12/02, 21:25:00.405, 882998720928, datacollector.dll, Blame Collector : Test Case Start
TpTrace Information: 0 : 6932, 7, 2020/12/02, 21:25:00.405, 882998722168, datacollector.dll, DataCollectionTestCaseEventHandler: Test case 'TestProdužiRok2 - 53eb3b1a-f647-b499-c6f1-e2ffca99d5b6' started.
TpTrace Information: 0 : 6932, 7, 2020/12/02, 21:25:00.406, 882998735180, datacollector.dll, DataCollectionTestCaseEventHandler : Test case completing.
TpTrace Information: 0 : 6932, 7, 2020/12/02, 21:25:00.407, 882998738911, datacollector.dll, Blame Collector : Test Case End
TpTrace Error: 0 : 6932, 7, 2020/12/02, 21:25:00.407, 882998740647, datacollector.dll, DataCollectionAttachmentManager.GetAttachments: Fail to get attachments: System.Collections.Generic.KeyNotFoundException: The given key 'Microsoft.VisualStudio.TestPlatform.ObjectModel.DataCollection.DataCollectionContext' was not present in the dictionary.
   at System.Collections.Generic.Dictionary`2.get_Item(TKey key)
   at Microsoft.VisualStudio.TestPlatform.Common.DataCollector.DataCollectionAttachmentManager.GetAttachments(DataCollectionContext dataCollectionContext) 
TpTrace Information: 0 : 6932, 7, 2020/12/02, 21:25:00.407, 882998742181, datacollector.dll, DataCollectionTestCaseEventHandler: Test case 'TestProdužiRok2 - 53eb3b1a-f647-b499-c6f1-e2ffca99d5b6' completed
TpTrace Information: 0 : 6932, 7, 2020/12/02, 21:25:00.410, 882998775999, datacollector.dll, DataCollectionTestCaseEventHandler: Test case starting.
TpTrace Information: 0 : 6932, 7, 2020/12/02, 21:25:00.411, 882998779595, datacollector.dll, Blame Collector : Test Case Start
TpTrace Information: 0 : 6932, 7, 2020/12/02, 21:25:00.411, 882998780797, datacollector.dll, DataCollectionTestCaseEventHandler: Test case 'TestProdužiRok3 - 32e93761-4041-c528-a24d-293a91ce0988' started.
TpTrace Information: 0 : 6932, 7, 2020/12/02, 21:25:00.412, 882998793474, datacollector.dll, DataCollectionTestCaseEventHandler : Test case completing.
TpTrace Information: 0 : 6932, 7, 2020/12/02, 21:25:00.412, 882998796744, datacollector.dll, Blame Collector : Test Case End
TpTrace Error: 0 : 6932, 7, 2020/12/02, 21:25:00.413, 882998798348, datacollector.dll, DataCollectionAttachmentManager.GetAttachments: Fail to get attachments: System.Collections.Generic.KeyNotFoundException: The given key 'Microsoft.VisualStudio.TestPlatform.ObjectModel.DataCollection.DataCollectionContext' was not present in the dictionary.
   at System.Collections.Generic.Dictionary`2.get_Item(TKey key)
   at Microsoft.VisualStudio.TestPlatform.Common.DataCollector.DataCollectionAttachmentManager.GetAttachments(DataCollectionContext dataCollectionContext) 
TpTrace Information: 0 : 6932, 7, 2020/12/02, 21:25:00.413, 882998799683, datacollector.dll, DataCollectionTestCaseEventHandler: Test case 'TestProdužiRok3 - 32e93761-4041-c528-a24d-293a91ce0988' completed
TpTrace Information: 0 : 6932, 7, 2020/12/02, 21:25:00.413, 882998806935, datacollector.dll, DataCollectionTestCaseEventHandler: Test case starting.
TpTrace Information: 0 : 6932, 7, 2020/12/02, 21:25:00.414, 882998810048, datacollector.dll, Blame Collector : Test Case Start
TpTrace Information: 0 : 6932, 7, 2020/12/02, 21:25:00.414, 882998811320, datacollector.dll, DataCollectionTestCaseEventHandler: Test case 'TestAutomatskiKorisničkiPodaci1 - 2c576a29-2974-593d-6472-05da85d679ef' started.
TpTrace Information: 0 : 6932, 7, 2020/12/02, 21:25:00.416, 882998831038, datacollector.dll, DataCollectionTestCaseEventHandler : Test case completing.
TpTrace Information: 0 : 6932, 7, 2020/12/02, 21:25:00.416, 882998834689, datacollector.dll, Blame Collector : Test Case End
TpTrace Error: 0 : 6932, 7, 2020/12/02, 21:25:00.416, 882998836362, datacollector.dll, DataCollectionAttachmentManager.GetAttachments: Fail to get attachments: System.Collections.Generic.KeyNotFoundException: The given key 'Microsoft.VisualStudio.TestPlatform.ObjectModel.DataCollection.DataCollectionContext' was not present in the dictionary.
   at System.Collections.Generic.Dictionary`2.get_Item(TKey key)
   at Microsoft.VisualStudio.TestPlatform.Common.DataCollector.DataCollectionAttachmentManager.GetAttachments(DataCollectionContext dataCollectionContext) 
TpTrace Information: 0 : 6932, 7, 2020/12/02, 21:25:00.417, 882998837965, datacollector.dll, DataCollectionTestCaseEventHandler: Test case 'TestAutomatskiKorisničkiPodaci1 - 2c576a29-2974-593d-6472-05da85d679ef' completed
TpTrace Information: 0 : 6932, 7, 2020/12/02, 21:25:00.417, 882998846078, datacollector.dll, DataCollectionTestCaseEventHandler: Test case starting.
TpTrace Information: 0 : 6932, 7, 2020/12/02, 21:25:00.418, 882998849631, datacollector.dll, Blame Collector : Test Case Start
TpTrace Information: 0 : 6932, 7, 2020/12/02, 21:25:00.418, 882998850965, datacollector.dll, DataCollectionTestCaseEventHandler: Test case 'TestAutomatskiKorisničkiPodaci2 - c231ae96-6bd5-9e36-dabc-2f551a7100b2' started.
TpTrace Information: 0 : 6932, 7, 2020/12/02, 21:25:00.419, 882998863607, datacollector.dll, DataCollectionTestCaseEventHandler : Test case completing.
TpTrace Information: 0 : 6932, 7, 2020/12/02, 21:25:00.419, 882998867044, datacollector.dll, Blame Collector : Test Case End
TpTrace Error: 0 : 6932, 7, 2020/12/02, 21:25:00.420, 882998868701, datacollector.dll, DataCollectionAttachmentManager.GetAttachments: Fail to get attachments: System.Collections.Generic.KeyNotFoundException: The given key 'Microsoft.VisualStudio.TestPlatform.ObjectModel.DataCollection.DataCollectionContext' was not present in the dictionary.
   at System.Collections.Generic.Dictionary`2.get_Item(TKey key)
   at Microsoft.VisualStudio.TestPlatform.Common.DataCollector.DataCollectionAttachmentManager.GetAttachments(DataCollectionContext dataCollectionContext) 
TpTrace Information: 0 : 6932, 7, 2020/12/02, 21:25:00.420, 882998870105, datacollector.dll, DataCollectionTestCaseEventHandler: Test case 'TestAutomatskiKorisničkiPodaci2 - c231ae96-6bd5-9e36-dabc-2f551a7100b2' completed
TpTrace Information: 0 : 6932, 7, 2020/12/02, 21:25:00.420, 882998877745, datacollector.dll, DataCollectionTestCaseEventHandler: Test case starting.
TpTrace Information: 0 : 6932, 7, 2020/12/02, 21:25:00.421, 882998880920, datacollector.dll, Blame Collector : Test Case Start
TpTrace Information: 0 : 6932, 7, 2020/12/02, 21:25:00.421, 882998882115, datacollector.dll, DataCollectionTestCaseEventHandler: Test case 'TestAutomatskiKorisničkiPodaci3 - 53eaad6d-c2a4-15a9-8293-2330bcc64da2' started.
TpTrace Information: 0 : 6932, 7, 2020/12/02, 21:25:00.422, 882998890472, datacollector.dll, DataCollectionTestCaseEventHandler : Test case completing.
TpTrace Information: 0 : 6932, 7, 2020/12/02, 21:25:00.422, 882998893465, datacollector.dll, Blame Collector : Test Case End
TpTrace Error: 0 : 6932, 7, 2020/12/02, 21:25:00.422, 882998895032, datacollector.dll, DataCollectionAttachmentManager.GetAttachments: Fail to get attachments: System.Collections.Generic.KeyNotFoundException: The given key 'Microsoft.VisualStudio.TestPlatform.ObjectModel.DataCollection.DataCollectionContext' was not present in the dictionary.
   at System.Collections.Generic.Dictionary`2.get_Item(TKey key)
   at Microsoft.VisualStudio.TestPlatform.Common.DataCollector.DataCollectionAttachmentManager.GetAttachments(DataCollectionContext dataCollectionContext) 
TpTrace Information: 0 : 6932, 7, 2020/12/02, 21:25:00.422, 882998896482, datacollector.dll, DataCollectionTestCaseEventHandler: Test case 'TestAutomatskiKorisničkiPodaci3 - 53eaad6d-c2a4-15a9-8293-2330bcc64da2' completed
TpTrace Information: 0 : 6932, 7, 2020/12/02, 21:25:00.426, 882998936981, datacollector.dll, DataCollectionTestCaseEventHandler: Test case starting.
TpTrace Information: 0 : 6932, 7, 2020/12/02, 21:25:00.427, 882998940520, datacollector.dll, Blame Collector : Test Case Start
TpTrace Information: 0 : 6932, 7, 2020/12/02, 21:25:00.427, 882998941709, datacollector.dll, DataCollectionTestCaseEventHandler: Test case 'DajSrednjuOcjenuSvihFilmova1 - 0e10268c-eb95-a985-c744-c15b4cc273d8' started.
TpTrace Information: 0 : 6932, 7, 2020/12/02, 21:25:00.429, 882998960066, datacollector.dll, DataCollectionTestCaseEventHandler : Test case completing.
TpTrace Information: 0 : 6932, 7, 2020/12/02, 21:25:00.429, 882998963558, datacollector.dll, Blame Collector : Test Case End
TpTrace Error: 0 : 6932, 7, 2020/12/02, 21:25:00.429, 882998965224, datacollector.dll, DataCollectionAttachmentManager.GetAttachments: Fail to get attachments: System.Collections.Generic.KeyNotFoundException: The given key 'Microsoft.VisualStudio.TestPlatform.ObjectModel.DataCollection.DataCollectionContext' was not present in the dictionary.
   at System.Collections.Generic.Dictionary`2.get_Item(TKey key)
   at Microsoft.VisualStudio.TestPlatform.Common.DataCollector.DataCollectionAttachmentManager.GetAttachments(DataCollectionContext dataCollectionContext) 
TpTrace Information: 0 : 6932, 7, 2020/12/02, 21:25:00.429, 882998966629, datacollector.dll, DataCollectionTestCaseEventHandler: Test case 'DajSrednjuOcjenuSvihFilmova1 - 0e10268c-eb95-a985-c744-c15b4cc273d8' completed
TpTrace Information: 0 : 6932, 7, 2020/12/02, 21:25:00.430, 882998973610, datacollector.dll, DataCollectionTestCaseEventHandler: Test case starting.
TpTrace Information: 0 : 6932, 7, 2020/12/02, 21:25:00.430, 882998976908, datacollector.dll, Blame Collector : Test Case Start
TpTrace Information: 0 : 6932, 7, 2020/12/02, 21:25:00.431, 882998978164, datacollector.dll, DataCollectionTestCaseEventHandler: Test case 'DajSrednjuOcjenuSvihFilmova2 - a86267ab-7d2b-45e0-7c46-d9fd4e59053c' started.
TpTrace Information: 0 : 6932, 7, 2020/12/02, 21:25:00.432, 882998992143, datacollector.dll, DataCollectionTestCaseEventHandler : Test case completing.
TpTrace Information: 0 : 6932, 7, 2020/12/02, 21:25:00.432, 882998997597, datacollector.dll, Blame Collector : Test Case End
TpTrace Error: 0 : 6932, 7, 2020/12/02, 21:25:00.433, 882999000092, datacollector.dll, DataCollectionAttachmentManager.GetAttachments: Fail to get attachments: System.Collections.Generic.KeyNotFoundException: The given key 'Microsoft.VisualStudio.TestPlatform.ObjectModel.DataCollection.DataCollectionContext' was not present in the dictionary.
   at System.Collections.Generic.Dictionary`2.get_Item(TKey key)
   at Microsoft.VisualStudio.TestPlatform.Common.DataCollector.DataCollectionAttachmentManager.GetAttachments(DataCollectionContext dataCollectionContext) 
TpTrace Information: 0 : 6932, 7, 2020/12/02, 21:25:00.433, 882999002256, datacollector.dll, DataCollectionTestCaseEventHandler: Test case 'DajSrednjuOcjenuSvihFilmova2 - a86267ab-7d2b-45e0-7c46-d9fd4e59053c' completed
TpTrace Information: 0 : 6932, 7, 2020/12/02, 21:25:00.434, 882999012958, datacollector.dll, DataCollectionTestCaseEventHandler: Test case starting.
TpTrace Information: 0 : 6932, 7, 2020/12/02, 21:25:00.435, 882999018426, datacollector.dll, Blame Collector : Test Case Start
TpTrace Information: 0 : 6932, 7, 2020/12/02, 21:25:00.435, 882999020362, datacollector.dll, DataCollectionTestCaseEventHandler: Test case 'TestZamjenskiObjekat - aef9dec6-1181-fac1-2596-b31421e8da47' started.
TpTrace Information: 0 : 6932, 7, 2020/12/02, 21:25:00.437, 882999041962, datacollector.dll, DataCollectionTestCaseEventHandler : Test case completing.
TpTrace Information: 0 : 6932, 7, 2020/12/02, 21:25:00.437, 882999045179, datacollector.dll, Blame Collector : Test Case End
TpTrace Error: 0 : 6932, 7, 2020/12/02, 21:25:00.437, 882999046794, datacollector.dll, DataCollectionAttachmentManager.GetAttachments: Fail to get attachments: System.Collections.Generic.KeyNotFoundException: The given key 'Microsoft.VisualStudio.TestPlatform.ObjectModel.DataCollection.DataCollectionContext' was not present in the dictionary.
   at System.Collections.Generic.Dictionary`2.get_Item(TKey key)
   at Microsoft.VisualStudio.TestPlatform.Common.DataCollector.DataCollectionAttachmentManager.GetAttachments(DataCollectionContext dataCollectionContext) 
TpTrace Information: 0 : 6932, 7, 2020/12/02, 21:25:00.438, 882999048127, datacollector.dll, DataCollectionTestCaseEventHandler: Test case 'TestZamjenskiObjekat - aef9dec6-1181-fac1-2596-b31421e8da47' completed
TpTrace Information: 0 : 6932, 7, 2020/12/02, 21:25:00.438, 882999055278, datacollector.dll, DataCollectionTestCaseEventHandler: Test case starting.
TpTrace Information: 0 : 6932, 7, 2020/12/02, 21:25:00.439, 882999058304, datacollector.dll, Blame Collector : Test Case Start
TpTrace Information: 0 : 6932, 7, 2020/12/02, 21:25:00.439, 882999059604, datacollector.dll, DataCollectionTestCaseEventHandler: Test case 'TestDodajNastavakIstiGlumci - 307a9543-71bf-45b1-736e-e86a33581b25' started.
TpTrace Information: 0 : 6932, 7, 2020/12/02, 21:25:00.441, 882999081270, datacollector.dll, DataCollectionTestCaseEventHandler : Test case completing.
TpTrace Information: 0 : 6932, 7, 2020/12/02, 21:25:00.441, 882999084373, datacollector.dll, Blame Collector : Test Case End
TpTrace Error: 0 : 6932, 7, 2020/12/02, 21:25:00.441, 882999086146, datacollector.dll, DataCollectionAttachmentManager.GetAttachments: Fail to get attachments: System.Collections.Generic.KeyNotFoundException: The given key 'Microsoft.VisualStudio.TestPlatform.ObjectModel.DataCollection.DataCollectionContext' was not present in the dictionary.
   at System.Collections.Generic.Dictionary`2.get_Item(TKey key)
   at Microsoft.VisualStudio.TestPlatform.Common.DataCollector.DataCollectionAttachmentManager.GetAttachments(DataCollectionContext dataCollectionContext) 
TpTrace Information: 0 : 6932, 7, 2020/12/02, 21:25:00.441, 882999087417, datacollector.dll, DataCollectionTestCaseEventHandler: Test case 'TestDodajNastavakIstiGlumci - 307a9543-71bf-45b1-736e-e86a33581b25' completed
TpTrace Information: 0 : 6932, 7, 2020/12/02, 21:25:00.442, 882999095027, datacollector.dll, DataCollectionTestCaseEventHandler: Test case starting.
TpTrace Information: 0 : 6932, 7, 2020/12/02, 21:25:00.443, 882999098222, datacollector.dll, Blame Collector : Test Case Start
TpTrace Information: 0 : 6932, 7, 2020/12/02, 21:25:00.443, 882999100069, datacollector.dll, DataCollectionTestCaseEventHandler: Test case 'TestDodajNastavakRazlicitiGlumci - ccc8a4b1-0bba-0d1f-634a-2a0e08c0293a' started.
TpTrace Information: 0 : 6932, 7, 2020/12/02, 21:25:00.444, 882999115110, datacollector.dll, DataCollectionTestCaseEventHandler : Test case completing.
TpTrace Information: 0 : 6932, 7, 2020/12/02, 21:25:00.445, 882999119019, datacollector.dll, Blame Collector : Test Case End
TpTrace Error: 0 : 6932, 7, 2020/12/02, 21:25:00.445, 882999120984, datacollector.dll, DataCollectionAttachmentManager.GetAttachments: Fail to get attachments: System.Collections.Generic.KeyNotFoundException: The given key 'Microsoft.VisualStudio.TestPlatform.ObjectModel.DataCollection.DataCollectionContext' was not present in the dictionary.
   at System.Collections.Generic.Dictionary`2.get_Item(TKey key)
   at Microsoft.VisualStudio.TestPlatform.Common.DataCollector.DataCollectionAttachmentManager.GetAttachments(DataCollectionContext dataCollectionContext) 
TpTrace Information: 0 : 6932, 7, 2020/12/02, 21:25:00.445, 882999122318, datacollector.dll, DataCollectionTestCaseEventHandler: Test case 'TestDodajNastavakRazlicitiGlumci - ccc8a4b1-0bba-0d1f-634a-2a0e08c0293a' completed
TpTrace Information: 0 : 6932, 7, 2020/12/02, 21:25:00.447, 882999147848, datacollector.dll, DataCollectionTestCaseEventHandler: Test case starting.
TpTrace Information: 0 : 6932, 7, 2020/12/02, 21:25:00.448, 882999153377, datacollector.dll, Blame Collector : Test Case Start
TpTrace Information: 0 : 6932, 7, 2020/12/02, 21:25:00.448, 882999155785, datacollector.dll, DataCollectionTestCaseEventHandler: Test case 'TestDodajNastavakIzuzetak - 83c1ddde-4e31-66fc-a376-4096e8037e77' started.
TpTrace Information: 0 : 6932, 7, 2020/12/02, 21:25:00.450, 882999171496, datacollector.dll, DataCollectionTestCaseEventHandler : Test case completing.
TpTrace Information: 0 : 6932, 7, 2020/12/02, 21:25:00.450, 882999175001, datacollector.dll, Blame Collector : Test Case End
TpTrace Error: 0 : 6932, 7, 2020/12/02, 21:25:00.450, 882999176743, datacollector.dll, DataCollectionAttachmentManager.GetAttachments: Fail to get attachments: System.Collections.Generic.KeyNotFoundException: The given key 'Microsoft.VisualStudio.TestPlatform.ObjectModel.DataCollection.DataCollectionContext' was not present in the dictionary.
   at System.Collections.Generic.Dictionary`2.get_Item(TKey key)
   at Microsoft.VisualStudio.TestPlatform.Common.DataCollector.DataCollectionAttachmentManager.GetAttachments(DataCollectionContext dataCollectionContext) 
TpTrace Information: 0 : 6932, 7, 2020/12/02, 21:25:00.451, 882999178157, datacollector.dll, DataCollectionTestCaseEventHandler: Test case 'TestDodajNastavakIzuzetak - 83c1ddde-4e31-66fc-a376-4096e8037e77' completed
TpTrace Information: 0 : 6932, 7, 2020/12/02, 21:25:00.451, 882999184982, datacollector.dll, DataCollectionTestCaseEventHandler: Test case starting.
TpTrace Information: 0 : 6932, 7, 2020/12/02, 21:25:00.452, 882999188129, datacollector.dll, Blame Collector : Test Case Start
TpTrace Information: 0 : 6932, 7, 2020/12/02, 21:25:00.452, 882999189299, datacollector.dll, DataCollectionTestCaseEventHandler: Test case 'ReziserTestKonstruktor1 - 1f519e49-1160-89f5-2933-26a8b7041eb0' started.
TpTrace Information: 0 : 6932, 7, 2020/12/02, 21:25:00.453, 882999200112, datacollector.dll, DataCollectionTestCaseEventHandler : Test case completing.
TpTrace Information: 0 : 6932, 7, 2020/12/02, 21:25:00.453, 882999203674, datacollector.dll, Blame Collector : Test Case End
TpTrace Error: 0 : 6932, 7, 2020/12/02, 21:25:00.453, 882999205694, datacollector.dll, DataCollectionAttachmentManager.GetAttachments: Fail to get attachments: System.Collections.Generic.KeyNotFoundException: The given key 'Microsoft.VisualStudio.TestPlatform.ObjectModel.DataCollection.DataCollectionContext' was not present in the dictionary.
   at System.Collections.Generic.Dictionary`2.get_Item(TKey key)
   at Microsoft.VisualStudio.TestPlatform.Common.DataCollector.DataCollectionAttachmentManager.GetAttachments(DataCollectionContext dataCollectionContext) 
TpTrace Information: 0 : 6932, 7, 2020/12/02, 21:25:00.453, 882999207480, datacollector.dll, DataCollectionTestCaseEventHandler: Test case 'ReziserTestKonstruktor1 - 1f519e49-1160-89f5-2933-26a8b7041eb0' completed
TpTrace Information: 0 : 6932, 7, 2020/12/02, 21:25:00.454, 882999214744, datacollector.dll, DataCollectionTestCaseEventHandler: Test case starting.
TpTrace Information: 0 : 6932, 7, 2020/12/02, 21:25:00.455, 882999219051, datacollector.dll, Blame Collector : Test Case Start
TpTrace Information: 0 : 6932, 7, 2020/12/02, 21:25:00.455, 882999220913, datacollector.dll, DataCollectionTestCaseEventHandler: Test case 'ReziserTestKonstruktor2 - 42171a1d-dbe5-babd-9417-9797199e1b26' started.
TpTrace Information: 0 : 6932, 7, 2020/12/02, 21:25:00.456, 882999230230, datacollector.dll, DataCollectionTestCaseEventHandler : Test case completing.
TpTrace Information: 0 : 6932, 7, 2020/12/02, 21:25:00.456, 882999233348, datacollector.dll, Blame Collector : Test Case End
TpTrace Error: 0 : 6932, 7, 2020/12/02, 21:25:00.456, 882999234920, datacollector.dll, DataCollectionAttachmentManager.GetAttachments: Fail to get attachments: System.Collections.Generic.KeyNotFoundException: The given key 'Microsoft.VisualStudio.TestPlatform.ObjectModel.DataCollection.DataCollectionContext' was not present in the dictionary.
   at System.Collections.Generic.Dictionary`2.get_Item(TKey key)
   at Microsoft.VisualStudio.TestPlatform.Common.DataCollector.DataCollectionAttachmentManager.GetAttachments(DataCollectionContext dataCollectionContext) 
TpTrace Information: 0 : 6932, 7, 2020/12/02, 21:25:00.456, 882999236334, datacollector.dll, DataCollectionTestCaseEventHandler: Test case 'ReziserTestKonstruktor2 - 42171a1d-dbe5-babd-9417-9797199e1b26' completed
TpTrace Information: 0 : 6932, 7, 2020/12/02, 21:25:00.457, 882999243167, datacollector.dll, DataCollectionTestCaseEventHandler: Test case starting.
TpTrace Information: 0 : 6932, 7, 2020/12/02, 21:25:00.457, 882999246094, datacollector.dll, Blame Collector : Test Case Start
TpTrace Information: 0 : 6932, 7, 2020/12/02, 21:25:00.457, 882999247084, datacollector.dll, DataCollectionTestCaseEventHandler: Test case 'DaLiJeReziraoFilmTest1 - 8be05c28-e858-6601-d7d6-2d0b439996c8' started.
TpTrace Information: 0 : 6932, 7, 2020/12/02, 21:25:00.458, 882999253637, datacollector.dll, DataCollectionTestCaseEventHandler : Test case completing.
TpTrace Information: 0 : 6932, 7, 2020/12/02, 21:25:00.458, 882999256549, datacollector.dll, Blame Collector : Test Case End
TpTrace Error: 0 : 6932, 7, 2020/12/02, 21:25:00.459, 882999258193, datacollector.dll, DataCollectionAttachmentManager.GetAttachments: Fail to get attachments: System.Collections.Generic.KeyNotFoundException: The given key 'Microsoft.VisualStudio.TestPlatform.ObjectModel.DataCollection.DataCollectionContext' was not present in the dictionary.
   at System.Collections.Generic.Dictionary`2.get_Item(TKey key)
   at Microsoft.VisualStudio.TestPlatform.Common.DataCollector.DataCollectionAttachmentManager.GetAttachments(DataCollectionContext dataCollectionContext) 
TpTrace Information: 0 : 6932, 7, 2020/12/02, 21:25:00.459, 882999259490, datacollector.dll, DataCollectionTestCaseEventHandler: Test case 'DaLiJeReziraoFilmTest1 - 8be05c28-e858-6601-d7d6-2d0b439996c8' completed
TpTrace Information: 0 : 6932, 7, 2020/12/02, 21:25:00.459, 882999265617, datacollector.dll, DataCollectionTestCaseEventHandler: Test case starting.
TpTrace Information: 0 : 6932, 7, 2020/12/02, 21:25:00.460, 882999268332, datacollector.dll, Blame Collector : Test Case Start
TpTrace Information: 0 : 6932, 7, 2020/12/02, 21:25:00.460, 882999269416, datacollector.dll, DataCollectionTestCaseEventHandler: Test case 'DaLiJeReziraoFilmTest2 - 19923882-2e3c-d457-55ca-0707cb853a52' started.
TpTrace Information: 0 : 6932, 7, 2020/12/02, 21:25:00.460, 882999276784, datacollector.dll, DataCollectionTestCaseEventHandler : Test case completing.
TpTrace Information: 0 : 6932, 7, 2020/12/02, 21:25:00.461, 882999280022, datacollector.dll, Blame Collector : Test Case End
TpTrace Error: 0 : 6932, 7, 2020/12/02, 21:25:00.461, 882999281504, datacollector.dll, DataCollectionAttachmentManager.GetAttachments: Fail to get attachments: System.Collections.Generic.KeyNotFoundException: The given key 'Microsoft.VisualStudio.TestPlatform.ObjectModel.DataCollection.DataCollectionContext' was not present in the dictionary.
   at System.Collections.Generic.Dictionary`2.get_Item(TKey key)
   at Microsoft.VisualStudio.TestPlatform.Common.DataCollector.DataCollectionAttachmentManager.GetAttachments(DataCollectionContext dataCollectionContext) 
TpTrace Information: 0 : 6932, 7, 2020/12/02, 21:25:00.461, 882999282944, datacollector.dll, DataCollectionTestCaseEventHandler: Test case 'DaLiJeReziraoFilmTest2 - 19923882-2e3c-d457-55ca-0707cb853a52' completed
TpTrace Information: 0 : 6932, 7, 2020/12/02, 21:25:00.464, 882999315394, datacollector.dll, DataCollectionTestCaseEventHandler: Test session ended
TpTrace Information: 0 : 6932, 1, 2020/12/02, 21:25:00.520, 882999876486, datacollector.dll, DataCollectionRequestHandler.ProcessRequests : Datacollector received message: (DataCollection.AfterTestRunEnd) -> false
TpTrace Information: 0 : 6932, 1, 2020/12/02, 21:25:00.521, 882999881975, datacollector.dll, Blame Collector : Session End
TpTrace Error: 0 : 6932, 1, 2020/12/02, 21:25:00.521, 882999884047, datacollector.dll, DataCollectionAttachmentManager.GetAttachments: Fail to get attachments: System.Collections.Generic.KeyNotFoundException: The given key 'Microsoft.VisualStudio.TestPlatform.ObjectModel.DataCollection.DataCollectionContext' was not present in the dictionary.
   at System.Collections.Generic.Dictionary`2.get_Item(TKey key)
   at Microsoft.VisualStudio.TestPlatform.Common.DataCollector.DataCollectionAttachmentManager.GetAttachments(DataCollectionContext dataCollectionContext) 
TpTrace Information: 0 : 6932, 1, 2020/12/02, 21:25:00.521, 882999884837, datacollector.dll, DataCollectionManager.CleanupPlugins: CleanupPlugins called
TpTrace Verbose: 0 : 6932, 1, 2020/12/02, 21:25:00.521, 882999885437, datacollector.dll, DataCollectionManager.CleanupPlugins: Cleaning up 1 plugins
TpTrace Verbose: 0 : 6932, 1, 2020/12/02, 21:25:00.521, 882999886584, datacollector.dll, dataCollectorInfo.DisposeDataCollector: calling Dispose() on Microsoft.TestPlatform.Extensions.BlameDataCollector.BlameCollector
TpTrace Information: 0 : 6932, 1, 2020/12/02, 21:25:00.521, 882999887375, datacollector.dll, DataCollectionManager.CleanupPlugins: CleanupPlugins finished
TpTrace Information: 0 : 6932, 1, 2020/12/02, 21:25:00.522, 882999888637, datacollector.dll, DataCollectionRequestHandler.ProcessRequests : Session End message received from server. Closing the connection.
TpTrace Information: 0 : 6932, 1, 2020/12/02, 21:25:00.522, 882999889818, datacollector.dll, Closing the connection !
TpTrace Information: 0 : 6932, 1, 2020/12/02, 21:25:00.522, 882999890376, datacollector.dll, DataCollectionRequestHandler.ProcessRequests : DataCollection completed
TpTrace Information: 0 : 6932, 1, 2020/12/02, 21:25:00.522, 882999890826, datacollector.dll, Program.Main: exiting datacollector process.
