TpTrace Information: 0 : 12512, 1, 2020/12/02, 23:37:49.952, 1219061539677, datacollector.dll, DataCollectorMain.Run: Starting data collector run with args: --port,61999,--parentprocessid,14988,--diag,C:\Users\Zbii\Desktop\VVSZadaca2-master\VVSZadaca2-master\Filmoteka\Unit Testovi\bin\Debug\fine-code-coverage\_outputfolder\diagnostics.datacollector.20-12-02_23-37-49_76998_4.log,--tracelevel,4
TpTrace Information: 0 : 12512, 1, 2020/12/02, 23:37:49.960, 1219061573149, datacollector.dll, DataCollector: Monitoring parent process with id: '14988'
TpTrace Information: 0 : 12512, 1, 2020/12/02, 23:37:49.974, 1219061712905, datacollector.dll, Trying to connect to server on socket : 127.0.0.1:61999 
TpTrace Verbose: 0 : 12512, 1, 2020/12/02, 23:37:49.999, 1219061958476, datacollector.dll, SocketCommunicationManager : SetupClientAsync : Attempting to connect to the server.
TpTrace Information: 0 : 12512, 1, 2020/12/02, 23:37:50.022, 1219062191479, datacollector.dll, Connected to the server successfully 
TpTrace Information: 0 : 12512, 1, 2020/12/02, 23:37:50.022, 1219062192856, datacollector.dll, Using the buffer size of 16384 bytes
TpTrace Information: 0 : 12512, 1, 2020/12/02, 23:37:50.247, 1219064440658, datacollector.dll, DataCollector: Start Request Processing.
TpTrace Information: 0 : 12512, 1, 2020/12/02, 23:37:50.288, 1219064846413, datacollector.dll, DataCollectionRequestHandler.ProcessRequests : Datacollector received message: (DataCollection.BeforeTestRunStart) -> {
  "SettingsXml": "<RunSettings><RunConfiguration><ResultsDirectory>C:\\Users\\Zbii\\Desktop\\VVSZadaca2-master\\VVSZadaca2-master\\Filmoteka\\Unit Testovi\\bin\\Debug\\fine-code-coverage\\_outputfolder</ResultsDirectory><TargetPlatform>X64</TargetPlatform><TargetFrameworkVersion>.NETCoreApp,Version=v3.1</TargetFrameworkVersion><DesignMode>False</DesignMode><CollectSourceInformation>False</CollectSourceInformation><TestAdaptersPaths>C:\\Program Files\\dotnet\\sdk\\3.1.403\\Extensions</TestAdaptersPaths></RunConfiguration><LoggerRunSettings><Loggers><Logger friendlyName=\"blame\" enabled=\"True\" /><Logger friendlyName=\"Console\" uri=\"logger://microsoft/TestPlatform/ConsoleLogger/v1\" assemblyQualifiedName=\"Microsoft.VisualStudio.TestPlatform.CommandLine.Internal.ConsoleLogger, vstest.console, Version=15.0.0.0, Culture=neutral, PublicKeyToken=b03f5f7f11d50a3a\" codeBase=\"C:\\Program Files\\dotnet\\sdk\\3.1.403\\vstest.console.dll\" enabled=\"True\" /></Loggers></LoggerRunSettings><DataCollectionRunSettings><DataCollectors><DataCollector friendlyName=\"blame\" enabled=\"True\"><Configuration><ResultsDirectory>C:\\Users\\Zbii\\Desktop\\VVSZadaca2-master\\VVSZadaca2-master\\Filmoteka\\Unit Testovi\\bin\\Debug\\fine-code-coverage\\_outputfolder</ResultsDirectory></Configuration></DataCollector></DataCollectors></DataCollectionRunSettings></RunSettings>",
  "Sources": [
    "C:\\Users\\Zbii\\Desktop\\VVSZadaca2-master\\VVSZadaca2-master\\Filmoteka\\Unit Testovi\\bin\\Debug\\fine-code-coverage\\Unit Testovi.dll"
  ]
}
TpTrace Verbose: 0 : 12512, 1, 2020/12/02, 23:37:50.478, 1219066746088, datacollector.dll, TestPluginCache: Update extensions started. Skip filter = False
TpTrace Verbose: 0 : 12512, 1, 2020/12/02, 23:37:50.479, 1219066760432, datacollector.dll, TestPluginCache: Using directories for assembly resolution 'C:\Program Files\dotnet\sdk\3.1.403\Extensions'.
TpTrace Verbose: 0 : 12512, 1, 2020/12/02, 23:37:50.479, 1219066762020, datacollector.dll, TestPluginCache: Updated the available extensions to 'C:\Program Files\dotnet\sdk\3.1.403\Extensions\Microsoft.TestPlatform.Extensions.BlameDataCollector.dll,C:\Program Files\dotnet\sdk\3.1.403\Extensions\Microsoft.TestPlatform.Extensions.EventLogCollector.dll'.
TpTrace Verbose: 0 : 12512, 1, 2020/12/02, 23:37:50.493, 1219066898603, datacollector.dll, TestPluginCache.DiscoverTestExtensions: finding test extensions in assemblies ends with: Collector.dll TPluginInfo: Microsoft.VisualStudio.TestPlatform.Common.DataCollector.DataCollectorConfig TExtension: Microsoft.VisualStudio.TestPlatform.ObjectModel.DataCollection.DataCollector
TpTrace Verbose: 0 : 12512, 1, 2020/12/02, 23:37:50.493, 1219066901447, datacollector.dll, TestPluginCache.GetExtensionPaths: Filtered extension paths: C:\Program Files\dotnet\sdk\3.1.403\Extensions\Microsoft.TestPlatform.Extensions.BlameDataCollector.dll
C:\Program Files\dotnet\sdk\3.1.403\Extensions\Microsoft.TestPlatform.Extensions.EventLogCollector.dll
TpTrace Verbose: 0 : 12512, 1, 2020/12/02, 23:37:50.493, 1219066902186, datacollector.dll, TestPluginCache.GetExtensionPaths: Added default extension paths: 
TpTrace Verbose: 0 : 12512, 1, 2020/12/02, 23:37:50.493, 1219066902635, datacollector.dll, TestPluginCache.GetExtensionPaths: Added unfilterableExtensionPaths: 
TpTrace Information: 0 : 12512, 1, 2020/12/02, 23:37:50.494, 1219066910871, datacollector.dll, AssemblyResolver.ctor: Creating AssemblyResolver with searchDirectories C:\Program Files\dotnet\sdk\3.1.403\Extensions,C:\Program Files\dotnet\sdk\3.1.403
TpTrace Verbose: 0 : 12512, 1, 2020/12/02, 23:37:50.496, 1219066932111, datacollector.dll, TestPluginCache.DiscoverTestExtensions: Discovering the extensions using extension path.
TpTrace Verbose: 0 : 12512, 1, 2020/12/02, 23:37:50.497, 1219066936030, datacollector.dll, TestPluginCache.GetExtensionPaths: Filtered extension paths: C:\Program Files\dotnet\sdk\3.1.403\Extensions\Microsoft.TestPlatform.Extensions.BlameDataCollector.dll
C:\Program Files\dotnet\sdk\3.1.403\Extensions\Microsoft.TestPlatform.Extensions.EventLogCollector.dll
TpTrace Verbose: 0 : 12512, 1, 2020/12/02, 23:37:50.497, 1219066937030, datacollector.dll, TestPluginCache.GetExtensionPaths: Added default extension paths: 
TpTrace Verbose: 0 : 12512, 1, 2020/12/02, 23:37:50.497, 1219066937671, datacollector.dll, TestPluginCache.GetExtensionPaths: Added unfilterableExtensionPaths: 
TpTrace Verbose: 0 : 12512, 1, 2020/12/02, 23:37:50.497, 1219066939087, datacollector.dll, TestPluginCache.DiscoverTestExtensions: Discovering the extensions using allExtensionPaths: C:\Program Files\dotnet\sdk\3.1.403\Extensions\Microsoft.TestPlatform.Extensions.BlameDataCollector.dll
C:\Program Files\dotnet\sdk\3.1.403\Extensions\Microsoft.TestPlatform.Extensions.EventLogCollector.dll
TpTrace Information: 0 : 12512, 1, 2020/12/02, 23:37:50.497, 1219066941177, datacollector.dll, AssemblyResolver.AddSearchDirectories: Adding more searchDirectories C:\Program Files\dotnet\sdk\3.1.403\Extensions,C:\Program Files\dotnet\sdk\3.1.403
TpTrace Information: 0 : 12512, 1, 2020/12/02, 23:37:50.497, 1219066942387, datacollector.dll, AssemblyResolver.AddSearchDirectories: Adding more searchDirectories C:\Program Files\dotnet\sdk\3.1.403\Extensions,C:\Program Files\dotnet\sdk\3.1.403
TpTrace Information: 0 : 12512, 1, 2020/12/02, 23:37:50.498, 1219066950500, datacollector.dll, AssemblyResolver.OnResolve: Microsoft.TestPlatform.Extensions.BlameDataCollector: Resolving assembly.
TpTrace Information: 0 : 12512, 1, 2020/12/02, 23:37:50.501, 1219066979001, datacollector.dll, AssemblyResolver.OnResolve: Resolved assembly: Microsoft.TestPlatform.Extensions.BlameDataCollector, from path: C:\Program Files\dotnet\sdk\3.1.403\Extensions\Microsoft.TestPlatform.Extensions.BlameDataCollector.dll
TpTrace Error: 0 : 12512, 1, 2020/12/02, 23:37:50.504, 1219067008255, datacollector.dll, The type "Microsoft.TestPlatform.Extensions.BlameDataCollector.BlameCollector" defined in "Microsoft.TestPlatform.Extensions.BlameDataCollector.dll" does not have ExtensionUri attribute.
TpTrace Information: 0 : 12512, 1, 2020/12/02, 23:37:50.505, 1219067017267, datacollector.dll, AssemblyResolver.OnResolve: Microsoft.TestPlatform.Extensions.EventLogCollector: Resolving assembly.
TpTrace Information: 0 : 12512, 1, 2020/12/02, 23:37:50.507, 1219067037655, datacollector.dll, AssemblyResolver.OnResolve: Resolved assembly: Microsoft.TestPlatform.Extensions.EventLogCollector, from path: C:\Program Files\dotnet\sdk\3.1.403\Extensions\Microsoft.TestPlatform.Extensions.EventLogCollector.dll
TpTrace Error: 0 : 12512, 1, 2020/12/02, 23:37:50.512, 1219067087472, datacollector.dll, The type "Microsoft.TestPlatform.Extensions.EventLogCollector.EventLogDataCollector" defined in "Microsoft.TestPlatform.Extensions.EventLogCollector.dll" does not have ExtensionUri attribute.
TpTrace Verbose: 0 : 12512, 1, 2020/12/02, 23:37:50.513, 1219067095299, datacollector.dll, TestPluginCache: Discovered the extensions using extension path 'C:\Program Files\dotnet\sdk\3.1.403\Extensions\Microsoft.TestPlatform.Extensions.BlameDataCollector.dll,C:\Program Files\dotnet\sdk\3.1.403\Extensions\Microsoft.TestPlatform.Extensions.EventLogCollector.dll'.
TpTrace Verbose: 0 : 12512, 1, 2020/12/02, 23:37:50.513, 1219067096799, datacollector.dll, TestPluginCache: Discoverers are ''.
TpTrace Verbose: 0 : 12512, 1, 2020/12/02, 23:37:50.513, 1219067097713, datacollector.dll, TestPluginCache: Executors are ''.
TpTrace Verbose: 0 : 12512, 1, 2020/12/02, 23:37:50.513, 1219067098387, datacollector.dll, TestPluginCache: Executors2 are ''.
TpTrace Verbose: 0 : 12512, 1, 2020/12/02, 23:37:50.513, 1219067099028, datacollector.dll, TestPluginCache: Setting providers are ''.
TpTrace Verbose: 0 : 12512, 1, 2020/12/02, 23:37:50.513, 1219067099713, datacollector.dll, TestPluginCache: Loggers are ''.
TpTrace Information: 0 : 12512, 1, 2020/12/02, 23:37:50.516, 1219067131714, datacollector.dll, TestPluginManager.CreateTestExtension: Attempting to load test extension: Microsoft.TestPlatform.Extensions.BlameDataCollector.BlameCollector
TpTrace Error: 0 : 12512, 1, 2020/12/02, 23:37:50.517, 1219067135129, datacollector.dll, The type "Microsoft.TestPlatform.Extensions.BlameDataCollector.BlameCollector" defined in "Microsoft.TestPlatform.Extensions.BlameDataCollector.dll" does not have ExtensionUri attribute.
TpTrace Information: 0 : 12512, 1, 2020/12/02, 23:37:50.531, 1219067283246, datacollector.dll, Listening on Endpoint : 127.0.0.1:62001
TpTrace Information: 0 : 12512, 1, 2020/12/02, 23:37:50.552, 1219067488044, datacollector.dll, DataCollectionRequestHandler.ProcessRequests : DataCollection started.
TpTrace Information: 0 : 12512, 1, 2020/12/02, 23:37:50.658, 1219068544013, datacollector.dll, DataCollectionRequestHandler.ProcessRequests : Datacollector received message: (DataCollection.TestHostLaunched) -> {
  "ProcessId": 6704
}
TpTrace Information: 0 : 12512, 7, 2020/12/02, 23:37:51.447, 1219076439995, datacollector.dll, Using the buffer size of 16384 bytes
TpTrace Information: 0 : 12512, 7, 2020/12/02, 23:37:51.448, 1219076443962, datacollector.dll, Accepted Client request and set the flag
TpTrace Information: 0 : 12512, 5, 2020/12/02, 23:37:53.018, 1219092145967, datacollector.dll, DataCollectionTestCaseEventHandler: Test case starting.
TpTrace Information: 0 : 12512, 5, 2020/12/02, 23:37:53.149, 1219093460623, datacollector.dll, Blame Collector : Test Case Start
TpTrace Information: 0 : 12512, 5, 2020/12/02, 23:37:53.157, 1219093535197, datacollector.dll, DataCollectionTestCaseEventHandler: Test case 'ClanKonstruktor1 - 139572fd-680c-520c-cc6c-9653e8b199d2' started.
TpTrace Information: 0 : 12512, 5, 2020/12/02, 23:37:53.343, 1219095400782, datacollector.dll, DataCollectionTestCaseEventHandler : Test case completing.
TpTrace Information: 0 : 12512, 5, 2020/12/02, 23:37:53.373, 1219095694975, datacollector.dll, Blame Collector : Test Case End
TpTrace Error: 0 : 12512, 5, 2020/12/02, 23:37:53.432, 1219096288527, datacollector.dll, DataCollectionAttachmentManager.GetAttachments: Fail to get attachments: System.Collections.Generic.KeyNotFoundException: The given key 'Microsoft.VisualStudio.TestPlatform.ObjectModel.DataCollection.DataCollectionContext' was not present in the dictionary.
   at System.Collections.Generic.Dictionary`2.get_Item(TKey key)
   at Microsoft.VisualStudio.TestPlatform.Common.DataCollector.DataCollectionAttachmentManager.GetAttachments(DataCollectionContext dataCollectionContext) 
TpTrace Information: 0 : 12512, 5, 2020/12/02, 23:37:53.448, 1219096447772, datacollector.dll, DataCollectionTestCaseEventHandler: Test case 'ClanKonstruktor1 - 139572fd-680c-520c-cc6c-9653e8b199d2' completed
TpTrace Information: 0 : 12512, 5, 2020/12/02, 23:37:53.477, 1219096738251, datacollector.dll, DataCollectionTestCaseEventHandler: Test case starting.
TpTrace Information: 0 : 12512, 5, 2020/12/02, 23:37:53.478, 1219096753446, datacollector.dll, Blame Collector : Test Case Start
TpTrace Information: 0 : 12512, 5, 2020/12/02, 23:37:53.479, 1219096757621, datacollector.dll, DataCollectionTestCaseEventHandler: Test case 'vratiWatchList - d8983018-3355-41eb-a856-7c7fd6fe5c9f' started.
TpTrace Information: 0 : 12512, 5, 2020/12/02, 23:37:53.489, 1219096858372, datacollector.dll, DataCollectionTestCaseEventHandler : Test case completing.
TpTrace Information: 0 : 12512, 5, 2020/12/02, 23:37:53.490, 1219096867710, datacollector.dll, Blame Collector : Test Case End
TpTrace Error: 0 : 12512, 5, 2020/12/02, 23:37:53.490, 1219096871513, datacollector.dll, DataCollectionAttachmentManager.GetAttachments: Fail to get attachments: System.Collections.Generic.KeyNotFoundException: The given key 'Microsoft.VisualStudio.TestPlatform.ObjectModel.DataCollection.DataCollectionContext' was not present in the dictionary.
   at System.Collections.Generic.Dictionary`2.get_Item(TKey key)
   at Microsoft.VisualStudio.TestPlatform.Common.DataCollector.DataCollectionAttachmentManager.GetAttachments(DataCollectionContext dataCollectionContext) 
TpTrace Information: 0 : 12512, 5, 2020/12/02, 23:37:53.491, 1219096874639, datacollector.dll, DataCollectionTestCaseEventHandler: Test case 'vratiWatchList - d8983018-3355-41eb-a856-7c7fd6fe5c9f' completed
TpTrace Information: 0 : 12512, 5, 2020/12/02, 23:37:53.492, 1219096891195, datacollector.dll, DataCollectionTestCaseEventHandler: Test case starting.
TpTrace Information: 0 : 12512, 5, 2020/12/02, 23:37:53.493, 1219096898584, datacollector.dll, Blame Collector : Test Case Start
TpTrace Information: 0 : 12512, 5, 2020/12/02, 23:37:53.493, 1219096901334, datacollector.dll, DataCollectionTestCaseEventHandler: Test case 'vratiRokPreplate - 235154e2-4575-eb5b-08d3-30a8f52320f7' started.
TpTrace Information: 0 : 12512, 5, 2020/12/02, 23:37:53.506, 1219097032931, datacollector.dll, DataCollectionTestCaseEventHandler : Test case completing.
TpTrace Information: 0 : 12512, 5, 2020/12/02, 23:37:53.507, 1219097040875, datacollector.dll, Blame Collector : Test Case End
TpTrace Error: 0 : 12512, 5, 2020/12/02, 23:37:53.508, 1219097044712, datacollector.dll, DataCollectionAttachmentManager.GetAttachments: Fail to get attachments: System.Collections.Generic.KeyNotFoundException: The given key 'Microsoft.VisualStudio.TestPlatform.ObjectModel.DataCollection.DataCollectionContext' was not present in the dictionary.
   at System.Collections.Generic.Dictionary`2.get_Item(TKey key)
   at Microsoft.VisualStudio.TestPlatform.Common.DataCollector.DataCollectionAttachmentManager.GetAttachments(DataCollectionContext dataCollectionContext) 
TpTrace Information: 0 : 12512, 5, 2020/12/02, 23:37:53.508, 1219097047380, datacollector.dll, DataCollectionTestCaseEventHandler: Test case 'vratiRokPreplate - 235154e2-4575-eb5b-08d3-30a8f52320f7' completed
TpTrace Information: 0 : 12512, 5, 2020/12/02, 23:37:53.515, 1219097114212, datacollector.dll, DataCollectionTestCaseEventHandler: Test case starting.
TpTrace Information: 0 : 12512, 5, 2020/12/02, 23:37:53.515, 1219097121641, datacollector.dll, Blame Collector : Test Case Start
TpTrace Information: 0 : 12512, 5, 2020/12/02, 23:37:53.516, 1219097124378, datacollector.dll, DataCollectionTestCaseEventHandler: Test case 'TestGosti - 58395187-d90e-82d2-463e-b5ce6b235a3a' started.
TpTrace Information: 0 : 12512, 5, 2020/12/02, 23:37:53.519, 1219097160802, datacollector.dll, DataCollectionTestCaseEventHandler : Test case completing.
TpTrace Information: 0 : 12512, 5, 2020/12/02, 23:37:53.521, 1219097181165, datacollector.dll, Blame Collector : Test Case End
TpTrace Error: 0 : 12512, 5, 2020/12/02, 23:37:53.522, 1219097185354, datacollector.dll, DataCollectionAttachmentManager.GetAttachments: Fail to get attachments: System.Collections.Generic.KeyNotFoundException: The given key 'Microsoft.VisualStudio.TestPlatform.ObjectModel.DataCollection.DataCollectionContext' was not present in the dictionary.
   at System.Collections.Generic.Dictionary`2.get_Item(TKey key)
   at Microsoft.VisualStudio.TestPlatform.Common.DataCollector.DataCollectionAttachmentManager.GetAttachments(DataCollectionContext dataCollectionContext) 
TpTrace Information: 0 : 12512, 5, 2020/12/02, 23:37:53.522, 1219097189216, datacollector.dll, DataCollectionTestCaseEventHandler: Test case 'TestGosti - 58395187-d90e-82d2-463e-b5ce6b235a3a' completed
TpTrace Information: 0 : 12512, 5, 2020/12/02, 23:37:53.524, 1219097208002, datacollector.dll, DataCollectionTestCaseEventHandler: Test case starting.
TpTrace Information: 0 : 12512, 5, 2020/12/02, 23:37:53.525, 1219097215707, datacollector.dll, Blame Collector : Test Case Start
TpTrace Information: 0 : 12512, 5, 2020/12/02, 23:37:53.525, 1219097218534, datacollector.dll, DataCollectionTestCaseEventHandler: Test case 'TestClanovi - f895a977-a6b5-592c-f79b-0f1c75620e2a' started.
TpTrace Information: 0 : 12512, 5, 2020/12/02, 23:37:53.527, 1219097237820, datacollector.dll, DataCollectionTestCaseEventHandler : Test case completing.
TpTrace Information: 0 : 12512, 5, 2020/12/02, 23:37:53.528, 1219097244577, datacollector.dll, Blame Collector : Test Case End
TpTrace Error: 0 : 12512, 5, 2020/12/02, 23:37:53.528, 1219097247835, datacollector.dll, DataCollectionAttachmentManager.GetAttachments: Fail to get attachments: System.Collections.Generic.KeyNotFoundException: The given key 'Microsoft.VisualStudio.TestPlatform.ObjectModel.DataCollection.DataCollectionContext' was not present in the dictionary.
   at System.Collections.Generic.Dictionary`2.get_Item(TKey key)
   at Microsoft.VisualStudio.TestPlatform.Common.DataCollector.DataCollectionAttachmentManager.GetAttachments(DataCollectionContext dataCollectionContext) 
TpTrace Information: 0 : 12512, 5, 2020/12/02, 23:37:53.528, 1219097251594, datacollector.dll, DataCollectionTestCaseEventHandler: Test case 'TestClanovi - f895a977-a6b5-592c-f79b-0f1c75620e2a' completed
TpTrace Information: 0 : 12512, 5, 2020/12/02, 23:37:53.530, 1219097264479, datacollector.dll, DataCollectionTestCaseEventHandler: Test case starting.
TpTrace Information: 0 : 12512, 5, 2020/12/02, 23:37:53.530, 1219097272213, datacollector.dll, Blame Collector : Test Case Start
TpTrace Information: 0 : 12512, 5, 2020/12/02, 23:37:53.531, 1219097275104, datacollector.dll, DataCollectionTestCaseEventHandler: Test case 'TestFilmovi - 83a8546e-d5c0-5379-f519-f7d866b0c123' started.
TpTrace Information: 0 : 12512, 5, 2020/12/02, 23:37:53.534, 1219097312431, datacollector.dll, DataCollectionTestCaseEventHandler : Test case completing.
TpTrace Information: 0 : 12512, 5, 2020/12/02, 23:37:53.536, 1219097326526, datacollector.dll, Blame Collector : Test Case End
TpTrace Error: 0 : 12512, 5, 2020/12/02, 23:37:53.537, 1219097336150, datacollector.dll, DataCollectionAttachmentManager.GetAttachments: Fail to get attachments: System.Collections.Generic.KeyNotFoundException: The given key 'Microsoft.VisualStudio.TestPlatform.ObjectModel.DataCollection.DataCollectionContext' was not present in the dictionary.
   at System.Collections.Generic.Dictionary`2.get_Item(TKey key)
   at Microsoft.VisualStudio.TestPlatform.Common.DataCollector.DataCollectionAttachmentManager.GetAttachments(DataCollectionContext dataCollectionContext) 
TpTrace Information: 0 : 12512, 5, 2020/12/02, 23:37:53.538, 1219097347148, datacollector.dll, DataCollectionTestCaseEventHandler: Test case 'TestFilmovi - 83a8546e-d5c0-5379-f519-f7d866b0c123' completed
TpTrace Information: 0 : 12512, 5, 2020/12/02, 23:37:53.541, 1219097379612, datacollector.dll, DataCollectionTestCaseEventHandler: Test case starting.
TpTrace Information: 0 : 12512, 5, 2020/12/02, 23:37:53.542, 1219097386864, datacollector.dll, Blame Collector : Test Case Start
TpTrace Information: 0 : 12512, 5, 2020/12/02, 23:37:53.542, 1219097389068, datacollector.dll, DataCollectionTestCaseEventHandler: Test case 'TestKontruktor - f6262a6d-69b9-9616-b0c2-6bdbccead7cb' started.
TpTrace Information: 0 : 12512, 5, 2020/12/02, 23:37:53.544, 1219097411158, datacollector.dll, DataCollectionTestCaseEventHandler : Test case completing.
TpTrace Information: 0 : 12512, 5, 2020/12/02, 23:37:53.545, 1219097420606, datacollector.dll, Blame Collector : Test Case End
TpTrace Error: 0 : 12512, 5, 2020/12/02, 23:37:53.546, 1219097425292, datacollector.dll, DataCollectionAttachmentManager.GetAttachments: Fail to get attachments: System.Collections.Generic.KeyNotFoundException: The given key 'Microsoft.VisualStudio.TestPlatform.ObjectModel.DataCollection.DataCollectionContext' was not present in the dictionary.
   at System.Collections.Generic.Dictionary`2.get_Item(TKey key)
   at Microsoft.VisualStudio.TestPlatform.Common.DataCollector.DataCollectionAttachmentManager.GetAttachments(DataCollectionContext dataCollectionContext) 
TpTrace Information: 0 : 12512, 5, 2020/12/02, 23:37:53.546, 1219097430015, datacollector.dll, DataCollectionTestCaseEventHandler: Test case 'TestKontruktor - f6262a6d-69b9-9616-b0c2-6bdbccead7cb' completed
TpTrace Information: 0 : 12512, 5, 2020/12/02, 23:37:53.547, 1219097443284, datacollector.dll, DataCollectionTestCaseEventHandler: Test case starting.
TpTrace Information: 0 : 12512, 5, 2020/12/02, 23:37:53.548, 1219097451811, datacollector.dll, Blame Collector : Test Case Start
TpTrace Information: 0 : 12512, 5, 2020/12/02, 23:37:53.549, 1219097457740, datacollector.dll, DataCollectionTestCaseEventHandler: Test case 'FilmTestKonstruktor1 - 03a038aa-8497-4306-f9a2-05522e98cf00' started.
TpTrace Information: 0 : 12512, 5, 2020/12/02, 23:37:53.555, 1219097515654, datacollector.dll, DataCollectionTestCaseEventHandler : Test case completing.
TpTrace Information: 0 : 12512, 5, 2020/12/02, 23:37:53.556, 1219097524561, datacollector.dll, Blame Collector : Test Case End
TpTrace Error: 0 : 12512, 5, 2020/12/02, 23:37:53.556, 1219097529308, datacollector.dll, DataCollectionAttachmentManager.GetAttachments: Fail to get attachments: System.Collections.Generic.KeyNotFoundException: The given key 'Microsoft.VisualStudio.TestPlatform.ObjectModel.DataCollection.DataCollectionContext' was not present in the dictionary.
   at System.Collections.Generic.Dictionary`2.get_Item(TKey key)
   at Microsoft.VisualStudio.TestPlatform.Common.DataCollector.DataCollectionAttachmentManager.GetAttachments(DataCollectionContext dataCollectionContext) 
TpTrace Information: 0 : 12512, 5, 2020/12/02, 23:37:53.557, 1219097535658, datacollector.dll, DataCollectionTestCaseEventHandler: Test case 'FilmTestKonstruktor1 - 03a038aa-8497-4306-f9a2-05522e98cf00' completed
TpTrace Information: 0 : 12512, 5, 2020/12/02, 23:37:53.558, 1219097552044, datacollector.dll, DataCollectionTestCaseEventHandler: Test case starting.
TpTrace Information: 0 : 12512, 5, 2020/12/02, 23:37:53.559, 1219097560119, datacollector.dll, Blame Collector : Test Case Start
TpTrace Information: 0 : 12512, 5, 2020/12/02, 23:37:53.559, 1219097562772, datacollector.dll, DataCollectionTestCaseEventHandler: Test case 'FilmTestNaziv - d132b22c-40b3-6d30-322d-43d341cc7f08' started.
TpTrace Information: 0 : 12512, 5, 2020/12/02, 23:37:53.562, 1219097588355, datacollector.dll, DataCollectionTestCaseEventHandler : Test case completing.
TpTrace Information: 0 : 12512, 5, 2020/12/02, 23:37:53.563, 1219097595831, datacollector.dll, Blame Collector : Test Case End
TpTrace Error: 0 : 12512, 5, 2020/12/02, 23:37:53.563, 1219097600562, datacollector.dll, DataCollectionAttachmentManager.GetAttachments: Fail to get attachments: System.Collections.Generic.KeyNotFoundException: The given key 'Microsoft.VisualStudio.TestPlatform.ObjectModel.DataCollection.DataCollectionContext' was not present in the dictionary.
   at System.Collections.Generic.Dictionary`2.get_Item(TKey key)
   at Microsoft.VisualStudio.TestPlatform.Common.DataCollector.DataCollectionAttachmentManager.GetAttachments(DataCollectionContext dataCollectionContext) 
TpTrace Information: 0 : 12512, 5, 2020/12/02, 23:37:53.564, 1219097604696, datacollector.dll, DataCollectionTestCaseEventHandler: Test case 'FilmTestNaziv - d132b22c-40b3-6d30-322d-43d341cc7f08' completed
TpTrace Information: 0 : 12512, 5, 2020/12/02, 23:37:53.728, 1219099246194, datacollector.dll, DataCollectionTestCaseEventHandler: Test case starting.
TpTrace Information: 0 : 12512, 5, 2020/12/02, 23:37:53.730, 1219099273229, datacollector.dll, Blame Collector : Test Case Start
TpTrace Information: 0 : 12512, 5, 2020/12/02, 23:37:53.731, 1219099281703, datacollector.dll, DataCollectionTestCaseEventHandler: Test case 'FilmTestOcjena - 9411af34-a91f-d8e0-3fa6-ab184ffb842b' started.
TpTrace Information: 0 : 12512, 5, 2020/12/02, 23:37:53.777, 1219099738337, datacollector.dll, DataCollectionTestCaseEventHandler : Test case completing.
TpTrace Information: 0 : 12512, 5, 2020/12/02, 23:37:53.779, 1219099756182, datacollector.dll, Blame Collector : Test Case End
TpTrace Error: 0 : 12512, 5, 2020/12/02, 23:37:53.780, 1219099764435, datacollector.dll, DataCollectionAttachmentManager.GetAttachments: Fail to get attachments: System.Collections.Generic.KeyNotFoundException: The given key 'Microsoft.VisualStudio.TestPlatform.ObjectModel.DataCollection.DataCollectionContext' was not present in the dictionary.
   at System.Collections.Generic.Dictionary`2.get_Item(TKey key)
   at Microsoft.VisualStudio.TestPlatform.Common.DataCollector.DataCollectionAttachmentManager.GetAttachments(DataCollectionContext dataCollectionContext) 
TpTrace Information: 0 : 12512, 5, 2020/12/02, 23:37:53.781, 1219099775055, datacollector.dll, DataCollectionTestCaseEventHandler: Test case 'FilmTestOcjena - 9411af34-a91f-d8e0-3fa6-ab184ffb842b' completed
TpTrace Information: 0 : 12512, 5, 2020/12/02, 23:37:53.783, 1219099798608, datacollector.dll, DataCollectionTestCaseEventHandler: Test case starting.
TpTrace Information: 0 : 12512, 5, 2020/12/02, 23:37:53.787, 1219099840556, datacollector.dll, Blame Collector : Test Case Start
TpTrace Information: 0 : 12512, 5, 2020/12/02, 23:37:53.789, 1219099861835, datacollector.dll, DataCollectionTestCaseEventHandler: Test case 'FilmTestZanr - f2e4d740-fe07-ceb6-51d9-92cce9cf6611' started.
TpTrace Information: 0 : 12512, 5, 2020/12/02, 23:37:53.790, 1219099873970, datacollector.dll, DataCollectionTestCaseEventHandler : Test case completing.
TpTrace Information: 0 : 12512, 5, 2020/12/02, 23:37:53.792, 1219099889953, datacollector.dll, Blame Collector : Test Case End
TpTrace Error: 0 : 12512, 5, 2020/12/02, 23:37:53.793, 1219099899900, datacollector.dll, DataCollectionAttachmentManager.GetAttachments: Fail to get attachments: System.Collections.Generic.KeyNotFoundException: The given key 'Microsoft.VisualStudio.TestPlatform.ObjectModel.DataCollection.DataCollectionContext' was not present in the dictionary.
   at System.Collections.Generic.Dictionary`2.get_Item(TKey key)
   at Microsoft.VisualStudio.TestPlatform.Common.DataCollector.DataCollectionAttachmentManager.GetAttachments(DataCollectionContext dataCollectionContext) 
TpTrace Information: 0 : 12512, 5, 2020/12/02, 23:37:53.794, 1219099906288, datacollector.dll, DataCollectionTestCaseEventHandler: Test case 'FilmTestZanr - f2e4d740-fe07-ceb6-51d9-92cce9cf6611' completed
TpTrace Information: 0 : 12512, 5, 2020/12/02, 23:37:53.797, 1219099940036, datacollector.dll, DataCollectionTestCaseEventHandler: Test case starting.
TpTrace Information: 0 : 12512, 5, 2020/12/02, 23:37:53.799, 1219099954736, datacollector.dll, Blame Collector : Test Case Start
TpTrace Information: 0 : 12512, 5, 2020/12/02, 23:37:53.799, 1219099962571, datacollector.dll, DataCollectionTestCaseEventHandler: Test case 'FilmTestGlumci - 6e17f633-7332-aa22-cb80-fb7fed63798a' started.
TpTrace Information: 0 : 12512, 5, 2020/12/02, 23:37:53.805, 1219100015842, datacollector.dll, DataCollectionTestCaseEventHandler : Test case completing.
TpTrace Information: 0 : 12512, 5, 2020/12/02, 23:37:53.806, 1219100029621, datacollector.dll, Blame Collector : Test Case End
TpTrace Error: 0 : 12512, 5, 2020/12/02, 23:37:53.807, 1219100037316, datacollector.dll, DataCollectionAttachmentManager.GetAttachments: Fail to get attachments: System.Collections.Generic.KeyNotFoundException: The given key 'Microsoft.VisualStudio.TestPlatform.ObjectModel.DataCollection.DataCollectionContext' was not present in the dictionary.
   at System.Collections.Generic.Dictionary`2.get_Item(TKey key)
   at Microsoft.VisualStudio.TestPlatform.Common.DataCollector.DataCollectionAttachmentManager.GetAttachments(DataCollectionContext dataCollectionContext) 
TpTrace Information: 0 : 12512, 5, 2020/12/02, 23:37:53.807, 1219100043775, datacollector.dll, DataCollectionTestCaseEventHandler: Test case 'FilmTestGlumci - 6e17f633-7332-aa22-cb80-fb7fed63798a' completed
TpTrace Information: 0 : 12512, 5, 2020/12/02, 23:37:53.809, 1219100063002, datacollector.dll, DataCollectionTestCaseEventHandler: Test case starting.
TpTrace Information: 0 : 12512, 5, 2020/12/02, 23:37:53.811, 1219100077078, datacollector.dll, Blame Collector : Test Case Start
TpTrace Information: 0 : 12512, 5, 2020/12/02, 23:37:53.812, 1219100084325, datacollector.dll, DataCollectionTestCaseEventHandler: Test case 'TestKontruktora - 0ac9517e-9b55-92c2-1140-d91f96abe087' started.
TpTrace Information: 0 : 12512, 5, 2020/12/02, 23:37:53.815, 1219100117339, datacollector.dll, DataCollectionTestCaseEventHandler : Test case completing.
TpTrace Information: 0 : 12512, 5, 2020/12/02, 23:37:53.817, 1219100137264, datacollector.dll, Blame Collector : Test Case End
TpTrace Error: 0 : 12512, 5, 2020/12/02, 23:37:53.818, 1219100147108, datacollector.dll, DataCollectionAttachmentManager.GetAttachments: Fail to get attachments: System.Collections.Generic.KeyNotFoundException: The given key 'Microsoft.VisualStudio.TestPlatform.ObjectModel.DataCollection.DataCollectionContext' was not present in the dictionary.
   at System.Collections.Generic.Dictionary`2.get_Item(TKey key)
   at Microsoft.VisualStudio.TestPlatform.Common.DataCollector.DataCollectionAttachmentManager.GetAttachments(DataCollectionContext dataCollectionContext) 
TpTrace Information: 0 : 12512, 5, 2020/12/02, 23:37:53.822, 1219100191293, datacollector.dll, DataCollectionTestCaseEventHandler: Test case 'TestKontruktora - 0ac9517e-9b55-92c2-1140-d91f96abe087' completed
TpTrace Information: 0 : 12512, 5, 2020/12/02, 23:37:53.824, 1219100210499, datacollector.dll, DataCollectionTestCaseEventHandler: Test case starting.
TpTrace Information: 0 : 12512, 5, 2020/12/02, 23:37:53.826, 1219100225730, datacollector.dll, Blame Collector : Test Case Start
TpTrace Information: 0 : 12512, 5, 2020/12/02, 23:37:53.826, 1219100229960, datacollector.dll, DataCollectionTestCaseEventHandler: Test case 'TestIme - 04eadd29-252e-5bda-af18-d16116d34dce' started.
TpTrace Information: 0 : 12512, 5, 2020/12/02, 23:37:53.828, 1219100251618, datacollector.dll, DataCollectionTestCaseEventHandler : Test case completing.
TpTrace Information: 0 : 12512, 5, 2020/12/02, 23:37:53.830, 1219100264289, datacollector.dll, Blame Collector : Test Case End
TpTrace Error: 0 : 12512, 5, 2020/12/02, 23:37:53.830, 1219100271671, datacollector.dll, DataCollectionAttachmentManager.GetAttachments: Fail to get attachments: System.Collections.Generic.KeyNotFoundException: The given key 'Microsoft.VisualStudio.TestPlatform.ObjectModel.DataCollection.DataCollectionContext' was not present in the dictionary.
   at System.Collections.Generic.Dictionary`2.get_Item(TKey key)
   at Microsoft.VisualStudio.TestPlatform.Common.DataCollector.DataCollectionAttachmentManager.GetAttachments(DataCollectionContext dataCollectionContext) 
TpTrace Information: 0 : 12512, 5, 2020/12/02, 23:37:53.831, 1219100277148, datacollector.dll, DataCollectionTestCaseEventHandler: Test case 'TestIme - 04eadd29-252e-5bda-af18-d16116d34dce' completed
TpTrace Information: 0 : 12512, 5, 2020/12/02, 23:37:53.833, 1219100295102, datacollector.dll, DataCollectionTestCaseEventHandler: Test case starting.
TpTrace Information: 0 : 12512, 5, 2020/12/02, 23:37:53.834, 1219100309853, datacollector.dll, Blame Collector : Test Case Start
TpTrace Information: 0 : 12512, 5, 2020/12/02, 23:37:53.835, 1219100320146, datacollector.dll, DataCollectionTestCaseEventHandler: Test case 'TestPrezime - 80392d11-dda6-7a48-7a3f-8a0fd9acef63' started.
TpTrace Information: 0 : 12512, 5, 2020/12/02, 23:37:53.840, 1219100365278, datacollector.dll, DataCollectionTestCaseEventHandler : Test case completing.
TpTrace Information: 0 : 12512, 5, 2020/12/02, 23:37:53.841, 1219100377699, datacollector.dll, Blame Collector : Test Case End
TpTrace Error: 0 : 12512, 5, 2020/12/02, 23:37:53.842, 1219100385286, datacollector.dll, DataCollectionAttachmentManager.GetAttachments: Fail to get attachments: System.Collections.Generic.KeyNotFoundException: The given key 'Microsoft.VisualStudio.TestPlatform.ObjectModel.DataCollection.DataCollectionContext' was not present in the dictionary.
   at System.Collections.Generic.Dictionary`2.get_Item(TKey key)
   at Microsoft.VisualStudio.TestPlatform.Common.DataCollector.DataCollectionAttachmentManager.GetAttachments(DataCollectionContext dataCollectionContext) 
TpTrace Information: 0 : 12512, 5, 2020/12/02, 23:37:53.842, 1219100390131, datacollector.dll, DataCollectionTestCaseEventHandler: Test case 'TestPrezime - 80392d11-dda6-7a48-7a3f-8a0fd9acef63' completed
TpTrace Information: 0 : 12512, 5, 2020/12/02, 23:37:53.844, 1219100412330, datacollector.dll, DataCollectionTestCaseEventHandler: Test case starting.
TpTrace Information: 0 : 12512, 5, 2020/12/02, 23:37:53.846, 1219100426328, datacollector.dll, Blame Collector : Test Case Start
TpTrace Information: 0 : 12512, 5, 2020/12/02, 23:37:53.846, 1219100429887, datacollector.dll, DataCollectionTestCaseEventHandler: Test case 'TestUser - bc44d631-9261-1b0c-5056-83b124f3c6d9' started.
TpTrace Information: 0 : 12512, 5, 2020/12/02, 23:37:53.849, 1219100454691, datacollector.dll, DataCollectionTestCaseEventHandler : Test case completing.
TpTrace Information: 0 : 12512, 5, 2020/12/02, 23:37:53.850, 1219100470214, datacollector.dll, Blame Collector : Test Case End
TpTrace Error: 0 : 12512, 5, 2020/12/02, 23:37:53.851, 1219100481275, datacollector.dll, DataCollectionAttachmentManager.GetAttachments: Fail to get attachments: System.Collections.Generic.KeyNotFoundException: The given key 'Microsoft.VisualStudio.TestPlatform.ObjectModel.DataCollection.DataCollectionContext' was not present in the dictionary.
   at System.Collections.Generic.Dictionary`2.get_Item(TKey key)
   at Microsoft.VisualStudio.TestPlatform.Common.DataCollector.DataCollectionAttachmentManager.GetAttachments(DataCollectionContext dataCollectionContext) 
TpTrace Information: 0 : 12512, 5, 2020/12/02, 23:37:53.853, 1219100496232, datacollector.dll, DataCollectionTestCaseEventHandler: Test case 'TestUser - bc44d631-9261-1b0c-5056-83b124f3c6d9' completed
TpTrace Information: 0 : 12512, 5, 2020/12/02, 23:37:53.856, 1219100528371, datacollector.dll, DataCollectionTestCaseEventHandler: Test case starting.
TpTrace Information: 0 : 12512, 5, 2020/12/02, 23:37:53.857, 1219100537388, datacollector.dll, Blame Collector : Test Case Start
TpTrace Information: 0 : 12512, 5, 2020/12/02, 23:37:53.857, 1219100540427, datacollector.dll, DataCollectionTestCaseEventHandler: Test case 'TestPassword - 2104a453-3abf-9bdc-abef-587d88543d5b' started.
TpTrace Information: 0 : 12512, 5, 2020/12/02, 23:37:53.860, 1219100570141, datacollector.dll, DataCollectionTestCaseEventHandler : Test case completing.
TpTrace Information: 0 : 12512, 5, 2020/12/02, 23:37:53.862, 1219100585216, datacollector.dll, Blame Collector : Test Case End
TpTrace Error: 0 : 12512, 5, 2020/12/02, 23:37:53.862, 1219100591252, datacollector.dll, DataCollectionAttachmentManager.GetAttachments: Fail to get attachments: System.Collections.Generic.KeyNotFoundException: The given key 'Microsoft.VisualStudio.TestPlatform.ObjectModel.DataCollection.DataCollectionContext' was not present in the dictionary.
   at System.Collections.Generic.Dictionary`2.get_Item(TKey key)
   at Microsoft.VisualStudio.TestPlatform.Common.DataCollector.DataCollectionAttachmentManager.GetAttachments(DataCollectionContext dataCollectionContext) 
TpTrace Information: 0 : 12512, 5, 2020/12/02, 23:37:53.863, 1219100595098, datacollector.dll, DataCollectionTestCaseEventHandler: Test case 'TestPassword - 2104a453-3abf-9bdc-abef-587d88543d5b' completed
TpTrace Information: 0 : 12512, 5, 2020/12/02, 23:37:53.864, 1219100609879, datacollector.dll, DataCollectionTestCaseEventHandler: Test case starting.
TpTrace Information: 0 : 12512, 5, 2020/12/02, 23:37:53.865, 1219100619965, datacollector.dll, Blame Collector : Test Case Start
TpTrace Information: 0 : 12512, 5, 2020/12/02, 23:37:53.865, 1219100623709, datacollector.dll, DataCollectionTestCaseEventHandler: Test case 'TestDajSveFilmoveSGlumcima1 - 1c352a7f-958a-a6b4-d8e1-b916a9458cf0' started.
TpTrace Information: 0 : 12512, 5, 2020/12/02, 23:37:53.876, 1219100729087, datacollector.dll, DataCollectionTestCaseEventHandler : Test case completing.
TpTrace Information: 0 : 12512, 5, 2020/12/02, 23:37:53.877, 1219100740189, datacollector.dll, Blame Collector : Test Case End
TpTrace Error: 0 : 12512, 5, 2020/12/02, 23:37:53.878, 1219100745055, datacollector.dll, DataCollectionAttachmentManager.GetAttachments: Fail to get attachments: System.Collections.Generic.KeyNotFoundException: The given key 'Microsoft.VisualStudio.TestPlatform.ObjectModel.DataCollection.DataCollectionContext' was not present in the dictionary.
   at System.Collections.Generic.Dictionary`2.get_Item(TKey key)
   at Microsoft.VisualStudio.TestPlatform.Common.DataCollector.DataCollectionAttachmentManager.GetAttachments(DataCollectionContext dataCollectionContext) 
TpTrace Information: 0 : 12512, 5, 2020/12/02, 23:37:53.878, 1219100749184, datacollector.dll, DataCollectionTestCaseEventHandler: Test case 'TestDajSveFilmoveSGlumcima1 - 1c352a7f-958a-a6b4-d8e1-b916a9458cf0' completed
TpTrace Information: 0 : 12512, 5, 2020/12/02, 23:37:53.887, 1219100838260, datacollector.dll, DataCollectionTestCaseEventHandler: Test case starting.
TpTrace Information: 0 : 12512, 5, 2020/12/02, 23:37:53.889, 1219100858914, datacollector.dll, Blame Collector : Test Case Start
TpTrace Information: 0 : 12512, 5, 2020/12/02, 23:37:53.889, 1219100861815, datacollector.dll, DataCollectionTestCaseEventHandler: Test case 'TestDajSveFilmoveSGlumcima2 - 8878fe32-8883-05f3-b64b-634a4fe2459e' started.
TpTrace Information: 0 : 12512, 5, 2020/12/02, 23:37:53.893, 1219100900272, datacollector.dll, DataCollectionTestCaseEventHandler : Test case completing.
TpTrace Information: 0 : 12512, 5, 2020/12/02, 23:37:53.894, 1219100908786, datacollector.dll, Blame Collector : Test Case End
TpTrace Error: 0 : 12512, 5, 2020/12/02, 23:37:53.894, 1219100912431, datacollector.dll, DataCollectionAttachmentManager.GetAttachments: Fail to get attachments: System.Collections.Generic.KeyNotFoundException: The given key 'Microsoft.VisualStudio.TestPlatform.ObjectModel.DataCollection.DataCollectionContext' was not present in the dictionary.
   at System.Collections.Generic.Dictionary`2.get_Item(TKey key)
   at Microsoft.VisualStudio.TestPlatform.Common.DataCollector.DataCollectionAttachmentManager.GetAttachments(DataCollectionContext dataCollectionContext) 
TpTrace Information: 0 : 12512, 5, 2020/12/02, 23:37:53.895, 1219100915329, datacollector.dll, DataCollectionTestCaseEventHandler: Test case 'TestDajSveFilmoveSGlumcima2 - 8878fe32-8883-05f3-b64b-634a4fe2459e' completed
TpTrace Information: 0 : 12512, 5, 2020/12/02, 23:37:53.896, 1219100930026, datacollector.dll, DataCollectionTestCaseEventHandler: Test case starting.
TpTrace Information: 0 : 12512, 5, 2020/12/02, 23:37:53.897, 1219100937182, datacollector.dll, Blame Collector : Test Case Start
TpTrace Information: 0 : 12512, 5, 2020/12/02, 23:37:53.897, 1219100939537, datacollector.dll, DataCollectionTestCaseEventHandler: Test case 'TestDajSveFilmoveSaGlumcimaIzuzetak - 540364fc-aa0e-893b-b9c6-b3574792c46d' started.
TpTrace Information: 0 : 12512, 5, 2020/12/02, 23:37:53.906, 1219101028303, datacollector.dll, DataCollectionTestCaseEventHandler : Test case completing.
TpTrace Information: 0 : 12512, 5, 2020/12/02, 23:37:53.907, 1219101035374, datacollector.dll, Blame Collector : Test Case End
TpTrace Error: 0 : 12512, 5, 2020/12/02, 23:37:53.907, 1219101038578, datacollector.dll, DataCollectionAttachmentManager.GetAttachments: Fail to get attachments: System.Collections.Generic.KeyNotFoundException: The given key 'Microsoft.VisualStudio.TestPlatform.ObjectModel.DataCollection.DataCollectionContext' was not present in the dictionary.
   at System.Collections.Generic.Dictionary`2.get_Item(TKey key)
   at Microsoft.VisualStudio.TestPlatform.Common.DataCollector.DataCollectionAttachmentManager.GetAttachments(DataCollectionContext dataCollectionContext) 
TpTrace Information: 0 : 12512, 5, 2020/12/02, 23:37:53.907, 1219101040896, datacollector.dll, DataCollectionTestCaseEventHandler: Test case 'TestDajSveFilmoveSaGlumcimaIzuzetak - 540364fc-aa0e-893b-b9c6-b3574792c46d' completed
TpTrace Information: 0 : 12512, 5, 2020/12/02, 23:37:53.911, 1219101075049, datacollector.dll, DataCollectionTestCaseEventHandler: Test case starting.
TpTrace Information: 0 : 12512, 5, 2020/12/02, 23:37:53.912, 1219101091299, datacollector.dll, Blame Collector : Test Case Start
TpTrace Information: 0 : 12512, 5, 2020/12/02, 23:37:53.913, 1219101094467, datacollector.dll, DataCollectionTestCaseEventHandler: Test case 'TestProdužiRok1 - 4b7b20d5-9a0e-8dd8-b49c-d6558eb7178d' started.
TpTrace Information: 0 : 12512, 5, 2020/12/02, 23:37:53.916, 1219101132938, datacollector.dll, DataCollectionTestCaseEventHandler : Test case completing.
TpTrace Information: 0 : 12512, 5, 2020/12/02, 23:37:53.917, 1219101141449, datacollector.dll, Blame Collector : Test Case End
TpTrace Error: 0 : 12512, 5, 2020/12/02, 23:37:53.918, 1219101150001, datacollector.dll, DataCollectionAttachmentManager.GetAttachments: Fail to get attachments: System.Collections.Generic.KeyNotFoundException: The given key 'Microsoft.VisualStudio.TestPlatform.ObjectModel.DataCollection.DataCollectionContext' was not present in the dictionary.
   at System.Collections.Generic.Dictionary`2.get_Item(TKey key)
   at Microsoft.VisualStudio.TestPlatform.Common.DataCollector.DataCollectionAttachmentManager.GetAttachments(DataCollectionContext dataCollectionContext) 
TpTrace Information: 0 : 12512, 5, 2020/12/02, 23:37:53.919, 1219101160659, datacollector.dll, DataCollectionTestCaseEventHandler: Test case 'TestProdužiRok1 - 4b7b20d5-9a0e-8dd8-b49c-d6558eb7178d' completed
TpTrace Information: 0 : 12512, 5, 2020/12/02, 23:37:53.923, 1219101196686, datacollector.dll, DataCollectionTestCaseEventHandler: Test case starting.
TpTrace Information: 0 : 12512, 5, 2020/12/02, 23:37:53.923, 1219101203783, datacollector.dll, Blame Collector : Test Case Start
TpTrace Information: 0 : 12512, 5, 2020/12/02, 23:37:53.924, 1219101206325, datacollector.dll, DataCollectionTestCaseEventHandler: Test case 'TestProdužiRok2 - 53eb3b1a-f647-b499-c6f1-e2ffca99d5b6' started.
TpTrace Information: 0 : 12512, 5, 2020/12/02, 23:37:53.927, 1219101234743, datacollector.dll, DataCollectionTestCaseEventHandler : Test case completing.
TpTrace Information: 0 : 12512, 5, 2020/12/02, 23:37:53.927, 1219101242087, datacollector.dll, Blame Collector : Test Case End
TpTrace Error: 0 : 12512, 5, 2020/12/02, 23:37:53.928, 1219101245586, datacollector.dll, DataCollectionAttachmentManager.GetAttachments: Fail to get attachments: System.Collections.Generic.KeyNotFoundException: The given key 'Microsoft.VisualStudio.TestPlatform.ObjectModel.DataCollection.DataCollectionContext' was not present in the dictionary.
   at System.Collections.Generic.Dictionary`2.get_Item(TKey key)
   at Microsoft.VisualStudio.TestPlatform.Common.DataCollector.DataCollectionAttachmentManager.GetAttachments(DataCollectionContext dataCollectionContext) 
TpTrace Information: 0 : 12512, 5, 2020/12/02, 23:37:53.928, 1219101248367, datacollector.dll, DataCollectionTestCaseEventHandler: Test case 'TestProdužiRok2 - 53eb3b1a-f647-b499-c6f1-e2ffca99d5b6' completed
TpTrace Information: 0 : 12512, 5, 2020/12/02, 23:37:53.929, 1219101263725, datacollector.dll, DataCollectionTestCaseEventHandler: Test case starting.
TpTrace Information: 0 : 12512, 5, 2020/12/02, 23:37:53.930, 1219101271304, datacollector.dll, Blame Collector : Test Case Start
TpTrace Information: 0 : 12512, 5, 2020/12/02, 23:37:53.930, 1219101273758, datacollector.dll, DataCollectionTestCaseEventHandler: Test case 'TestProdužiRok3 - 32e93761-4041-c528-a24d-293a91ce0988' started.
TpTrace Information: 0 : 12512, 5, 2020/12/02, 23:37:53.933, 1219101303229, datacollector.dll, DataCollectionTestCaseEventHandler : Test case completing.
TpTrace Information: 0 : 12512, 5, 2020/12/02, 23:37:53.935, 1219101319633, datacollector.dll, Blame Collector : Test Case End
TpTrace Error: 0 : 12512, 5, 2020/12/02, 23:37:53.936, 1219101331847, datacollector.dll, DataCollectionAttachmentManager.GetAttachments: Fail to get attachments: System.Collections.Generic.KeyNotFoundException: The given key 'Microsoft.VisualStudio.TestPlatform.ObjectModel.DataCollection.DataCollectionContext' was not present in the dictionary.
   at System.Collections.Generic.Dictionary`2.get_Item(TKey key)
   at Microsoft.VisualStudio.TestPlatform.Common.DataCollector.DataCollectionAttachmentManager.GetAttachments(DataCollectionContext dataCollectionContext) 
TpTrace Information: 0 : 12512, 5, 2020/12/02, 23:37:53.937, 1219101338829, datacollector.dll, DataCollectionTestCaseEventHandler: Test case 'TestProdužiRok3 - 32e93761-4041-c528-a24d-293a91ce0988' completed
TpTrace Information: 0 : 12512, 5, 2020/12/02, 23:37:53.939, 1219101362769, datacollector.dll, DataCollectionTestCaseEventHandler: Test case starting.
TpTrace Information: 0 : 12512, 5, 2020/12/02, 23:37:53.940, 1219101369548, datacollector.dll, Blame Collector : Test Case Start
TpTrace Information: 0 : 12512, 5, 2020/12/02, 23:37:53.940, 1219101371770, datacollector.dll, DataCollectionTestCaseEventHandler: Test case 'TestAutomatskiKorisničkiPodaci1 - 2c576a29-2974-593d-6472-05da85d679ef' started.
TpTrace Information: 0 : 12512, 5, 2020/12/02, 23:37:53.944, 1219101411121, datacollector.dll, DataCollectionTestCaseEventHandler : Test case completing.
TpTrace Information: 0 : 12512, 5, 2020/12/02, 23:37:53.945, 1219101419083, datacollector.dll, Blame Collector : Test Case End
TpTrace Error: 0 : 12512, 5, 2020/12/02, 23:37:53.945, 1219101422602, datacollector.dll, DataCollectionAttachmentManager.GetAttachments: Fail to get attachments: System.Collections.Generic.KeyNotFoundException: The given key 'Microsoft.VisualStudio.TestPlatform.ObjectModel.DataCollection.DataCollectionContext' was not present in the dictionary.
   at System.Collections.Generic.Dictionary`2.get_Item(TKey key)
   at Microsoft.VisualStudio.TestPlatform.Common.DataCollector.DataCollectionAttachmentManager.GetAttachments(DataCollectionContext dataCollectionContext) 
TpTrace Information: 0 : 12512, 5, 2020/12/02, 23:37:53.946, 1219101425289, datacollector.dll, DataCollectionTestCaseEventHandler: Test case 'TestAutomatskiKorisničkiPodaci1 - 2c576a29-2974-593d-6472-05da85d679ef' completed
TpTrace Information: 0 : 12512, 5, 2020/12/02, 23:37:53.947, 1219101439142, datacollector.dll, DataCollectionTestCaseEventHandler: Test case starting.
TpTrace Information: 0 : 12512, 5, 2020/12/02, 23:37:53.948, 1219101445480, datacollector.dll, Blame Collector : Test Case Start
TpTrace Information: 0 : 12512, 5, 2020/12/02, 23:37:53.948, 1219101447536, datacollector.dll, DataCollectionTestCaseEventHandler: Test case 'TestAutomatskiKorisničkiPodaci2 - c231ae96-6bd5-9e36-dabc-2f551a7100b2' started.
TpTrace Information: 0 : 12512, 5, 2020/12/02, 23:37:53.951, 1219101476885, datacollector.dll, DataCollectionTestCaseEventHandler : Test case completing.
TpTrace Information: 0 : 12512, 5, 2020/12/02, 23:37:53.953, 1219101499148, datacollector.dll, Blame Collector : Test Case End
TpTrace Error: 0 : 12512, 5, 2020/12/02, 23:37:53.954, 1219101504104, datacollector.dll, DataCollectionAttachmentManager.GetAttachments: Fail to get attachments: System.Collections.Generic.KeyNotFoundException: The given key 'Microsoft.VisualStudio.TestPlatform.ObjectModel.DataCollection.DataCollectionContext' was not present in the dictionary.
   at System.Collections.Generic.Dictionary`2.get_Item(TKey key)
   at Microsoft.VisualStudio.TestPlatform.Common.DataCollector.DataCollectionAttachmentManager.GetAttachments(DataCollectionContext dataCollectionContext) 
TpTrace Information: 0 : 12512, 5, 2020/12/02, 23:37:53.954, 1219101507219, datacollector.dll, DataCollectionTestCaseEventHandler: Test case 'TestAutomatskiKorisničkiPodaci2 - c231ae96-6bd5-9e36-dabc-2f551a7100b2' completed
TpTrace Information: 0 : 12512, 5, 2020/12/02, 23:37:53.956, 1219101523877, datacollector.dll, DataCollectionTestCaseEventHandler: Test case starting.
TpTrace Information: 0 : 12512, 5, 2020/12/02, 23:37:53.956, 1219101530927, datacollector.dll, Blame Collector : Test Case Start
TpTrace Information: 0 : 12512, 5, 2020/12/02, 23:37:53.956, 1219101533106, datacollector.dll, DataCollectionTestCaseEventHandler: Test case 'TestAutomatskiKorisničkiPodaci3 - 53eaad6d-c2a4-15a9-8293-2330bcc64da2' started.
TpTrace Information: 0 : 12512, 5, 2020/12/02, 23:37:53.958, 1219101553485, datacollector.dll, DataCollectionTestCaseEventHandler : Test case completing.
TpTrace Information: 0 : 12512, 5, 2020/12/02, 23:37:53.959, 1219101560892, datacollector.dll, Blame Collector : Test Case End
TpTrace Error: 0 : 12512, 5, 2020/12/02, 23:37:53.960, 1219101564369, datacollector.dll, DataCollectionAttachmentManager.GetAttachments: Fail to get attachments: System.Collections.Generic.KeyNotFoundException: The given key 'Microsoft.VisualStudio.TestPlatform.ObjectModel.DataCollection.DataCollectionContext' was not present in the dictionary.
   at System.Collections.Generic.Dictionary`2.get_Item(TKey key)
   at Microsoft.VisualStudio.TestPlatform.Common.DataCollector.DataCollectionAttachmentManager.GetAttachments(DataCollectionContext dataCollectionContext) 
TpTrace Information: 0 : 12512, 5, 2020/12/02, 23:37:53.960, 1219101567203, datacollector.dll, DataCollectionTestCaseEventHandler: Test case 'TestAutomatskiKorisničkiPodaci3 - 53eaad6d-c2a4-15a9-8293-2330bcc64da2' completed
TpTrace Information: 0 : 12512, 5, 2020/12/02, 23:37:53.962, 1219101583830, datacollector.dll, DataCollectionTestCaseEventHandler: Test case starting.
TpTrace Information: 0 : 12512, 5, 2020/12/02, 23:37:53.962, 1219101592078, datacollector.dll, Blame Collector : Test Case Start
TpTrace Information: 0 : 12512, 5, 2020/12/02, 23:37:53.963, 1219101594772, datacollector.dll, DataCollectionTestCaseEventHandler: Test case 'DajSrednjuOcjenuSvihFilmova1 - 0e10268c-eb95-a985-c744-c15b4cc273d8' started.
TpTrace Information: 0 : 12512, 5, 2020/12/02, 23:37:53.965, 1219101623016, datacollector.dll, DataCollectionTestCaseEventHandler : Test case completing.
TpTrace Information: 0 : 12512, 5, 2020/12/02, 23:37:53.966, 1219101632125, datacollector.dll, Blame Collector : Test Case End
TpTrace Error: 0 : 12512, 5, 2020/12/02, 23:37:53.967, 1219101636082, datacollector.dll, DataCollectionAttachmentManager.GetAttachments: Fail to get attachments: System.Collections.Generic.KeyNotFoundException: The given key 'Microsoft.VisualStudio.TestPlatform.ObjectModel.DataCollection.DataCollectionContext' was not present in the dictionary.
   at System.Collections.Generic.Dictionary`2.get_Item(TKey key)
   at Microsoft.VisualStudio.TestPlatform.Common.DataCollector.DataCollectionAttachmentManager.GetAttachments(DataCollectionContext dataCollectionContext) 
TpTrace Information: 0 : 12512, 5, 2020/12/02, 23:37:53.967, 1219101639113, datacollector.dll, DataCollectionTestCaseEventHandler: Test case 'DajSrednjuOcjenuSvihFilmova1 - 0e10268c-eb95-a985-c744-c15b4cc273d8' completed
TpTrace Information: 0 : 12512, 5, 2020/12/02, 23:37:53.976, 1219101730204, datacollector.dll, DataCollectionTestCaseEventHandler: Test case starting.
TpTrace Information: 0 : 12512, 5, 2020/12/02, 23:37:53.977, 1219101738150, datacollector.dll, Blame Collector : Test Case Start
TpTrace Information: 0 : 12512, 5, 2020/12/02, 23:37:53.977, 1219101740923, datacollector.dll, DataCollectionTestCaseEventHandler: Test case 'DajSrednjuOcjenuSvihFilmova2 - a86267ab-7d2b-45e0-7c46-d9fd4e59053c' started.
TpTrace Information: 0 : 12512, 5, 2020/12/02, 23:37:53.981, 1219101779824, datacollector.dll, DataCollectionTestCaseEventHandler : Test case completing.
TpTrace Information: 0 : 12512, 5, 2020/12/02, 23:37:53.982, 1219101786661, datacollector.dll, Blame Collector : Test Case End
TpTrace Error: 0 : 12512, 5, 2020/12/02, 23:37:53.982, 1219101789533, datacollector.dll, DataCollectionAttachmentManager.GetAttachments: Fail to get attachments: System.Collections.Generic.KeyNotFoundException: The given key 'Microsoft.VisualStudio.TestPlatform.ObjectModel.DataCollection.DataCollectionContext' was not present in the dictionary.
   at System.Collections.Generic.Dictionary`2.get_Item(TKey key)
   at Microsoft.VisualStudio.TestPlatform.Common.DataCollector.DataCollectionAttachmentManager.GetAttachments(DataCollectionContext dataCollectionContext) 
TpTrace Information: 0 : 12512, 5, 2020/12/02, 23:37:53.982, 1219101791864, datacollector.dll, DataCollectionTestCaseEventHandler: Test case 'DajSrednjuOcjenuSvihFilmova2 - a86267ab-7d2b-45e0-7c46-d9fd4e59053c' completed
TpTrace Information: 0 : 12512, 5, 2020/12/02, 23:37:53.984, 1219101809140, datacollector.dll, DataCollectionTestCaseEventHandler: Test case starting.
TpTrace Information: 0 : 12512, 5, 2020/12/02, 23:37:53.986, 1219101831111, datacollector.dll, Blame Collector : Test Case Start
TpTrace Information: 0 : 12512, 5, 2020/12/02, 23:37:53.987, 1219101835672, datacollector.dll, DataCollectionTestCaseEventHandler: Test case 'TestZamjenskiObjekat - aef9dec6-1181-fac1-2596-b31421e8da47' started.
TpTrace Information: 0 : 12512, 5, 2020/12/02, 23:37:53.991, 1219101881204, datacollector.dll, DataCollectionTestCaseEventHandler : Test case completing.
TpTrace Information: 0 : 12512, 5, 2020/12/02, 23:37:53.992, 1219101890493, datacollector.dll, Blame Collector : Test Case End
TpTrace Error: 0 : 12512, 5, 2020/12/02, 23:37:53.993, 1219101895094, datacollector.dll, DataCollectionAttachmentManager.GetAttachments: Fail to get attachments: System.Collections.Generic.KeyNotFoundException: The given key 'Microsoft.VisualStudio.TestPlatform.ObjectModel.DataCollection.DataCollectionContext' was not present in the dictionary.
   at System.Collections.Generic.Dictionary`2.get_Item(TKey key)
   at Microsoft.VisualStudio.TestPlatform.Common.DataCollector.DataCollectionAttachmentManager.GetAttachments(DataCollectionContext dataCollectionContext) 
TpTrace Information: 0 : 12512, 5, 2020/12/02, 23:37:53.993, 1219101898580, datacollector.dll, DataCollectionTestCaseEventHandler: Test case 'TestZamjenskiObjekat - aef9dec6-1181-fac1-2596-b31421e8da47' completed
TpTrace Information: 0 : 12512, 5, 2020/12/02, 23:37:53.994, 1219101912474, datacollector.dll, DataCollectionTestCaseEventHandler: Test case starting.
TpTrace Information: 0 : 12512, 5, 2020/12/02, 23:37:53.995, 1219101921040, datacollector.dll, Blame Collector : Test Case Start
TpTrace Information: 0 : 12512, 5, 2020/12/02, 23:37:53.995, 1219101923432, datacollector.dll, DataCollectionTestCaseEventHandler: Test case 'TestDodajNastavakIstiGlumci - 307a9543-71bf-45b1-736e-e86a33581b25' started.
TpTrace Information: 0 : 12512, 5, 2020/12/02, 23:37:54.001, 1219101975854, datacollector.dll, DataCollectionTestCaseEventHandler : Test case completing.
TpTrace Information: 0 : 12512, 5, 2020/12/02, 23:37:54.004, 1219102005589, datacollector.dll, Blame Collector : Test Case End
TpTrace Error: 0 : 12512, 5, 2020/12/02, 23:37:54.005, 1219102014361, datacollector.dll, DataCollectionAttachmentManager.GetAttachments: Fail to get attachments: System.Collections.Generic.KeyNotFoundException: The given key 'Microsoft.VisualStudio.TestPlatform.ObjectModel.DataCollection.DataCollectionContext' was not present in the dictionary.
   at System.Collections.Generic.Dictionary`2.get_Item(TKey key)
   at Microsoft.VisualStudio.TestPlatform.Common.DataCollector.DataCollectionAttachmentManager.GetAttachments(DataCollectionContext dataCollectionContext) 
TpTrace Information: 0 : 12512, 5, 2020/12/02, 23:37:54.005, 1219102020283, datacollector.dll, DataCollectionTestCaseEventHandler: Test case 'TestDodajNastavakIstiGlumci - 307a9543-71bf-45b1-736e-e86a33581b25' completed
TpTrace Information: 0 : 12512, 5, 2020/12/02, 23:37:54.007, 1219102036989, datacollector.dll, DataCollectionTestCaseEventHandler: Test case starting.
TpTrace Information: 0 : 12512, 5, 2020/12/02, 23:37:54.007, 1219102043724, datacollector.dll, Blame Collector : Test Case Start
TpTrace Information: 0 : 12512, 5, 2020/12/02, 23:37:54.008, 1219102046082, datacollector.dll, DataCollectionTestCaseEventHandler: Test case 'TestDodajNastavakRazlicitiGlumci - ccc8a4b1-0bba-0d1f-634a-2a0e08c0293a' started.
TpTrace Information: 0 : 12512, 5, 2020/12/02, 23:37:54.010, 1219102072643, datacollector.dll, DataCollectionTestCaseEventHandler : Test case completing.
TpTrace Information: 0 : 12512, 5, 2020/12/02, 23:37:54.011, 1219102079790, datacollector.dll, Blame Collector : Test Case End
TpTrace Error: 0 : 12512, 5, 2020/12/02, 23:37:54.012, 1219102085490, datacollector.dll, DataCollectionAttachmentManager.GetAttachments: Fail to get attachments: System.Collections.Generic.KeyNotFoundException: The given key 'Microsoft.VisualStudio.TestPlatform.ObjectModel.DataCollection.DataCollectionContext' was not present in the dictionary.
   at System.Collections.Generic.Dictionary`2.get_Item(TKey key)
   at Microsoft.VisualStudio.TestPlatform.Common.DataCollector.DataCollectionAttachmentManager.GetAttachments(DataCollectionContext dataCollectionContext) 
TpTrace Information: 0 : 12512, 5, 2020/12/02, 23:37:54.012, 1219102088331, datacollector.dll, DataCollectionTestCaseEventHandler: Test case 'TestDodajNastavakRazlicitiGlumci - ccc8a4b1-0bba-0d1f-634a-2a0e08c0293a' completed
TpTrace Information: 0 : 12512, 5, 2020/12/02, 23:37:54.013, 1219102102122, datacollector.dll, DataCollectionTestCaseEventHandler: Test case starting.
TpTrace Information: 0 : 12512, 5, 2020/12/02, 23:37:54.014, 1219102109386, datacollector.dll, Blame Collector : Test Case Start
TpTrace Information: 0 : 12512, 5, 2020/12/02, 23:37:54.014, 1219102111779, datacollector.dll, DataCollectionTestCaseEventHandler: Test case 'TestDodajNastavakIzuzetak - 83c1ddde-4e31-66fc-a376-4096e8037e77' started.
TpTrace Information: 0 : 12512, 5, 2020/12/02, 23:37:54.018, 1219102147085, datacollector.dll, DataCollectionTestCaseEventHandler : Test case completing.
TpTrace Information: 0 : 12512, 5, 2020/12/02, 23:37:54.020, 1219102164436, datacollector.dll, Blame Collector : Test Case End
TpTrace Error: 0 : 12512, 5, 2020/12/02, 23:37:54.020, 1219102172851, datacollector.dll, DataCollectionAttachmentManager.GetAttachments: Fail to get attachments: System.Collections.Generic.KeyNotFoundException: The given key 'Microsoft.VisualStudio.TestPlatform.ObjectModel.DataCollection.DataCollectionContext' was not present in the dictionary.
   at System.Collections.Generic.Dictionary`2.get_Item(TKey key)
   at Microsoft.VisualStudio.TestPlatform.Common.DataCollector.DataCollectionAttachmentManager.GetAttachments(DataCollectionContext dataCollectionContext) 
TpTrace Information: 0 : 12512, 5, 2020/12/02, 23:37:54.021, 1219102183502, datacollector.dll, DataCollectionTestCaseEventHandler: Test case 'TestDodajNastavakIzuzetak - 83c1ddde-4e31-66fc-a376-4096e8037e77' completed
TpTrace Information: 0 : 12512, 5, 2020/12/02, 23:37:54.026, 1219102224480, datacollector.dll, DataCollectionTestCaseEventHandler: Test case starting.
TpTrace Information: 0 : 12512, 5, 2020/12/02, 23:37:54.026, 1219102231554, datacollector.dll, Blame Collector : Test Case Start
TpTrace Information: 0 : 12512, 5, 2020/12/02, 23:37:54.027, 1219102233910, datacollector.dll, DataCollectionTestCaseEventHandler: Test case 'ReziserTestKonstruktor1 - 1f519e49-1160-89f5-2933-26a8b7041eb0' started.
TpTrace Information: 0 : 12512, 5, 2020/12/02, 23:37:54.029, 1219102261028, datacollector.dll, DataCollectionTestCaseEventHandler : Test case completing.
TpTrace Information: 0 : 12512, 5, 2020/12/02, 23:37:54.030, 1219102269367, datacollector.dll, Blame Collector : Test Case End
TpTrace Error: 0 : 12512, 5, 2020/12/02, 23:37:54.030, 1219102273550, datacollector.dll, DataCollectionAttachmentManager.GetAttachments: Fail to get attachments: System.Collections.Generic.KeyNotFoundException: The given key 'Microsoft.VisualStudio.TestPlatform.ObjectModel.DataCollection.DataCollectionContext' was not present in the dictionary.
   at System.Collections.Generic.Dictionary`2.get_Item(TKey key)
   at Microsoft.VisualStudio.TestPlatform.Common.DataCollector.DataCollectionAttachmentManager.GetAttachments(DataCollectionContext dataCollectionContext) 
TpTrace Information: 0 : 12512, 5, 2020/12/02, 23:37:54.031, 1219102277026, datacollector.dll, DataCollectionTestCaseEventHandler: Test case 'ReziserTestKonstruktor1 - 1f519e49-1160-89f5-2933-26a8b7041eb0' completed
TpTrace Information: 0 : 12512, 5, 2020/12/02, 23:37:54.032, 1219102291661, datacollector.dll, DataCollectionTestCaseEventHandler: Test case starting.
TpTrace Information: 0 : 12512, 5, 2020/12/02, 23:37:54.033, 1219102301271, datacollector.dll, Blame Collector : Test Case Start
TpTrace Information: 0 : 12512, 5, 2020/12/02, 23:37:54.034, 1219102304405, datacollector.dll, DataCollectionTestCaseEventHandler: Test case 'DaLiJeReziraoFilmTest1 - 8be05c28-e858-6601-d7d6-2d0b439996c8' started.
TpTrace Information: 0 : 12512, 5, 2020/12/02, 23:37:54.038, 1219102348033, datacollector.dll, DataCollectionTestCaseEventHandler : Test case completing.
TpTrace Information: 0 : 12512, 5, 2020/12/02, 23:37:54.039, 1219102358482, datacollector.dll, Blame Collector : Test Case End
TpTrace Error: 0 : 12512, 5, 2020/12/02, 23:37:54.039, 1219102361985, datacollector.dll, DataCollectionAttachmentManager.GetAttachments: Fail to get attachments: System.Collections.Generic.KeyNotFoundException: The given key 'Microsoft.VisualStudio.TestPlatform.ObjectModel.DataCollection.DataCollectionContext' was not present in the dictionary.
   at System.Collections.Generic.Dictionary`2.get_Item(TKey key)
   at Microsoft.VisualStudio.TestPlatform.Common.DataCollector.DataCollectionAttachmentManager.GetAttachments(DataCollectionContext dataCollectionContext) 
TpTrace Information: 0 : 12512, 5, 2020/12/02, 23:37:54.040, 1219102364800, datacollector.dll, DataCollectionTestCaseEventHandler: Test case 'DaLiJeReziraoFilmTest1 - 8be05c28-e858-6601-d7d6-2d0b439996c8' completed
TpTrace Information: 0 : 12512, 5, 2020/12/02, 23:37:54.041, 1219102378433, datacollector.dll, DataCollectionTestCaseEventHandler: Test case starting.
TpTrace Information: 0 : 12512, 5, 2020/12/02, 23:37:54.042, 1219102386048, datacollector.dll, Blame Collector : Test Case Start
TpTrace Information: 0 : 12512, 5, 2020/12/02, 23:37:54.042, 1219102388923, datacollector.dll, DataCollectionTestCaseEventHandler: Test case 'DaLiJeReziraoFilmTest2 - 19923882-2e3c-d457-55ca-0707cb853a52' started.
TpTrace Information: 0 : 12512, 5, 2020/12/02, 23:37:54.045, 1219102418702, datacollector.dll, DataCollectionTestCaseEventHandler : Test case completing.
TpTrace Information: 0 : 12512, 5, 2020/12/02, 23:37:54.046, 1219102427091, datacollector.dll, Blame Collector : Test Case End
TpTrace Error: 0 : 12512, 5, 2020/12/02, 23:37:54.046, 1219102430056, datacollector.dll, DataCollectionAttachmentManager.GetAttachments: Fail to get attachments: System.Collections.Generic.KeyNotFoundException: The given key 'Microsoft.VisualStudio.TestPlatform.ObjectModel.DataCollection.DataCollectionContext' was not present in the dictionary.
   at System.Collections.Generic.Dictionary`2.get_Item(TKey key)
   at Microsoft.VisualStudio.TestPlatform.Common.DataCollector.DataCollectionAttachmentManager.GetAttachments(DataCollectionContext dataCollectionContext) 
TpTrace Information: 0 : 12512, 5, 2020/12/02, 23:37:54.047, 1219102442946, datacollector.dll, DataCollectionTestCaseEventHandler: Test case 'DaLiJeReziraoFilmTest2 - 19923882-2e3c-d457-55ca-0707cb853a52' completed
TpTrace Information: 0 : 12512, 5, 2020/12/02, 23:37:54.049, 1219102455363, datacollector.dll, DataCollectionTestCaseEventHandler: Test case starting.
TpTrace Information: 0 : 12512, 5, 2020/12/02, 23:37:54.050, 1219102464216, datacollector.dll, Blame Collector : Test Case Start
TpTrace Information: 0 : 12512, 5, 2020/12/02, 23:37:54.050, 1219102467011, datacollector.dll, DataCollectionTestCaseEventHandler: Test case 'TestKonstruktor1 - ffc49825-d3bd-615d-b858-0a03aea3e527' started.
TpTrace Information: 0 : 12512, 5, 2020/12/02, 23:37:54.054, 1219102506459, datacollector.dll, DataCollectionTestCaseEventHandler : Test case completing.
TpTrace Information: 0 : 12512, 5, 2020/12/02, 23:37:54.055, 1219102518015, datacollector.dll, Blame Collector : Test Case End
TpTrace Error: 0 : 12512, 5, 2020/12/02, 23:37:54.055, 1219102521419, datacollector.dll, DataCollectionAttachmentManager.GetAttachments: Fail to get attachments: System.Collections.Generic.KeyNotFoundException: The given key 'Microsoft.VisualStudio.TestPlatform.ObjectModel.DataCollection.DataCollectionContext' was not present in the dictionary.
   at System.Collections.Generic.Dictionary`2.get_Item(TKey key)
   at Microsoft.VisualStudio.TestPlatform.Common.DataCollector.DataCollectionAttachmentManager.GetAttachments(DataCollectionContext dataCollectionContext) 
TpTrace Information: 0 : 12512, 5, 2020/12/02, 23:37:54.055, 1219102523617, datacollector.dll, DataCollectionTestCaseEventHandler: Test case 'TestKonstruktor1 - ffc49825-d3bd-615d-b858-0a03aea3e527' completed
TpTrace Information: 0 : 12512, 5, 2020/12/02, 23:37:54.060, 1219102571314, datacollector.dll, DataCollectionTestCaseEventHandler: Test case starting.
TpTrace Information: 0 : 12512, 5, 2020/12/02, 23:37:54.061, 1219102578032, datacollector.dll, Blame Collector : Test Case Start
TpTrace Information: 0 : 12512, 5, 2020/12/02, 23:37:54.061, 1219102580278, datacollector.dll, DataCollectionTestCaseEventHandler: Test case 'TestKonstruktor2 - be6c605f-e0fd-60e9-3217-1e34ca32661a' started.
TpTrace Information: 0 : 12512, 5, 2020/12/02, 23:37:54.064, 1219102608660, datacollector.dll, DataCollectionTestCaseEventHandler : Test case completing.
TpTrace Information: 0 : 12512, 5, 2020/12/02, 23:37:54.065, 1219102614995, datacollector.dll, Blame Collector : Test Case End
TpTrace Error: 0 : 12512, 5, 2020/12/02, 23:37:54.065, 1219102617895, datacollector.dll, DataCollectionAttachmentManager.GetAttachments: Fail to get attachments: System.Collections.Generic.KeyNotFoundException: The given key 'Microsoft.VisualStudio.TestPlatform.ObjectModel.DataCollection.DataCollectionContext' was not present in the dictionary.
   at System.Collections.Generic.Dictionary`2.get_Item(TKey key)
   at Microsoft.VisualStudio.TestPlatform.Common.DataCollector.DataCollectionAttachmentManager.GetAttachments(DataCollectionContext dataCollectionContext) 
TpTrace Information: 0 : 12512, 5, 2020/12/02, 23:37:54.065, 1219102620317, datacollector.dll, DataCollectionTestCaseEventHandler: Test case 'TestKonstruktor2 - be6c605f-e0fd-60e9-3217-1e34ca32661a' completed
TpTrace Information: 0 : 12512, 5, 2020/12/02, 23:37:54.067, 1219102634840, datacollector.dll, DataCollectionTestCaseEventHandler: Test case starting.
TpTrace Information: 0 : 12512, 5, 2020/12/02, 23:37:54.068, 1219102644681, datacollector.dll, Blame Collector : Test Case Start
TpTrace Information: 0 : 12512, 5, 2020/12/02, 23:37:54.068, 1219102651322, datacollector.dll, DataCollectionTestCaseEventHandler: Test case 'TestDajSrednjuOcjenuSvihFilmova - c1f446c3-373e-8894-430c-be98942b8c49' started.
TpTrace Information: 0 : 12512, 5, 2020/12/02, 23:37:54.071, 1219102679236, datacollector.dll, DataCollectionTestCaseEventHandler : Test case completing.
TpTrace Information: 0 : 12512, 5, 2020/12/02, 23:37:54.072, 1219102686307, datacollector.dll, Blame Collector : Test Case End
TpTrace Error: 0 : 12512, 5, 2020/12/02, 23:37:54.072, 1219102689977, datacollector.dll, DataCollectionAttachmentManager.GetAttachments: Fail to get attachments: System.Collections.Generic.KeyNotFoundException: The given key 'Microsoft.VisualStudio.TestPlatform.ObjectModel.DataCollection.DataCollectionContext' was not present in the dictionary.
   at System.Collections.Generic.Dictionary`2.get_Item(TKey key)
   at Microsoft.VisualStudio.TestPlatform.Common.DataCollector.DataCollectionAttachmentManager.GetAttachments(DataCollectionContext dataCollectionContext) 
TpTrace Information: 0 : 12512, 5, 2020/12/02, 23:37:54.073, 1219102694130, datacollector.dll, DataCollectionTestCaseEventHandler: Test case 'TestDajSrednjuOcjenuSvihFilmova - c1f446c3-373e-8894-430c-be98942b8c49' completed
TpTrace Information: 0 : 12512, 5, 2020/12/02, 23:37:54.074, 1219102707173, datacollector.dll, DataCollectionTestCaseEventHandler: Test case starting.
TpTrace Information: 0 : 12512, 5, 2020/12/02, 23:37:54.075, 1219102713961, datacollector.dll, Blame Collector : Test Case Start
TpTrace Information: 0 : 12512, 5, 2020/12/02, 23:37:54.075, 1219102716885, datacollector.dll, DataCollectionTestCaseEventHandler: Test case 'TestDajSrednjuOcjenuSvihFilmovaIzuzetak - 76c48a79-7490-42b6-b19d-fdaf9ac2ea05' started.
TpTrace Information: 0 : 12512, 5, 2020/12/02, 23:37:54.077, 1219102740189, datacollector.dll, DataCollectionTestCaseEventHandler : Test case completing.
TpTrace Information: 0 : 12512, 5, 2020/12/02, 23:37:54.078, 1219102746608, datacollector.dll, Blame Collector : Test Case End
TpTrace Error: 0 : 12512, 5, 2020/12/02, 23:37:54.078, 1219102749270, datacollector.dll, DataCollectionAttachmentManager.GetAttachments: Fail to get attachments: System.Collections.Generic.KeyNotFoundException: The given key 'Microsoft.VisualStudio.TestPlatform.ObjectModel.DataCollection.DataCollectionContext' was not present in the dictionary.
   at System.Collections.Generic.Dictionary`2.get_Item(TKey key)
   at Microsoft.VisualStudio.TestPlatform.Common.DataCollector.DataCollectionAttachmentManager.GetAttachments(DataCollectionContext dataCollectionContext) 
TpTrace Information: 0 : 12512, 5, 2020/12/02, 23:37:54.078, 1219102751570, datacollector.dll, DataCollectionTestCaseEventHandler: Test case 'TestDajSrednjuOcjenuSvihFilmovaIzuzetak - 76c48a79-7490-42b6-b19d-fdaf9ac2ea05' completed
TpTrace Information: 0 : 12512, 5, 2020/12/02, 23:37:54.092, 1219102889410, datacollector.dll, DataCollectionTestCaseEventHandler: Test session ended
TpTrace Information: 0 : 12512, 1, 2020/12/02, 23:37:54.421, 1219106180615, datacollector.dll, DataCollectionRequestHandler.ProcessRequests : Datacollector received message: (DataCollection.AfterTestRunEnd) -> false
TpTrace Information: 0 : 12512, 1, 2020/12/02, 23:37:54.423, 1219106194453, datacollector.dll, Blame Collector : Session End
TpTrace Error: 0 : 12512, 1, 2020/12/02, 23:37:54.423, 1219106200254, datacollector.dll, DataCollectionAttachmentManager.GetAttachments: Fail to get attachments: System.Collections.Generic.KeyNotFoundException: The given key 'Microsoft.VisualStudio.TestPlatform.ObjectModel.DataCollection.DataCollectionContext' was not present in the dictionary.
   at System.Collections.Generic.Dictionary`2.get_Item(TKey key)
   at Microsoft.VisualStudio.TestPlatform.Common.DataCollector.DataCollectionAttachmentManager.GetAttachments(DataCollectionContext dataCollectionContext) 
TpTrace Information: 0 : 12512, 1, 2020/12/02, 23:37:54.423, 1219106201911, datacollector.dll, DataCollectionManager.CleanupPlugins: CleanupPlugins called
TpTrace Verbose: 0 : 12512, 1, 2020/12/02, 23:37:54.423, 1219106202816, datacollector.dll, DataCollectionManager.CleanupPlugins: Cleaning up 1 plugins
TpTrace Verbose: 0 : 12512, 1, 2020/12/02, 23:37:54.424, 1219106205799, datacollector.dll, dataCollectorInfo.DisposeDataCollector: calling Dispose() on Microsoft.TestPlatform.Extensions.BlameDataCollector.BlameCollector
TpTrace Information: 0 : 12512, 1, 2020/12/02, 23:37:54.424, 1219106207632, datacollector.dll, DataCollectionManager.CleanupPlugins: CleanupPlugins finished
TpTrace Information: 0 : 12512, 1, 2020/12/02, 23:37:54.424, 1219106211658, datacollector.dll, DataCollectionRequestHandler.ProcessRequests : Session End message received from server. Closing the connection.
TpTrace Information: 0 : 12512, 1, 2020/12/02, 23:37:54.425, 1219106215353, datacollector.dll, Closing the connection !
TpTrace Information: 0 : 12512, 1, 2020/12/02, 23:37:54.425, 1219106216518, datacollector.dll, DataCollectionRequestHandler.ProcessRequests : DataCollection completed
TpTrace Information: 0 : 12512, 1, 2020/12/02, 23:37:54.425, 1219106217362, datacollector.dll, Program.Main: exiting datacollector process.
