TpTrace Information: 0 : 5072, 1, 2020/12/02, 21:24:59.812, 882992820343, testhost.dll, DefaultEngineInvoker.Invoke: Testhost process started with args :[--port, 36834],[--endpoint, 127.0.0.1:036834],[--role, client],[--parentprocessid, 2776],[--diag, C:\Users\nadir\Desktop\VVSZadaca2\Filmoteka\Unit Testovi\bin\Debug\fine-code-coverage\_outputfolder\diagnostics.host.20-12-02_21-24-59_68222_6.log],[--tracelevel, 4],[--datacollectionport, 36833],[--telemetryoptedin, false]
TpTrace Information: 0 : 5072, 1, 2020/12/02, 21:24:59.817, 882992846291, testhost.dll, DefaultEngineInvoker.SetParentProcessExitCallback: Monitoring parent process with id: '2776'
TpTrace Information: 0 : 5072, 1, 2020/12/02, 21:24:59.824, 882992916352, testhost.dll, DefaultEngineInvoker.GetConnectionInfo: Initialize communication on endpoint address: '127.0.0.1:036834'
TpTrace Information: 0 : 5072, 1, 2020/12/02, 21:24:59.835, 882993026259, testhost.dll, SocketClient.Start: connecting to server endpoint: 127.0.0.1:036834
TpTrace Information: 0 : 5072, 1, 2020/12/02, 21:24:59.839, 882993067092, testhost.dll, DefaultEngineInvoker.ConnectToDatacollector: Connecting to datacollector, port: 36833
TpTrace Information: 0 : 5072, 8, 2020/12/02, 21:24:59.841, 882993086331, testhost.dll, SocketClient.OnServerConnected: connected to server endpoint: 127.0.0.1:036834
TpTrace Information: 0 : 5072, 1, 2020/12/02, 21:24:59.842, 882993095669, testhost.dll, Trying to connect to server on socket : 127.0.0.1:36833 
TpTrace Verbose: 0 : 5072, 1, 2020/12/02, 21:24:59.843, 882993100137, testhost.dll, SocketCommunicationManager : SetupClientAsync : Attempting to connect to the server.
TpTrace Verbose: 0 : 5072, 8, 2020/12/02, 21:24:59.843, 882993102758, testhost.dll, Connected to server, and starting MessageLoopAsync
TpTrace Information: 0 : 5072, 10, 2020/12/02, 21:24:59.844, 882993114741, testhost.dll, Connected to the server successfully 
TpTrace Information: 0 : 5072, 10, 2020/12/02, 21:24:59.844, 882993115953, testhost.dll, Using the buffer size of 16384 bytes
TpTrace Information: 0 : 5072, 1, 2020/12/02, 21:24:59.845, 882993122349, testhost.dll, DefaultEngineInvoker.Invoke: Start Request Processing.
TpTrace Verbose: 0 : 5072, 9, 2020/12/02, 21:24:59.846, 882993130038, testhost.dll, TcpClientExtensions.MessageLoopAsync: Polling on remoteEndPoint: [::ffff:127.0.0.1]:36834 localEndPoint: [::ffff:127.0.0.1]:36835
TpTrace Information: 0 : 5072, 11, 2020/12/02, 21:24:59.846, 882993130705, testhost.dll, DefaultEngineInvoker.StartProcessingAsync: Connected to vstest.console, Starting process requests.
TpTrace Verbose: 0 : 5072, 9, 2020/12/02, 21:24:59.846, 882993133391, testhost.dll, TcpClientExtensions.MessageLoopAsync: NotifyDataAvailable remoteEndPoint: [::ffff:127.0.0.1]:36834 localEndPoint: [::ffff:127.0.0.1]:36835
TpTrace Information: 0 : 5072, 9, 2020/12/02, 21:24:59.959, 882994258160, testhost.dll, TestRequestHandler.ProcessRequests: received message: (ProtocolVersion) -> 3
TpTrace Verbose: 0 : 5072, 9, 2020/12/02, 21:24:59.988, 882994557339, testhost.dll, TestRequestHandler.SendData:  sending data from testhost: {"Version":2,"MessageType":"TestSession.Message","Payload":{"MessageLevel":0,"Message":"Logging TestHost Diagnostics in file: C:\\Users\\nadir\\Desktop\\VVSZadaca2\\Filmoteka\\Unit Testovi\\bin\\Debug\\fine-code-coverage\\_outputfolder\\diagnostics.host.20-12-02_21-24-59_68222_6.log"}}
TpTrace Verbose: 0 : 5072, 9, 2020/12/02, 21:24:59.989, 882994559480, testhost.dll, TcpClientExtensions.MessageLoopAsync: Polling on remoteEndPoint: [::ffff:127.0.0.1]:36834 localEndPoint: [::ffff:127.0.0.1]:36835
TpTrace Verbose: 0 : 5072, 9, 2020/12/02, 21:24:59.989, 882994560451, testhost.dll, TcpClientExtensions.MessageLoopAsync: NotifyDataAvailable remoteEndPoint: [::ffff:127.0.0.1]:36834 localEndPoint: [::ffff:127.0.0.1]:36835
TpTrace Information: 0 : 5072, 9, 2020/12/02, 21:24:59.993, 882994607340, testhost.dll, TestRequestHandler.ProcessRequests: received message: (TestExecution.Initialize) -> [
  "C:\\Users\\nadir\\Desktop\\VVSZadaca2\\Filmoteka\\Unit Testovi\\bin\\Debug\\fine-code-coverage\\Microsoft.VisualStudio.TestPlatform.MSTest.TestAdapter.dll"
]
TpTrace Information: 0 : 5072, 9, 2020/12/02, 21:24:59.994, 882994609657, testhost.dll, Execution Session Initialize.
TpTrace Verbose: 0 : 5072, 9, 2020/12/02, 21:25:00.005, 882994718207, testhost.dll, TcpClientExtensions.MessageLoopAsync: Polling on remoteEndPoint: [::ffff:127.0.0.1]:36834 localEndPoint: [::ffff:127.0.0.1]:36835
TpTrace Verbose: 0 : 5072, 9, 2020/12/02, 21:25:00.005, 882994720133, testhost.dll, TcpClientExtensions.MessageLoopAsync: NotifyDataAvailable remoteEndPoint: [::ffff:127.0.0.1]:36834 localEndPoint: [::ffff:127.0.0.1]:36835
TpTrace Verbose: 0 : 5072, 4, 2020/12/02, 21:25:00.008, 882994757222, testhost.dll, TestExecutorService: Loading the extensions
TpTrace Information: 0 : 5072, 9, 2020/12/02, 21:25:00.009, 882994761832, testhost.dll, TestRequestHandler.ProcessRequests: received message: (TestExecution.StartWithSources) -> {
  "AdapterSourceMap": {
    "_none_": [
      "C:\\Users\\nadir\\Desktop\\VVSZadaca2\\Filmoteka\\Unit Testovi\\bin\\Debug\\fine-code-coverage\\Unit Testovi.dll"
    ]
  },
  "RunSettings": "<RunSettings>\r\n  <RunConfiguration>\r\n    <ResultsDirectory>C:\\Users\\nadir\\Desktop\\VVSZadaca2\\Filmoteka\\Unit Testovi\\bin\\Debug\\fine-code-coverage\\_outputfolder</ResultsDirectory>\r\n    <TargetPlatform>X64</TargetPlatform>\r\n    <TargetFrameworkVersion>.NETCoreApp,Version=v3.1</TargetFrameworkVersion>\r\n    <DesignMode>False</DesignMode>\r\n    <CollectSourceInformation>False</CollectSourceInformation>\r\n  </RunConfiguration>\r\n  <LoggerRunSettings>\r\n    <Loggers>\r\n      <Logger friendlyName=\"blame\" enabled=\"True\" />\r\n      <Logger friendlyName=\"Console\" uri=\"logger://microsoft/TestPlatform/ConsoleLogger/v1\" assemblyQualifiedName=\"Microsoft.VisualStudio.TestPlatform.CommandLine.Internal.ConsoleLogger, vstest.console, Version=15.0.0.0, Culture=neutral, PublicKeyToken=b03f5f7f11d50a3a\" codeBase=\"C:\\Program Files\\dotnet\\sdk\\3.1.403\\vstest.console.dll\" enabled=\"True\" />\r\n    </Loggers>\r\n  </LoggerRunSettings>\r\n  <DataCollectionRunSettings>\r\n    <DataCollectors>\r\n      <DataCollector friendlyName=\"blame\" enabled=\"True\">\r\n        <Configuration>\r\n          <ResultsDirectory>C:\\Users\\nadir\\Desktop\\VVSZadaca2\\Filmoteka\\Unit Testovi\\bin\\Debug\\fine-code-coverage\\_outputfolder</ResultsDirectory>\r\n        </Configuration>\r\n      </DataCollector>\r\n    </DataCollectors>\r\n  </DataCollectionRunSettings>\r\n</RunSettings>",
  "TestExecutionContext": {
    "FrequencyOfRunStatsChangeEvent": 10,
    "RunStatsChangeEventTimeout": "00:00:01.5000000",
    "InIsolation": false,
    "KeepAlive": false,
    "AreTestCaseLevelEventsRequired": false,
    "IsDebug": false,
    "TestCaseFilter": null,
    "FilterOptions": null
  },
  "Package": null
}
TpTrace Information: 0 : 5072, 9, 2020/12/02, 21:25:00.009, 882994763787, testhost.dll, Execution started.
TpTrace Verbose: 0 : 5072, 4, 2020/12/02, 21:25:00.011, 882994781726, testhost.dll, TestPluginCache.DiscoverTestExtensions: finding test extensions in assemblies endswith: TestAdapter.dll TPluginInfo: Microsoft.VisualStudio.TestPlatform.Common.ExtensionFramework.Utilities.TestExecutorPluginInformation TExtension: Microsoft.VisualStudio.TestPlatform.ObjectModel.Adapter.ITestExecutor
TpTrace Verbose: 0 : 5072, 4, 2020/12/02, 21:25:00.012, 882994796362, testhost.dll, TestPluginCache.GetExtensionPaths: Filtered extension paths: 
TpTrace Verbose: 0 : 5072, 4, 2020/12/02, 21:25:00.013, 882994801922, testhost.dll, TestPluginCache.GetExtensionPaths: Added default extension paths: C:\Users\nadir\Desktop\VVSZadaca2\Filmoteka\Unit Testovi\bin\Debug\fine-code-coverage\Microsoft.VisualStudio.TestPlatform.MSTest.TestAdapter.dll
TpTrace Verbose: 0 : 5072, 4, 2020/12/02, 21:25:00.013, 882994803047, testhost.dll, TestPluginCache.GetExtensionPaths: Added unfilterableExtensionPaths: 
TpTrace Information: 0 : 5072, 4, 2020/12/02, 21:25:00.016, 882994837580, testhost.dll, AssemblyResolver.ctor: Creating AssemblyResolver with searchDirectories C:\Users\nadir\Desktop\VVSZadaca2\Filmoteka\Unit Testovi\bin\Debug\fine-code-coverage
TpTrace Verbose: 0 : 5072, 4, 2020/12/02, 21:25:00.018, 882994855157, testhost.dll, TestPluginCache.DiscoverTestExtensions: Discovering the extensions using extension path.
TpTrace Verbose: 0 : 5072, 4, 2020/12/02, 21:25:00.018, 882994856725, testhost.dll, TestPluginCache.GetExtensionPaths: Filtered extension paths: 
TpTrace Verbose: 0 : 5072, 4, 2020/12/02, 21:25:00.018, 882994857352, testhost.dll, TestPluginCache.GetExtensionPaths: Added default extension paths: C:\Users\nadir\Desktop\VVSZadaca2\Filmoteka\Unit Testovi\bin\Debug\fine-code-coverage\Microsoft.VisualStudio.TestPlatform.MSTest.TestAdapter.dll
TpTrace Verbose: 0 : 5072, 4, 2020/12/02, 21:25:00.019, 882994857935, testhost.dll, TestPluginCache.GetExtensionPaths: Added unfilterableExtensionPaths: 
TpTrace Verbose: 0 : 5072, 4, 2020/12/02, 21:25:00.019, 882994858934, testhost.dll, TestPluginCache.DiscoverTestExtensions: Discovering the extensions using allExtensionPaths: C:\Users\nadir\Desktop\VVSZadaca2\Filmoteka\Unit Testovi\bin\Debug\fine-code-coverage\Microsoft.VisualStudio.TestPlatform.MSTest.TestAdapter.dll
TpTrace Information: 0 : 5072, 4, 2020/12/02, 21:25:00.020, 882994869051, testhost.dll, AssemblyResolver.AddSearchDirectories: Adding more searchDirectories C:\Users\nadir\Desktop\VVSZadaca2\Filmoteka\Unit Testovi\bin\Debug\fine-code-coverage
TpTrace Information: 0 : 5072, 4, 2020/12/02, 21:25:00.024, 882994912444, testhost.dll, AssemblyResolver.OnResolve: Microsoft.VisualStudio.TestPlatform.MSTest.TestAdapter: Resolving assembly.
TpTrace Information: 0 : 5072, 4, 2020/12/02, 21:25:00.026, 882994928847, testhost.dll, AssemblyResolver.OnResolve: Resolved assembly: Microsoft.VisualStudio.TestPlatform.MSTest.TestAdapter, from path: C:\Users\nadir\Desktop\VVSZadaca2\Filmoteka\Unit Testovi\bin\Debug\fine-code-coverage\Microsoft.VisualStudio.TestPlatform.MSTest.TestAdapter.dll
TpTrace Information: 0 : 5072, 4, 2020/12/02, 21:25:00.027, 882994944679, testhost.dll, AssemblyResolver.OnResolve: Microsoft.VisualStudio.TestPlatform.MSTestAdapter.PlatformServices.Interface: Resolving assembly.
TpTrace Information: 0 : 5072, 4, 2020/12/02, 21:25:00.028, 882994949407, testhost.dll, AssemblyResolver.OnResolve: Resolved assembly: Microsoft.VisualStudio.TestPlatform.MSTestAdapter.PlatformServices.Interface, from path: C:\Users\nadir\Desktop\VVSZadaca2\Filmoteka\Unit Testovi\bin\Debug\fine-code-coverage\Microsoft.VisualStudio.TestPlatform.MSTestAdapter.PlatformServices.Interface.dll
TpTrace Information: 0 : 5072, 4, 2020/12/02, 21:25:00.028, 882994951674, testhost.dll, AssemblyResolver.OnResolve: Microsoft.VisualStudio.TestPlatform.MSTestAdapter.PlatformServices: Resolving assembly.
TpTrace Information: 0 : 5072, 4, 2020/12/02, 21:25:00.028, 882994956064, testhost.dll, AssemblyResolver.OnResolve: Resolved assembly: Microsoft.VisualStudio.TestPlatform.MSTestAdapter.PlatformServices, from path: C:\Users\nadir\Desktop\VVSZadaca2\Filmoteka\Unit Testovi\bin\Debug\fine-code-coverage\Microsoft.VisualStudio.TestPlatform.MSTestAdapter.PlatformServices.dll
TpTrace Verbose: 0 : 5072, 4, 2020/12/02, 21:25:00.033, 882994998893, testhost.dll, TestPluginCache: Discovered the extensions using extension path ''.
TpTrace Verbose: 0 : 5072, 4, 2020/12/02, 21:25:00.034, 882995010703, testhost.dll, TestPluginCache: Discoverers are ''.
TpTrace Verbose: 0 : 5072, 4, 2020/12/02, 21:25:00.034, 882995012532, testhost.dll, TestPluginCache: Executors are 'executor://MSTestAdapter/v2'.
TpTrace Verbose: 0 : 5072, 4, 2020/12/02, 21:25:00.034, 882995014346, testhost.dll, TestPluginCache: Setting providers are ''.
TpTrace Verbose: 0 : 5072, 4, 2020/12/02, 21:25:00.034, 882995017410, testhost.dll, TestPluginCache: Loggers are ''.
TpTrace Verbose: 0 : 5072, 9, 2020/12/02, 21:25:00.036, 882995034902, testhost.dll, TcpClientExtensions.MessageLoopAsync: Polling on remoteEndPoint: [::ffff:127.0.0.1]:36834 localEndPoint: [::ffff:127.0.0.1]:36835
TpTrace Information: 0 : 5072, 4, 2020/12/02, 21:25:00.040, 882995069003, testhost.dll, TestPluginManager.CreateTestExtension: Attempting to load test extension: Microsoft.VisualStudio.TestPlatform.MSTest.TestAdapter.MSTestExecutor
TpTrace Verbose: 0 : 5072, 4, 2020/12/02, 21:25:00.043, 882995100266, testhost.dll, TestExecutorExtensionManager: Loading executor Microsoft.VisualStudio.TestPlatform.MSTest.TestAdapter.MSTestExecutor
TpTrace Verbose: 0 : 5072, 4, 2020/12/02, 21:25:00.043, 882995101161, testhost.dll, TestExecutorService: Loaded the executors
TpTrace Verbose: 0 : 5072, 4, 2020/12/02, 21:25:00.044, 882995109437, testhost.dll, TestPluginCache.DiscoverTestExtensions: finding test extensions in assemblies endswith: TestAdapter.dll TPluginInfo: Microsoft.VisualStudio.TestPlatform.Common.ExtensionFramework.Utilities.TestSettingsProviderPluginInformation TExtension: Microsoft.VisualStudio.TestPlatform.ObjectModel.Adapter.ISettingsProvider
TpTrace Verbose: 0 : 5072, 4, 2020/12/02, 21:25:00.044, 882995112260, testhost.dll, TestPluginCache.GetExtensionPaths: Filtered extension paths: 
TpTrace Verbose: 0 : 5072, 4, 2020/12/02, 21:25:00.044, 882995112861, testhost.dll, TestPluginCache.GetExtensionPaths: Added default extension paths: C:\Users\nadir\Desktop\VVSZadaca2\Filmoteka\Unit Testovi\bin\Debug\fine-code-coverage\Microsoft.VisualStudio.TestPlatform.MSTest.TestAdapter.dll
TpTrace Verbose: 0 : 5072, 4, 2020/12/02, 21:25:00.044, 882995113973, testhost.dll, TestPluginCache.GetExtensionPaths: Added unfilterableExtensionPaths: 
TpTrace Information: 0 : 5072, 4, 2020/12/02, 21:25:00.044, 882995115799, testhost.dll, AssemblyResolver.AddSearchDirectories: Adding more searchDirectories C:\Users\nadir\Desktop\VVSZadaca2\Filmoteka\Unit Testovi\bin\Debug\fine-code-coverage
TpTrace Verbose: 0 : 5072, 4, 2020/12/02, 21:25:00.044, 882995116625, testhost.dll, TestPluginCache.DiscoverTestExtensions: Discovering the extensions using extension path.
TpTrace Verbose: 0 : 5072, 4, 2020/12/02, 21:25:00.044, 882995117110, testhost.dll, TestPluginCache.GetExtensionPaths: Filtered extension paths: 
TpTrace Verbose: 0 : 5072, 4, 2020/12/02, 21:25:00.044, 882995117551, testhost.dll, TestPluginCache.GetExtensionPaths: Added default extension paths: C:\Users\nadir\Desktop\VVSZadaca2\Filmoteka\Unit Testovi\bin\Debug\fine-code-coverage\Microsoft.VisualStudio.TestPlatform.MSTest.TestAdapter.dll
TpTrace Verbose: 0 : 5072, 4, 2020/12/02, 21:25:00.045, 882995118028, testhost.dll, TestPluginCache.GetExtensionPaths: Added unfilterableExtensionPaths: 
TpTrace Verbose: 0 : 5072, 4, 2020/12/02, 21:25:00.045, 882995118492, testhost.dll, TestPluginCache.DiscoverTestExtensions: Discovering the extensions using allExtensionPaths: C:\Users\nadir\Desktop\VVSZadaca2\Filmoteka\Unit Testovi\bin\Debug\fine-code-coverage\Microsoft.VisualStudio.TestPlatform.MSTest.TestAdapter.dll
TpTrace Information: 0 : 5072, 4, 2020/12/02, 21:25:00.045, 882995119100, testhost.dll, AssemblyResolver.AddSearchDirectories: Adding more searchDirectories C:\Users\nadir\Desktop\VVSZadaca2\Filmoteka\Unit Testovi\bin\Debug\fine-code-coverage
TpTrace Verbose: 0 : 5072, 4, 2020/12/02, 21:25:00.045, 882995121091, testhost.dll, TestPluginCache: Discovered the extensions using extension path ''.
TpTrace Verbose: 0 : 5072, 4, 2020/12/02, 21:25:00.045, 882995121619, testhost.dll, TestPluginCache: Discoverers are ''.
TpTrace Verbose: 0 : 5072, 4, 2020/12/02, 21:25:00.045, 882995122191, testhost.dll, TestPluginCache: Executors are 'executor://MSTestAdapter/v2'.
TpTrace Verbose: 0 : 5072, 4, 2020/12/02, 21:25:00.045, 882995122926, testhost.dll, TestPluginCache: Setting providers are ''.
TpTrace Verbose: 0 : 5072, 4, 2020/12/02, 21:25:00.045, 882995123421, testhost.dll, TestPluginCache: Loggers are ''.
TpTrace Verbose: 0 : 5072, 4, 2020/12/02, 21:25:00.046, 882995132053, testhost.dll, TestExecutorService: Loaded the settings providers
TpTrace Information: 0 : 5072, 4, 2020/12/02, 21:25:00.046, 882995132656, testhost.dll, TestExecutorService: Loaded the extensions
TpTrace Information: 0 : 5072, 4, 2020/12/02, 21:25:00.111, 882995783336, testhost.dll, TestDiscoveryManager: Discovering tests from sources C:\Users\nadir\Desktop\VVSZadaca2\Filmoteka\Unit Testovi\bin\Debug\fine-code-coverage\Unit Testovi.dll
TpTrace Verbose: 0 : 5072, 4, 2020/12/02, 21:25:00.113, 882995800940, testhost.dll, TestPluginCache.DiscoverTestExtensions: finding test extensions in assemblies endswith: TestAdapter.dll TPluginInfo: Microsoft.VisualStudio.TestPlatform.Common.ExtensionFramework.Utilities.TestDiscovererPluginInformation TExtension: Microsoft.VisualStudio.TestPlatform.ObjectModel.Adapter.ITestDiscoverer
TpTrace Verbose: 0 : 5072, 4, 2020/12/02, 21:25:00.113, 882995802282, testhost.dll, TestPluginCache.GetExtensionPaths: Filtered extension paths: 
TpTrace Verbose: 0 : 5072, 4, 2020/12/02, 21:25:00.113, 882995802849, testhost.dll, TestPluginCache.GetExtensionPaths: Added default extension paths: C:\Users\nadir\Desktop\VVSZadaca2\Filmoteka\Unit Testovi\bin\Debug\fine-code-coverage\Microsoft.VisualStudio.TestPlatform.MSTest.TestAdapter.dll
TpTrace Verbose: 0 : 5072, 4, 2020/12/02, 21:25:00.113, 882995803320, testhost.dll, TestPluginCache.GetExtensionPaths: Added unfilterableExtensionPaths: 
TpTrace Information: 0 : 5072, 4, 2020/12/02, 21:25:00.113, 882995804454, testhost.dll, AssemblyResolver.AddSearchDirectories: Adding more searchDirectories C:\Users\nadir\Desktop\VVSZadaca2\Filmoteka\Unit Testovi\bin\Debug\fine-code-coverage
TpTrace Verbose: 0 : 5072, 4, 2020/12/02, 21:25:00.113, 882995805027, testhost.dll, TestPluginCache.DiscoverTestExtensions: Discovering the extensions using extension path.
TpTrace Verbose: 0 : 5072, 4, 2020/12/02, 21:25:00.113, 882995805528, testhost.dll, TestPluginCache.GetExtensionPaths: Filtered extension paths: 
TpTrace Verbose: 0 : 5072, 4, 2020/12/02, 21:25:00.113, 882995805981, testhost.dll, TestPluginCache.GetExtensionPaths: Added default extension paths: C:\Users\nadir\Desktop\VVSZadaca2\Filmoteka\Unit Testovi\bin\Debug\fine-code-coverage\Microsoft.VisualStudio.TestPlatform.MSTest.TestAdapter.dll
TpTrace Verbose: 0 : 5072, 4, 2020/12/02, 21:25:00.113, 882995806432, testhost.dll, TestPluginCache.GetExtensionPaths: Added unfilterableExtensionPaths: 
TpTrace Verbose: 0 : 5072, 4, 2020/12/02, 21:25:00.113, 882995806906, testhost.dll, TestPluginCache.DiscoverTestExtensions: Discovering the extensions using allExtensionPaths: C:\Users\nadir\Desktop\VVSZadaca2\Filmoteka\Unit Testovi\bin\Debug\fine-code-coverage\Microsoft.VisualStudio.TestPlatform.MSTest.TestAdapter.dll
TpTrace Information: 0 : 5072, 4, 2020/12/02, 21:25:00.113, 882995807496, testhost.dll, AssemblyResolver.AddSearchDirectories: Adding more searchDirectories C:\Users\nadir\Desktop\VVSZadaca2\Filmoteka\Unit Testovi\bin\Debug\fine-code-coverage
TpTrace Verbose: 0 : 5072, 4, 2020/12/02, 21:25:00.116, 882995829536, testhost.dll, TestPluginCache: Discovered the extensions using extension path ''.
TpTrace Verbose: 0 : 5072, 4, 2020/12/02, 21:25:00.116, 882995831016, testhost.dll, TestPluginCache: Discoverers are 'Microsoft.VisualStudio.TestPlatform.MSTest.TestAdapter.MSTestDiscoverer, Microsoft.VisualStudio.TestPlatform.MSTest.TestAdapter, Version=14.0.0.0, Culture=neutral, PublicKeyToken=b03f5f7f11d50a3a'.
TpTrace Verbose: 0 : 5072, 4, 2020/12/02, 21:25:00.116, 882995831596, testhost.dll, TestPluginCache: Executors are 'executor://MSTestAdapter/v2'.
TpTrace Verbose: 0 : 5072, 4, 2020/12/02, 21:25:00.116, 882995832072, testhost.dll, TestPluginCache: Setting providers are ''.
TpTrace Verbose: 0 : 5072, 4, 2020/12/02, 21:25:00.116, 882995832511, testhost.dll, TestPluginCache: Loggers are ''.
TpTrace Verbose: 0 : 5072, 4, 2020/12/02, 21:25:00.120, 882995875497, testhost.dll, BaseRunTests.RunTestInternalWithExecutors: Running tests for executor://MSTestAdapter/v2
TpTrace Information: 0 : 5072, 4, 2020/12/02, 21:25:00.166, 882996333586, testhost.dll, AssemblyResolver.OnResolve: Microsoft.VisualStudio.TestPlatform.MSTestAdapter.PlatformServices.resources: Resolving assembly.
TpTrace Information: 0 : 5072, 4, 2020/12/02, 21:25:00.166, 882996336208, testhost.dll, AssemblyResolver.OnResolve: Microsoft.VisualStudio.TestPlatform.MSTestAdapter.PlatformServices.resources: Failed to load assembly.
TpTrace Information: 0 : 5072, 4, 2020/12/02, 21:25:00.167, 882996339897, testhost.dll, AssemblyResolver.OnResolve: Microsoft.VisualStudio.TestPlatform.MSTestAdapter.PlatformServices.resources: Resolving assembly.
TpTrace Information: 0 : 5072, 4, 2020/12/02, 21:25:00.167, 882996340750, testhost.dll, AssemblyResolver.OnResolve: Microsoft.VisualStudio.TestPlatform.MSTestAdapter.PlatformServices.resources: Resolved from cache.
TpTrace Verbose: 0 : 5072, 4, 2020/12/02, 21:25:00.180, 882996474838, testhost.dll, TestExecutionRecorder.RecordStart: Starting test: Unit_Testovi.ClanTest.ClanKonstruktor1.
TpTrace Information: 0 : 5072, 4, 2020/12/02, 21:25:00.272, 882997396178, testhost.dll, AssemblyResolver.OnResolve: Microsoft.VisualStudio.TestPlatform.MSTest.TestAdapter.resources: Resolving assembly.
TpTrace Information: 0 : 5072, 4, 2020/12/02, 21:25:00.272, 882997397715, testhost.dll, AssemblyResolver.OnResolve: Microsoft.VisualStudio.TestPlatform.MSTest.TestAdapter.resources: Failed to load assembly.
TpTrace Verbose: 0 : 5072, 4, 2020/12/02, 21:25:00.296, 882997630663, testhost.dll, TestExecutionRecorder.RecordEnd: test: Unit_Testovi.ClanTest.ClanKonstruktor1 execution completed.
TpTrace Verbose: 0 : 5072, 4, 2020/12/02, 21:25:00.318, 882997854650, testhost.dll, TestExecutionRecorder.RecordResult: Received result for test: Unit_Testovi.ClanTest.ClanKonstruktor1.
TpTrace Warning: 0 : 5072, 4, 2020/12/02, 21:25:00.321, 882997886439, testhost.dll, InProgressTests is null
TpTrace Warning: 0 : 5072, 4, 2020/12/02, 21:25:00.323, 882997903421, testhost.dll, TestRunCache: No test found corresponding to testResult 'ClanKonstruktor1  Failed
  Message: Test method Unit_Testovi.ClanTest.ClanKonstruktor1 threw exception: 
System.InvalidOperationException: Neispravan format za password!
  StackTrace:
    at Filmoteka.Gost.set_Password(String value) in C:\Users\nadir\Desktop\VVSZadaca2\Filmoteka\Filmoteka\Gost.cs:line 38
   at Filmoteka.Gost..ctor(String user, String pass, String name, String surname) in C:\Users\nadir\Desktop\VVSZadaca2\Filmoteka\Filmoteka\Gost.cs:line 84
   at Filmoteka.Clan..ctor(String user, String pass, String name, String surname, DateTime endDate) in C:\Users\nadir\Desktop\VVSZadaca2\Filmoteka\Filmoteka\Clan.cs:line 31
   at Unit_Testovi.ClanTest.ClanKonstruktor1() in C:\Users\nadir\Desktop\VVSZadaca2\Filmoteka\Unit Testovi\ClanTest.cs:line 16
' in inProgress list.
TpTrace Verbose: 0 : 5072, 4, 2020/12/02, 21:25:00.323, 882997904416, testhost.dll, TestExecutionRecorder.RecordStart: Starting test: Unit_Testovi.ClanTest.vratiWatchList.
TpTrace Verbose: 0 : 5072, 4, 2020/12/02, 21:25:00.325, 882997925884, testhost.dll, TestExecutionRecorder.RecordEnd: test: Unit_Testovi.ClanTest.vratiWatchList execution completed.
TpTrace Verbose: 0 : 5072, 4, 2020/12/02, 21:25:00.327, 882997937842, testhost.dll, TestExecutionRecorder.RecordResult: Received result for test: Unit_Testovi.ClanTest.vratiWatchList.
TpTrace Warning: 0 : 5072, 4, 2020/12/02, 21:25:00.327, 882997938813, testhost.dll, InProgressTests is null
TpTrace Warning: 0 : 5072, 4, 2020/12/02, 21:25:00.327, 882997939445, testhost.dll, TestRunCache: No test found corresponding to testResult 'vratiWatchList  Failed
  Message: Test method Unit_Testovi.ClanTest.vratiWatchList threw exception: 
System.InvalidOperationException: Neispravan format za password!
  StackTrace:
    at Filmoteka.Gost.set_Password(String value) in C:\Users\nadir\Desktop\VVSZadaca2\Filmoteka\Filmoteka\Gost.cs:line 38
   at Filmoteka.Gost..ctor(String user, String pass, String name, String surname) in C:\Users\nadir\Desktop\VVSZadaca2\Filmoteka\Filmoteka\Gost.cs:line 84
   at Filmoteka.Clan..ctor(String user, String pass, String name, String surname, DateTime endDate) in C:\Users\nadir\Desktop\VVSZadaca2\Filmoteka\Filmoteka\Clan.cs:line 31
   at Unit_Testovi.ClanTest.vratiWatchList() in C:\Users\nadir\Desktop\VVSZadaca2\Filmoteka\Unit Testovi\ClanTest.cs:line 27
' in inProgress list.
TpTrace Verbose: 0 : 5072, 4, 2020/12/02, 21:25:00.327, 882997940576, testhost.dll, TestExecutionRecorder.RecordStart: Starting test: Unit_Testovi.ClanTest.vratiRokPreplate.
TpTrace Verbose: 0 : 5072, 4, 2020/12/02, 21:25:00.329, 882997957814, testhost.dll, TestExecutionRecorder.RecordEnd: test: Unit_Testovi.ClanTest.vratiRokPreplate execution completed.
TpTrace Verbose: 0 : 5072, 4, 2020/12/02, 21:25:00.330, 882997969242, testhost.dll, TestExecutionRecorder.RecordResult: Received result for test: Unit_Testovi.ClanTest.vratiRokPreplate.
TpTrace Warning: 0 : 5072, 4, 2020/12/02, 21:25:00.330, 882997970170, testhost.dll, InProgressTests is null
TpTrace Warning: 0 : 5072, 4, 2020/12/02, 21:25:00.330, 882997970719, testhost.dll, TestRunCache: No test found corresponding to testResult 'vratiRokPreplate  Failed
  Message: Test method Unit_Testovi.ClanTest.vratiRokPreplate threw exception: 
System.InvalidOperationException: Neispravan format za password!
  StackTrace:
    at Filmoteka.Gost.set_Password(String value) in C:\Users\nadir\Desktop\VVSZadaca2\Filmoteka\Filmoteka\Gost.cs:line 38
   at Filmoteka.Gost..ctor(String user, String pass, String name, String surname) in C:\Users\nadir\Desktop\VVSZadaca2\Filmoteka\Filmoteka\Gost.cs:line 84
   at Filmoteka.Clan..ctor(String user, String pass, String name, String surname, DateTime endDate) in C:\Users\nadir\Desktop\VVSZadaca2\Filmoteka\Filmoteka\Clan.cs:line 31
   at Unit_Testovi.ClanTest.vratiRokPreplate() in C:\Users\nadir\Desktop\VVSZadaca2\Filmoteka\Unit Testovi\ClanTest.cs:line 40
' in inProgress list.
TpTrace Verbose: 0 : 5072, 4, 2020/12/02, 21:25:00.330, 882997971302, testhost.dll, TestExecutionRecorder.RecordStart: Starting test: Unit_Testovi.FilmotekaTest.FilmotekaTestKonstruktor1.
TpTrace Verbose: 0 : 5072, 4, 2020/12/02, 21:25:00.334, 882998013664, testhost.dll, TestExecutionRecorder.RecordEnd: test: Unit_Testovi.FilmotekaTest.FilmotekaTestKonstruktor1 execution completed.
TpTrace Verbose: 0 : 5072, 4, 2020/12/02, 21:25:00.335, 882998026240, testhost.dll, TestExecutionRecorder.RecordResult: Received result for test: Unit_Testovi.FilmotekaTest.FilmotekaTestKonstruktor1.
TpTrace Warning: 0 : 5072, 4, 2020/12/02, 21:25:00.335, 882998027166, testhost.dll, InProgressTests is null
TpTrace Warning: 0 : 5072, 4, 2020/12/02, 21:25:00.336, 882998029088, testhost.dll, TestRunCache: No test found corresponding to testResult 'FilmotekaTestKonstruktor1  Passed' in inProgress list.
TpTrace Verbose: 0 : 5072, 4, 2020/12/02, 21:25:00.336, 882998029737, testhost.dll, TestExecutionRecorder.RecordStart: Starting test: Unit_Testovi.FilmotekaTest.FilmotekaTestKonstruktor2.
TpTrace Verbose: 0 : 5072, 4, 2020/12/02, 21:25:00.337, 882998039647, testhost.dll, TestExecutionRecorder.RecordEnd: test: Unit_Testovi.FilmotekaTest.FilmotekaTestKonstruktor2 execution completed.
TpTrace Verbose: 0 : 5072, 4, 2020/12/02, 21:25:00.338, 882998048698, testhost.dll, TestExecutionRecorder.RecordResult: Received result for test: Unit_Testovi.FilmotekaTest.FilmotekaTestKonstruktor2.
TpTrace Warning: 0 : 5072, 4, 2020/12/02, 21:25:00.338, 882998049671, testhost.dll, InProgressTests is null
TpTrace Warning: 0 : 5072, 4, 2020/12/02, 21:25:00.338, 882998050426, testhost.dll, TestRunCache: No test found corresponding to testResult 'FilmotekaTestKonstruktor2  Passed' in inProgress list.
TpTrace Verbose: 0 : 5072, 4, 2020/12/02, 21:25:00.338, 882998051004, testhost.dll, TestExecutionRecorder.RecordStart: Starting test: Unit_Testovi.FilmotekaTest.DodajWatchlistuTest.
TpTrace Verbose: 0 : 5072, 4, 2020/12/02, 21:25:00.339, 882998062406, testhost.dll, TestExecutionRecorder.RecordEnd: test: Unit_Testovi.FilmotekaTest.DodajWatchlistuTest execution completed.
TpTrace Verbose: 0 : 5072, 4, 2020/12/02, 21:25:00.340, 882998074587, testhost.dll, TestExecutionRecorder.RecordResult: Received result for test: Unit_Testovi.FilmotekaTest.DodajWatchlistuTest.
TpTrace Warning: 0 : 5072, 4, 2020/12/02, 21:25:00.340, 882998075388, testhost.dll, InProgressTests is null
TpTrace Warning: 0 : 5072, 4, 2020/12/02, 21:25:00.340, 882998075936, testhost.dll, TestRunCache: No test found corresponding to testResult 'DodajWatchlistuTest  Passed' in inProgress list.
TpTrace Verbose: 0 : 5072, 4, 2020/12/02, 21:25:00.340, 882998076489, testhost.dll, TestExecutionRecorder.RecordStart: Starting test: Unit_Testovi.FilmotekaTest.DajSveFilmoveZaReziseraTest.
TpTrace Verbose: 0 : 5072, 4, 2020/12/02, 21:25:00.341, 882998085702, testhost.dll, TestExecutionRecorder.RecordEnd: test: Unit_Testovi.FilmotekaTest.DajSveFilmoveZaReziseraTest execution completed.
TpTrace Verbose: 0 : 5072, 4, 2020/12/02, 21:25:00.342, 882998094923, testhost.dll, TestExecutionRecorder.RecordResult: Received result for test: Unit_Testovi.FilmotekaTest.DajSveFilmoveZaReziseraTest.
TpTrace Warning: 0 : 5072, 4, 2020/12/02, 21:25:00.342, 882998096037, testhost.dll, InProgressTests is null
TpTrace Warning: 0 : 5072, 4, 2020/12/02, 21:25:00.342, 882998096729, testhost.dll, TestRunCache: No test found corresponding to testResult 'DajSveFilmoveZaReziseraTest  Passed' in inProgress list.
TpTrace Verbose: 0 : 5072, 4, 2020/12/02, 21:25:00.342, 882998097616, testhost.dll, TestExecutionRecorder.RecordStart: Starting test: Unit_Testovi.FilmotekaTest.RadSaKorisnicimaTest.
TpTrace Verbose: 0 : 5072, 4, 2020/12/02, 21:25:00.344, 882998109394, testhost.dll, TestExecutionRecorder.RecordEnd: test: Unit_Testovi.FilmotekaTest.RadSaKorisnicimaTest execution completed.
TpTrace Verbose: 0 : 5072, 4, 2020/12/02, 21:25:00.345, 882998120948, testhost.dll, TestExecutionRecorder.RecordResult: Received result for test: Unit_Testovi.FilmotekaTest.RadSaKorisnicimaTest.
TpTrace Warning: 0 : 5072, 4, 2020/12/02, 21:25:00.345, 882998122055, testhost.dll, InProgressTests is null
TpTrace Warning: 0 : 5072, 4, 2020/12/02, 21:25:00.345, 882998122589, testhost.dll, TestRunCache: No test found corresponding to testResult 'RadSaKorisnicimaTest  Passed' in inProgress list.
TpTrace Verbose: 0 : 5072, 4, 2020/12/02, 21:25:00.345, 882998123159, testhost.dll, TestExecutionRecorder.RecordStart: Starting test: Unit_Testovi.FilmTest.FilmTestKonstruktor1.
TpTrace Verbose: 0 : 5072, 4, 2020/12/02, 21:25:00.346, 882998135358, testhost.dll, TestExecutionRecorder.RecordEnd: test: Unit_Testovi.FilmTest.FilmTestKonstruktor1 execution completed.
TpTrace Verbose: 0 : 5072, 4, 2020/12/02, 21:25:00.347, 882998145695, testhost.dll, TestExecutionRecorder.RecordResult: Received result for test: Unit_Testovi.FilmTest.FilmTestKonstruktor1.
TpTrace Warning: 0 : 5072, 4, 2020/12/02, 21:25:00.347, 882998146502, testhost.dll, InProgressTests is null
TpTrace Warning: 0 : 5072, 4, 2020/12/02, 21:25:00.347, 882998147037, testhost.dll, TestRunCache: No test found corresponding to testResult 'FilmTestKonstruktor1  Passed' in inProgress list.
TpTrace Verbose: 0 : 5072, 4, 2020/12/02, 21:25:00.347, 882998147588, testhost.dll, TestExecutionRecorder.RecordStart: Starting test: Unit_Testovi.FilmTest.FilmTestKonstruktor2.
TpTrace Information: 0 : 5072, 4, 2020/12/02, 21:25:00.349, 882998164777, testhost.dll, Sending test run statistics
TpTrace Verbose: 0 : 5072, 4, 2020/12/02, 21:25:00.376, 882998434330, testhost.dll, TestRequestHandler.SendData:  sending data from testhost: {"Version":2,"MessageType":"TestExecution.StatsChange","Payload":{"NewTestResults":[{"TestCase":{"Id":"139572fd-680c-520c-cc6c-9653e8b199d2","FullyQualifiedName":"Unit_Testovi.ClanTest.ClanKonstruktor1","DisplayName":"ClanKonstruktor1","ExecutorUri":"executor://MSTestAdapter/v2","Source":"C:\\Users\\nadir\\Desktop\\VVSZadaca2\\Filmoteka\\Unit Testovi\\bin\\Debug\\fine-code-coverage\\Unit Testovi.dll","CodeFilePath":null,"LineNumber":-1,"Properties":[{"Key":{"Id":"MSTestDiscoverer.TestClassName","Label":"ClassName","Category":"","Description":"","Attributes":1,"ValueType":"System.String"},"Value":"Unit_Testovi.ClanTest"},{"Key":{"Id":"TestObject.Traits","Label":"Traits","Category":"","Description":"","Attributes":5,"ValueType":"System.Collections.Generic.KeyValuePair`2[[System.String],[System.String]][]"},"Value":[]}]},"Attachments":[],"Outcome":2,"ErrorMessage":"Test method Unit_Testovi.ClanTest.ClanKonstruktor1 threw exception: \r\nSystem.InvalidOperationException: Neispravan format za password!","ErrorStackTrace":"    at Filmoteka.Gost.set_Password(String value) in C:\\Users\\nadir\\Desktop\\VVSZadaca2\\Filmoteka\\Filmoteka\\Gost.cs:line 38\r\n   at Filmoteka.Gost..ctor(String user, String pass, String name, String surname) in C:\\Users\\nadir\\Desktop\\VVSZadaca2\\Filmoteka\\Filmoteka\\Gost.cs:line 84\r\n   at Filmoteka.Clan..ctor(String user, String pass, String name, String surname, DateTime endDate) in C:\\Users\\nadir\\Desktop\\VVSZadaca2\\Filmoteka\\Filmoteka\\Clan.cs:line 31\r\n   at Unit_Testovi.ClanTest.ClanKonstruktor1() in C:\\Users\\nadir\\Desktop\\VVSZadaca2\\Filmoteka\\Unit Testovi\\ClanTest.cs:line 16\r\n","DisplayName":null,"Messages":[],"ComputerName":null,"Duration":"00:00:00.0258699","StartTime":"2020-12-02T21:25:00.2409846+01:00","EndTime":"2020-12-02T21:25:00.2925311+01:00","Properties":[{"Key":{"Id":"ExecutionId","Label":"ExecutionId","Category":"","Description":"","Attributes":1,"ValueType":"System.Guid"},"Value":"00000000-0000-0000-0000-000000000000"},{"Key":{"Id":"ParentExecId","Label":"ParentExecId","Category":"","Description":"","Attributes":1,"ValueType":"System.Guid"},"Value":"00000000-0000-0000-0000-000000000000"},{"Key":{"Id":"InnerResultsCount","Label":"InnerResultsCount","Category":"","Description":"","Attributes":1,"ValueType":"System.Int32"},"Value":0}]},{"TestCase":{"Id":"d8983018-3355-41eb-a856-7c7fd6fe5c9f","FullyQualifiedName":"Unit_Testovi.ClanTest.vratiWatchList","DisplayName":"vratiWatchList","ExecutorUri":"executor://MSTestAdapter/v2","Source":"C:\\Users\\nadir\\Desktop\\VVSZadaca2\\Filmoteka\\Unit Testovi\\bin\\Debug\\fine-code-coverage\\Unit Testovi.dll","CodeFilePath":null,"LineNumber":-1,"Properties":[{"Key":{"Id":"MSTestDiscoverer.TestClassName","Label":"ClassName","Category":"","Description":"","Attributes":1,"ValueType":"System.String"},"Value":"Unit_Testovi.ClanTest"},{"Key":{"Id":"TestObject.Traits","Label":"Traits","Category":"","Description":"","Attributes":5,"ValueType":"System.Collections.Generic.KeyValuePair`2[[System.String],[System.String]][]"},"Value":[]}]},"Attachments":[],"Outcome":2,"ErrorMessage":"Test method Unit_Testovi.ClanTest.vratiWatchList threw exception: \r\nSystem.InvalidOperationException: Neispravan format za password!","ErrorStackTrace":"    at Filmoteka.Gost.set_Password(String value) in C:\\Users\\nadir\\Desktop\\VVSZadaca2\\Filmoteka\\Filmoteka\\Gost.cs:line 38\r\n   at Filmoteka.Gost..ctor(String user, String pass, String name, String surname) in C:\\Users\\nadir\\Desktop\\VVSZadaca2\\Filmoteka\\Filmoteka\\Gost.cs:line 84\r\n   at Filmoteka.Clan..ctor(String user, String pass, String name, String surname, DateTime endDate) in C:\\Users\\nadir\\Desktop\\VVSZadaca2\\Filmoteka\\Filmoteka\\Clan.cs:line 31\r\n   at Unit_Testovi.ClanTest.vratiWatchList() in C:\\Users\\nadir\\Desktop\\VVSZadaca2\\Filmoteka\\Unit Testovi\\ClanTest.cs:line 27\r\n","DisplayName":null,"Messages":[],"ComputerName":null,"Duration":"00:00:00.0009034","StartTime":"2020-12-02T21:25:00.3247204+01:00","EndTime":"2020-12-02T21:25:00.3257916+01:00","Properties":[{"Key":{"Id":"ExecutionId","Label":"ExecutionId","Category":"","Description":"","Attributes":1,"ValueType":"System.Guid"},"Value":"00000000-0000-0000-0000-000000000000"},{"Key":{"Id":"ParentExecId","Label":"ParentExecId","Category":"","Description":"","Attributes":1,"ValueType":"System.Guid"},"Value":"00000000-0000-0000-0000-000000000000"},{"Key":{"Id":"InnerResultsCount","Label":"InnerResultsCount","Category":"","Description":"","Attributes":1,"ValueType":"System.Int32"},"Value":0}]},{"TestCase":{"Id":"235154e2-4575-eb5b-08d3-30a8f52320f7","FullyQualifiedName":"Unit_Testovi.ClanTest.vratiRokPreplate","DisplayName":"vratiRokPreplate","ExecutorUri":"executor://MSTestAdapter/v2","Source":"C:\\Users\\nadir\\Desktop\\VVSZadaca2\\Filmoteka\\Unit Testovi\\bin\\Debug\\fine-code-coverage\\Unit Testovi.dll","CodeFilePath":null,"LineNumber":-1,"Properties":[{"Key":{"Id":"MSTestDiscoverer.TestClassName","Label":"ClassName","Category":"","Description":"","Attributes":1,"ValueType":"System.String"},"Value":"Unit_Testovi.ClanTest"},{"Key":{"Id":"TestObject.Traits","Label":"Traits","Category":"","Description":"","Attributes":5,"ValueType":"System.Collections.Generic.KeyValuePair`2[[System.String],[System.String]][]"},"Value":[]}]},"Attachments":[],"Outcome":2,"ErrorMessage":"Test method Unit_Testovi.ClanTest.vratiRokPreplate threw exception: \r\nSystem.InvalidOperationException: Neispravan format za password!","ErrorStackTrace":"    at Filmoteka.Gost.set_Password(String value) in C:\\Users\\nadir\\Desktop\\VVSZadaca2\\Filmoteka\\Filmoteka\\Gost.cs:line 38\r\n   at Filmoteka.Gost..ctor(String user, String pass, String name, String surname) in C:\\Users\\nadir\\Desktop\\VVSZadaca2\\Filmoteka\\Filmoteka\\Gost.cs:line 84\r\n   at Filmoteka.Clan..ctor(String user, String pass, String name, String surname, DateTime endDate) in C:\\Users\\nadir\\Desktop\\VVSZadaca2\\Filmoteka\\Filmoteka\\Clan.cs:line 31\r\n   at Unit_Testovi.ClanTest.vratiRokPreplate() in C:\\Users\\nadir\\Desktop\\VVSZadaca2\\Filmoteka\\Unit Testovi\\ClanTest.cs:line 40\r\n","DisplayName":null,"Messages":[],"ComputerName":null,"Duration":"00:00:00.0006457","StartTime":"2020-12-02T21:25:00.3281946+01:00","EndTime":"2020-12-02T21:25:00.3289915+01:00","Properties":[{"Key":{"Id":"ExecutionId","Label":"ExecutionId","Category":"","Description":"","Attributes":1,"ValueType":"System.Guid"},"Value":"00000000-0000-0000-0000-000000000000"},{"Key":{"Id":"ParentExecId","Label":"ParentExecId","Category":"","Description":"","Attributes":1,"ValueType":"System.Guid"},"Value":"00000000-0000-0000-0000-000000000000"},{"Key":{"Id":"InnerResultsCount","Label":"InnerResultsCount","Category":"","Description":"","Attributes":1,"ValueType":"System.Int32"},"Value":0}]},{"TestCase":{"Id":"830add01-5277-d6c6-a33f-8b2d18d00e49","FullyQualifiedName":"Unit_Testovi.FilmotekaTest.FilmotekaTestKonstruktor1","DisplayName":"FilmotekaTestKonstruktor1","ExecutorUri":"executor://MSTestAdapter/v2","Source":"C:\\Users\\nadir\\Desktop\\VVSZadaca2\\Filmoteka\\Unit Testovi\\bin\\Debug\\fine-code-coverage\\Unit Testovi.dll","CodeFilePath":null,"LineNumber":-1,"Properties":[{"Key":{"Id":"MSTestDiscoverer.TestClassName","Label":"ClassName","Category":"","Description":"","Attributes":1,"ValueType":"System.String"},"Value":"Unit_Testovi.FilmotekaTest"},{"Key":{"Id":"TestObject.Traits","Label":"Traits","Category":"","Description":"","Attributes":5,"ValueType":"System.Collections.Generic.KeyValuePair`2[[System.String],[System.String]][]"},"Value":[]}]},"Attachments":[],"Outcome":1,"ErrorMessage":null,"ErrorStackTrace":null,"DisplayName":null,"Messages":[],"ComputerName":null,"Duration":"00:00:00.0001595","StartTime":"2020-12-02T21:25:00.3341707+01:00","EndTime":"2020-12-02T21:25:00.3345748+01:00","Properties":[{"Key":{"Id":"ExecutionId","Label":"ExecutionId","Category":"","Description":"","Attributes":1,"ValueType":"System.Guid"},"Value":"00000000-0000-0000-0000-000000000000"},{"Key":{"Id":"ParentExecId","Label":"ParentExecId","Category":"","Description":"","Attributes":1,"ValueType":"System.Guid"},"Value":"00000000-0000-0000-0000-000000000000"},{"Key":{"Id":"InnerResultsCount","Label":"InnerResultsCount","Category":"","Description":"","Attributes":1,"ValueType":"System.Int32"},"Value":0}]},{"TestCase":{"Id":"e55661b8-2091-e054-9ca8-7c4e7b611965","FullyQualifiedName":"Unit_Testovi.FilmotekaTest.FilmotekaTestKonstruktor2","DisplayName":"FilmotekaTestKonstruktor2","ExecutorUri":"executor://MSTestAdapter/v2","Source":"C:\\Users\\nadir\\Desktop\\VVSZadaca2\\Filmoteka\\Unit Testovi\\bin\\Debug\\fine-code-coverage\\Unit Testovi.dll","CodeFilePath":null,"LineNumber":-1,"Properties":[{"Key":{"Id":"MSTestDiscoverer.TestClassName","Label":"ClassName","Category":"","Description":"","Attributes":1,"ValueType":"System.String"},"Value":"Unit_Testovi.FilmotekaTest"},{"Key":{"Id":"TestObject.Traits","Label":"Traits","Category":"","Description":"","Attributes":5,"ValueType":"System.Collections.Generic.KeyValuePair`2[[System.String],[System.String]][]"},"Value":[]}]},"Attachments":[],"Outcome":1,"ErrorMessage":null,"ErrorStackTrace":null,"DisplayName":null,"Messages":[],"ComputerName":null,"Duration":"00:00:00.0000771","StartTime":"2020-12-02T21:25:00.3369705+01:00","EndTime":"2020-12-02T21:25:00.3371772+01:00","Properties":[{"Key":{"Id":"ExecutionId","Label":"ExecutionId","Category":"","Description":"","Attributes":1,"ValueType":"System.Guid"},"Value":"00000000-0000-0000-0000-000000000000"},{"Key":{"Id":"ParentExecId","Label":"ParentExecId","Category":"","Description":"","Attributes":1,"ValueType":"System.Guid"},"Value":"00000000-0000-0000-0000-000000000000"},{"Key":{"Id":"InnerResultsCount","Label":"InnerResultsCount","Category":"","Description":"","Attributes":1,"ValueType":"System.Int32"},"Value":0}]},{"TestCase":{"Id":"cc26dc98-368f-72f4-126e-41ee00726230","FullyQualifiedName":"Unit_Testovi.FilmotekaTest.DodajWatchlistuTest","DisplayName":"DodajWatchlistuTest","ExecutorUri":"executor://MSTestAdapter/v2","Source":"C:\\Users\\nadir\\Desktop\\VVSZadaca2\\Filmoteka\\Unit Testovi\\bin\\Debug\\fine-code-coverage\\Unit Testovi.dll","CodeFilePath":null,"LineNumber":-1,"Properties":[{"Key":{"Id":"MSTestDiscoverer.TestClassName","Label":"ClassName","Category":"","Description":"","Attributes":1,"ValueType":"System.String"},"Value":"Unit_Testovi.FilmotekaTest"},{"Key":{"Id":"TestObject.Traits","Label":"Traits","Category":"","Description":"","Attributes":5,"ValueType":"System.Collections.Generic.KeyValuePair`2[[System.String],[System.String]][]"},"Value":[]}]},"Attachments":[],"Outcome":1,"ErrorMessage":null,"ErrorStackTrace":null,"DisplayName":null,"Messages":[],"ComputerName":null,"Duration":"00:00:00.0001333","StartTime":"2020-12-02T21:25:00.3391617+01:00","EndTime":"2020-12-02T21:25:00.3394494+01:00","Properties":[{"Key":{"Id":"ExecutionId","Label":"ExecutionId","Category":"","Description":"","Attributes":1,"ValueType":"System.Guid"},"Value":"00000000-0000-0000-0000-000000000000"},{"Key":{"Id":"ParentExecId","Label":"ParentExecId","Category":"","Description":"","Attributes":1,"ValueType":"System.Guid"},"Value":"00000000-0000-0000-0000-000000000000"},{"Key":{"Id":"InnerResultsCount","Label":"InnerResultsCount","Category":"","Description":"","Attributes":1,"ValueType":"System.Int32"},"Value":0}]},{"TestCase":{"Id":"3a8bf842-1414-c573-0562-859fdb513ec1","FullyQualifiedName":"Unit_Testovi.FilmotekaTest.DajSveFilmoveZaReziseraTest","DisplayName":"DajSveFilmoveZaReziseraTest","ExecutorUri":"executor://MSTestAdapter/v2","Source":"C:\\Users\\nadir\\Desktop\\VVSZadaca2\\Filmoteka\\Unit Testovi\\bin\\Debug\\fine-code-coverage\\Unit Testovi.dll","CodeFilePath":null,"LineNumber":-1,"Properties":[{"Key":{"Id":"MSTestDiscoverer.TestClassName","Label":"ClassName","Category":"","Description":"","Attributes":1,"ValueType":"System.String"},"Value":"Unit_Testovi.FilmotekaTest"},{"Key":{"Id":"TestObject.Traits","Label":"Traits","Category":"","Description":"","Attributes":5,"ValueType":"System.Collections.Generic.KeyValuePair`2[[System.String],[System.String]][]"},"Value":[]}]},"Attachments":[],"Outcome":1,"ErrorMessage":null,"ErrorStackTrace":null,"DisplayName":null,"Messages":[],"ComputerName":null,"Duration":"00:00:00.0000891","StartTime":"2020-12-02T21:25:00.3416077+01:00","EndTime":"2020-12-02T21:25:00.3417825+01:00","Properties":[{"Key":{"Id":"ExecutionId","Label":"ExecutionId","Category":"","Description":"","Attributes":1,"ValueType":"System.Guid"},"Value":"00000000-0000-0000-0000-000000000000"},{"Key":{"Id":"ParentExecId","Label":"ParentExecId","Category":"","Description":"","Attributes":1,"ValueType":"System.Guid"},"Value":"00000000-0000-0000-0000-000000000000"},{"Key":{"Id":"InnerResultsCount","Label":"InnerResultsCount","Category":"","Description":"","Attributes":1,"ValueType":"System.Int32"},"Value":0}]},{"TestCase":{"Id":"b942e361-4be5-f590-6aa4-9aad43bbea60","FullyQualifiedName":"Unit_Testovi.FilmotekaTest.RadSaKorisnicimaTest","DisplayName":"RadSaKorisnicimaTest","ExecutorUri":"executor://MSTestAdapter/v2","Source":"C:\\Users\\nadir\\Desktop\\VVSZadaca2\\Filmoteka\\Unit Testovi\\bin\\Debug\\fine-code-coverage\\Unit Testovi.dll","CodeFilePath":null,"LineNumber":-1,"Properties":[{"Key":{"Id":"MSTestDiscoverer.TestClassName","Label":"ClassName","Category":"","Description":"","Attributes":1,"ValueType":"System.String"},"Value":"Unit_Testovi.FilmotekaTest"},{"Key":{"Id":"TestObject.Traits","Label":"Traits","Category":"","Description":"","Attributes":5,"ValueType":"System.Collections.Generic.KeyValuePair`2[[System.String],[System.String]][]"},"Value":[]}]},"Attachments":[],"Outcome":1,"ErrorMessage":null,"ErrorStackTrace":null,"DisplayName":null,"Messages":[],"ComputerName":null,"Duration":"00:00:00.0001338","StartTime":"2020-12-02T21:25:00.3438748+01:00","EndTime":"2020-12-02T21:25:00.3441474+01:00","Properties":[{"Key":{"Id":"ExecutionId","Label":"ExecutionId","Category":"","Description":"","Attributes":1,"ValueType":"System.Guid"},"Value":"00000000-0000-0000-0000-000000000000"},{"Key":{"Id":"ParentExecId","Label":"ParentExecId","Category":"","Description":"","Attributes":1,"ValueType":"System.Guid"},"Value":"00000000-0000-0000-0000-000000000000"},{"Key":{"Id":"InnerResultsCount","Label":"InnerResultsCount","Category":"","Description":"","Attributes":1,"ValueType":"System.Int32"},"Value":0}]},{"TestCase":{"Id":"03a038aa-8497-4306-f9a2-05522e98cf00","FullyQualifiedName":"Unit_Testovi.FilmTest.FilmTestKonstruktor1","DisplayName":"FilmTestKonstruktor1","ExecutorUri":"executor://MSTestAdapter/v2","Source":"C:\\Users\\nadir\\Desktop\\VVSZadaca2\\Filmoteka\\Unit Testovi\\bin\\Debug\\fine-code-coverage\\Unit Testovi.dll","CodeFilePath":null,"LineNumber":-1,"Properties":[{"Key":{"Id":"MSTestDiscoverer.TestClassName","Label":"ClassName","Category":"","Description":"","Attributes":1,"ValueType":"System.String"},"Value":"Unit_Testovi.FilmTest"},{"Key":{"Id":"TestObject.Traits","Label":"Traits","Category":"","Description":"","Attributes":5,"ValueType":"System.Collections.Generic.KeyValuePair`2[[System.String],[System.String]][]"},"Value":[]}]},"Attachments":[],"Outcome":1,"ErrorMessage":null,"ErrorStackTrace":null,"DisplayName":null,"Messages":[],"ComputerName":null,"Duration":"00:00:00.0001558","StartTime":"2020-12-02T21:25:00.3463829+01:00","EndTime":"2020-12-02T21:25:00.346746+01:00","Properties":[{"Key":{"Id":"ExecutionId","Label":"ExecutionId","Category":"","Description":"","Attributes":1,"ValueType":"System.Guid"},"Value":"00000000-0000-0000-0000-000000000000"},{"Key":{"Id":"ParentExecId","Label":"ParentExecId","Category":"","Description":"","Attributes":1,"ValueType":"System.Guid"},"Value":"00000000-0000-0000-0000-000000000000"},{"Key":{"Id":"InnerResultsCount","Label":"InnerResultsCount","Category":"","Description":"","Attributes":1,"ValueType":"System.Int32"},"Value":0}]}],"TestRunStatistics":{"ExecutedTests":9,"Stats":{"Failed":3,"Passed":6}},"ActiveTests":[{"Id":"6d7f88f3-c0af-7e44-e254-a509de61f3a7","FullyQualifiedName":"Unit_Testovi.FilmTest.FilmTestKonstruktor2","DisplayName":"FilmTestKonstruktor2","ExecutorUri":"executor://MSTestAdapter/v2","Source":"C:\\Users\\nadir\\Desktop\\VVSZadaca2\\Filmoteka\\Unit Testovi\\bin\\Debug\\fine-code-coverage\\Unit Testovi.dll","CodeFilePath":null,"LineNumber":-1,"Properties":[{"Key":{"Id":"MSTestDiscoverer.TestClassName","Label":"ClassName","Category":"","Description":"","Attributes":1,"ValueType":"System.String"},"Value":"Unit_Testovi.FilmTest"},{"Key":{"Id":"TestObject.Traits","Label":"Traits","Category":"","Description":"","Attributes":5,"ValueType":"System.Collections.Generic.KeyValuePair`2[[System.String],[System.String]][]"},"Value":[]}]}]}}
TpTrace Verbose: 0 : 5072, 4, 2020/12/02, 21:25:00.377, 882998439506, testhost.dll, TestRunCache: OnNewTestResult: Notified the onCacheHit callback.
TpTrace Verbose: 0 : 5072, 4, 2020/12/02, 21:25:00.378, 882998450902, testhost.dll, TestExecutionRecorder.RecordEnd: test: Unit_Testovi.FilmTest.FilmTestKonstruktor2 execution completed.
TpTrace Warning: 0 : 5072, 4, 2020/12/02, 21:25:00.378, 882998451578, testhost.dll, InProgressTests is null
TpTrace Verbose: 0 : 5072, 4, 2020/12/02, 21:25:00.379, 882998463512, testhost.dll, TestExecutionRecorder.RecordResult: Received result for test: Unit_Testovi.FilmTest.FilmTestKonstruktor2.
TpTrace Warning: 0 : 5072, 4, 2020/12/02, 21:25:00.379, 882998464554, testhost.dll, InProgressTests is null
TpTrace Warning: 0 : 5072, 4, 2020/12/02, 21:25:00.379, 882998465173, testhost.dll, TestRunCache: No test found corresponding to testResult 'FilmTestKonstruktor2  Passed' in inProgress list.
TpTrace Verbose: 0 : 5072, 4, 2020/12/02, 21:25:00.379, 882998465779, testhost.dll, TestExecutionRecorder.RecordStart: Starting test: Unit_Testovi.GostTest.GostTestKonstruktor1.
TpTrace Verbose: 0 : 5072, 4, 2020/12/02, 21:25:00.381, 882998479609, testhost.dll, TestExecutionRecorder.RecordEnd: test: Unit_Testovi.GostTest.GostTestKonstruktor1 execution completed.
TpTrace Verbose: 0 : 5072, 4, 2020/12/02, 21:25:00.382, 882998494383, testhost.dll, TestExecutionRecorder.RecordResult: Received result for test: Unit_Testovi.GostTest.GostTestKonstruktor1.
TpTrace Warning: 0 : 5072, 4, 2020/12/02, 21:25:00.382, 882998496146, testhost.dll, InProgressTests is null
TpTrace Warning: 0 : 5072, 4, 2020/12/02, 21:25:00.382, 882998497133, testhost.dll, TestRunCache: No test found corresponding to testResult 'GostTestKonstruktor1  Passed' in inProgress list.
TpTrace Verbose: 0 : 5072, 4, 2020/12/02, 21:25:00.383, 882998497896, testhost.dll, TestExecutionRecorder.RecordStart: Starting test: Unit_Testovi.GostTest.GostTestKonstruktor2.
TpTrace Verbose: 0 : 5072, 4, 2020/12/02, 21:25:00.384, 882998513422, testhost.dll, TestExecutionRecorder.RecordEnd: test: Unit_Testovi.GostTest.GostTestKonstruktor2 execution completed.
TpTrace Verbose: 0 : 5072, 4, 2020/12/02, 21:25:00.385, 882998527057, testhost.dll, TestExecutionRecorder.RecordResult: Received result for test: Unit_Testovi.GostTest.GostTestKonstruktor2.
TpTrace Warning: 0 : 5072, 4, 2020/12/02, 21:25:00.386, 882998528086, testhost.dll, InProgressTests is null
TpTrace Warning: 0 : 5072, 4, 2020/12/02, 21:25:00.386, 882998528648, testhost.dll, TestRunCache: No test found corresponding to testResult 'GostTestKonstruktor2  Passed' in inProgress list.
TpTrace Verbose: 0 : 5072, 4, 2020/12/02, 21:25:00.386, 882998529234, testhost.dll, TestExecutionRecorder.RecordStart: Starting test: Unit_Testovi.GostTest.AutomatskiKorisnikiPodaciTest.
TpTrace Verbose: 0 : 5072, 4, 2020/12/02, 21:25:00.387, 882998544170, testhost.dll, TestExecutionRecorder.RecordEnd: test: Unit_Testovi.GostTest.AutomatskiKorisnikiPodaciTest execution completed.
TpTrace Verbose: 0 : 5072, 4, 2020/12/02, 21:25:00.388, 882998555016, testhost.dll, TestExecutionRecorder.RecordResult: Received result for test: Unit_Testovi.GostTest.AutomatskiKorisnikiPodaciTest.
TpTrace Warning: 0 : 5072, 4, 2020/12/02, 21:25:00.388, 882998555981, testhost.dll, InProgressTests is null
TpTrace Warning: 0 : 5072, 4, 2020/12/02, 21:25:00.388, 882998556545, testhost.dll, TestRunCache: No test found corresponding to testResult 'AutomatskiKorisnikiPodaciTest  Passed' in inProgress list.
TpTrace Verbose: 0 : 5072, 4, 2020/12/02, 21:25:00.388, 882998557216, testhost.dll, TestExecutionRecorder.RecordStart: Starting test: Unit_Testovi.NoveFunkcionalnostiTest.TestDajSveFilmoveSGlumcima1.
TpTrace Verbose: 0 : 5072, 4, 2020/12/02, 21:25:00.392, 882998593624, testhost.dll, TestExecutionRecorder.RecordEnd: test: Unit_Testovi.NoveFunkcionalnostiTest.TestDajSveFilmoveSGlumcima1 execution completed.
TpTrace Verbose: 0 : 5072, 4, 2020/12/02, 21:25:00.393, 882998605707, testhost.dll, TestExecutionRecorder.RecordResult: Received result for test: Unit_Testovi.NoveFunkcionalnostiTest.TestDajSveFilmoveSGlumcima1.
TpTrace Warning: 0 : 5072, 4, 2020/12/02, 21:25:00.393, 882998606768, testhost.dll, InProgressTests is null
TpTrace Warning: 0 : 5072, 4, 2020/12/02, 21:25:00.394, 882998608852, testhost.dll, TestRunCache: No test found corresponding to testResult 'TestDajSveFilmoveSGlumcima1  Passed
  Test Messages:
  StdOutMsgs:
1
' in inProgress list.
TpTrace Verbose: 0 : 5072, 4, 2020/12/02, 21:25:00.394, 882998609614, testhost.dll, TestExecutionRecorder.RecordStart: Starting test: Unit_Testovi.NoveFunkcionalnostiTest.TestDajSveFilmoveSGlumcima2.
TpTrace Verbose: 0 : 5072, 4, 2020/12/02, 21:25:00.395, 882998623605, testhost.dll, TestExecutionRecorder.RecordEnd: test: Unit_Testovi.NoveFunkcionalnostiTest.TestDajSveFilmoveSGlumcima2 execution completed.
TpTrace Verbose: 0 : 5072, 4, 2020/12/02, 21:25:00.396, 882998635608, testhost.dll, TestExecutionRecorder.RecordResult: Received result for test: Unit_Testovi.NoveFunkcionalnostiTest.TestDajSveFilmoveSGlumcima2.
TpTrace Warning: 0 : 5072, 4, 2020/12/02, 21:25:00.396, 882998636680, testhost.dll, InProgressTests is null
TpTrace Warning: 0 : 5072, 4, 2020/12/02, 21:25:00.396, 882998637249, testhost.dll, TestRunCache: No test found corresponding to testResult 'TestDajSveFilmoveSGlumcima2  Passed
  Test Messages:
  StdOutMsgs:
1
' in inProgress list.
TpTrace Verbose: 0 : 5072, 4, 2020/12/02, 21:25:00.397, 882998637839, testhost.dll, TestExecutionRecorder.RecordStart: Starting test: Unit_Testovi.NoveFunkcionalnostiTest.TestDajSveFilmoveSaGlumcimaIzuzetak.
TpTrace Verbose: 0 : 5072, 4, 2020/12/02, 21:25:00.399, 882998662565, testhost.dll, TestExecutionRecorder.RecordEnd: test: Unit_Testovi.NoveFunkcionalnostiTest.TestDajSveFilmoveSaGlumcimaIzuzetak execution completed.
TpTrace Verbose: 0 : 5072, 4, 2020/12/02, 21:25:00.400, 882998675635, testhost.dll, TestExecutionRecorder.RecordResult: Received result for test: Unit_Testovi.NoveFunkcionalnostiTest.TestDajSveFilmoveSaGlumcimaIzuzetak.
TpTrace Warning: 0 : 5072, 4, 2020/12/02, 21:25:00.400, 882998677014, testhost.dll, InProgressTests is null
TpTrace Warning: 0 : 5072, 4, 2020/12/02, 21:25:00.400, 882998677723, testhost.dll, TestRunCache: No test found corresponding to testResult 'TestDajSveFilmoveSaGlumcimaIzuzetak  Passed
  Test Messages:
  StdOutMsgs:
0
' in inProgress list.
TpTrace Verbose: 0 : 5072, 4, 2020/12/02, 21:25:00.401, 882998678348, testhost.dll, TestExecutionRecorder.RecordStart: Starting test: Unit_Testovi.NoveFunkcionalnostiTest.TestProduiRok1.
TpTrace Verbose: 0 : 5072, 4, 2020/12/02, 21:25:00.403, 882998698907, testhost.dll, TestExecutionRecorder.RecordEnd: test: Unit_Testovi.NoveFunkcionalnostiTest.TestProduiRok1 execution completed.
TpTrace Verbose: 0 : 5072, 4, 2020/12/02, 21:25:00.404, 882998711143, testhost.dll, TestExecutionRecorder.RecordResult: Received result for test: Unit_Testovi.NoveFunkcionalnostiTest.TestProduiRok1.
TpTrace Warning: 0 : 5072, 4, 2020/12/02, 21:25:00.404, 882998712147, testhost.dll, InProgressTests is null
TpTrace Warning: 0 : 5072, 4, 2020/12/02, 21:25:00.404, 882998712715, testhost.dll, TestRunCache: No test found corresponding to testResult 'TestProduiRok1  Passed' in inProgress list.
TpTrace Verbose: 0 : 5072, 4, 2020/12/02, 21:25:00.404, 882998713360, testhost.dll, TestExecutionRecorder.RecordStart: Starting test: Unit_Testovi.NoveFunkcionalnostiTest.TestProduiRok2.
TpTrace Verbose: 0 : 5072, 4, 2020/12/02, 21:25:00.406, 882998729770, testhost.dll, TestExecutionRecorder.RecordEnd: test: Unit_Testovi.NoveFunkcionalnostiTest.TestProduiRok2 execution completed.
TpTrace Verbose: 0 : 5072, 4, 2020/12/02, 21:25:00.407, 882998743028, testhost.dll, TestExecutionRecorder.RecordResult: Received result for test: Unit_Testovi.NoveFunkcionalnostiTest.TestProduiRok2.
TpTrace Warning: 0 : 5072, 4, 2020/12/02, 21:25:00.407, 882998744089, testhost.dll, InProgressTests is null
TpTrace Warning: 0 : 5072, 4, 2020/12/02, 21:25:00.407, 882998744899, testhost.dll, TestRunCache: No test found corresponding to testResult 'TestProduiRok2  Passed' in inProgress list.
TpTrace Verbose: 0 : 5072, 4, 2020/12/02, 21:25:00.407, 882998745497, testhost.dll, TestExecutionRecorder.RecordStart: Starting test: Unit_Testovi.NoveFunkcionalnostiTest.TestProduiRok3.
TpTrace Information: 0 : 5072, 4, 2020/12/02, 21:25:00.407, 882998746147, testhost.dll, Sending test run statistics
TpTrace Verbose: 0 : 5072, 4, 2020/12/02, 21:25:00.409, 882998762500, testhost.dll, TestRequestHandler.SendData:  sending data from testhost: {"Version":2,"MessageType":"TestExecution.StatsChange","Payload":{"NewTestResults":[{"TestCase":{"Id":"6d7f88f3-c0af-7e44-e254-a509de61f3a7","FullyQualifiedName":"Unit_Testovi.FilmTest.FilmTestKonstruktor2","DisplayName":"FilmTestKonstruktor2","ExecutorUri":"executor://MSTestAdapter/v2","Source":"C:\\Users\\nadir\\Desktop\\VVSZadaca2\\Filmoteka\\Unit Testovi\\bin\\Debug\\fine-code-coverage\\Unit Testovi.dll","CodeFilePath":null,"LineNumber":-1,"Properties":[{"Key":{"Id":"MSTestDiscoverer.TestClassName","Label":"ClassName","Category":"","Description":"","Attributes":1,"ValueType":"System.String"},"Value":"Unit_Testovi.FilmTest"},{"Key":{"Id":"TestObject.Traits","Label":"Traits","Category":"","Description":"","Attributes":5,"ValueType":"System.Collections.Generic.KeyValuePair`2[[System.String],[System.String]][]"},"Value":[]}]},"Attachments":[],"Outcome":1,"ErrorMessage":null,"ErrorStackTrace":null,"DisplayName":null,"Messages":[],"ComputerName":null,"Duration":"00:00:00.0000790","StartTime":"2020-12-02T21:25:00.3780794+01:00","EndTime":"2020-12-02T21:25:00.3782996+01:00","Properties":[{"Key":{"Id":"ExecutionId","Label":"ExecutionId","Category":"","Description":"","Attributes":1,"ValueType":"System.Guid"},"Value":"00000000-0000-0000-0000-000000000000"},{"Key":{"Id":"ParentExecId","Label":"ParentExecId","Category":"","Description":"","Attributes":1,"ValueType":"System.Guid"},"Value":"00000000-0000-0000-0000-000000000000"},{"Key":{"Id":"InnerResultsCount","Label":"InnerResultsCount","Category":"","Description":"","Attributes":1,"ValueType":"System.Int32"},"Value":0}]},{"TestCase":{"Id":"2a34a0e4-6794-7c5c-d0f0-c60b5cbbf6fd","FullyQualifiedName":"Unit_Testovi.GostTest.GostTestKonstruktor1","DisplayName":"GostTestKonstruktor1","ExecutorUri":"executor://MSTestAdapter/v2","Source":"C:\\Users\\nadir\\Desktop\\VVSZadaca2\\Filmoteka\\Unit Testovi\\bin\\Debug\\fine-code-coverage\\Unit Testovi.dll","CodeFilePath":null,"LineNumber":-1,"Properties":[{"Key":{"Id":"MSTestDiscoverer.TestClassName","Label":"ClassName","Category":"","Description":"","Attributes":1,"ValueType":"System.String"},"Value":"Unit_Testovi.GostTest"},{"Key":{"Id":"TestObject.Traits","Label":"Traits","Category":"","Description":"","Attributes":5,"ValueType":"System.Collections.Generic.KeyValuePair`2[[System.String],[System.String]][]"},"Value":[]}]},"Attachments":[],"Outcome":1,"ErrorMessage":null,"ErrorStackTrace":null,"DisplayName":null,"Messages":[],"ComputerName":null,"Duration":"00:00:00.0001363","StartTime":"2020-12-02T21:25:00.380809+01:00","EndTime":"2020-12-02T21:25:00.3811698+01:00","Properties":[{"Key":{"Id":"ExecutionId","Label":"ExecutionId","Category":"","Description":"","Attributes":1,"ValueType":"System.Guid"},"Value":"00000000-0000-0000-0000-000000000000"},{"Key":{"Id":"ParentExecId","Label":"ParentExecId","Category":"","Description":"","Attributes":1,"ValueType":"System.Guid"},"Value":"00000000-0000-0000-0000-000000000000"},{"Key":{"Id":"InnerResultsCount","Label":"InnerResultsCount","Category":"","Description":"","Attributes":1,"ValueType":"System.Int32"},"Value":0}]},{"TestCase":{"Id":"5329faea-753a-3783-8eac-5f5a6112fb03","FullyQualifiedName":"Unit_Testovi.GostTest.GostTestKonstruktor2","DisplayName":"GostTestKonstruktor2","ExecutorUri":"executor://MSTestAdapter/v2","Source":"C:\\Users\\nadir\\Desktop\\VVSZadaca2\\Filmoteka\\Unit Testovi\\bin\\Debug\\fine-code-coverage\\Unit Testovi.dll","CodeFilePath":null,"LineNumber":-1,"Properties":[{"Key":{"Id":"MSTestDiscoverer.TestClassName","Label":"ClassName","Category":"","Description":"","Attributes":1,"ValueType":"System.String"},"Value":"Unit_Testovi.GostTest"},{"Key":{"Id":"TestObject.Traits","Label":"Traits","Category":"","Description":"","Attributes":5,"ValueType":"System.Collections.Generic.KeyValuePair`2[[System.String],[System.String]][]"},"Value":[]}]},"Attachments":[],"Outcome":1,"ErrorMessage":null,"ErrorStackTrace":null,"DisplayName":null,"Messages":[],"ComputerName":null,"Duration":"00:00:00.0001653","StartTime":"2020-12-02T21:25:00.3841797+01:00","EndTime":"2020-12-02T21:25:00.3845408+01:00","Properties":[{"Key":{"Id":"ExecutionId","Label":"ExecutionId","Category":"","Description":"","Attributes":1,"ValueType":"System.Guid"},"Value":"00000000-0000-0000-0000-000000000000"},{"Key":{"Id":"ParentExecId","Label":"ParentExecId","Category":"","Description":"","Attributes":1,"ValueType":"System.Guid"},"Value":"00000000-0000-0000-0000-000000000000"},{"Key":{"Id":"InnerResultsCount","Label":"InnerResultsCount","Category":"","Description":"","Attributes":1,"ValueType":"System.Int32"},"Value":0}]},{"TestCase":{"Id":"7fb0bd75-b855-0371-f3a9-be12f246e7ae","FullyQualifiedName":"Unit_Testovi.GostTest.AutomatskiKorisnikiPodaciTest","DisplayName":"AutomatskiKorisnikiPodaciTest","ExecutorUri":"executor://MSTestAdapter/v2","Source":"C:\\Users\\nadir\\Desktop\\VVSZadaca2\\Filmoteka\\Unit Testovi\\bin\\Debug\\fine-code-coverage\\Unit Testovi.dll","CodeFilePath":null,"LineNumber":-1,"Properties":[{"Key":{"Id":"MSTestDiscoverer.TestClassName","Label":"ClassName","Category":"","Description":"","Attributes":1,"ValueType":"System.String"},"Value":"Unit_Testovi.GostTest"},{"Key":{"Id":"TestObject.Traits","Label":"Traits","Category":"","Description":"","Attributes":5,"ValueType":"System.Collections.Generic.KeyValuePair`2[[System.String],[System.String]][]"},"Value":[]}]},"Attachments":[],"Outcome":1,"ErrorMessage":null,"ErrorStackTrace":null,"DisplayName":null,"Messages":[],"ComputerName":null,"Duration":"00:00:00.0000829","StartTime":"2020-12-02T21:25:00.3874192+01:00","EndTime":"2020-12-02T21:25:00.3876265+01:00","Properties":[{"Key":{"Id":"ExecutionId","Label":"ExecutionId","Category":"","Description":"","Attributes":1,"ValueType":"System.Guid"},"Value":"00000000-0000-0000-0000-000000000000"},{"Key":{"Id":"ParentExecId","Label":"ParentExecId","Category":"","Description":"","Attributes":1,"ValueType":"System.Guid"},"Value":"00000000-0000-0000-0000-000000000000"},{"Key":{"Id":"InnerResultsCount","Label":"InnerResultsCount","Category":"","Description":"","Attributes":1,"ValueType":"System.Int32"},"Value":0}]},{"TestCase":{"Id":"1c352a7f-958a-a6b4-d8e1-b916a9458cf0","FullyQualifiedName":"Unit_Testovi.NoveFunkcionalnostiTest.TestDajSveFilmoveSGlumcima1","DisplayName":"TestDajSveFilmoveSGlumcima1","ExecutorUri":"executor://MSTestAdapter/v2","Source":"C:\\Users\\nadir\\Desktop\\VVSZadaca2\\Filmoteka\\Unit Testovi\\bin\\Debug\\fine-code-coverage\\Unit Testovi.dll","CodeFilePath":null,"LineNumber":-1,"Properties":[{"Key":{"Id":"MSTestDiscoverer.TestClassName","Label":"ClassName","Category":"","Description":"","Attributes":1,"ValueType":"System.String"},"Value":"Unit_Testovi.NoveFunkcionalnostiTest"},{"Key":{"Id":"TestObject.Traits","Label":"Traits","Category":"","Description":"","Attributes":5,"ValueType":"System.Collections.Generic.KeyValuePair`2[[System.String],[System.String]][]"},"Value":[]}]},"Attachments":[],"Outcome":1,"ErrorMessage":null,"ErrorStackTrace":null,"DisplayName":null,"Messages":[{"Category":"StdOutMsgs","Text":"1\r\n"}],"ComputerName":null,"Duration":"00:00:00.0023253","StartTime":"2020-12-02T21:25:00.3898861+01:00","EndTime":"2020-12-02T21:25:00.3924907+01:00","Properties":[{"Key":{"Id":"ExecutionId","Label":"ExecutionId","Category":"","Description":"","Attributes":1,"ValueType":"System.Guid"},"Value":"00000000-0000-0000-0000-000000000000"},{"Key":{"Id":"ParentExecId","Label":"ParentExecId","Category":"","Description":"","Attributes":1,"ValueType":"System.Guid"},"Value":"00000000-0000-0000-0000-000000000000"},{"Key":{"Id":"InnerResultsCount","Label":"InnerResultsCount","Category":"","Description":"","Attributes":1,"ValueType":"System.Int32"},"Value":0}]},{"TestCase":{"Id":"8878fe32-8883-05f3-b64b-634a4fe2459e","FullyQualifiedName":"Unit_Testovi.NoveFunkcionalnostiTest.TestDajSveFilmoveSGlumcima2","DisplayName":"TestDajSveFilmoveSGlumcima2","ExecutorUri":"executor://MSTestAdapter/v2","Source":"C:\\Users\\nadir\\Desktop\\VVSZadaca2\\Filmoteka\\Unit Testovi\\bin\\Debug\\fine-code-coverage\\Unit Testovi.dll","CodeFilePath":null,"LineNumber":-1,"Properties":[{"Key":{"Id":"MSTestDiscoverer.TestClassName","Label":"ClassName","Category":"","Description":"","Attributes":1,"ValueType":"System.String"},"Value":"Unit_Testovi.NoveFunkcionalnostiTest"},{"Key":{"Id":"TestObject.Traits","Label":"Traits","Category":"","Description":"","Attributes":5,"ValueType":"System.Collections.Generic.KeyValuePair`2[[System.String],[System.String]][]"},"Value":[]}]},"Attachments":[],"Outcome":1,"ErrorMessage":null,"ErrorStackTrace":null,"DisplayName":null,"Messages":[{"Category":"StdOutMsgs","Text":"1\r\n"}],"ComputerName":null,"Duration":"00:00:00.0002490","StartTime":"2020-12-02T21:25:00.3951469+01:00","EndTime":"2020-12-02T21:25:00.3955638+01:00","Properties":[{"Key":{"Id":"ExecutionId","Label":"ExecutionId","Category":"","Description":"","Attributes":1,"ValueType":"System.Guid"},"Value":"00000000-0000-0000-0000-000000000000"},{"Key":{"Id":"ParentExecId","Label":"ParentExecId","Category":"","Description":"","Attributes":1,"ValueType":"System.Guid"},"Value":"00000000-0000-0000-0000-000000000000"},{"Key":{"Id":"InnerResultsCount","Label":"InnerResultsCount","Category":"","Description":"","Attributes":1,"ValueType":"System.Int32"},"Value":0}]},{"TestCase":{"Id":"540364fc-aa0e-893b-b9c6-b3574792c46d","FullyQualifiedName":"Unit_Testovi.NoveFunkcionalnostiTest.TestDajSveFilmoveSaGlumcimaIzuzetak","DisplayName":"TestDajSveFilmoveSaGlumcimaIzuzetak","ExecutorUri":"executor://MSTestAdapter/v2","Source":"C:\\Users\\nadir\\Desktop\\VVSZadaca2\\Filmoteka\\Unit Testovi\\bin\\Debug\\fine-code-coverage\\Unit Testovi.dll","CodeFilePath":null,"LineNumber":-1,"Properties":[{"Key":{"Id":"MSTestDiscoverer.TestClassName","Label":"ClassName","Category":"","Description":"","Attributes":1,"ValueType":"System.String"},"Value":"Unit_Testovi.NoveFunkcionalnostiTest"},{"Key":{"Id":"TestObject.Traits","Label":"Traits","Category":"","Description":"","Attributes":5,"ValueType":"System.Collections.Generic.KeyValuePair`2[[System.String],[System.String]][]"},"Value":[]}]},"Attachments":[],"Outcome":1,"ErrorMessage":null,"ErrorStackTrace":null,"DisplayName":null,"Messages":[{"Category":"StdOutMsgs","Text":"0\r\n"}],"ComputerName":null,"Duration":"00:00:00.0012528","StartTime":"2020-12-02T21:25:00.3979147+01:00","EndTime":"2020-12-02T21:25:00.3994472+01:00","Properties":[{"Key":{"Id":"ExecutionId","Label":"ExecutionId","Category":"","Description":"","Attributes":1,"ValueType":"System.Guid"},"Value":"00000000-0000-0000-0000-000000000000"},{"Key":{"Id":"ParentExecId","Label":"ParentExecId","Category":"","Description":"","Attributes":1,"ValueType":"System.Guid"},"Value":"00000000-0000-0000-0000-000000000000"},{"Key":{"Id":"InnerResultsCount","Label":"InnerResultsCount","Category":"","Description":"","Attributes":1,"ValueType":"System.Int32"},"Value":0}]},{"TestCase":{"Id":"4b7b20d5-9a0e-8dd8-b49c-d6558eb7178d","FullyQualifiedName":"Unit_Testovi.NoveFunkcionalnostiTest.TestProduiRok1","DisplayName":"TestProduiRok1","ExecutorUri":"executor://MSTestAdapter/v2","Source":"C:\\Users\\nadir\\Desktop\\VVSZadaca2\\Filmoteka\\Unit Testovi\\bin\\Debug\\fine-code-coverage\\Unit Testovi.dll","CodeFilePath":null,"LineNumber":-1,"Properties":[{"Key":{"Id":"MSTestDiscoverer.TestClassName","Label":"ClassName","Category":"","Description":"","Attributes":1,"ValueType":"System.String"},"Value":"Unit_Testovi.NoveFunkcionalnostiTest"},{"Key":{"Id":"TestObject.Traits","Label":"Traits","Category":"","Description":"","Attributes":5,"ValueType":"System.Collections.Generic.KeyValuePair`2[[System.String],[System.String]][]"},"Value":[]}]},"Attachments":[],"Outcome":1,"ErrorMessage":null,"ErrorStackTrace":null,"DisplayName":null,"Messages":[],"ComputerName":null,"Duration":"00:00:00.0009560","StartTime":"2020-12-02T21:25:00.4019997+01:00","EndTime":"2020-12-02T21:25:00.403099+01:00","Properties":[{"Key":{"Id":"ExecutionId","Label":"ExecutionId","Category":"","Description":"","Attributes":1,"ValueType":"System.Guid"},"Value":"00000000-0000-0000-0000-000000000000"},{"Key":{"Id":"ParentExecId","Label":"ParentExecId","Category":"","Description":"","Attributes":1,"ValueType":"System.Guid"},"Value":"00000000-0000-0000-0000-000000000000"},{"Key":{"Id":"InnerResultsCount","Label":"InnerResultsCount","Category":"","Description":"","Attributes":1,"ValueType":"System.Int32"},"Value":0}]},{"TestCase":{"Id":"53eb3b1a-f647-b499-c6f1-e2ffca99d5b6","FullyQualifiedName":"Unit_Testovi.NoveFunkcionalnostiTest.TestProduiRok2","DisplayName":"TestProduiRok2","ExecutorUri":"executor://MSTestAdapter/v2","Source":"C:\\Users\\nadir\\Desktop\\VVSZadaca2\\Filmoteka\\Unit Testovi\\bin\\Debug\\fine-code-coverage\\Unit Testovi.dll","CodeFilePath":null,"LineNumber":-1,"Properties":[{"Key":{"Id":"MSTestDiscoverer.TestClassName","Label":"ClassName","Category":"","Description":"","Attributes":1,"ValueType":"System.String"},"Value":"Unit_Testovi.NoveFunkcionalnostiTest"},{"Key":{"Id":"TestObject.Traits","Label":"Traits","Category":"","Description":"","Attributes":5,"ValueType":"System.Collections.Generic.KeyValuePair`2[[System.String],[System.String]][]"},"Value":[]}]},"Attachments":[],"Outcome":1,"ErrorMessage":null,"ErrorStackTrace":null,"DisplayName":null,"Messages":[],"ComputerName":null,"Duration":"00:00:00.0005481","StartTime":"2020-12-02T21:25:00.4054643+01:00","EndTime":"2020-12-02T21:25:00.4061847+01:00","Properties":[{"Key":{"Id":"ExecutionId","Label":"ExecutionId","Category":"","Description":"","Attributes":1,"ValueType":"System.Guid"},"Value":"00000000-0000-0000-0000-000000000000"},{"Key":{"Id":"ParentExecId","Label":"ParentExecId","Category":"","Description":"","Attributes":1,"ValueType":"System.Guid"},"Value":"00000000-0000-0000-0000-000000000000"},{"Key":{"Id":"InnerResultsCount","Label":"InnerResultsCount","Category":"","Description":"","Attributes":1,"ValueType":"System.Int32"},"Value":0}]}],"TestRunStatistics":{"ExecutedTests":18,"Stats":{"Failed":3,"Passed":15}},"ActiveTests":[{"Id":"32e93761-4041-c528-a24d-293a91ce0988","FullyQualifiedName":"Unit_Testovi.NoveFunkcionalnostiTest.TestProduiRok3","DisplayName":"TestProduiRok3","ExecutorUri":"executor://MSTestAdapter/v2","Source":"C:\\Users\\nadir\\Desktop\\VVSZadaca2\\Filmoteka\\Unit Testovi\\bin\\Debug\\fine-code-coverage\\Unit Testovi.dll","CodeFilePath":null,"LineNumber":-1,"Properties":[{"Key":{"Id":"MSTestDiscoverer.TestClassName","Label":"ClassName","Category":"","Description":"","Attributes":1,"ValueType":"System.String"},"Value":"Unit_Testovi.NoveFunkcionalnostiTest"},{"Key":{"Id":"TestObject.Traits","Label":"Traits","Category":"","Description":"","Attributes":5,"ValueType":"System.Collections.Generic.KeyValuePair`2[[System.String],[System.String]][]"},"Value":[]}]}]}}
TpTrace Verbose: 0 : 5072, 4, 2020/12/02, 21:25:00.410, 882998771042, testhost.dll, TestRunCache: OnNewTestResult: Notified the onCacheHit callback.
TpTrace Verbose: 0 : 5072, 4, 2020/12/02, 21:25:00.412, 882998788054, testhost.dll, TestExecutionRecorder.RecordEnd: test: Unit_Testovi.NoveFunkcionalnostiTest.TestProduiRok3 execution completed.
TpTrace Warning: 0 : 5072, 4, 2020/12/02, 21:25:00.412, 882998788827, testhost.dll, InProgressTests is null
TpTrace Verbose: 0 : 5072, 4, 2020/12/02, 21:25:00.413, 882998800365, testhost.dll, TestExecutionRecorder.RecordResult: Received result for test: Unit_Testovi.NoveFunkcionalnostiTest.TestProduiRok3.
TpTrace Warning: 0 : 5072, 4, 2020/12/02, 21:25:00.413, 882998801328, testhost.dll, InProgressTests is null
TpTrace Warning: 0 : 5072, 4, 2020/12/02, 21:25:00.413, 882998801982, testhost.dll, TestRunCache: No test found corresponding to testResult 'TestProduiRok3  Passed' in inProgress list.
TpTrace Verbose: 0 : 5072, 4, 2020/12/02, 21:25:00.413, 882998802572, testhost.dll, TestExecutionRecorder.RecordStart: Starting test: Unit_Testovi.NoveFunkcionalnostiTest.TestAutomatskiKorisnikiPodaci1.
TpTrace Verbose: 0 : 5072, 4, 2020/12/02, 21:25:00.415, 882998825173, testhost.dll, TestExecutionRecorder.RecordEnd: test: Unit_Testovi.NoveFunkcionalnostiTest.TestAutomatskiKorisnikiPodaci1 execution completed.
TpTrace Verbose: 0 : 5072, 4, 2020/12/02, 21:25:00.417, 882998838899, testhost.dll, TestExecutionRecorder.RecordResult: Received result for test: Unit_Testovi.NoveFunkcionalnostiTest.TestAutomatskiKorisnikiPodaci1.
TpTrace Warning: 0 : 5072, 4, 2020/12/02, 21:25:00.417, 882998840273, testhost.dll, InProgressTests is null
TpTrace Warning: 0 : 5072, 4, 2020/12/02, 21:25:00.417, 882998840889, testhost.dll, TestRunCache: No test found corresponding to testResult 'TestAutomatskiKorisnikiPodaci1  Passed' in inProgress list.
TpTrace Verbose: 0 : 5072, 4, 2020/12/02, 21:25:00.417, 882998841498, testhost.dll, TestExecutionRecorder.RecordStart: Starting test: Unit_Testovi.NoveFunkcionalnostiTest.TestAutomatskiKorisnikiPodaci2.
TpTrace Verbose: 0 : 5072, 4, 2020/12/02, 21:25:00.419, 882998858049, testhost.dll, TestExecutionRecorder.RecordEnd: test: Unit_Testovi.NoveFunkcionalnostiTest.TestAutomatskiKorisnikiPodaci2 execution completed.
TpTrace Verbose: 0 : 5072, 4, 2020/12/02, 21:25:00.420, 882998870904, testhost.dll, TestExecutionRecorder.RecordResult: Received result for test: Unit_Testovi.NoveFunkcionalnostiTest.TestAutomatskiKorisnikiPodaci2.
TpTrace Warning: 0 : 5072, 4, 2020/12/02, 21:25:00.420, 882998871929, testhost.dll, InProgressTests is null
TpTrace Warning: 0 : 5072, 4, 2020/12/02, 21:25:00.420, 882998872505, testhost.dll, TestRunCache: No test found corresponding to testResult 'TestAutomatskiKorisnikiPodaci2  Passed' in inProgress list.
TpTrace Verbose: 0 : 5072, 4, 2020/12/02, 21:25:00.420, 882998873154, testhost.dll, TestExecutionRecorder.RecordStart: Starting test: Unit_Testovi.NoveFunkcionalnostiTest.TestAutomatskiKorisnikiPodaci3.
TpTrace Verbose: 0 : 5072, 4, 2020/12/02, 21:25:00.421, 882998885603, testhost.dll, TestExecutionRecorder.RecordEnd: test: Unit_Testovi.NoveFunkcionalnostiTest.TestAutomatskiKorisnikiPodaci3 execution completed.
TpTrace Verbose: 0 : 5072, 4, 2020/12/02, 21:25:00.422, 882998897107, testhost.dll, TestExecutionRecorder.RecordResult: Received result for test: Unit_Testovi.NoveFunkcionalnostiTest.TestAutomatskiKorisnikiPodaci3.
TpTrace Warning: 0 : 5072, 4, 2020/12/02, 21:25:00.423, 882998898134, testhost.dll, InProgressTests is null
TpTrace Warning: 0 : 5072, 4, 2020/12/02, 21:25:00.423, 882998898690, testhost.dll, TestRunCache: No test found corresponding to testResult 'TestAutomatskiKorisnikiPodaci3  Passed' in inProgress list.
TpTrace Verbose: 0 : 5072, 4, 2020/12/02, 21:25:00.423, 882998899290, testhost.dll, TestExecutionRecorder.RecordStart: Starting test: Unit_Testovi.NoveFunkcionalnostiTest.DajSrednjuOcjenuSvihFilmova1.
TpTrace Verbose: 0 : 5072, 4, 2020/12/02, 21:25:00.428, 882998954702, testhost.dll, TestExecutionRecorder.RecordEnd: test: Unit_Testovi.NoveFunkcionalnostiTest.DajSrednjuOcjenuSvihFilmova1 execution completed.
TpTrace Verbose: 0 : 5072, 4, 2020/12/02, 21:25:00.429, 882998967180, testhost.dll, TestExecutionRecorder.RecordResult: Received result for test: Unit_Testovi.NoveFunkcionalnostiTest.DajSrednjuOcjenuSvihFilmova1.
TpTrace Warning: 0 : 5072, 4, 2020/12/02, 21:25:00.430, 882998968306, testhost.dll, InProgressTests is null
TpTrace Warning: 0 : 5072, 4, 2020/12/02, 21:25:00.430, 882998968872, testhost.dll, TestRunCache: No test found corresponding to testResult 'DajSrednjuOcjenuSvihFilmova1  Passed' in inProgress list.
TpTrace Verbose: 0 : 5072, 4, 2020/12/02, 21:25:00.430, 882998969497, testhost.dll, TestExecutionRecorder.RecordStart: Starting test: Unit_Testovi.NoveFunkcionalnostiTest.DajSrednjuOcjenuSvihFilmova2.
TpTrace Verbose: 0 : 5072, 4, 2020/12/02, 21:25:00.431, 882998986302, testhost.dll, TestExecutionRecorder.RecordEnd: test: Unit_Testovi.NoveFunkcionalnostiTest.DajSrednjuOcjenuSvihFilmova2 execution completed.
TpTrace Verbose: 0 : 5072, 4, 2020/12/02, 21:25:00.433, 882999002757, testhost.dll, TestExecutionRecorder.RecordResult: Received result for test: Unit_Testovi.NoveFunkcionalnostiTest.DajSrednjuOcjenuSvihFilmova2.
TpTrace Warning: 0 : 5072, 4, 2020/12/02, 21:25:00.433, 882999004169, testhost.dll, InProgressTests is null
TpTrace Warning: 0 : 5072, 4, 2020/12/02, 21:25:00.433, 882999005048, testhost.dll, TestRunCache: No test found corresponding to testResult 'DajSrednjuOcjenuSvihFilmova2  Passed' in inProgress list.
TpTrace Verbose: 0 : 5072, 4, 2020/12/02, 21:25:00.433, 882999006442, testhost.dll, TestExecutionRecorder.RecordStart: Starting test: Unit_Testovi.NoviTestovi.TestZamjenskiObjekat.
TpTrace Verbose: 0 : 5072, 4, 2020/12/02, 21:25:00.436, 882999035967, testhost.dll, TestExecutionRecorder.RecordEnd: test: Unit_Testovi.NoviTestovi.TestZamjenskiObjekat execution completed.
TpTrace Verbose: 0 : 5072, 4, 2020/12/02, 21:25:00.438, 882999048872, testhost.dll, TestExecutionRecorder.RecordResult: Received result for test: Unit_Testovi.NoviTestovi.TestZamjenskiObjekat.
TpTrace Warning: 0 : 5072, 4, 2020/12/02, 21:25:00.438, 882999049986, testhost.dll, InProgressTests is null
TpTrace Warning: 0 : 5072, 4, 2020/12/02, 21:25:00.438, 882999050530, testhost.dll, TestRunCache: No test found corresponding to testResult 'TestZamjenskiObjekat  Passed' in inProgress list.
TpTrace Verbose: 0 : 5072, 4, 2020/12/02, 21:25:00.438, 882999051093, testhost.dll, TestExecutionRecorder.RecordStart: Starting test: Unit_Testovi.NoviTestovi.TestDodajNastavakIstiGlumci.
TpTrace Verbose: 0 : 5072, 4, 2020/12/02, 21:25:00.440, 882999076348, testhost.dll, TestExecutionRecorder.RecordEnd: test: Unit_Testovi.NoviTestovi.TestDodajNastavakIstiGlumci execution completed.
TpTrace Verbose: 0 : 5072, 4, 2020/12/02, 21:25:00.442, 882999088118, testhost.dll, TestExecutionRecorder.RecordResult: Received result for test: Unit_Testovi.NoviTestovi.TestDodajNastavakIstiGlumci.
TpTrace Warning: 0 : 5072, 4, 2020/12/02, 21:25:00.442, 882999089027, testhost.dll, InProgressTests is null
TpTrace Warning: 0 : 5072, 4, 2020/12/02, 21:25:00.442, 882999089586, testhost.dll, TestRunCache: No test found corresponding to testResult 'TestDodajNastavakIstiGlumci  Passed' in inProgress list.
TpTrace Verbose: 0 : 5072, 4, 2020/12/02, 21:25:00.442, 882999090486, testhost.dll, TestExecutionRecorder.RecordStart: Starting test: Unit_Testovi.NoviTestovi.TestDodajNastavakRazlicitiGlumci.
TpTrace Verbose: 0 : 5072, 4, 2020/12/02, 21:25:00.444, 882999108504, testhost.dll, TestExecutionRecorder.RecordEnd: test: Unit_Testovi.NoviTestovi.TestDodajNastavakRazlicitiGlumci execution completed.
TpTrace Verbose: 0 : 5072, 4, 2020/12/02, 21:25:00.445, 882999123145, testhost.dll, TestExecutionRecorder.RecordResult: Received result for test: Unit_Testovi.NoviTestovi.TestDodajNastavakRazlicitiGlumci.
TpTrace Warning: 0 : 5072, 4, 2020/12/02, 21:25:00.445, 882999124517, testhost.dll, InProgressTests is null
TpTrace Warning: 0 : 5072, 4, 2020/12/02, 21:25:00.445, 882999125128, testhost.dll, TestRunCache: No test found corresponding to testResult 'TestDodajNastavakRazlicitiGlumci  Passed' in inProgress list.
TpTrace Verbose: 0 : 5072, 4, 2020/12/02, 21:25:00.445, 882999125885, testhost.dll, TestExecutionRecorder.RecordStart: Starting test: Unit_Testovi.NoviTestovi.TestDodajNastavakIzuzetak.
TpTrace Information: 0 : 5072, 4, 2020/12/02, 21:25:00.445, 882999126565, testhost.dll, Sending test run statistics
TpTrace Verbose: 0 : 5072, 4, 2020/12/02, 21:25:00.447, 882999138530, testhost.dll, TestRequestHandler.SendData:  sending data from testhost: {"Version":2,"MessageType":"TestExecution.StatsChange","Payload":{"NewTestResults":[{"TestCase":{"Id":"32e93761-4041-c528-a24d-293a91ce0988","FullyQualifiedName":"Unit_Testovi.NoveFunkcionalnostiTest.TestProduiRok3","DisplayName":"TestProduiRok3","ExecutorUri":"executor://MSTestAdapter/v2","Source":"C:\\Users\\nadir\\Desktop\\VVSZadaca2\\Filmoteka\\Unit Testovi\\bin\\Debug\\fine-code-coverage\\Unit Testovi.dll","CodeFilePath":null,"LineNumber":-1,"Properties":[{"Key":{"Id":"MSTestDiscoverer.TestClassName","Label":"ClassName","Category":"","Description":"","Attributes":1,"ValueType":"System.String"},"Value":"Unit_Testovi.NoveFunkcionalnostiTest"},{"Key":{"Id":"TestObject.Traits","Label":"Traits","Category":"","Description":"","Attributes":5,"ValueType":"System.Collections.Generic.KeyValuePair`2[[System.String],[System.String]][]"},"Value":[]}]},"Attachments":[],"Outcome":1,"ErrorMessage":null,"ErrorStackTrace":null,"DisplayName":null,"Messages":[],"ComputerName":null,"Duration":"00:00:00.0004782","StartTime":"2020-12-02T21:25:00.411363+01:00","EndTime":"2020-12-02T21:25:00.4120138+01:00","Properties":[{"Key":{"Id":"ExecutionId","Label":"ExecutionId","Category":"","Description":"","Attributes":1,"ValueType":"System.Guid"},"Value":"00000000-0000-0000-0000-000000000000"},{"Key":{"Id":"ParentExecId","Label":"ParentExecId","Category":"","Description":"","Attributes":1,"ValueType":"System.Guid"},"Value":"00000000-0000-0000-0000-000000000000"},{"Key":{"Id":"InnerResultsCount","Label":"InnerResultsCount","Category":"","Description":"","Attributes":1,"ValueType":"System.Int32"},"Value":0}]},{"TestCase":{"Id":"2c576a29-2974-593d-6472-05da85d679ef","FullyQualifiedName":"Unit_Testovi.NoveFunkcionalnostiTest.TestAutomatskiKorisnikiPodaci1","DisplayName":"TestAutomatskiKorisnikiPodaci1","ExecutorUri":"executor://MSTestAdapter/v2","Source":"C:\\Users\\nadir\\Desktop\\VVSZadaca2\\Filmoteka\\Unit Testovi\\bin\\Debug\\fine-code-coverage\\Unit Testovi.dll","CodeFilePath":null,"LineNumber":-1,"Properties":[{"Key":{"Id":"MSTestDiscoverer.TestClassName","Label":"ClassName","Category":"","Description":"","Attributes":1,"ValueType":"System.String"},"Value":"Unit_Testovi.NoveFunkcionalnostiTest"},{"Key":{"Id":"TestObject.Traits","Label":"Traits","Category":"","Description":"","Attributes":5,"ValueType":"System.Collections.Generic.KeyValuePair`2[[System.String],[System.String]][]"},"Value":[]}]},"Attachments":[],"Outcome":1,"ErrorMessage":null,"ErrorStackTrace":null,"DisplayName":null,"Messages":[],"ComputerName":null,"Duration":"00:00:00.0011467","StartTime":"2020-12-02T21:25:00.4143795+01:00","EndTime":"2020-12-02T21:25:00.4157115+01:00","Properties":[{"Key":{"Id":"ExecutionId","Label":"ExecutionId","Category":"","Description":"","Attributes":1,"ValueType":"System.Guid"},"Value":"00000000-0000-0000-0000-000000000000"},{"Key":{"Id":"ParentExecId","Label":"ParentExecId","Category":"","Description":"","Attributes":1,"ValueType":"System.Guid"},"Value":"00000000-0000-0000-0000-000000000000"},{"Key":{"Id":"InnerResultsCount","Label":"InnerResultsCount","Category":"","Description":"","Attributes":1,"ValueType":"System.Int32"},"Value":0}]},{"TestCase":{"Id":"c231ae96-6bd5-9e36-dabc-2f551a7100b2","FullyQualifiedName":"Unit_Testovi.NoveFunkcionalnostiTest.TestAutomatskiKorisnikiPodaci2","DisplayName":"TestAutomatskiKorisnikiPodaci2","ExecutorUri":"executor://MSTestAdapter/v2","Source":"C:\\Users\\nadir\\Desktop\\VVSZadaca2\\Filmoteka\\Unit Testovi\\bin\\Debug\\fine-code-coverage\\Unit Testovi.dll","CodeFilePath":null,"LineNumber":-1,"Properties":[{"Key":{"Id":"MSTestDiscoverer.TestClassName","Label":"ClassName","Category":"","Description":"","Attributes":1,"ValueType":"System.String"},"Value":"Unit_Testovi.NoveFunkcionalnostiTest"},{"Key":{"Id":"TestObject.Traits","Label":"Traits","Category":"","Description":"","Attributes":5,"ValueType":"System.Collections.Generic.KeyValuePair`2[[System.String],[System.String]][]"},"Value":[]}]},"Attachments":[],"Outcome":1,"ErrorMessage":null,"ErrorStackTrace":null,"DisplayName":null,"Messages":[],"ComputerName":null,"Duration":"00:00:00.0004549","StartTime":"2020-12-02T21:25:00.4183776+01:00","EndTime":"2020-12-02T21:25:00.4190087+01:00","Properties":[{"Key":{"Id":"ExecutionId","Label":"ExecutionId","Category":"","Description":"","Attributes":1,"ValueType":"System.Guid"},"Value":"00000000-0000-0000-0000-000000000000"},{"Key":{"Id":"ParentExecId","Label":"ParentExecId","Category":"","Description":"","Attributes":1,"ValueType":"System.Guid"},"Value":"00000000-0000-0000-0000-000000000000"},{"Key":{"Id":"InnerResultsCount","Label":"InnerResultsCount","Category":"","Description":"","Attributes":1,"ValueType":"System.Int32"},"Value":0}]},{"TestCase":{"Id":"53eaad6d-c2a4-15a9-8293-2330bcc64da2","FullyQualifiedName":"Unit_Testovi.NoveFunkcionalnostiTest.TestAutomatskiKorisnikiPodaci3","DisplayName":"TestAutomatskiKorisnikiPodaci3","ExecutorUri":"executor://MSTestAdapter/v2","Source":"C:\\Users\\nadir\\Desktop\\VVSZadaca2\\Filmoteka\\Unit Testovi\\bin\\Debug\\fine-code-coverage\\Unit Testovi.dll","CodeFilePath":null,"LineNumber":-1,"Properties":[{"Key":{"Id":"MSTestDiscoverer.TestClassName","Label":"ClassName","Category":"","Description":"","Attributes":1,"ValueType":"System.String"},"Value":"Unit_Testovi.NoveFunkcionalnostiTest"},{"Key":{"Id":"TestObject.Traits","Label":"Traits","Category":"","Description":"","Attributes":5,"ValueType":"System.Collections.Generic.KeyValuePair`2[[System.String],[System.String]][]"},"Value":[]}]},"Attachments":[],"Outcome":1,"ErrorMessage":null,"ErrorStackTrace":null,"DisplayName":null,"Messages":[],"ComputerName":null,"Duration":"00:00:00.0001565","StartTime":"2020-12-02T21:25:00.4214895+01:00","EndTime":"2020-12-02T21:25:00.4217693+01:00","Properties":[{"Key":{"Id":"ExecutionId","Label":"ExecutionId","Category":"","Description":"","Attributes":1,"ValueType":"System.Guid"},"Value":"00000000-0000-0000-0000-000000000000"},{"Key":{"Id":"ParentExecId","Label":"ParentExecId","Category":"","Description":"","Attributes":1,"ValueType":"System.Guid"},"Value":"00000000-0000-0000-0000-000000000000"},{"Key":{"Id":"InnerResultsCount","Label":"InnerResultsCount","Category":"","Description":"","Attributes":1,"ValueType":"System.Int32"},"Value":0}]},{"TestCase":{"Id":"0e10268c-eb95-a985-c744-c15b4cc273d8","FullyQualifiedName":"Unit_Testovi.NoveFunkcionalnostiTest.DajSrednjuOcjenuSvihFilmova1","DisplayName":"DajSrednjuOcjenuSvihFilmova1","ExecutorUri":"executor://MSTestAdapter/v2","Source":"C:\\Users\\nadir\\Desktop\\VVSZadaca2\\Filmoteka\\Unit Testovi\\bin\\Debug\\fine-code-coverage\\Unit Testovi.dll","CodeFilePath":null,"LineNumber":-1,"Properties":[{"Key":{"Id":"MSTestDiscoverer.TestClassName","Label":"ClassName","Category":"","Description":"","Attributes":1,"ValueType":"System.String"},"Value":"Unit_Testovi.NoveFunkcionalnostiTest"},{"Key":{"Id":"TestObject.Traits","Label":"Traits","Category":"","Description":"","Attributes":5,"ValueType":"System.Collections.Generic.KeyValuePair`2[[System.String],[System.String]][]"},"Value":[]}]},"Attachments":[],"Outcome":1,"ErrorMessage":null,"ErrorStackTrace":null,"DisplayName":null,"Messages":[],"ComputerName":null,"Duration":"00:00:00.0010858","StartTime":"2020-12-02T21:25:00.4274419+01:00","EndTime":"2020-12-02T21:25:00.4286715+01:00","Properties":[{"Key":{"Id":"ExecutionId","Label":"ExecutionId","Category":"","Description":"","Attributes":1,"ValueType":"System.Guid"},"Value":"00000000-0000-0000-0000-000000000000"},{"Key":{"Id":"ParentExecId","Label":"ParentExecId","Category":"","Description":"","Attributes":1,"ValueType":"System.Guid"},"Value":"00000000-0000-0000-0000-000000000000"},{"Key":{"Id":"InnerResultsCount","Label":"InnerResultsCount","Category":"","Description":"","Attributes":1,"ValueType":"System.Int32"},"Value":0}]},{"TestCase":{"Id":"a86267ab-7d2b-45e0-7c46-d9fd4e59053c","FullyQualifiedName":"Unit_Testovi.NoveFunkcionalnostiTest.DajSrednjuOcjenuSvihFilmova2","DisplayName":"DajSrednjuOcjenuSvihFilmova2","ExecutorUri":"executor://MSTestAdapter/v2","Source":"C:\\Users\\nadir\\Desktop\\VVSZadaca2\\Filmoteka\\Unit Testovi\\bin\\Debug\\fine-code-coverage\\Unit Testovi.dll","CodeFilePath":null,"LineNumber":-1,"Properties":[{"Key":{"Id":"MSTestDiscoverer.TestClassName","Label":"ClassName","Category":"","Description":"","Attributes":1,"ValueType":"System.String"},"Value":"Unit_Testovi.NoveFunkcionalnostiTest"},{"Key":{"Id":"TestObject.Traits","Label":"Traits","Category":"","Description":"","Attributes":5,"ValueType":"System.Collections.Generic.KeyValuePair`2[[System.String],[System.String]][]"},"Value":[]}]},"Attachments":[],"Outcome":1,"ErrorMessage":null,"ErrorStackTrace":null,"DisplayName":null,"Messages":[],"ComputerName":null,"Duration":"00:00:00.0005597","StartTime":"2020-12-02T21:25:00.4310617+01:00","EndTime":"2020-12-02T21:25:00.4318271+01:00","Properties":[{"Key":{"Id":"ExecutionId","Label":"ExecutionId","Category":"","Description":"","Attributes":1,"ValueType":"System.Guid"},"Value":"00000000-0000-0000-0000-000000000000"},{"Key":{"Id":"ParentExecId","Label":"ParentExecId","Category":"","Description":"","Attributes":1,"ValueType":"System.Guid"},"Value":"00000000-0000-0000-0000-000000000000"},{"Key":{"Id":"InnerResultsCount","Label":"InnerResultsCount","Category":"","Description":"","Attributes":1,"ValueType":"System.Int32"},"Value":0}]},{"TestCase":{"Id":"aef9dec6-1181-fac1-2596-b31421e8da47","FullyQualifiedName":"Unit_Testovi.NoviTestovi.TestZamjenskiObjekat","DisplayName":"TestZamjenskiObjekat","ExecutorUri":"executor://MSTestAdapter/v2","Source":"C:\\Users\\nadir\\Desktop\\VVSZadaca2\\Filmoteka\\Unit Testovi\\bin\\Debug\\fine-code-coverage\\Unit Testovi.dll","CodeFilePath":null,"LineNumber":-1,"Properties":[{"Key":{"Id":"MSTestDiscoverer.TestClassName","Label":"ClassName","Category":"","Description":"","Attributes":1,"ValueType":"System.String"},"Value":"Unit_Testovi.NoviTestovi"},{"Key":{"Id":"TestObject.Traits","Label":"Traits","Category":"","Description":"","Attributes":5,"ValueType":"System.Collections.Generic.KeyValuePair`2[[System.String],[System.String]][]"},"Value":[]}]},"Attachments":[],"Outcome":1,"ErrorMessage":null,"ErrorStackTrace":null,"DisplayName":null,"Messages":[],"ComputerName":null,"Duration":"00:00:00.0011895","StartTime":"2020-12-02T21:25:00.4352869+01:00","EndTime":"2020-12-02T21:25:00.4367783+01:00","Properties":[{"Key":{"Id":"ExecutionId","Label":"ExecutionId","Category":"","Description":"","Attributes":1,"ValueType":"System.Guid"},"Value":"00000000-0000-0000-0000-000000000000"},{"Key":{"Id":"ParentExecId","Label":"ParentExecId","Category":"","Description":"","Attributes":1,"ValueType":"System.Guid"},"Value":"00000000-0000-0000-0000-000000000000"},{"Key":{"Id":"InnerResultsCount","Label":"InnerResultsCount","Category":"","Description":"","Attributes":1,"ValueType":"System.Int32"},"Value":0}]},{"TestCase":{"Id":"307a9543-71bf-45b1-736e-e86a33581b25","FullyQualifiedName":"Unit_Testovi.NoviTestovi.TestDodajNastavakIstiGlumci","DisplayName":"TestDodajNastavakIstiGlumci","ExecutorUri":"executor://MSTestAdapter/v2","Source":"C:\\Users\\nadir\\Desktop\\VVSZadaca2\\Filmoteka\\Unit Testovi\\bin\\Debug\\fine-code-coverage\\Unit Testovi.dll","CodeFilePath":null,"LineNumber":-1,"Properties":[{"Key":{"Id":"MSTestDiscoverer.TestClassName","Label":"ClassName","Category":"","Description":"","Attributes":1,"ValueType":"System.String"},"Value":"Unit_Testovi.NoviTestovi"},{"Key":{"Id":"TestObject.Traits","Label":"Traits","Category":"","Description":"","Attributes":5,"ValueType":"System.Collections.Generic.KeyValuePair`2[[System.String],[System.String]][]"},"Value":[]}]},"Attachments":[],"Outcome":1,"ErrorMessage":null,"ErrorStackTrace":null,"DisplayName":null,"Messages":[],"ComputerName":null,"Duration":"00:00:00.0014766","StartTime":"2020-12-02T21:25:00.4392051+01:00","EndTime":"2020-12-02T21:25:00.4408416+01:00","Properties":[{"Key":{"Id":"ExecutionId","Label":"ExecutionId","Category":"","Description":"","Attributes":1,"ValueType":"System.Guid"},"Value":"00000000-0000-0000-0000-000000000000"},{"Key":{"Id":"ParentExecId","Label":"ParentExecId","Category":"","Description":"","Attributes":1,"ValueType":"System.Guid"},"Value":"00000000-0000-0000-0000-000000000000"},{"Key":{"Id":"InnerResultsCount","Label":"InnerResultsCount","Category":"","Description":"","Attributes":1,"ValueType":"System.Int32"},"Value":0}]},{"TestCase":{"Id":"ccc8a4b1-0bba-0d1f-634a-2a0e08c0293a","FullyQualifiedName":"Unit_Testovi.NoviTestovi.TestDodajNastavakRazlicitiGlumci","DisplayName":"TestDodajNastavakRazlicitiGlumci","ExecutorUri":"executor://MSTestAdapter/v2","Source":"C:\\Users\\nadir\\Desktop\\VVSZadaca2\\Filmoteka\\Unit Testovi\\bin\\Debug\\fine-code-coverage\\Unit Testovi.dll","CodeFilePath":null,"LineNumber":-1,"Properties":[{"Key":{"Id":"MSTestDiscoverer.TestClassName","Label":"ClassName","Category":"","Description":"","Attributes":1,"ValueType":"System.String"},"Value":"Unit_Testovi.NoviTestovi"},{"Key":{"Id":"TestObject.Traits","Label":"Traits","Category":"","Description":"","Attributes":5,"ValueType":"System.Collections.Generic.KeyValuePair`2[[System.String],[System.String]][]"},"Value":[]}]},"Attachments":[],"Outcome":1,"ErrorMessage":null,"ErrorStackTrace":null,"DisplayName":null,"Messages":[],"ComputerName":null,"Duration":"00:00:00.0006043","StartTime":"2020-12-02T21:25:00.4432472+01:00","EndTime":"2020-12-02T21:25:00.444047+01:00","Properties":[{"Key":{"Id":"ExecutionId","Label":"ExecutionId","Category":"","Description":"","Attributes":1,"ValueType":"System.Guid"},"Value":"00000000-0000-0000-0000-000000000000"},{"Key":{"Id":"ParentExecId","Label":"ParentExecId","Category":"","Description":"","Attributes":1,"ValueType":"System.Guid"},"Value":"00000000-0000-0000-0000-000000000000"},{"Key":{"Id":"InnerResultsCount","Label":"InnerResultsCount","Category":"","Description":"","Attributes":1,"ValueType":"System.Int32"},"Value":0}]}],"TestRunStatistics":{"ExecutedTests":27,"Stats":{"Failed":3,"Passed":24}},"ActiveTests":[{"Id":"83c1ddde-4e31-66fc-a376-4096e8037e77","FullyQualifiedName":"Unit_Testovi.NoviTestovi.TestDodajNastavakIzuzetak","DisplayName":"TestDodajNastavakIzuzetak","ExecutorUri":"executor://MSTestAdapter/v2","Source":"C:\\Users\\nadir\\Desktop\\VVSZadaca2\\Filmoteka\\Unit Testovi\\bin\\Debug\\fine-code-coverage\\Unit Testovi.dll","CodeFilePath":null,"LineNumber":-1,"Properties":[{"Key":{"Id":"MSTestDiscoverer.TestClassName","Label":"ClassName","Category":"","Description":"","Attributes":1,"ValueType":"System.String"},"Value":"Unit_Testovi.NoviTestovi"},{"Key":{"Id":"TestObject.Traits","Label":"Traits","Category":"","Description":"","Attributes":5,"ValueType":"System.Collections.Generic.KeyValuePair`2[[System.String],[System.String]][]"},"Value":[]}]}]}}
TpTrace Verbose: 0 : 5072, 4, 2020/12/02, 21:25:00.447, 882999142279, testhost.dll, TestRunCache: OnNewTestResult: Notified the onCacheHit callback.
TpTrace Verbose: 0 : 5072, 4, 2020/12/02, 21:25:00.449, 882999165670, testhost.dll, TestExecutionRecorder.RecordEnd: test: Unit_Testovi.NoviTestovi.TestDodajNastavakIzuzetak execution completed.
TpTrace Warning: 0 : 5072, 4, 2020/12/02, 21:25:00.449, 882999166498, testhost.dll, InProgressTests is null
TpTrace Verbose: 0 : 5072, 4, 2020/12/02, 21:25:00.451, 882999178671, testhost.dll, TestExecutionRecorder.RecordResult: Received result for test: Unit_Testovi.NoviTestovi.TestDodajNastavakIzuzetak.
TpTrace Warning: 0 : 5072, 4, 2020/12/02, 21:25:00.451, 882999179676, testhost.dll, InProgressTests is null
TpTrace Warning: 0 : 5072, 4, 2020/12/02, 21:25:00.451, 882999180221, testhost.dll, TestRunCache: No test found corresponding to testResult 'TestDodajNastavakIzuzetak  Passed' in inProgress list.
TpTrace Verbose: 0 : 5072, 4, 2020/12/02, 21:25:00.451, 882999180797, testhost.dll, TestExecutionRecorder.RecordStart: Starting test: Unit_Testovi.ReziserTest.ReziserTestKonstruktor1.
TpTrace Verbose: 0 : 5072, 4, 2020/12/02, 21:25:00.452, 882999194153, testhost.dll, TestExecutionRecorder.RecordEnd: test: Unit_Testovi.ReziserTest.ReziserTestKonstruktor1 execution completed.
TpTrace Verbose: 0 : 5072, 4, 2020/12/02, 21:25:00.454, 882999208258, testhost.dll, TestExecutionRecorder.RecordResult: Received result for test: Unit_Testovi.ReziserTest.ReziserTestKonstruktor1.
TpTrace Warning: 0 : 5072, 4, 2020/12/02, 21:25:00.454, 882999209329, testhost.dll, InProgressTests is null
TpTrace Warning: 0 : 5072, 4, 2020/12/02, 21:25:00.454, 882999209905, testhost.dll, TestRunCache: No test found corresponding to testResult 'ReziserTestKonstruktor1  Passed' in inProgress list.
TpTrace Verbose: 0 : 5072, 4, 2020/12/02, 21:25:00.454, 882999210525, testhost.dll, TestExecutionRecorder.RecordStart: Starting test: Unit_Testovi.ReziserTest.ReziserTestKonstruktor2.
TpTrace Verbose: 0 : 5072, 4, 2020/12/02, 21:25:00.455, 882999224690, testhost.dll, TestExecutionRecorder.RecordEnd: test: Unit_Testovi.ReziserTest.ReziserTestKonstruktor2 execution completed.
TpTrace Verbose: 0 : 5072, 4, 2020/12/02, 21:25:00.456, 882999236732, testhost.dll, TestExecutionRecorder.RecordResult: Received result for test: Unit_Testovi.ReziserTest.ReziserTestKonstruktor2.
TpTrace Warning: 0 : 5072, 4, 2020/12/02, 21:25:00.457, 882999238072, testhost.dll, InProgressTests is null
TpTrace Warning: 0 : 5072, 4, 2020/12/02, 21:25:00.457, 882999238658, testhost.dll, TestRunCache: No test found corresponding to testResult 'ReziserTestKonstruktor2  Passed' in inProgress list.
TpTrace Verbose: 0 : 5072, 4, 2020/12/02, 21:25:00.457, 882999239232, testhost.dll, TestExecutionRecorder.RecordStart: Starting test: Unit_Testovi.ReziserTest.DaLiJeReziraoFilmTest1.
TpTrace Verbose: 0 : 5072, 4, 2020/12/02, 21:25:00.458, 882999249702, testhost.dll, TestExecutionRecorder.RecordEnd: test: Unit_Testovi.ReziserTest.DaLiJeReziraoFilmTest1 execution completed.
TpTrace Verbose: 0 : 5072, 4, 2020/12/02, 21:25:00.459, 882999259820, testhost.dll, TestExecutionRecorder.RecordResult: Received result for test: Unit_Testovi.ReziserTest.DaLiJeReziraoFilmTest1.
TpTrace Warning: 0 : 5072, 4, 2020/12/02, 21:25:00.459, 882999260757, testhost.dll, InProgressTests is null
TpTrace Warning: 0 : 5072, 4, 2020/12/02, 21:25:00.459, 882999261279, testhost.dll, TestRunCache: No test found corresponding to testResult 'DaLiJeReziraoFilmTest1  Passed' in inProgress list.
TpTrace Verbose: 0 : 5072, 4, 2020/12/02, 21:25:00.459, 882999261820, testhost.dll, TestExecutionRecorder.RecordStart: Starting test: Unit_Testovi.ReziserTest.DaLiJeReziraoFilmTest2.
TpTrace Verbose: 0 : 5072, 4, 2020/12/02, 21:25:00.460, 882999272243, testhost.dll, TestExecutionRecorder.RecordEnd: test: Unit_Testovi.ReziserTest.DaLiJeReziraoFilmTest2 execution completed.
TpTrace Verbose: 0 : 5072, 4, 2020/12/02, 21:25:00.461, 882999283307, testhost.dll, TestExecutionRecorder.RecordResult: Received result for test: Unit_Testovi.ReziserTest.DaLiJeReziraoFilmTest2.
TpTrace Warning: 0 : 5072, 4, 2020/12/02, 21:25:00.461, 882999284281, testhost.dll, InProgressTests is null
TpTrace Warning: 0 : 5072, 4, 2020/12/02, 21:25:00.461, 882999284822, testhost.dll, TestRunCache: No test found corresponding to testResult 'DaLiJeReziraoFilmTest2  Passed' in inProgress list.
TpTrace Verbose: 0 : 5072, 4, 2020/12/02, 21:25:00.463, 882999301451, testhost.dll, BaseRunTests.RunTestInternalWithExecutors: Completed running tests for executor://MSTestAdapter/v2
TpTrace Information: 0 : 5072, 4, 2020/12/02, 21:25:00.466, 882999328379, testhost.dll, Sending test run complete
TpTrace Verbose: 0 : 5072, 4, 2020/12/02, 21:25:00.474, 882999415184, testhost.dll, TestRequestHandler.SendData:  sending data from testhost: {"Version":2,"MessageType":"TestExecution.Completed","Payload":{"TestRunCompleteArgs":{"TestRunStatistics":{"ExecutedTests":32,"Stats":{"Failed":3,"Passed":29}},"IsCanceled":false,"IsAborted":false,"Error":null,"AttachmentSets":[],"ElapsedTimeInRunningTests":"00:00:00.3456497","Metrics":{}},"LastRunTests":{"NewTestResults":[{"TestCase":{"Id":"83c1ddde-4e31-66fc-a376-4096e8037e77","FullyQualifiedName":"Unit_Testovi.NoviTestovi.TestDodajNastavakIzuzetak","DisplayName":"TestDodajNastavakIzuzetak","ExecutorUri":"executor://MSTestAdapter/v2","Source":"C:\\Users\\nadir\\Desktop\\VVSZadaca2\\Filmoteka\\Unit Testovi\\bin\\Debug\\fine-code-coverage\\Unit Testovi.dll","CodeFilePath":null,"LineNumber":-1,"Properties":[{"Key":{"Id":"MSTestDiscoverer.TestClassName","Label":"ClassName","Category":"","Description":"","Attributes":1,"ValueType":"System.String"},"Value":"Unit_Testovi.NoviTestovi"},{"Key":{"Id":"TestObject.Traits","Label":"Traits","Category":"","Description":"","Attributes":5,"ValueType":"System.Collections.Generic.KeyValuePair`2[[System.String],[System.String]][]"},"Value":[]}]},"Attachments":[],"Outcome":1,"ErrorMessage":null,"ErrorStackTrace":null,"DisplayName":null,"Messages":[],"ComputerName":null,"Duration":"00:00:00.0006436","StartTime":"2020-12-02T21:25:00.4488311+01:00","EndTime":"2020-12-02T21:25:00.4497706+01:00","Properties":[{"Key":{"Id":"ExecutionId","Label":"ExecutionId","Category":"","Description":"","Attributes":1,"ValueType":"System.Guid"},"Value":"00000000-0000-0000-0000-000000000000"},{"Key":{"Id":"ParentExecId","Label":"ParentExecId","Category":"","Description":"","Attributes":1,"ValueType":"System.Guid"},"Value":"00000000-0000-0000-0000-000000000000"},{"Key":{"Id":"InnerResultsCount","Label":"InnerResultsCount","Category":"","Description":"","Attributes":1,"ValueType":"System.Int32"},"Value":0}]},{"TestCase":{"Id":"1f519e49-1160-89f5-2933-26a8b7041eb0","FullyQualifiedName":"Unit_Testovi.ReziserTest.ReziserTestKonstruktor1","DisplayName":"ReziserTestKonstruktor1","ExecutorUri":"executor://MSTestAdapter/v2","Source":"C:\\Users\\nadir\\Desktop\\VVSZadaca2\\Filmoteka\\Unit Testovi\\bin\\Debug\\fine-code-coverage\\Unit Testovi.dll","CodeFilePath":null,"LineNumber":-1,"Properties":[{"Key":{"Id":"MSTestDiscoverer.TestClassName","Label":"ClassName","Category":"","Description":"","Attributes":1,"ValueType":"System.String"},"Value":"Unit_Testovi.ReziserTest"},{"Key":{"Id":"TestObject.Traits","Label":"Traits","Category":"","Description":"","Attributes":5,"ValueType":"System.Collections.Generic.KeyValuePair`2[[System.String],[System.String]][]"},"Value":[]}]},"Attachments":[],"Outcome":1,"ErrorMessage":null,"ErrorStackTrace":null,"DisplayName":null,"Messages":[],"ComputerName":null,"Duration":"00:00:00.0001639","StartTime":"2020-12-02T21:25:00.4521724+01:00","EndTime":"2020-12-02T21:25:00.4526202+01:00","Properties":[{"Key":{"Id":"ExecutionId","Label":"ExecutionId","Category":"","Description":"","Attributes":1,"ValueType":"System.Guid"},"Value":"00000000-0000-0000-0000-000000000000"},{"Key":{"Id":"ParentExecId","Label":"ParentExecId","Category":"","Description":"","Attributes":1,"ValueType":"System.Guid"},"Value":"00000000-0000-0000-0000-000000000000"},{"Key":{"Id":"InnerResultsCount","Label":"InnerResultsCount","Category":"","Description":"","Attributes":1,"ValueType":"System.Int32"},"Value":0}]},{"TestCase":{"Id":"42171a1d-dbe5-babd-9417-9797199e1b26","FullyQualifiedName":"Unit_Testovi.ReziserTest.ReziserTestKonstruktor2","DisplayName":"ReziserTestKonstruktor2","ExecutorUri":"executor://MSTestAdapter/v2","Source":"C:\\Users\\nadir\\Desktop\\VVSZadaca2\\Filmoteka\\Unit Testovi\\bin\\Debug\\fine-code-coverage\\Unit Testovi.dll","CodeFilePath":null,"LineNumber":-1,"Properties":[{"Key":{"Id":"MSTestDiscoverer.TestClassName","Label":"ClassName","Category":"","Description":"","Attributes":1,"ValueType":"System.String"},"Value":"Unit_Testovi.ReziserTest"},{"Key":{"Id":"TestObject.Traits","Label":"Traits","Category":"","Description":"","Attributes":5,"ValueType":"System.Collections.Generic.KeyValuePair`2[[System.String],[System.String]][]"},"Value":[]}]},"Attachments":[],"Outcome":1,"ErrorMessage":null,"ErrorStackTrace":null,"DisplayName":null,"Messages":[],"ComputerName":null,"Duration":"00:00:00.0001528","StartTime":"2020-12-02T21:25:00.4553457+01:00","EndTime":"2020-12-02T21:25:00.4556726+01:00","Properties":[{"Key":{"Id":"ExecutionId","Label":"ExecutionId","Category":"","Description":"","Attributes":1,"ValueType":"System.Guid"},"Value":"00000000-0000-0000-0000-000000000000"},{"Key":{"Id":"ParentExecId","Label":"ParentExecId","Category":"","Description":"","Attributes":1,"ValueType":"System.Guid"},"Value":"00000000-0000-0000-0000-000000000000"},{"Key":{"Id":"InnerResultsCount","Label":"InnerResultsCount","Category":"","Description":"","Attributes":1,"ValueType":"System.Int32"},"Value":0}]},{"TestCase":{"Id":"8be05c28-e858-6601-d7d6-2d0b439996c8","FullyQualifiedName":"Unit_Testovi.ReziserTest.DaLiJeReziraoFilmTest1","DisplayName":"DaLiJeReziraoFilmTest1","ExecutorUri":"executor://MSTestAdapter/v2","Source":"C:\\Users\\nadir\\Desktop\\VVSZadaca2\\Filmoteka\\Unit Testovi\\bin\\Debug\\fine-code-coverage\\Unit Testovi.dll","CodeFilePath":null,"LineNumber":-1,"Properties":[{"Key":{"Id":"MSTestDiscoverer.TestClassName","Label":"ClassName","Category":"","Description":"","Attributes":1,"ValueType":"System.String"},"Value":"Unit_Testovi.ReziserTest"},{"Key":{"Id":"TestObject.Traits","Label":"Traits","Category":"","Description":"","Attributes":5,"ValueType":"System.Collections.Generic.KeyValuePair`2[[System.String],[System.String]][]"},"Value":[]}]},"Attachments":[],"Outcome":1,"ErrorMessage":null,"ErrorStackTrace":null,"DisplayName":null,"Messages":[],"ComputerName":null,"Duration":"00:00:00.0001074","StartTime":"2020-12-02T21:25:00.457973+01:00","EndTime":"2020-12-02T21:25:00.4581817+01:00","Properties":[{"Key":{"Id":"ExecutionId","Label":"ExecutionId","Category":"","Description":"","Attributes":1,"ValueType":"System.Guid"},"Value":"00000000-0000-0000-0000-000000000000"},{"Key":{"Id":"ParentExecId","Label":"ParentExecId","Category":"","Description":"","Attributes":1,"ValueType":"System.Guid"},"Value":"00000000-0000-0000-0000-000000000000"},{"Key":{"Id":"InnerResultsCount","Label":"InnerResultsCount","Category":"","Description":"","Attributes":1,"ValueType":"System.Int32"},"Value":0}]},{"TestCase":{"Id":"19923882-2e3c-d457-55ca-0707cb853a52","FullyQualifiedName":"Unit_Testovi.ReziserTest.DaLiJeReziraoFilmTest2","DisplayName":"DaLiJeReziraoFilmTest2","ExecutorUri":"executor://MSTestAdapter/v2","Source":"C:\\Users\\nadir\\Desktop\\VVSZadaca2\\Filmoteka\\Unit Testovi\\bin\\Debug\\fine-code-coverage\\Unit Testovi.dll","CodeFilePath":null,"LineNumber":-1,"Properties":[{"Key":{"Id":"MSTestDiscoverer.TestClassName","Label":"ClassName","Category":"","Description":"","Attributes":1,"ValueType":"System.String"},"Value":"Unit_Testovi.ReziserTest"},{"Key":{"Id":"TestObject.Traits","Label":"Traits","Category":"","Description":"","Attributes":5,"ValueType":"System.Collections.Generic.KeyValuePair`2[[System.String],[System.String]][]"},"Value":[]}]},"Attachments":[],"Outcome":1,"ErrorMessage":null,"ErrorStackTrace":null,"DisplayName":null,"Messages":[],"ComputerName":null,"Duration":"00:00:00.0001249","StartTime":"2020-12-02T21:25:00.4601973+01:00","EndTime":"2020-12-02T21:25:00.460435+01:00","Properties":[{"Key":{"Id":"ExecutionId","Label":"ExecutionId","Category":"","Description":"","Attributes":1,"ValueType":"System.Guid"},"Value":"00000000-0000-0000-0000-000000000000"},{"Key":{"Id":"ParentExecId","Label":"ParentExecId","Category":"","Description":"","Attributes":1,"ValueType":"System.Guid"},"Value":"00000000-0000-0000-0000-000000000000"},{"Key":{"Id":"InnerResultsCount","Label":"InnerResultsCount","Category":"","Description":"","Attributes":1,"ValueType":"System.Int32"},"Value":0}]}],"TestRunStatistics":{"ExecutedTests":32,"Stats":{"Failed":3,"Passed":29}},"ActiveTests":[]},"RunAttachments":[],"ExecutorUris":["executor://mstestadapter/v2"]}}
TpTrace Verbose: 0 : 5072, 4, 2020/12/02, 21:25:00.475, 882999420624, testhost.dll, BaseRunTests.RunTests: Run is complete.
TpTrace Verbose: 0 : 5072, 9, 2020/12/02, 21:25:00.476, 882999429214, testhost.dll, TcpClientExtensions.MessageLoopAsync: NotifyDataAvailable remoteEndPoint: [::ffff:127.0.0.1]:36834 localEndPoint: [::ffff:127.0.0.1]:36835
TpTrace Information: 0 : 5072, 9, 2020/12/02, 21:25:00.476, 882999430361, testhost.dll, TestRequestHandler.ProcessRequests: received message: (TestSession.Terminate) -> null
TpTrace Information: 0 : 5072, 9, 2020/12/02, 21:25:00.476, 882999430895, testhost.dll, Session End message received from server. Closing the connection.
TpTrace Information: 0 : 5072, 9, 2020/12/02, 21:25:00.476, 882999433880, testhost.dll, SocketClient.Stop: Stop communication from server endpoint: 127.0.0.1:036834
TpTrace Information: 0 : 5072, 9, 2020/12/02, 21:25:00.476, 882999434540, testhost.dll, SocketClient: Stop: Cancellation requested. Stopping message loop.
TpTrace Verbose: 0 : 5072, 9, 2020/12/02, 21:25:00.476, 882999437803, testhost.dll, LengthPrefixCommunicationChannel.Dispose: Dispose reader and writer.
TpTrace Information: 0 : 5072, 9, 2020/12/02, 21:25:00.477, 882999438572, testhost.dll, Closing the connection !
TpTrace Information: 0 : 5072, 1, 2020/12/02, 21:25:00.477, 882999440411, testhost.dll, Closing the connection !
TpTrace Information: 0 : 5072, 1, 2020/12/02, 21:25:00.477, 882999441763, testhost.dll, SocketClient.Stop: Stop communication from server endpoint: 127.0.0.1:036834
TpTrace Information: 0 : 5072, 1, 2020/12/02, 21:25:00.477, 882999442307, testhost.dll, SocketClient: Stop: Cancellation requested. Stopping message loop.
TpTrace Information: 0 : 5072, 9, 2020/12/02, 21:25:00.477, 882999440848, testhost.dll, SocketClient.PrivateStop: Stop communication from server endpoint: 127.0.0.1:036834, error:
TpTrace Verbose: 0 : 5072, 1, 2020/12/02, 21:25:00.477, 882999443783, testhost.dll, LengthPrefixCommunicationChannel.Dispose: Dispose reader and writer.
TpTrace Verbose: 0 : 5072, 9, 2020/12/02, 21:25:00.477, 882999444260, testhost.dll, LengthPrefixCommunicationChannel.Dispose: Dispose reader and writer.
TpTrace Verbose: 0 : 5072, 9, 2020/12/02, 21:25:00.477, 882999445644, testhost.dll, TcpClientExtensions.MessageLoopAsync: exiting MessageLoopAsync remoteEndPoint: [::ffff:127.0.0.1]:36834 localEndPoint: [::ffff:127.0.0.1]:36835
TpTrace Information: 0 : 5072, 1, 2020/12/02, 21:25:00.477, 882999445129, testhost.dll, Testhost process exiting.
