TpTrace Information: 0 : 10448, 1, 2020/12/02, 15:40:24.176, 676250596186, testhost.dll, DefaultEngineInvoker.Invoke: Testhost process started with args :[--port, 31941],[--endpoint, 127.0.0.1:031941],[--role, client],[--parentprocessid, 10992],[--diag, C:\Users\nadir\Desktop\VVSZadaca2\Filmoteka\Unit Testovi\bin\Debug\fine-code-coverage\_outputfolder\diagnostics.host.20-12-02_15-40-24_04884_6.log],[--tracelevel, 4],[--datacollectionport, 31940],[--telemetryoptedin, false]
TpTrace Information: 0 : 10448, 1, 2020/12/02, 15:40:24.181, 676250621314, testhost.dll, DefaultEngineInvoker.SetParentProcessExitCallback: Monitoring parent process with id: '10992'
TpTrace Information: 0 : 10448, 1, 2020/12/02, 15:40:24.189, 676250697834, testhost.dll, DefaultEngineInvoker.GetConnectionInfo: Initialize communication on endpoint address: '127.0.0.1:031941'
TpTrace Information: 0 : 10448, 1, 2020/12/02, 15:40:24.201, 676250819029, testhost.dll, SocketClient.Start: connecting to server endpoint: 127.0.0.1:031941
TpTrace Information: 0 : 10448, 1, 2020/12/02, 15:40:24.205, 676250860691, testhost.dll, DefaultEngineInvoker.ConnectToDatacollector: Connecting to datacollector, port: 31940
TpTrace Information: 0 : 10448, 8, 2020/12/02, 15:40:24.207, 676250880716, testhost.dll, SocketClient.OnServerConnected: connected to server endpoint: 127.0.0.1:031941
TpTrace Information: 0 : 10448, 1, 2020/12/02, 15:40:24.208, 676250890427, testhost.dll, Trying to connect to server on socket : 127.0.0.1:31940 
TpTrace Verbose: 0 : 10448, 1, 2020/12/02, 15:40:24.208, 676250894825, testhost.dll, SocketCommunicationManager : SetupClientAsync : Attempting to connect to the server.
TpTrace Verbose: 0 : 10448, 8, 2020/12/02, 15:40:24.209, 676250897573, testhost.dll, Connected to server, and starting MessageLoopAsync
TpTrace Information: 0 : 10448, 10, 2020/12/02, 15:40:24.210, 676250909467, testhost.dll, Connected to the server successfully 
TpTrace Information: 0 : 10448, 10, 2020/12/02, 15:40:24.210, 676250910384, testhost.dll, Using the buffer size of 16384 bytes
TpTrace Information: 0 : 10448, 1, 2020/12/02, 15:40:24.210, 676250914702, testhost.dll, DefaultEngineInvoker.Invoke: Start Request Processing.
TpTrace Verbose: 0 : 10448, 8, 2020/12/02, 15:40:24.211, 676250921454, testhost.dll, TcpClientExtensions.MessageLoopAsync: Polling on remoteEndPoint: [::ffff:127.0.0.1]:31941 localEndPoint: [::ffff:127.0.0.1]:31942
TpTrace Information: 0 : 10448, 11, 2020/12/02, 15:40:24.211, 676250922007, testhost.dll, DefaultEngineInvoker.StartProcessingAsync: Connected to vstest.console, Starting process requests.
TpTrace Verbose: 0 : 10448, 8, 2020/12/02, 15:40:24.211, 676250924528, testhost.dll, TcpClientExtensions.MessageLoopAsync: NotifyDataAvailable remoteEndPoint: [::ffff:127.0.0.1]:31941 localEndPoint: [::ffff:127.0.0.1]:31942
TpTrace Information: 0 : 10448, 8, 2020/12/02, 15:40:24.323, 676252042243, testhost.dll, TestRequestHandler.ProcessRequests: received message: (ProtocolVersion) -> 3
TpTrace Verbose: 0 : 10448, 8, 2020/12/02, 15:40:24.350, 676252311433, testhost.dll, TestRequestHandler.SendData:  sending data from testhost: {"Version":2,"MessageType":"TestSession.Message","Payload":{"MessageLevel":0,"Message":"Logging TestHost Diagnostics in file: C:\\Users\\nadir\\Desktop\\VVSZadaca2\\Filmoteka\\Unit Testovi\\bin\\Debug\\fine-code-coverage\\_outputfolder\\diagnostics.host.20-12-02_15-40-24_04884_6.log"}}
TpTrace Verbose: 0 : 10448, 8, 2020/12/02, 15:40:24.350, 676252313004, testhost.dll, TcpClientExtensions.MessageLoopAsync: Polling on remoteEndPoint: [::ffff:127.0.0.1]:31941 localEndPoint: [::ffff:127.0.0.1]:31942
TpTrace Verbose: 0 : 10448, 8, 2020/12/02, 15:40:24.350, 676252313645, testhost.dll, TcpClientExtensions.MessageLoopAsync: NotifyDataAvailable remoteEndPoint: [::ffff:127.0.0.1]:31941 localEndPoint: [::ffff:127.0.0.1]:31942
TpTrace Information: 0 : 10448, 8, 2020/12/02, 15:40:24.353, 676252345595, testhost.dll, TestRequestHandler.ProcessRequests: received message: (TestExecution.Initialize) -> [
  "C:\\Users\\nadir\\Desktop\\VVSZadaca2\\Filmoteka\\Unit Testovi\\bin\\Debug\\fine-code-coverage\\Microsoft.VisualStudio.TestPlatform.MSTest.TestAdapter.dll"
]
TpTrace Information: 0 : 10448, 8, 2020/12/02, 15:40:24.354, 676252347126, testhost.dll, Execution Session Initialize.
TpTrace Verbose: 0 : 10448, 8, 2020/12/02, 15:40:24.360, 676252413036, testhost.dll, TcpClientExtensions.MessageLoopAsync: Polling on remoteEndPoint: [::ffff:127.0.0.1]:31941 localEndPoint: [::ffff:127.0.0.1]:31942
TpTrace Verbose: 0 : 10448, 8, 2020/12/02, 15:40:24.360, 676252414249, testhost.dll, TcpClientExtensions.MessageLoopAsync: NotifyDataAvailable remoteEndPoint: [::ffff:127.0.0.1]:31941 localEndPoint: [::ffff:127.0.0.1]:31942
TpTrace Verbose: 0 : 10448, 4, 2020/12/02, 15:40:24.362, 676252435117, testhost.dll, TestExecutorService: Loading the extensions
TpTrace Information: 0 : 10448, 8, 2020/12/02, 15:40:24.363, 676252441325, testhost.dll, TestRequestHandler.ProcessRequests: received message: (TestExecution.StartWithSources) -> {
  "AdapterSourceMap": {
    "_none_": [
      "C:\\Users\\nadir\\Desktop\\VVSZadaca2\\Filmoteka\\Unit Testovi\\bin\\Debug\\fine-code-coverage\\Unit Testovi.dll"
    ]
  },
  "RunSettings": "<RunSettings>\r\n  <RunConfiguration>\r\n    <ResultsDirectory>C:\\Users\\nadir\\Desktop\\VVSZadaca2\\Filmoteka\\Unit Testovi\\bin\\Debug\\fine-code-coverage\\_outputfolder</ResultsDirectory>\r\n    <TargetPlatform>X64</TargetPlatform>\r\n    <TargetFrameworkVersion>.NETCoreApp,Version=v3.1</TargetFrameworkVersion>\r\n    <DesignMode>False</DesignMode>\r\n    <CollectSourceInformation>False</CollectSourceInformation>\r\n  </RunConfiguration>\r\n  <LoggerRunSettings>\r\n    <Loggers>\r\n      <Logger friendlyName=\"blame\" enabled=\"True\" />\r\n      <Logger friendlyName=\"Console\" uri=\"logger://microsoft/TestPlatform/ConsoleLogger/v1\" assemblyQualifiedName=\"Microsoft.VisualStudio.TestPlatform.CommandLine.Internal.ConsoleLogger, vstest.console, Version=15.0.0.0, Culture=neutral, PublicKeyToken=b03f5f7f11d50a3a\" codeBase=\"C:\\Program Files\\dotnet\\sdk\\3.1.403\\vstest.console.dll\" enabled=\"True\" />\r\n    </Loggers>\r\n  </LoggerRunSettings>\r\n  <DataCollectionRunSettings>\r\n    <DataCollectors>\r\n      <DataCollector friendlyName=\"blame\" enabled=\"True\">\r\n        <Configuration>\r\n          <ResultsDirectory>C:\\Users\\nadir\\Desktop\\VVSZadaca2\\Filmoteka\\Unit Testovi\\bin\\Debug\\fine-code-coverage\\_outputfolder</ResultsDirectory>\r\n        </Configuration>\r\n      </DataCollector>\r\n    </DataCollectors>\r\n  </DataCollectionRunSettings>\r\n</RunSettings>",
  "TestExecutionContext": {
    "FrequencyOfRunStatsChangeEvent": 10,
    "RunStatsChangeEventTimeout": "00:00:01.5000000",
    "InIsolation": false,
    "KeepAlive": false,
    "AreTestCaseLevelEventsRequired": false,
    "IsDebug": false,
    "TestCaseFilter": null,
    "FilterOptions": null
  },
  "Package": null
}
TpTrace Information: 0 : 10448, 8, 2020/12/02, 15:40:24.363, 676252442662, testhost.dll, Execution started.
TpTrace Verbose: 0 : 10448, 4, 2020/12/02, 15:40:24.364, 676252450766, testhost.dll, TestPluginCache.DiscoverTestExtensions: finding test extensions in assemblies endswith: TestAdapter.dll TPluginInfo: Microsoft.VisualStudio.TestPlatform.Common.ExtensionFramework.Utilities.TestExecutorPluginInformation TExtension: Microsoft.VisualStudio.TestPlatform.ObjectModel.Adapter.ITestExecutor
TpTrace Verbose: 0 : 10448, 4, 2020/12/02, 15:40:24.365, 676252460816, testhost.dll, TestPluginCache.GetExtensionPaths: Filtered extension paths: 
TpTrace Verbose: 0 : 10448, 4, 2020/12/02, 15:40:24.365, 676252464169, testhost.dll, TestPluginCache.GetExtensionPaths: Added default extension paths: C:\Users\nadir\Desktop\VVSZadaca2\Filmoteka\Unit Testovi\bin\Debug\fine-code-coverage\Microsoft.VisualStudio.TestPlatform.MSTest.TestAdapter.dll
TpTrace Verbose: 0 : 10448, 4, 2020/12/02, 15:40:24.365, 676252464901, testhost.dll, TestPluginCache.GetExtensionPaths: Added unfilterableExtensionPaths: 
TpTrace Information: 0 : 10448, 4, 2020/12/02, 15:40:24.367, 676252485283, testhost.dll, AssemblyResolver.ctor: Creating AssemblyResolver with searchDirectories C:\Users\nadir\Desktop\VVSZadaca2\Filmoteka\Unit Testovi\bin\Debug\fine-code-coverage
TpTrace Verbose: 0 : 10448, 4, 2020/12/02, 15:40:24.369, 676252501485, testhost.dll, TestPluginCache.DiscoverTestExtensions: Discovering the extensions using extension path.
TpTrace Verbose: 0 : 10448, 4, 2020/12/02, 15:40:24.369, 676252503084, testhost.dll, TestPluginCache.GetExtensionPaths: Filtered extension paths: 
TpTrace Verbose: 0 : 10448, 4, 2020/12/02, 15:40:24.369, 676252503731, testhost.dll, TestPluginCache.GetExtensionPaths: Added default extension paths: C:\Users\nadir\Desktop\VVSZadaca2\Filmoteka\Unit Testovi\bin\Debug\fine-code-coverage\Microsoft.VisualStudio.TestPlatform.MSTest.TestAdapter.dll
TpTrace Verbose: 0 : 10448, 4, 2020/12/02, 15:40:24.369, 676252504326, testhost.dll, TestPluginCache.GetExtensionPaths: Added unfilterableExtensionPaths: 
TpTrace Verbose: 0 : 10448, 4, 2020/12/02, 15:40:24.369, 676252505239, testhost.dll, TestPluginCache.DiscoverTestExtensions: Discovering the extensions using allExtensionPaths: C:\Users\nadir\Desktop\VVSZadaca2\Filmoteka\Unit Testovi\bin\Debug\fine-code-coverage\Microsoft.VisualStudio.TestPlatform.MSTest.TestAdapter.dll
TpTrace Information: 0 : 10448, 4, 2020/12/02, 15:40:24.370, 676252515426, testhost.dll, AssemblyResolver.AddSearchDirectories: Adding more searchDirectories C:\Users\nadir\Desktop\VVSZadaca2\Filmoteka\Unit Testovi\bin\Debug\fine-code-coverage
TpTrace Information: 0 : 10448, 4, 2020/12/02, 15:40:24.374, 676252555665, testhost.dll, AssemblyResolver.OnResolve: Microsoft.VisualStudio.TestPlatform.MSTest.TestAdapter: Resolving assembly.
TpTrace Information: 0 : 10448, 4, 2020/12/02, 15:40:24.376, 676252569402, testhost.dll, AssemblyResolver.OnResolve: Resolved assembly: Microsoft.VisualStudio.TestPlatform.MSTest.TestAdapter, from path: C:\Users\nadir\Desktop\VVSZadaca2\Filmoteka\Unit Testovi\bin\Debug\fine-code-coverage\Microsoft.VisualStudio.TestPlatform.MSTest.TestAdapter.dll
TpTrace Information: 0 : 10448, 4, 2020/12/02, 15:40:24.377, 676252585798, testhost.dll, AssemblyResolver.OnResolve: Microsoft.VisualStudio.TestPlatform.MSTestAdapter.PlatformServices.Interface: Resolving assembly.
TpTrace Information: 0 : 10448, 4, 2020/12/02, 15:40:24.378, 676252591322, testhost.dll, AssemblyResolver.OnResolve: Resolved assembly: Microsoft.VisualStudio.TestPlatform.MSTestAdapter.PlatformServices.Interface, from path: C:\Users\nadir\Desktop\VVSZadaca2\Filmoteka\Unit Testovi\bin\Debug\fine-code-coverage\Microsoft.VisualStudio.TestPlatform.MSTestAdapter.PlatformServices.Interface.dll
TpTrace Information: 0 : 10448, 4, 2020/12/02, 15:40:24.378, 676252593901, testhost.dll, AssemblyResolver.OnResolve: Microsoft.VisualStudio.TestPlatform.MSTestAdapter.PlatformServices: Resolving assembly.
TpTrace Information: 0 : 10448, 4, 2020/12/02, 15:40:24.379, 676252600379, testhost.dll, AssemblyResolver.OnResolve: Resolved assembly: Microsoft.VisualStudio.TestPlatform.MSTestAdapter.PlatformServices, from path: C:\Users\nadir\Desktop\VVSZadaca2\Filmoteka\Unit Testovi\bin\Debug\fine-code-coverage\Microsoft.VisualStudio.TestPlatform.MSTestAdapter.PlatformServices.dll
TpTrace Verbose: 0 : 10448, 4, 2020/12/02, 15:40:24.383, 676252644300, testhost.dll, TestPluginCache: Discovered the extensions using extension path ''.
TpTrace Verbose: 0 : 10448, 4, 2020/12/02, 15:40:24.384, 676252648331, testhost.dll, TestPluginCache: Discoverers are ''.
TpTrace Verbose: 0 : 10448, 4, 2020/12/02, 15:40:24.384, 676252649254, testhost.dll, TestPluginCache: Executors are 'executor://MSTestAdapter/v2'.
TpTrace Verbose: 0 : 10448, 4, 2020/12/02, 15:40:24.384, 676252650237, testhost.dll, TestPluginCache: Setting providers are ''.
TpTrace Verbose: 0 : 10448, 4, 2020/12/02, 15:40:24.384, 676252651184, testhost.dll, TestPluginCache: Loggers are ''.
TpTrace Verbose: 0 : 10448, 8, 2020/12/02, 15:40:24.386, 676252675903, testhost.dll, TcpClientExtensions.MessageLoopAsync: Polling on remoteEndPoint: [::ffff:127.0.0.1]:31941 localEndPoint: [::ffff:127.0.0.1]:31942
TpTrace Information: 0 : 10448, 4, 2020/12/02, 15:40:24.390, 676252706933, testhost.dll, TestPluginManager.CreateTestExtension: Attempting to load test extension: Microsoft.VisualStudio.TestPlatform.MSTest.TestAdapter.MSTestExecutor
TpTrace Verbose: 0 : 10448, 4, 2020/12/02, 15:40:24.393, 676252739839, testhost.dll, TestExecutorExtensionManager: Loading executor Microsoft.VisualStudio.TestPlatform.MSTest.TestAdapter.MSTestExecutor
TpTrace Verbose: 0 : 10448, 4, 2020/12/02, 15:40:24.393, 676252740690, testhost.dll, TestExecutorService: Loaded the executors
TpTrace Verbose: 0 : 10448, 4, 2020/12/02, 15:40:24.394, 676252748884, testhost.dll, TestPluginCache.DiscoverTestExtensions: finding test extensions in assemblies endswith: TestAdapter.dll TPluginInfo: Microsoft.VisualStudio.TestPlatform.Common.ExtensionFramework.Utilities.TestSettingsProviderPluginInformation TExtension: Microsoft.VisualStudio.TestPlatform.ObjectModel.Adapter.ISettingsProvider
TpTrace Verbose: 0 : 10448, 4, 2020/12/02, 15:40:24.394, 676252751461, testhost.dll, TestPluginCache.GetExtensionPaths: Filtered extension paths: 
TpTrace Verbose: 0 : 10448, 4, 2020/12/02, 15:40:24.394, 676252752050, testhost.dll, TestPluginCache.GetExtensionPaths: Added default extension paths: C:\Users\nadir\Desktop\VVSZadaca2\Filmoteka\Unit Testovi\bin\Debug\fine-code-coverage\Microsoft.VisualStudio.TestPlatform.MSTest.TestAdapter.dll
TpTrace Verbose: 0 : 10448, 4, 2020/12/02, 15:40:24.394, 676252752758, testhost.dll, TestPluginCache.GetExtensionPaths: Added unfilterableExtensionPaths: 
TpTrace Information: 0 : 10448, 4, 2020/12/02, 15:40:24.394, 676252754563, testhost.dll, AssemblyResolver.AddSearchDirectories: Adding more searchDirectories C:\Users\nadir\Desktop\VVSZadaca2\Filmoteka\Unit Testovi\bin\Debug\fine-code-coverage
TpTrace Verbose: 0 : 10448, 4, 2020/12/02, 15:40:24.394, 676252755234, testhost.dll, TestPluginCache.DiscoverTestExtensions: Discovering the extensions using extension path.
TpTrace Verbose: 0 : 10448, 4, 2020/12/02, 15:40:24.394, 676252755728, testhost.dll, TestPluginCache.GetExtensionPaths: Filtered extension paths: 
TpTrace Verbose: 0 : 10448, 4, 2020/12/02, 15:40:24.394, 676252756172, testhost.dll, TestPluginCache.GetExtensionPaths: Added default extension paths: C:\Users\nadir\Desktop\VVSZadaca2\Filmoteka\Unit Testovi\bin\Debug\fine-code-coverage\Microsoft.VisualStudio.TestPlatform.MSTest.TestAdapter.dll
TpTrace Verbose: 0 : 10448, 4, 2020/12/02, 15:40:24.394, 676252756678, testhost.dll, TestPluginCache.GetExtensionPaths: Added unfilterableExtensionPaths: 
TpTrace Verbose: 0 : 10448, 4, 2020/12/02, 15:40:24.395, 676252757146, testhost.dll, TestPluginCache.DiscoverTestExtensions: Discovering the extensions using allExtensionPaths: C:\Users\nadir\Desktop\VVSZadaca2\Filmoteka\Unit Testovi\bin\Debug\fine-code-coverage\Microsoft.VisualStudio.TestPlatform.MSTest.TestAdapter.dll
TpTrace Information: 0 : 10448, 4, 2020/12/02, 15:40:24.395, 676252757731, testhost.dll, AssemblyResolver.AddSearchDirectories: Adding more searchDirectories C:\Users\nadir\Desktop\VVSZadaca2\Filmoteka\Unit Testovi\bin\Debug\fine-code-coverage
TpTrace Verbose: 0 : 10448, 4, 2020/12/02, 15:40:24.395, 676252759667, testhost.dll, TestPluginCache: Discovered the extensions using extension path ''.
TpTrace Verbose: 0 : 10448, 4, 2020/12/02, 15:40:24.395, 676252760192, testhost.dll, TestPluginCache: Discoverers are ''.
TpTrace Verbose: 0 : 10448, 4, 2020/12/02, 15:40:24.395, 676252760973, testhost.dll, TestPluginCache: Executors are 'executor://MSTestAdapter/v2'.
TpTrace Verbose: 0 : 10448, 4, 2020/12/02, 15:40:24.395, 676252761718, testhost.dll, TestPluginCache: Setting providers are ''.
TpTrace Verbose: 0 : 10448, 4, 2020/12/02, 15:40:24.395, 676252762310, testhost.dll, TestPluginCache: Loggers are ''.
TpTrace Verbose: 0 : 10448, 4, 2020/12/02, 15:40:24.396, 676252773211, testhost.dll, TestExecutorService: Loaded the settings providers
TpTrace Information: 0 : 10448, 4, 2020/12/02, 15:40:24.396, 676252774500, testhost.dll, TestExecutorService: Loaded the extensions
TpTrace Information: 0 : 10448, 4, 2020/12/02, 15:40:24.463, 676253439076, testhost.dll, TestDiscoveryManager: Discovering tests from sources C:\Users\nadir\Desktop\VVSZadaca2\Filmoteka\Unit Testovi\bin\Debug\fine-code-coverage\Unit Testovi.dll
TpTrace Verbose: 0 : 10448, 4, 2020/12/02, 15:40:24.465, 676253457098, testhost.dll, TestPluginCache.DiscoverTestExtensions: finding test extensions in assemblies endswith: TestAdapter.dll TPluginInfo: Microsoft.VisualStudio.TestPlatform.Common.ExtensionFramework.Utilities.TestDiscovererPluginInformation TExtension: Microsoft.VisualStudio.TestPlatform.ObjectModel.Adapter.ITestDiscoverer
TpTrace Verbose: 0 : 10448, 4, 2020/12/02, 15:40:24.465, 676253458707, testhost.dll, TestPluginCache.GetExtensionPaths: Filtered extension paths: 
TpTrace Verbose: 0 : 10448, 4, 2020/12/02, 15:40:24.465, 676253459259, testhost.dll, TestPluginCache.GetExtensionPaths: Added default extension paths: C:\Users\nadir\Desktop\VVSZadaca2\Filmoteka\Unit Testovi\bin\Debug\fine-code-coverage\Microsoft.VisualStudio.TestPlatform.MSTest.TestAdapter.dll
TpTrace Verbose: 0 : 10448, 4, 2020/12/02, 15:40:24.465, 676253459724, testhost.dll, TestPluginCache.GetExtensionPaths: Added unfilterableExtensionPaths: 
TpTrace Information: 0 : 10448, 4, 2020/12/02, 15:40:24.465, 676253460948, testhost.dll, AssemblyResolver.AddSearchDirectories: Adding more searchDirectories C:\Users\nadir\Desktop\VVSZadaca2\Filmoteka\Unit Testovi\bin\Debug\fine-code-coverage
TpTrace Verbose: 0 : 10448, 4, 2020/12/02, 15:40:24.465, 676253461516, testhost.dll, TestPluginCache.DiscoverTestExtensions: Discovering the extensions using extension path.
TpTrace Verbose: 0 : 10448, 4, 2020/12/02, 15:40:24.465, 676253462007, testhost.dll, TestPluginCache.GetExtensionPaths: Filtered extension paths: 
TpTrace Verbose: 0 : 10448, 4, 2020/12/02, 15:40:24.465, 676253462445, testhost.dll, TestPluginCache.GetExtensionPaths: Added default extension paths: C:\Users\nadir\Desktop\VVSZadaca2\Filmoteka\Unit Testovi\bin\Debug\fine-code-coverage\Microsoft.VisualStudio.TestPlatform.MSTest.TestAdapter.dll
TpTrace Verbose: 0 : 10448, 4, 2020/12/02, 15:40:24.465, 676253462881, testhost.dll, TestPluginCache.GetExtensionPaths: Added unfilterableExtensionPaths: 
TpTrace Verbose: 0 : 10448, 4, 2020/12/02, 15:40:24.465, 676253463369, testhost.dll, TestPluginCache.DiscoverTestExtensions: Discovering the extensions using allExtensionPaths: C:\Users\nadir\Desktop\VVSZadaca2\Filmoteka\Unit Testovi\bin\Debug\fine-code-coverage\Microsoft.VisualStudio.TestPlatform.MSTest.TestAdapter.dll
TpTrace Information: 0 : 10448, 4, 2020/12/02, 15:40:24.465, 676253463928, testhost.dll, AssemblyResolver.AddSearchDirectories: Adding more searchDirectories C:\Users\nadir\Desktop\VVSZadaca2\Filmoteka\Unit Testovi\bin\Debug\fine-code-coverage
TpTrace Verbose: 0 : 10448, 4, 2020/12/02, 15:40:24.467, 676253485032, testhost.dll, TestPluginCache: Discovered the extensions using extension path ''.
TpTrace Verbose: 0 : 10448, 4, 2020/12/02, 15:40:24.467, 676253486048, testhost.dll, TestPluginCache: Discoverers are 'Microsoft.VisualStudio.TestPlatform.MSTest.TestAdapter.MSTestDiscoverer, Microsoft.VisualStudio.TestPlatform.MSTest.TestAdapter, Version=14.0.0.0, Culture=neutral, PublicKeyToken=b03f5f7f11d50a3a'.
TpTrace Verbose: 0 : 10448, 4, 2020/12/02, 15:40:24.467, 676253486621, testhost.dll, TestPluginCache: Executors are 'executor://MSTestAdapter/v2'.
TpTrace Verbose: 0 : 10448, 4, 2020/12/02, 15:40:24.468, 676253487083, testhost.dll, TestPluginCache: Setting providers are ''.
TpTrace Verbose: 0 : 10448, 4, 2020/12/02, 15:40:24.468, 676253487514, testhost.dll, TestPluginCache: Loggers are ''.
TpTrace Verbose: 0 : 10448, 4, 2020/12/02, 15:40:24.472, 676253534382, testhost.dll, BaseRunTests.RunTestInternalWithExecutors: Running tests for executor://MSTestAdapter/v2
TpTrace Information: 0 : 10448, 4, 2020/12/02, 15:40:24.512, 676253930554, testhost.dll, AssemblyResolver.OnResolve: Microsoft.VisualStudio.TestPlatform.MSTestAdapter.PlatformServices.resources: Resolving assembly.
TpTrace Information: 0 : 10448, 4, 2020/12/02, 15:40:24.512, 676253932958, testhost.dll, AssemblyResolver.OnResolve: Microsoft.VisualStudio.TestPlatform.MSTestAdapter.PlatformServices.resources: Failed to load assembly.
TpTrace Information: 0 : 10448, 4, 2020/12/02, 15:40:24.512, 676253934986, testhost.dll, AssemblyResolver.OnResolve: Microsoft.VisualStudio.TestPlatform.MSTestAdapter.PlatformServices.resources: Resolving assembly.
TpTrace Information: 0 : 10448, 4, 2020/12/02, 15:40:24.512, 676253935617, testhost.dll, AssemblyResolver.OnResolve: Microsoft.VisualStudio.TestPlatform.MSTestAdapter.PlatformServices.resources: Resolved from cache.
TpTrace Verbose: 0 : 10448, 4, 2020/12/02, 15:40:24.526, 676254070238, testhost.dll, TestExecutionRecorder.RecordStart: Starting test: Unit_Testovi.NoviTestovi.TestZamjenskiObjekat.
TpTrace Information: 0 : 10448, 4, 2020/12/02, 15:40:24.608, 676254887901, testhost.dll, AssemblyResolver.OnResolve: Microsoft.VisualStudio.TestPlatform.MSTest.TestAdapter.resources: Resolving assembly.
TpTrace Information: 0 : 10448, 4, 2020/12/02, 15:40:24.608, 676254889484, testhost.dll, AssemblyResolver.OnResolve: Microsoft.VisualStudio.TestPlatform.MSTest.TestAdapter.resources: Failed to load assembly.
TpTrace Verbose: 0 : 10448, 4, 2020/12/02, 15:40:24.631, 676255123952, testhost.dll, TestExecutionRecorder.RecordEnd: test: Unit_Testovi.NoviTestovi.TestZamjenskiObjekat execution completed.
TpTrace Verbose: 0 : 10448, 4, 2020/12/02, 15:40:24.655, 676255358022, testhost.dll, TestExecutionRecorder.RecordResult: Received result for test: Unit_Testovi.NoviTestovi.TestZamjenskiObjekat.
TpTrace Warning: 0 : 10448, 4, 2020/12/02, 15:40:24.658, 676255388341, testhost.dll, InProgressTests is null
TpTrace Warning: 0 : 10448, 4, 2020/12/02, 15:40:24.659, 676255406274, testhost.dll, TestRunCache: No test found corresponding to testResult 'TestZamjenskiObjekat  Failed
  Message: Test method Unit_Testovi.NoviTestovi.TestZamjenskiObjekat threw exception: 
System.NotImplementedException: The method or operation is not implemented.
  StackTrace:
    at Filmoteka.Reziser.DaLiJeReziraoFilm(Film f) in C:\Users\nadir\Desktop\VVSZadaca2\Filmoteka\Filmoteka\Reziser.cs:line 15
   at Filmoteka.Filmoteka.DajSveFilmoveZaRezisera(IReziser reziser) in C:\Users\nadir\Desktop\VVSZadaca2\Filmoteka\Filmoteka\Filmoteka.cs:line 97
   at Unit_Testovi.NoviTestovi.TestZamjenskiObjekat() in C:\Users\nadir\Desktop\VVSZadaca2\Filmoteka\Unit Testovi\NoviTestovi.cs:line 23
' in inProgress list.
TpTrace Verbose: 0 : 10448, 4, 2020/12/02, 15:40:24.660, 676255407462, testhost.dll, TestExecutionRecorder.RecordStart: Starting test: Unit_Testovi.NoviTestovi.TestDodajNastavakIstiGlumci.
TpTrace Verbose: 0 : 10448, 4, 2020/12/02, 15:40:24.662, 676255427059, testhost.dll, TestExecutionRecorder.RecordEnd: test: Unit_Testovi.NoviTestovi.TestDodajNastavakIstiGlumci execution completed.
TpTrace Verbose: 0 : 10448, 4, 2020/12/02, 15:40:24.663, 676255437914, testhost.dll, TestExecutionRecorder.RecordResult: Received result for test: Unit_Testovi.NoviTestovi.TestDodajNastavakIstiGlumci.
TpTrace Warning: 0 : 10448, 4, 2020/12/02, 15:40:24.663, 676255438740, testhost.dll, InProgressTests is null
TpTrace Warning: 0 : 10448, 4, 2020/12/02, 15:40:24.663, 676255441159, testhost.dll, TestRunCache: No test found corresponding to testResult 'TestDodajNastavakIstiGlumci  Passed
  Test Messages:
  StdOutMsgs:
!1
!1
!1
!1
!1
!1
!1
!1
!1
!1
' in inProgress list.
TpTrace Verbose: 0 : 10448, 4, 2020/12/02, 15:40:24.663, 676255442228, testhost.dll, TestExecutionRecorder.RecordStart: Starting test: Unit_Testovi.NoviTestovi.TestDodajNastavakRazlicitiGlumci.
TpTrace Verbose: 0 : 10448, 4, 2020/12/02, 15:40:24.665, 676255462466, testhost.dll, TestExecutionRecorder.RecordEnd: test: Unit_Testovi.NoviTestovi.TestDodajNastavakRazlicitiGlumci execution completed.
TpTrace Verbose: 0 : 10448, 4, 2020/12/02, 15:40:24.666, 676255474492, testhost.dll, TestExecutionRecorder.RecordResult: Received result for test: Unit_Testovi.NoviTestovi.TestDodajNastavakRazlicitiGlumci.
TpTrace Warning: 0 : 10448, 4, 2020/12/02, 15:40:24.666, 676255476383, testhost.dll, InProgressTests is null
TpTrace Warning: 0 : 10448, 4, 2020/12/02, 15:40:24.667, 676255477184, testhost.dll, TestRunCache: No test found corresponding to testResult 'TestDodajNastavakRazlicitiGlumci  Failed
  Message: Test method Unit_Testovi.NoviTestovi.TestDodajNastavakRazlicitiGlumci threw exception: 
System.NotImplementedException: The method or operation is not implemented.
  StackTrace:
    at Filmoteka.Filmoteka.DodajNastavak(Film film, Double rating, Boolean istiGlumci, List`1 noviGlumci) in C:\Users\nadir\Desktop\VVSZadaca2\Filmoteka\Filmoteka\Filmoteka.cs:line 125
   at Unit_Testovi.NoviTestovi.TestDodajNastavakRazlicitiGlumci() in C:\Users\nadir\Desktop\VVSZadaca2\Filmoteka\Unit Testovi\NoviTestovi.cs:line 55
' in inProgress list.
TpTrace Verbose: 0 : 10448, 4, 2020/12/02, 15:40:24.667, 676255477797, testhost.dll, TestExecutionRecorder.RecordStart: Starting test: Unit_Testovi.NoviTestovi.TestDodajNastavakIzuzetak.
TpTrace Information: 0 : 10448, 4, 2020/12/02, 15:40:24.672, 676255527563, testhost.dll, AssemblyResolver.OnResolve: Microsoft.VisualStudio.TestPlatform.TestFramework.resources: Resolving assembly.
TpTrace Information: 0 : 10448, 4, 2020/12/02, 15:40:24.672, 676255529079, testhost.dll, AssemblyResolver.OnResolve: Microsoft.VisualStudio.TestPlatform.TestFramework.resources: Failed to load assembly.
TpTrace Verbose: 0 : 10448, 4, 2020/12/02, 15:40:24.673, 676255537619, testhost.dll, TestExecutionRecorder.RecordEnd: test: Unit_Testovi.NoviTestovi.TestDodajNastavakIzuzetak execution completed.
TpTrace Verbose: 0 : 10448, 4, 2020/12/02, 15:40:24.674, 676255549778, testhost.dll, TestExecutionRecorder.RecordResult: Received result for test: Unit_Testovi.NoviTestovi.TestDodajNastavakIzuzetak.
TpTrace Warning: 0 : 10448, 4, 2020/12/02, 15:40:24.674, 676255550669, testhost.dll, InProgressTests is null
TpTrace Warning: 0 : 10448, 4, 2020/12/02, 15:40:24.674, 676255551237, testhost.dll, TestRunCache: No test found corresponding to testResult 'TestDodajNastavakIzuzetak  Failed
  Message: Test method threw exception System.NotImplementedException, but exception System.ArgumentNullException was expected. Exception message: System.NotImplementedException: The method or operation is not implemented.
  StackTrace:
   at Filmoteka.Filmoteka.DodajNastavak(Film film, Double rating, Boolean istiGlumci, List`1 noviGlumci) in C:\Users\nadir\Desktop\VVSZadaca2\Filmoteka\Filmoteka\Filmoteka.cs:line 125
   at Unit_Testovi.NoviTestovi.TestDodajNastavakIzuzetak() in C:\Users\nadir\Desktop\VVSZadaca2\Filmoteka\Unit Testovi\NoviTestovi.cs:line 68
' in inProgress list.
TpTrace Verbose: 0 : 10448, 4, 2020/12/02, 15:40:24.676, 676255568170, testhost.dll, BaseRunTests.RunTestInternalWithExecutors: Completed running tests for executor://MSTestAdapter/v2
TpTrace Information: 0 : 10448, 4, 2020/12/02, 15:40:24.679, 676255602769, testhost.dll, Sending test run complete
TpTrace Verbose: 0 : 10448, 4, 2020/12/02, 15:40:24.711, 676255924751, testhost.dll, TestRequestHandler.SendData:  sending data from testhost: {"Version":2,"MessageType":"TestExecution.Completed","Payload":{"TestRunCompleteArgs":{"TestRunStatistics":{"ExecutedTests":4,"Stats":{"Failed":3,"Passed":1}},"IsCanceled":false,"IsAborted":false,"Error":null,"AttachmentSets":[],"ElapsedTimeInRunningTests":"00:00:00.2068053","Metrics":{}},"LastRunTests":{"NewTestResults":[{"TestCase":{"Id":"aef9dec6-1181-fac1-2596-b31421e8da47","FullyQualifiedName":"Unit_Testovi.NoviTestovi.TestZamjenskiObjekat","DisplayName":"TestZamjenskiObjekat","ExecutorUri":"executor://MSTestAdapter/v2","Source":"C:\\Users\\nadir\\Desktop\\VVSZadaca2\\Filmoteka\\Unit Testovi\\bin\\Debug\\fine-code-coverage\\Unit Testovi.dll","CodeFilePath":null,"LineNumber":-1,"Properties":[{"Key":{"Id":"MSTestDiscoverer.TestClassName","Label":"ClassName","Category":"","Description":"","Attributes":1,"ValueType":"System.String"},"Value":"Unit_Testovi.NoviTestovi"},{"Key":{"Id":"TestObject.Traits","Label":"Traits","Category":"","Description":"","Attributes":5,"ValueType":"System.Collections.Generic.KeyValuePair`2[[System.String],[System.String]][]"},"Value":[]}]},"Attachments":[],"Outcome":2,"ErrorMessage":"Test method Unit_Testovi.NoviTestovi.TestZamjenskiObjekat threw exception: \r\nSystem.NotImplementedException: The method or operation is not implemented.","ErrorStackTrace":"    at Filmoteka.Reziser.DaLiJeReziraoFilm(Film f) in C:\\Users\\nadir\\Desktop\\VVSZadaca2\\Filmoteka\\Filmoteka\\Reziser.cs:line 15\r\n   at Filmoteka.Filmoteka.DajSveFilmoveZaRezisera(IReziser reziser) in C:\\Users\\nadir\\Desktop\\VVSZadaca2\\Filmoteka\\Filmoteka\\Filmoteka.cs:line 97\r\n   at Unit_Testovi.NoviTestovi.TestZamjenskiObjekat() in C:\\Users\\nadir\\Desktop\\VVSZadaca2\\Filmoteka\\Unit Testovi\\NoviTestovi.cs:line 23\r\n","DisplayName":null,"Messages":[],"ComputerName":null,"Duration":"00:00:00.0249791","StartTime":"2020-12-02T15:40:24.577533+01:00","EndTime":"2020-12-02T15:40:24.6281211+01:00","Properties":[{"Key":{"Id":"ExecutionId","Label":"ExecutionId","Category":"","Description":"","Attributes":1,"ValueType":"System.Guid"},"Value":"00000000-0000-0000-0000-000000000000"},{"Key":{"Id":"ParentExecId","Label":"ParentExecId","Category":"","Description":"","Attributes":1,"ValueType":"System.Guid"},"Value":"00000000-0000-0000-0000-000000000000"},{"Key":{"Id":"InnerResultsCount","Label":"InnerResultsCount","Category":"","Description":"","Attributes":1,"ValueType":"System.Int32"},"Value":0}]},{"TestCase":{"Id":"307a9543-71bf-45b1-736e-e86a33581b25","FullyQualifiedName":"Unit_Testovi.NoviTestovi.TestDodajNastavakIstiGlumci","DisplayName":"TestDodajNastavakIstiGlumci","ExecutorUri":"executor://MSTestAdapter/v2","Source":"C:\\Users\\nadir\\Desktop\\VVSZadaca2\\Filmoteka\\Unit Testovi\\bin\\Debug\\fine-code-coverage\\Unit Testovi.dll","CodeFilePath":null,"LineNumber":-1,"Properties":[{"Key":{"Id":"MSTestDiscoverer.TestClassName","Label":"ClassName","Category":"","Description":"","Attributes":1,"ValueType":"System.String"},"Value":"Unit_Testovi.NoviTestovi"},{"Key":{"Id":"TestObject.Traits","Label":"Traits","Category":"","Description":"","Attributes":5,"ValueType":"System.Collections.Generic.KeyValuePair`2[[System.String],[System.String]][]"},"Value":[]}]},"Attachments":[],"Outcome":1,"ErrorMessage":null,"ErrorStackTrace":null,"DisplayName":null,"Messages":[{"Category":"StdOutMsgs","Text":"!1\r\n!1\r\n!1\r\n!1\r\n!1\r\n!1\r\n!1\r\n!1\r\n!1\r\n!1\r\n"}],"ComputerName":null,"Duration":"00:00:00.0006730","StartTime":"2020-12-02T15:40:24.6611035+01:00","EndTime":"2020-12-02T15:40:24.6619239+01:00","Properties":[{"Key":{"Id":"ExecutionId","Label":"ExecutionId","Category":"","Description":"","Attributes":1,"ValueType":"System.Guid"},"Value":"00000000-0000-0000-0000-000000000000"},{"Key":{"Id":"ParentExecId","Label":"ParentExecId","Category":"","Description":"","Attributes":1,"ValueType":"System.Guid"},"Value":"00000000-0000-0000-0000-000000000000"},{"Key":{"Id":"InnerResultsCount","Label":"InnerResultsCount","Category":"","Description":"","Attributes":1,"ValueType":"System.Int32"},"Value":0}]},{"TestCase":{"Id":"ccc8a4b1-0bba-0d1f-634a-2a0e08c0293a","FullyQualifiedName":"Unit_Testovi.NoviTestovi.TestDodajNastavakRazlicitiGlumci","DisplayName":"TestDodajNastavakRazlicitiGlumci","ExecutorUri":"executor://MSTestAdapter/v2","Source":"C:\\Users\\nadir\\Desktop\\VVSZadaca2\\Filmoteka\\Unit Testovi\\bin\\Debug\\fine-code-coverage\\Unit Testovi.dll","CodeFilePath":null,"LineNumber":-1,"Properties":[{"Key":{"Id":"MSTestDiscoverer.TestClassName","Label":"ClassName","Category":"","Description":"","Attributes":1,"ValueType":"System.String"},"Value":"Unit_Testovi.NoviTestovi"},{"Key":{"Id":"TestObject.Traits","Label":"Traits","Category":"","Description":"","Attributes":5,"ValueType":"System.Collections.Generic.KeyValuePair`2[[System.String],[System.String]][]"},"Value":[]}]},"Attachments":[],"Outcome":2,"ErrorMessage":"Test method Unit_Testovi.NoviTestovi.TestDodajNastavakRazlicitiGlumci threw exception: \r\nSystem.NotImplementedException: The method or operation is not implemented.","ErrorStackTrace":"    at Filmoteka.Filmoteka.DodajNastavak(Film film, Double rating, Boolean istiGlumci, List`1 noviGlumci) in C:\\Users\\nadir\\Desktop\\VVSZadaca2\\Filmoteka\\Filmoteka\\Filmoteka.cs:line 125\r\n   at Unit_Testovi.NoviTestovi.TestDodajNastavakRazlicitiGlumci() in C:\\Users\\nadir\\Desktop\\VVSZadaca2\\Filmoteka\\Unit Testovi\\NoviTestovi.cs:line 55\r\n","DisplayName":null,"Messages":[],"ComputerName":null,"Duration":"00:00:00.0008502","StartTime":"2020-12-02T15:40:24.6645888+01:00","EndTime":"2020-12-02T15:40:24.6655564+01:00","Properties":[{"Key":{"Id":"ExecutionId","Label":"ExecutionId","Category":"","Description":"","Attributes":1,"ValueType":"System.Guid"},"Value":"00000000-0000-0000-0000-000000000000"},{"Key":{"Id":"ParentExecId","Label":"ParentExecId","Category":"","Description":"","Attributes":1,"ValueType":"System.Guid"},"Value":"00000000-0000-0000-0000-000000000000"},{"Key":{"Id":"InnerResultsCount","Label":"InnerResultsCount","Category":"","Description":"","Attributes":1,"ValueType":"System.Int32"},"Value":0}]},{"TestCase":{"Id":"83c1ddde-4e31-66fc-a376-4096e8037e77","FullyQualifiedName":"Unit_Testovi.NoviTestovi.TestDodajNastavakIzuzetak","DisplayName":"TestDodajNastavakIzuzetak","ExecutorUri":"executor://MSTestAdapter/v2","Source":"C:\\Users\\nadir\\Desktop\\VVSZadaca2\\Filmoteka\\Unit Testovi\\bin\\Debug\\fine-code-coverage\\Unit Testovi.dll","CodeFilePath":null,"LineNumber":-1,"Properties":[{"Key":{"Id":"MSTestDiscoverer.TestClassName","Label":"ClassName","Category":"","Description":"","Attributes":1,"ValueType":"System.String"},"Value":"Unit_Testovi.NoviTestovi"},{"Key":{"Id":"TestObject.Traits","Label":"Traits","Category":"","Description":"","Attributes":5,"ValueType":"System.Collections.Generic.KeyValuePair`2[[System.String],[System.String]][]"},"Value":[]}]},"Attachments":[],"Outcome":2,"ErrorMessage":"Test method threw exception System.NotImplementedException, but exception System.ArgumentNullException was expected. Exception message: System.NotImplementedException: The method or operation is not implemented.","ErrorStackTrace":"   at Filmoteka.Filmoteka.DodajNastavak(Film film, Double rating, Boolean istiGlumci, List`1 noviGlumci) in C:\\Users\\nadir\\Desktop\\VVSZadaca2\\Filmoteka\\Filmoteka\\Filmoteka.cs:line 125\r\n   at Unit_Testovi.NoviTestovi.TestDodajNastavakIzuzetak() in C:\\Users\\nadir\\Desktop\\VVSZadaca2\\Filmoteka\\Unit Testovi\\NoviTestovi.cs:line 68\r\n","DisplayName":null,"Messages":[],"ComputerName":null,"Duration":"00:00:00.0023365","StartTime":"2020-12-02T15:40:24.6705301+01:00","EndTime":"2020-12-02T15:40:24.6730714+01:00","Properties":[{"Key":{"Id":"ExecutionId","Label":"ExecutionId","Category":"","Description":"","Attributes":1,"ValueType":"System.Guid"},"Value":"00000000-0000-0000-0000-000000000000"},{"Key":{"Id":"ParentExecId","Label":"ParentExecId","Category":"","Description":"","Attributes":1,"ValueType":"System.Guid"},"Value":"00000000-0000-0000-0000-000000000000"},{"Key":{"Id":"InnerResultsCount","Label":"InnerResultsCount","Category":"","Description":"","Attributes":1,"ValueType":"System.Int32"},"Value":0}]}],"TestRunStatistics":{"ExecutedTests":4,"Stats":{"Failed":3,"Passed":1}},"ActiveTests":[]},"RunAttachments":[],"ExecutorUris":["executor://mstestadapter/v2"]}}
TpTrace Verbose: 0 : 10448, 4, 2020/12/02, 15:40:24.712, 676255931698, testhost.dll, BaseRunTests.RunTests: Run is complete.
TpTrace Verbose: 0 : 10448, 8, 2020/12/02, 15:40:24.715, 676255960016, testhost.dll, TcpClientExtensions.MessageLoopAsync: NotifyDataAvailable remoteEndPoint: [::ffff:127.0.0.1]:31941 localEndPoint: [::ffff:127.0.0.1]:31942
TpTrace Information: 0 : 10448, 8, 2020/12/02, 15:40:24.715, 676255961588, testhost.dll, TestRequestHandler.ProcessRequests: received message: (TestSession.Terminate) -> null
TpTrace Information: 0 : 10448, 8, 2020/12/02, 15:40:24.715, 676255962198, testhost.dll, Session End message received from server. Closing the connection.
TpTrace Information: 0 : 10448, 8, 2020/12/02, 15:40:24.715, 676255965862, testhost.dll, SocketClient.Stop: Stop communication from server endpoint: 127.0.0.1:031941
TpTrace Information: 0 : 10448, 8, 2020/12/02, 15:40:24.716, 676255967470, testhost.dll, SocketClient: Stop: Cancellation requested. Stopping message loop.
TpTrace Verbose: 0 : 10448, 8, 2020/12/02, 15:40:24.716, 676255971185, testhost.dll, LengthPrefixCommunicationChannel.Dispose: Dispose reader and writer.
TpTrace Information: 0 : 10448, 8, 2020/12/02, 15:40:24.716, 676255972012, testhost.dll, Closing the connection !
TpTrace Information: 0 : 10448, 1, 2020/12/02, 15:40:24.716, 676255972554, testhost.dll, Closing the connection !
TpTrace Information: 0 : 10448, 1, 2020/12/02, 15:40:24.716, 676255973439, testhost.dll, SocketClient.Stop: Stop communication from server endpoint: 127.0.0.1:031941
TpTrace Information: 0 : 10448, 1, 2020/12/02, 15:40:24.716, 676255973986, testhost.dll, SocketClient: Stop: Cancellation requested. Stopping message loop.
TpTrace Information: 0 : 10448, 8, 2020/12/02, 15:40:24.716, 676255974485, testhost.dll, SocketClient.PrivateStop: Stop communication from server endpoint: 127.0.0.1:031941, error:
TpTrace Verbose: 0 : 10448, 1, 2020/12/02, 15:40:24.716, 676255974670, testhost.dll, LengthPrefixCommunicationChannel.Dispose: Dispose reader and writer.
TpTrace Verbose: 0 : 10448, 8, 2020/12/02, 15:40:24.716, 676255976168, testhost.dll, LengthPrefixCommunicationChannel.Dispose: Dispose reader and writer.
TpTrace Verbose: 0 : 10448, 8, 2020/12/02, 15:40:24.717, 676255976910, testhost.dll, TcpClientExtensions.MessageLoopAsync: exiting MessageLoopAsync remoteEndPoint: [::ffff:127.0.0.1]:31941 localEndPoint: [::ffff:127.0.0.1]:31942
TpTrace Information: 0 : 10448, 1, 2020/12/02, 15:40:24.717, 676255976927, testhost.dll, Testhost process exiting.
