TpTrace Information: 0 : 10404, 1, 2020/12/02, 15:53:25.453, 1920570885774, testhost.dll, DefaultEngineInvoker.Invoke: Testhost process started with args :[--port, 51518],[--endpoint, 127.0.0.1:051518],[--role, client],[--parentprocessid, 1212],[--diag, C:\Users\User\Desktop\VVSZadaca2\Filmoteka\Unit Testovi\bin\Debug\fine-code-coverage\_outputfolder\diagnostics.host.20-12-02_15-53-25_15432_4.log],[--tracelevel, 4],[--datacollectionport, 51517],[--telemetryoptedin, false]
TpTrace Information: 0 : 10404, 1, 2020/12/02, 15:53:25.462, 1920570934373, testhost.dll, DefaultEngineInvoker.SetParentProcessExitCallback: Monitoring parent process with id: '1212'
TpTrace Information: 0 : 10404, 1, 2020/12/02, 15:53:25.476, 1920571074524, testhost.dll, DefaultEngineInvoker.GetConnectionInfo: Initialize communication on endpoint address: '127.0.0.1:051518'
TpTrace Information: 0 : 10404, 1, 2020/12/02, 15:53:25.507, 1920571383367, testhost.dll, SocketClient.Start: connecting to server endpoint: 127.0.0.1:051518
TpTrace Information: 0 : 10404, 1, 2020/12/02, 15:53:25.517, 1920571481929, testhost.dll, DefaultEngineInvoker.ConnectToDatacollector: Connecting to datacollector, port: 51517
TpTrace Information: 0 : 10404, 5, 2020/12/02, 15:53:25.524, 1920571548540, testhost.dll, SocketClient.OnServerConnected: connected to server endpoint: 127.0.0.1:051518
TpTrace Information: 0 : 10404, 1, 2020/12/02, 15:53:25.525, 1920571562660, testhost.dll, Trying to connect to server on socket : 127.0.0.1:51517 
TpTrace Verbose: 0 : 10404, 1, 2020/12/02, 15:53:25.526, 1920571574083, testhost.dll, SocketCommunicationManager : SetupClientAsync : Attempting to connect to the server.
TpTrace Information: 0 : 10404, 1, 2020/12/02, 15:53:25.527, 1920571583956, testhost.dll, Connected to the server successfully 
TpTrace Information: 0 : 10404, 1, 2020/12/02, 15:53:25.528, 1920571586511, testhost.dll, Using the buffer size of 16384 bytes
TpTrace Information: 0 : 10404, 1, 2020/12/02, 15:53:25.529, 1920571601402, testhost.dll, DefaultEngineInvoker.Invoke: Start Request Processing.
TpTrace Verbose: 0 : 10404, 5, 2020/12/02, 15:53:25.529, 1920571605364, testhost.dll, Connected to server, and starting MessageLoopAsync
TpTrace Verbose: 0 : 10404, 5, 2020/12/02, 15:53:25.538, 1920571691942, testhost.dll, TcpClientExtensions.MessageLoopAsync: Polling on remoteEndPoint: [::ffff:127.0.0.1]:51518 localEndPoint: [::ffff:127.0.0.1]:51519
TpTrace Verbose: 0 : 10404, 5, 2020/12/02, 15:53:25.539, 1920571702478, testhost.dll, TcpClientExtensions.MessageLoopAsync: NotifyDataAvailable remoteEndPoint: [::ffff:127.0.0.1]:51518 localEndPoint: [::ffff:127.0.0.1]:51519
TpTrace Information: 0 : 10404, 10, 2020/12/02, 15:53:25.546, 1920571766079, testhost.dll, DefaultEngineInvoker.StartProcessingAsync: Connected to vstest.console, Starting process requests.
TpTrace Information: 0 : 10404, 5, 2020/12/02, 15:53:25.851, 1920574816742, testhost.dll, TestRequestHandler.ProcessRequests: received message: (ProtocolVersion) -> 3
TpTrace Verbose: 0 : 10404, 5, 2020/12/02, 15:53:25.914, 1920575454478, testhost.dll, TestRequestHandler.SendData:  sending data from testhost: {"Version":2,"MessageType":"TestSession.Message","Payload":{"MessageLevel":0,"Message":"Logging TestHost Diagnostics in file: C:\\Users\\User\\Desktop\\VVSZadaca2\\Filmoteka\\Unit Testovi\\bin\\Debug\\fine-code-coverage\\_outputfolder\\diagnostics.host.20-12-02_15-53-25_15432_4.log"}}
TpTrace Verbose: 0 : 10404, 5, 2020/12/02, 15:53:25.915, 1920575457683, testhost.dll, TcpClientExtensions.MessageLoopAsync: Polling on remoteEndPoint: [::ffff:127.0.0.1]:51518 localEndPoint: [::ffff:127.0.0.1]:51519
TpTrace Verbose: 0 : 10404, 5, 2020/12/02, 15:53:25.915, 1920575460245, testhost.dll, TcpClientExtensions.MessageLoopAsync: NotifyDataAvailable remoteEndPoint: [::ffff:127.0.0.1]:51518 localEndPoint: [::ffff:127.0.0.1]:51519
TpTrace Information: 0 : 10404, 5, 2020/12/02, 15:53:25.924, 1920575552422, testhost.dll, TestRequestHandler.ProcessRequests: received message: (TestExecution.Initialize) -> [
  "C:\\Users\\User\\Desktop\\VVSZadaca2\\Filmoteka\\Unit Testovi\\bin\\Debug\\fine-code-coverage\\Microsoft.VisualStudio.TestPlatform.MSTest.TestAdapter.dll"
]
TpTrace Information: 0 : 10404, 5, 2020/12/02, 15:53:25.925, 1920575556215, testhost.dll, Execution Session Initialize.
TpTrace Verbose: 0 : 10404, 5, 2020/12/02, 15:53:25.938, 1920575688977, testhost.dll, TcpClientExtensions.MessageLoopAsync: Polling on remoteEndPoint: [::ffff:127.0.0.1]:51518 localEndPoint: [::ffff:127.0.0.1]:51519
TpTrace Verbose: 0 : 10404, 5, 2020/12/02, 15:53:25.938, 1920575692084, testhost.dll, TcpClientExtensions.MessageLoopAsync: NotifyDataAvailable remoteEndPoint: [::ffff:127.0.0.1]:51518 localEndPoint: [::ffff:127.0.0.1]:51519
TpTrace Verbose: 0 : 10404, 4, 2020/12/02, 15:53:25.944, 1920575748625, testhost.dll, TestExecutorService: Loading the extensions
TpTrace Information: 0 : 10404, 5, 2020/12/02, 15:53:25.945, 1920575761619, testhost.dll, TestRequestHandler.ProcessRequests: received message: (TestExecution.StartWithSources) -> {
  "AdapterSourceMap": {
    "_none_": [
      "C:\\Users\\User\\Desktop\\VVSZadaca2\\Filmoteka\\Unit Testovi\\bin\\Debug\\fine-code-coverage\\Unit Testovi.dll"
    ]
  },
  "RunSettings": "<RunSettings>\r\n  <RunConfiguration>\r\n    <ResultsDirectory>C:\\Users\\User\\Desktop\\VVSZadaca2\\Filmoteka\\Unit Testovi\\bin\\Debug\\fine-code-coverage\\_outputfolder</ResultsDirectory>\r\n    <TargetPlatform>X64</TargetPlatform>\r\n    <TargetFrameworkVersion>.NETCoreApp,Version=v3.1</TargetFrameworkVersion>\r\n    <DesignMode>False</DesignMode>\r\n    <CollectSourceInformation>False</CollectSourceInformation>\r\n  </RunConfiguration>\r\n  <LoggerRunSettings>\r\n    <Loggers>\r\n      <Logger friendlyName=\"blame\" enabled=\"True\" />\r\n      <Logger friendlyName=\"Console\" uri=\"logger://microsoft/TestPlatform/ConsoleLogger/v1\" assemblyQualifiedName=\"Microsoft.VisualStudio.TestPlatform.CommandLine.Internal.ConsoleLogger, vstest.console, Version=15.0.0.0, Culture=neutral, PublicKeyToken=b03f5f7f11d50a3a\" codeBase=\"C:\\Program Files\\dotnet\\sdk\\3.1.403\\vstest.console.dll\" enabled=\"True\" />\r\n    </Loggers>\r\n  </LoggerRunSettings>\r\n  <DataCollectionRunSettings>\r\n    <DataCollectors>\r\n      <DataCollector friendlyName=\"blame\" enabled=\"True\">\r\n        <Configuration>\r\n          <ResultsDirectory>C:\\Users\\User\\Desktop\\VVSZadaca2\\Filmoteka\\Unit Testovi\\bin\\Debug\\fine-code-coverage\\_outputfolder</ResultsDirectory>\r\n        </Configuration>\r\n      </DataCollector>\r\n    </DataCollectors>\r\n  </DataCollectionRunSettings>\r\n</RunSettings>",
  "TestExecutionContext": {
    "FrequencyOfRunStatsChangeEvent": 10,
    "RunStatsChangeEventTimeout": "00:00:01.5000000",
    "InIsolation": false,
    "KeepAlive": false,
    "AreTestCaseLevelEventsRequired": false,
    "IsDebug": false,
    "TestCaseFilter": null,
    "FilterOptions": null
  },
  "Package": null
}
TpTrace Information: 0 : 10404, 5, 2020/12/02, 15:53:25.946, 1920575766691, testhost.dll, Execution started.
TpTrace Verbose: 0 : 10404, 4, 2020/12/02, 15:53:25.948, 1920575791940, testhost.dll, TestPluginCache.DiscoverTestExtensions: finding test extensions in assemblies endswith: TestAdapter.dll TPluginInfo: Microsoft.VisualStudio.TestPlatform.Common.ExtensionFramework.Utilities.TestExecutorPluginInformation TExtension: Microsoft.VisualStudio.TestPlatform.ObjectModel.Adapter.ITestExecutor
TpTrace Verbose: 0 : 10404, 4, 2020/12/02, 15:53:25.951, 1920575818185, testhost.dll, TestPluginCache.GetExtensionPaths: Filtered extension paths: 
TpTrace Verbose: 0 : 10404, 4, 2020/12/02, 15:53:25.952, 1920575829536, testhost.dll, TestPluginCache.GetExtensionPaths: Added default extension paths: C:\Users\User\Desktop\VVSZadaca2\Filmoteka\Unit Testovi\bin\Debug\fine-code-coverage\Microsoft.VisualStudio.TestPlatform.MSTest.TestAdapter.dll
TpTrace Verbose: 0 : 10404, 4, 2020/12/02, 15:53:25.952, 1920575832736, testhost.dll, TestPluginCache.GetExtensionPaths: Added unfilterableExtensionPaths: 
TpTrace Information: 0 : 10404, 4, 2020/12/02, 15:53:25.957, 1920575877590, testhost.dll, AssemblyResolver.ctor: Creating AssemblyResolver with searchDirectories C:\Users\User\Desktop\VVSZadaca2\Filmoteka\Unit Testovi\bin\Debug\fine-code-coverage
TpTrace Verbose: 0 : 10404, 4, 2020/12/02, 15:53:25.961, 1920575916184, testhost.dll, TestPluginCache.DiscoverTestExtensions: Discovering the extensions using extension path.
TpTrace Verbose: 0 : 10404, 4, 2020/12/02, 15:53:25.961, 1920575921425, testhost.dll, TestPluginCache.GetExtensionPaths: Filtered extension paths: 
TpTrace Verbose: 0 : 10404, 4, 2020/12/02, 15:53:25.961, 1920575924093, testhost.dll, TestPluginCache.GetExtensionPaths: Added default extension paths: C:\Users\User\Desktop\VVSZadaca2\Filmoteka\Unit Testovi\bin\Debug\fine-code-coverage\Microsoft.VisualStudio.TestPlatform.MSTest.TestAdapter.dll
TpTrace Verbose: 0 : 10404, 4, 2020/12/02, 15:53:25.962, 1920575926558, testhost.dll, TestPluginCache.GetExtensionPaths: Added unfilterableExtensionPaths: 
TpTrace Verbose: 0 : 10404, 4, 2020/12/02, 15:53:25.962, 1920575929462, testhost.dll, TestPluginCache.DiscoverTestExtensions: Discovering the extensions using allExtensionPaths: C:\Users\User\Desktop\VVSZadaca2\Filmoteka\Unit Testovi\bin\Debug\fine-code-coverage\Microsoft.VisualStudio.TestPlatform.MSTest.TestAdapter.dll
TpTrace Information: 0 : 10404, 4, 2020/12/02, 15:53:25.964, 1920575952102, testhost.dll, AssemblyResolver.AddSearchDirectories: Adding more searchDirectories C:\Users\User\Desktop\VVSZadaca2\Filmoteka\Unit Testovi\bin\Debug\fine-code-coverage
TpTrace Information: 0 : 10404, 4, 2020/12/02, 15:53:25.974, 1920576047248, testhost.dll, AssemblyResolver.OnResolve: Microsoft.VisualStudio.TestPlatform.MSTest.TestAdapter: Resolving assembly.
TpTrace Information: 0 : 10404, 4, 2020/12/02, 15:53:25.976, 1920576072466, testhost.dll, AssemblyResolver.OnResolve: Resolved assembly: Microsoft.VisualStudio.TestPlatform.MSTest.TestAdapter, from path: C:\Users\User\Desktop\VVSZadaca2\Filmoteka\Unit Testovi\bin\Debug\fine-code-coverage\Microsoft.VisualStudio.TestPlatform.MSTest.TestAdapter.dll
TpTrace Information: 0 : 10404, 4, 2020/12/02, 15:53:25.979, 1920576100649, testhost.dll, AssemblyResolver.OnResolve: Microsoft.VisualStudio.TestPlatform.MSTestAdapter.PlatformServices.Interface: Resolving assembly.
TpTrace Information: 0 : 10404, 4, 2020/12/02, 15:53:25.980, 1920576112401, testhost.dll, AssemblyResolver.OnResolve: Resolved assembly: Microsoft.VisualStudio.TestPlatform.MSTestAdapter.PlatformServices.Interface, from path: C:\Users\User\Desktop\VVSZadaca2\Filmoteka\Unit Testovi\bin\Debug\fine-code-coverage\Microsoft.VisualStudio.TestPlatform.MSTestAdapter.PlatformServices.Interface.dll
TpTrace Information: 0 : 10404, 4, 2020/12/02, 15:53:25.981, 1920576120301, testhost.dll, AssemblyResolver.OnResolve: Microsoft.VisualStudio.TestPlatform.MSTestAdapter.PlatformServices: Resolving assembly.
TpTrace Information: 0 : 10404, 4, 2020/12/02, 15:53:25.982, 1920576134665, testhost.dll, AssemblyResolver.OnResolve: Resolved assembly: Microsoft.VisualStudio.TestPlatform.MSTestAdapter.PlatformServices, from path: C:\Users\User\Desktop\VVSZadaca2\Filmoteka\Unit Testovi\bin\Debug\fine-code-coverage\Microsoft.VisualStudio.TestPlatform.MSTestAdapter.PlatformServices.dll
TpTrace Verbose: 0 : 10404, 4, 2020/12/02, 15:53:25.994, 1920576246369, testhost.dll, TestPluginCache: Discovered the extensions using extension path ''.
TpTrace Verbose: 0 : 10404, 4, 2020/12/02, 15:53:25.994, 1920576253967, testhost.dll, TestPluginCache: Discoverers are ''.
TpTrace Verbose: 0 : 10404, 4, 2020/12/02, 15:53:25.995, 1920576256260, testhost.dll, TestPluginCache: Executors are 'executor://MSTestAdapter/v2'.
TpTrace Verbose: 0 : 10404, 4, 2020/12/02, 15:53:25.995, 1920576259128, testhost.dll, TestPluginCache: Setting providers are ''.
TpTrace Verbose: 0 : 10404, 4, 2020/12/02, 15:53:25.995, 1920576261468, testhost.dll, TestPluginCache: Loggers are ''.
TpTrace Verbose: 0 : 10404, 5, 2020/12/02, 15:53:25.999, 1920576301387, testhost.dll, TcpClientExtensions.MessageLoopAsync: Polling on remoteEndPoint: [::ffff:127.0.0.1]:51518 localEndPoint: [::ffff:127.0.0.1]:51519
TpTrace Information: 0 : 10404, 4, 2020/12/02, 15:53:26.006, 1920576368085, testhost.dll, TestPluginManager.CreateTestExtension: Attempting to load test extension: Microsoft.VisualStudio.TestPlatform.MSTest.TestAdapter.MSTestExecutor
TpTrace Verbose: 0 : 10404, 4, 2020/12/02, 15:53:26.011, 1920576423697, testhost.dll, TestExecutorExtensionManager: Loading executor Microsoft.VisualStudio.TestPlatform.MSTest.TestAdapter.MSTestExecutor
TpTrace Verbose: 0 : 10404, 4, 2020/12/02, 15:53:26.011, 1920576425736, testhost.dll, TestExecutorService: Loaded the executors
TpTrace Verbose: 0 : 10404, 4, 2020/12/02, 15:53:26.013, 1920576443064, testhost.dll, TestPluginCache.DiscoverTestExtensions: finding test extensions in assemblies endswith: TestAdapter.dll TPluginInfo: Microsoft.VisualStudio.TestPlatform.Common.ExtensionFramework.Utilities.TestSettingsProviderPluginInformation TExtension: Microsoft.VisualStudio.TestPlatform.ObjectModel.Adapter.ISettingsProvider
TpTrace Verbose: 0 : 10404, 4, 2020/12/02, 15:53:26.014, 1920576448556, testhost.dll, TestPluginCache.GetExtensionPaths: Filtered extension paths: 
TpTrace Verbose: 0 : 10404, 4, 2020/12/02, 15:53:26.014, 1920576450189, testhost.dll, TestPluginCache.GetExtensionPaths: Added default extension paths: C:\Users\User\Desktop\VVSZadaca2\Filmoteka\Unit Testovi\bin\Debug\fine-code-coverage\Microsoft.VisualStudio.TestPlatform.MSTest.TestAdapter.dll
TpTrace Verbose: 0 : 10404, 4, 2020/12/02, 15:53:26.014, 1920576451619, testhost.dll, TestPluginCache.GetExtensionPaths: Added unfilterableExtensionPaths: 
TpTrace Information: 0 : 10404, 4, 2020/12/02, 15:53:26.014, 1920576454885, testhost.dll, AssemblyResolver.AddSearchDirectories: Adding more searchDirectories C:\Users\User\Desktop\VVSZadaca2\Filmoteka\Unit Testovi\bin\Debug\fine-code-coverage
TpTrace Verbose: 0 : 10404, 4, 2020/12/02, 15:53:26.015, 1920576456620, testhost.dll, TestPluginCache.DiscoverTestExtensions: Discovering the extensions using extension path.
TpTrace Verbose: 0 : 10404, 4, 2020/12/02, 15:53:26.015, 1920576458063, testhost.dll, TestPluginCache.GetExtensionPaths: Filtered extension paths: 
TpTrace Verbose: 0 : 10404, 4, 2020/12/02, 15:53:26.015, 1920576459444, testhost.dll, TestPluginCache.GetExtensionPaths: Added default extension paths: C:\Users\User\Desktop\VVSZadaca2\Filmoteka\Unit Testovi\bin\Debug\fine-code-coverage\Microsoft.VisualStudio.TestPlatform.MSTest.TestAdapter.dll
TpTrace Verbose: 0 : 10404, 4, 2020/12/02, 15:53:26.015, 1920576460811, testhost.dll, TestPluginCache.GetExtensionPaths: Added unfilterableExtensionPaths: 
TpTrace Verbose: 0 : 10404, 4, 2020/12/02, 15:53:26.015, 1920576462219, testhost.dll, TestPluginCache.DiscoverTestExtensions: Discovering the extensions using allExtensionPaths: C:\Users\User\Desktop\VVSZadaca2\Filmoteka\Unit Testovi\bin\Debug\fine-code-coverage\Microsoft.VisualStudio.TestPlatform.MSTest.TestAdapter.dll
TpTrace Information: 0 : 10404, 4, 2020/12/02, 15:53:26.015, 1920576463850, testhost.dll, AssemblyResolver.AddSearchDirectories: Adding more searchDirectories C:\Users\User\Desktop\VVSZadaca2\Filmoteka\Unit Testovi\bin\Debug\fine-code-coverage
TpTrace Verbose: 0 : 10404, 4, 2020/12/02, 15:53:26.016, 1920576468037, testhost.dll, TestPluginCache: Discovered the extensions using extension path ''.
TpTrace Verbose: 0 : 10404, 4, 2020/12/02, 15:53:26.016, 1920576469581, testhost.dll, TestPluginCache: Discoverers are ''.
TpTrace Verbose: 0 : 10404, 4, 2020/12/02, 15:53:26.016, 1920576471208, testhost.dll, TestPluginCache: Executors are 'executor://MSTestAdapter/v2'.
TpTrace Verbose: 0 : 10404, 4, 2020/12/02, 15:53:26.016, 1920576473189, testhost.dll, TestPluginCache: Setting providers are ''.
TpTrace Verbose: 0 : 10404, 4, 2020/12/02, 15:53:26.016, 1920576474684, testhost.dll, TestPluginCache: Loggers are ''.
TpTrace Verbose: 0 : 10404, 4, 2020/12/02, 15:53:26.018, 1920576490983, testhost.dll, TestExecutorService: Loaded the settings providers
TpTrace Information: 0 : 10404, 4, 2020/12/02, 15:53:26.018, 1920576493303, testhost.dll, TestExecutorService: Loaded the extensions
TpTrace Information: 0 : 10404, 4, 2020/12/02, 15:53:26.284, 1920579151032, testhost.dll, TestDiscoveryManager: Discovering tests from sources C:\Users\User\Desktop\VVSZadaca2\Filmoteka\Unit Testovi\bin\Debug\fine-code-coverage\Unit Testovi.dll
TpTrace Verbose: 0 : 10404, 4, 2020/12/02, 15:53:26.294, 1920579253149, testhost.dll, TestPluginCache.DiscoverTestExtensions: finding test extensions in assemblies endswith: TestAdapter.dll TPluginInfo: Microsoft.VisualStudio.TestPlatform.Common.ExtensionFramework.Utilities.TestDiscovererPluginInformation TExtension: Microsoft.VisualStudio.TestPlatform.ObjectModel.Adapter.ITestDiscoverer
TpTrace Verbose: 0 : 10404, 4, 2020/12/02, 15:53:26.295, 1920579257943, testhost.dll, TestPluginCache.GetExtensionPaths: Filtered extension paths: 
TpTrace Verbose: 0 : 10404, 4, 2020/12/02, 15:53:26.295, 1920579260313, testhost.dll, TestPluginCache.GetExtensionPaths: Added default extension paths: C:\Users\User\Desktop\VVSZadaca2\Filmoteka\Unit Testovi\bin\Debug\fine-code-coverage\Microsoft.VisualStudio.TestPlatform.MSTest.TestAdapter.dll
TpTrace Verbose: 0 : 10404, 4, 2020/12/02, 15:53:26.295, 1920579262488, testhost.dll, TestPluginCache.GetExtensionPaths: Added unfilterableExtensionPaths: 
TpTrace Information: 0 : 10404, 4, 2020/12/02, 15:53:26.296, 1920579266037, testhost.dll, AssemblyResolver.AddSearchDirectories: Adding more searchDirectories C:\Users\User\Desktop\VVSZadaca2\Filmoteka\Unit Testovi\bin\Debug\fine-code-coverage
TpTrace Verbose: 0 : 10404, 4, 2020/12/02, 15:53:26.296, 1920579268359, testhost.dll, TestPluginCache.DiscoverTestExtensions: Discovering the extensions using extension path.
TpTrace Verbose: 0 : 10404, 4, 2020/12/02, 15:53:26.296, 1920579270509, testhost.dll, TestPluginCache.GetExtensionPaths: Filtered extension paths: 
TpTrace Verbose: 0 : 10404, 4, 2020/12/02, 15:53:26.296, 1920579272603, testhost.dll, TestPluginCache.GetExtensionPaths: Added default extension paths: C:\Users\User\Desktop\VVSZadaca2\Filmoteka\Unit Testovi\bin\Debug\fine-code-coverage\Microsoft.VisualStudio.TestPlatform.MSTest.TestAdapter.dll
TpTrace Verbose: 0 : 10404, 4, 2020/12/02, 15:53:26.296, 1920579274710, testhost.dll, TestPluginCache.GetExtensionPaths: Added unfilterableExtensionPaths: 
TpTrace Verbose: 0 : 10404, 4, 2020/12/02, 15:53:26.297, 1920579277775, testhost.dll, TestPluginCache.DiscoverTestExtensions: Discovering the extensions using allExtensionPaths: C:\Users\User\Desktop\VVSZadaca2\Filmoteka\Unit Testovi\bin\Debug\fine-code-coverage\Microsoft.VisualStudio.TestPlatform.MSTest.TestAdapter.dll
TpTrace Information: 0 : 10404, 4, 2020/12/02, 15:53:26.297, 1920579280359, testhost.dll, AssemblyResolver.AddSearchDirectories: Adding more searchDirectories C:\Users\User\Desktop\VVSZadaca2\Filmoteka\Unit Testovi\bin\Debug\fine-code-coverage
TpTrace Verbose: 0 : 10404, 4, 2020/12/02, 15:53:26.305, 1920579358468, testhost.dll, TestPluginCache: Discovered the extensions using extension path ''.
TpTrace Verbose: 0 : 10404, 4, 2020/12/02, 15:53:26.305, 1920579361490, testhost.dll, TestPluginCache: Discoverers are 'Microsoft.VisualStudio.TestPlatform.MSTest.TestAdapter.MSTestDiscoverer, Microsoft.VisualStudio.TestPlatform.MSTest.TestAdapter, Version=14.0.0.0, Culture=neutral, PublicKeyToken=b03f5f7f11d50a3a'.
TpTrace Verbose: 0 : 10404, 4, 2020/12/02, 15:53:26.305, 1920579363990, testhost.dll, TestPluginCache: Executors are 'executor://MSTestAdapter/v2'.
TpTrace Verbose: 0 : 10404, 4, 2020/12/02, 15:53:26.306, 1920579366474, testhost.dll, TestPluginCache: Setting providers are ''.
TpTrace Verbose: 0 : 10404, 4, 2020/12/02, 15:53:26.306, 1920579368617, testhost.dll, TestPluginCache: Loggers are ''.
TpTrace Verbose: 0 : 10404, 4, 2020/12/02, 15:53:26.326, 1920579570650, testhost.dll, BaseRunTests.RunTestInternalWithExecutors: Running tests for executor://MSTestAdapter/v2
TpTrace Information: 0 : 10404, 4, 2020/12/02, 15:53:26.463, 1920580943005, testhost.dll, AssemblyResolver.OnResolve: Microsoft.VisualStudio.TestPlatform.MSTestAdapter.PlatformServices.resources: Resolving assembly.
TpTrace Information: 0 : 10404, 4, 2020/12/02, 15:53:26.464, 1920580947936, testhost.dll, AssemblyResolver.OnResolve: Microsoft.VisualStudio.TestPlatform.MSTestAdapter.PlatformServices.resources: Failed to load assembly.
TpTrace Information: 0 : 10404, 4, 2020/12/02, 15:53:26.464, 1920580954598, testhost.dll, AssemblyResolver.OnResolve: Microsoft.VisualStudio.TestPlatform.MSTestAdapter.PlatformServices.resources: Resolving assembly.
TpTrace Information: 0 : 10404, 4, 2020/12/02, 15:53:26.465, 1920580957221, testhost.dll, AssemblyResolver.OnResolve: Microsoft.VisualStudio.TestPlatform.MSTestAdapter.PlatformServices.resources: Resolved from cache.
TpTrace Verbose: 0 : 10404, 4, 2020/12/02, 15:53:26.505, 1920581365788, testhost.dll, TestExecutionRecorder.RecordStart: Starting test: Unit_Testovi.NoviTestovi.TestZamjenskiObjekat.
TpTrace Information: 0 : 10404, 4, 2020/12/02, 15:53:26.682, 1920583133794, testhost.dll, AssemblyResolver.OnResolve: Microsoft.VisualStudio.TestPlatform.MSTest.TestAdapter.resources: Resolving assembly.
TpTrace Information: 0 : 10404, 4, 2020/12/02, 15:53:26.683, 1920583137050, testhost.dll, AssemblyResolver.OnResolve: Microsoft.VisualStudio.TestPlatform.MSTest.TestAdapter.resources: Failed to load assembly.
TpTrace Verbose: 0 : 10404, 4, 2020/12/02, 15:53:26.751, 1920583819266, testhost.dll, TestExecutionRecorder.RecordEnd: test: Unit_Testovi.NoviTestovi.TestZamjenskiObjekat execution completed.
TpTrace Verbose: 0 : 10404, 4, 2020/12/02, 15:53:26.806, 1920584366083, testhost.dll, TestExecutionRecorder.RecordResult: Received result for test: Unit_Testovi.NoviTestovi.TestZamjenskiObjekat.
TpTrace Warning: 0 : 10404, 4, 2020/12/02, 15:53:26.813, 1920584445830, testhost.dll, InProgressTests is null
TpTrace Warning: 0 : 10404, 4, 2020/12/02, 15:53:26.818, 1920584487594, testhost.dll, TestRunCache: No test found corresponding to testResult 'TestZamjenskiObjekat  Failed
  Message: Test method Unit_Testovi.NoviTestovi.TestZamjenskiObjekat threw exception: 
System.NotImplementedException: The method or operation is not implemented.
  StackTrace:
    at Filmoteka.Reziser.DaLiJeReziraoFilm(Film f) in C:\Users\User\Desktop\VVSZadaca2\Filmoteka\Filmoteka\Reziser.cs:line 15
   at Filmoteka.Filmoteka.DajSveFilmoveZaRezisera(IReziser reziser) in C:\Users\User\Desktop\VVSZadaca2\Filmoteka\Filmoteka\Filmoteka.cs:line 97
   at Unit_Testovi.NoviTestovi.TestZamjenskiObjekat() in C:\Users\User\Desktop\VVSZadaca2\Filmoteka\Unit Testovi\NoviTestovi.cs:line 23
' in inProgress list.
TpTrace Verbose: 0 : 10404, 4, 2020/12/02, 15:53:26.818, 1920584491496, testhost.dll, TestExecutionRecorder.RecordStart: Starting test: Unit_Testovi.NoviTestovi.TestDodajNastavakIstiGlumci.
TpTrace Verbose: 0 : 10404, 4, 2020/12/02, 15:53:26.823, 1920584536797, testhost.dll, TestExecutionRecorder.RecordEnd: test: Unit_Testovi.NoviTestovi.TestDodajNastavakIstiGlumci execution completed.
TpTrace Verbose: 0 : 10404, 4, 2020/12/02, 15:53:26.826, 1920584571203, testhost.dll, TestExecutionRecorder.RecordResult: Received result for test: Unit_Testovi.NoviTestovi.TestDodajNastavakIstiGlumci.
TpTrace Warning: 0 : 10404, 4, 2020/12/02, 15:53:26.826, 1920584573936, testhost.dll, InProgressTests is null
TpTrace Warning: 0 : 10404, 4, 2020/12/02, 15:53:26.827, 1920584575939, testhost.dll, TestRunCache: No test found corresponding to testResult 'TestDodajNastavakIstiGlumci  Failed
  Message: Test method Unit_Testovi.NoviTestovi.TestDodajNastavakIstiGlumci threw exception: 
System.NotImplementedException: The method or operation is not implemented.
  StackTrace:
    at Filmoteka.Filmoteka.DodajNastavak(Film film, Double rating, Boolean istiGlumci, List`1 noviGlumci) in C:\Users\User\Desktop\VVSZadaca2\Filmoteka\Filmoteka\Filmoteka.cs:line 118
   at Unit_Testovi.NoviTestovi.TestDodajNastavakIstiGlumci() in C:\Users\User\Desktop\VVSZadaca2\Filmoteka\Unit Testovi\NoviTestovi.cs:line 40
' in inProgress list.
TpTrace Verbose: 0 : 10404, 4, 2020/12/02, 15:53:26.827, 1920584578030, testhost.dll, TestExecutionRecorder.RecordStart: Starting test: Unit_Testovi.NoviTestovi.TestDodajNastavakRazlicitiGlumci.
TpTrace Verbose: 0 : 10404, 4, 2020/12/02, 15:53:26.830, 1920584613693, testhost.dll, TestExecutionRecorder.RecordEnd: test: Unit_Testovi.NoviTestovi.TestDodajNastavakRazlicitiGlumci execution completed.
TpTrace Verbose: 0 : 10404, 4, 2020/12/02, 15:53:26.837, 1920584684063, testhost.dll, TestExecutionRecorder.RecordResult: Received result for test: Unit_Testovi.NoviTestovi.TestDodajNastavakRazlicitiGlumci.
TpTrace Warning: 0 : 10404, 4, 2020/12/02, 15:53:26.838, 1920584686905, testhost.dll, InProgressTests is null
TpTrace Warning: 0 : 10404, 4, 2020/12/02, 15:53:26.838, 1920584689175, testhost.dll, TestRunCache: No test found corresponding to testResult 'TestDodajNastavakRazlicitiGlumci  Failed
  Message: Test method Unit_Testovi.NoviTestovi.TestDodajNastavakRazlicitiGlumci threw exception: 
System.NotImplementedException: The method or operation is not implemented.
  StackTrace:
    at Filmoteka.Filmoteka.DodajNastavak(Film film, Double rating, Boolean istiGlumci, List`1 noviGlumci) in C:\Users\User\Desktop\VVSZadaca2\Filmoteka\Filmoteka\Filmoteka.cs:line 118
   at Unit_Testovi.NoviTestovi.TestDodajNastavakRazlicitiGlumci() in C:\Users\User\Desktop\VVSZadaca2\Filmoteka\Unit Testovi\NoviTestovi.cs:line 53
' in inProgress list.
TpTrace Verbose: 0 : 10404, 4, 2020/12/02, 15:53:26.838, 1920584691076, testhost.dll, TestExecutionRecorder.RecordStart: Starting test: Unit_Testovi.NoviTestovi.TestDodajNastavakIzuzetak.
TpTrace Information: 0 : 10404, 4, 2020/12/02, 15:53:26.844, 1920584754078, testhost.dll, AssemblyResolver.OnResolve: Microsoft.VisualStudio.TestPlatform.TestFramework.resources: Resolving assembly.
TpTrace Information: 0 : 10404, 4, 2020/12/02, 15:53:26.845, 1920584758963, testhost.dll, AssemblyResolver.OnResolve: Microsoft.VisualStudio.TestPlatform.TestFramework.resources: Failed to load assembly.
TpTrace Verbose: 0 : 10404, 4, 2020/12/02, 15:53:26.848, 1920584790696, testhost.dll, TestExecutionRecorder.RecordEnd: test: Unit_Testovi.NoviTestovi.TestDodajNastavakIzuzetak execution completed.
TpTrace Verbose: 0 : 10404, 4, 2020/12/02, 15:53:26.851, 1920584820615, testhost.dll, TestExecutionRecorder.RecordResult: Received result for test: Unit_Testovi.NoviTestovi.TestDodajNastavakIzuzetak.
TpTrace Warning: 0 : 10404, 4, 2020/12/02, 15:53:26.851, 1920584823420, testhost.dll, InProgressTests is null
TpTrace Warning: 0 : 10404, 4, 2020/12/02, 15:53:26.852, 1920584826855, testhost.dll, TestRunCache: No test found corresponding to testResult 'TestDodajNastavakIzuzetak  Failed
  Message: Test method threw exception System.NotImplementedException, but exception System.ArgumentNullException was expected. Exception message: System.NotImplementedException: The method or operation is not implemented.
  StackTrace:
   at Filmoteka.Filmoteka.DodajNastavak(Film film, Double rating, Boolean istiGlumci, List`1 noviGlumci) in C:\Users\User\Desktop\VVSZadaca2\Filmoteka\Filmoteka\Filmoteka.cs:line 118
   at Unit_Testovi.NoviTestovi.TestDodajNastavakIzuzetak() in C:\Users\User\Desktop\VVSZadaca2\Filmoteka\Unit Testovi\NoviTestovi.cs:line 66
' in inProgress list.
TpTrace Verbose: 0 : 10404, 4, 2020/12/02, 15:53:26.855, 1920584861075, testhost.dll, BaseRunTests.RunTestInternalWithExecutors: Completed running tests for executor://MSTestAdapter/v2
TpTrace Information: 0 : 10404, 4, 2020/12/02, 15:53:26.861, 1920584925318, testhost.dll, Sending test run complete
TpTrace Verbose: 0 : 10404, 4, 2020/12/02, 15:53:26.929, 1920585604958, testhost.dll, TestRequestHandler.SendData:  sending data from testhost: {"Version":2,"MessageType":"TestExecution.Completed","Payload":{"TestRunCompleteArgs":{"TestRunStatistics":{"ExecutedTests":4,"Stats":{"Failed":4}},"IsCanceled":false,"IsAborted":false,"Error":null,"AttachmentSets":[],"ElapsedTimeInRunningTests":"00:00:00.5431575","Metrics":{}},"LastRunTests":{"NewTestResults":[{"TestCase":{"Id":"aef9dec6-1181-fac1-2596-b31421e8da47","FullyQualifiedName":"Unit_Testovi.NoviTestovi.TestZamjenskiObjekat","DisplayName":"TestZamjenskiObjekat","ExecutorUri":"executor://MSTestAdapter/v2","Source":"C:\\Users\\User\\Desktop\\VVSZadaca2\\Filmoteka\\Unit Testovi\\bin\\Debug\\fine-code-coverage\\Unit Testovi.dll","CodeFilePath":null,"LineNumber":-1,"Properties":[{"Key":{"Id":"MSTestDiscoverer.TestClassName","Label":"ClassName","Category":"","Description":"","Attributes":1,"ValueType":"System.String"},"Value":"Unit_Testovi.NoviTestovi"},{"Key":{"Id":"TestObject.Traits","Label":"Traits","Category":"","Description":"","Attributes":5,"ValueType":"System.Collections.Generic.KeyValuePair`2[[System.String],[System.String]][]"},"Value":[]}]},"Attachments":[],"Outcome":2,"ErrorMessage":"Test method Unit_Testovi.NoviTestovi.TestZamjenskiObjekat threw exception: \r\nSystem.NotImplementedException: The method or operation is not implemented.","ErrorStackTrace":"    at Filmoteka.Reziser.DaLiJeReziraoFilm(Film f) in C:\\Users\\User\\Desktop\\VVSZadaca2\\Filmoteka\\Filmoteka\\Reziser.cs:line 15\r\n   at Filmoteka.Filmoteka.DajSveFilmoveZaRezisera(IReziser reziser) in C:\\Users\\User\\Desktop\\VVSZadaca2\\Filmoteka\\Filmoteka\\Filmoteka.cs:line 97\r\n   at Unit_Testovi.NoviTestovi.TestZamjenskiObjekat() in C:\\Users\\User\\Desktop\\VVSZadaca2\\Filmoteka\\Unit Testovi\\NoviTestovi.cs:line 23\r\n","DisplayName":null,"Messages":[],"ComputerName":null,"Duration":"00:00:00.0641876","StartTime":"2020-12-02T15:53:26.6155038+01:00","EndTime":"2020-12-02T15:53:26.7413158+01:00","Properties":[{"Key":{"Id":"ExecutionId","Label":"ExecutionId","Category":"","Description":"","Attributes":1,"ValueType":"System.Guid"},"Value":"00000000-0000-0000-0000-000000000000"},{"Key":{"Id":"ParentExecId","Label":"ParentExecId","Category":"","Description":"","Attributes":1,"ValueType":"System.Guid"},"Value":"00000000-0000-0000-0000-000000000000"},{"Key":{"Id":"InnerResultsCount","Label":"InnerResultsCount","Category":"","Description":"","Attributes":1,"ValueType":"System.Int32"},"Value":0}]},{"TestCase":{"Id":"307a9543-71bf-45b1-736e-e86a33581b25","FullyQualifiedName":"Unit_Testovi.NoviTestovi.TestDodajNastavakIstiGlumci","DisplayName":"TestDodajNastavakIstiGlumci","ExecutorUri":"executor://MSTestAdapter/v2","Source":"C:\\Users\\User\\Desktop\\VVSZadaca2\\Filmoteka\\Unit Testovi\\bin\\Debug\\fine-code-coverage\\Unit Testovi.dll","CodeFilePath":null,"LineNumber":-1,"Properties":[{"Key":{"Id":"MSTestDiscoverer.TestClassName","Label":"ClassName","Category":"","Description":"","Attributes":1,"ValueType":"System.String"},"Value":"Unit_Testovi.NoviTestovi"},{"Key":{"Id":"TestObject.Traits","Label":"Traits","Category":"","Description":"","Attributes":5,"ValueType":"System.Collections.Generic.KeyValuePair`2[[System.String],[System.String]][]"},"Value":[]}]},"Attachments":[],"Outcome":2,"ErrorMessage":"Test method Unit_Testovi.NoviTestovi.TestDodajNastavakIstiGlumci threw exception: \r\nSystem.NotImplementedException: The method or operation is not implemented.","ErrorStackTrace":"    at Filmoteka.Filmoteka.DodajNastavak(Film film, Double rating, Boolean istiGlumci, List`1 noviGlumci) in C:\\Users\\User\\Desktop\\VVSZadaca2\\Filmoteka\\Filmoteka\\Filmoteka.cs:line 118\r\n   at Unit_Testovi.NoviTestovi.TestDodajNastavakIstiGlumci() in C:\\Users\\User\\Desktop\\VVSZadaca2\\Filmoteka\\Unit Testovi\\NoviTestovi.cs:line 40\r\n","DisplayName":null,"Messages":[],"ComputerName":null,"Duration":"00:00:00.0018196","StartTime":"2020-12-02T15:53:26.8208413+01:00","EndTime":"2020-12-02T15:53:26.8230627+01:00","Properties":[{"Key":{"Id":"ExecutionId","Label":"ExecutionId","Category":"","Description":"","Attributes":1,"ValueType":"System.Guid"},"Value":"00000000-0000-0000-0000-000000000000"},{"Key":{"Id":"ParentExecId","Label":"ParentExecId","Category":"","Description":"","Attributes":1,"ValueType":"System.Guid"},"Value":"00000000-0000-0000-0000-000000000000"},{"Key":{"Id":"InnerResultsCount","Label":"InnerResultsCount","Category":"","Description":"","Attributes":1,"ValueType":"System.Int32"},"Value":0}]},{"TestCase":{"Id":"ccc8a4b1-0bba-0d1f-634a-2a0e08c0293a","FullyQualifiedName":"Unit_Testovi.NoviTestovi.TestDodajNastavakRazlicitiGlumci","DisplayName":"TestDodajNastavakRazlicitiGlumci","ExecutorUri":"executor://MSTestAdapter/v2","Source":"C:\\Users\\User\\Desktop\\VVSZadaca2\\Filmoteka\\Unit Testovi\\bin\\Debug\\fine-code-coverage\\Unit Testovi.dll","CodeFilePath":null,"LineNumber":-1,"Properties":[{"Key":{"Id":"MSTestDiscoverer.TestClassName","Label":"ClassName","Category":"","Description":"","Attributes":1,"ValueType":"System.String"},"Value":"Unit_Testovi.NoviTestovi"},{"Key":{"Id":"TestObject.Traits","Label":"Traits","Category":"","Description":"","Attributes":5,"ValueType":"System.Collections.Generic.KeyValuePair`2[[System.String],[System.String]][]"},"Value":[]}]},"Attachments":[],"Outcome":2,"ErrorMessage":"Test method Unit_Testovi.NoviTestovi.TestDodajNastavakRazlicitiGlumci threw exception: \r\nSystem.NotImplementedException: The method or operation is not implemented.","ErrorStackTrace":"    at Filmoteka.Filmoteka.DodajNastavak(Film film, Double rating, Boolean istiGlumci, List`1 noviGlumci) in C:\\Users\\User\\Desktop\\VVSZadaca2\\Filmoteka\\Filmoteka\\Filmoteka.cs:line 118\r\n   at Unit_Testovi.NoviTestovi.TestDodajNastavakRazlicitiGlumci() in C:\\Users\\User\\Desktop\\VVSZadaca2\\Filmoteka\\Unit Testovi\\NoviTestovi.cs:line 53\r\n","DisplayName":null,"Messages":[],"ComputerName":null,"Duration":"00:00:00.0012322","StartTime":"2020-12-02T15:53:26.8292421+01:00","EndTime":"2020-12-02T15:53:26.8307526+01:00","Properties":[{"Key":{"Id":"ExecutionId","Label":"ExecutionId","Category":"","Description":"","Attributes":1,"ValueType":"System.Guid"},"Value":"00000000-0000-0000-0000-000000000000"},{"Key":{"Id":"ParentExecId","Label":"ParentExecId","Category":"","Description":"","Attributes":1,"ValueType":"System.Guid"},"Value":"00000000-0000-0000-0000-000000000000"},{"Key":{"Id":"InnerResultsCount","Label":"InnerResultsCount","Category":"","Description":"","Attributes":1,"ValueType":"System.Int32"},"Value":0}]},{"TestCase":{"Id":"83c1ddde-4e31-66fc-a376-4096e8037e77","FullyQualifiedName":"Unit_Testovi.NoviTestovi.TestDodajNastavakIzuzetak","DisplayName":"TestDodajNastavakIzuzetak","ExecutorUri":"executor://MSTestAdapter/v2","Source":"C:\\Users\\User\\Desktop\\VVSZadaca2\\Filmoteka\\Unit Testovi\\bin\\Debug\\fine-code-coverage\\Unit Testovi.dll","CodeFilePath":null,"LineNumber":-1,"Properties":[{"Key":{"Id":"MSTestDiscoverer.TestClassName","Label":"ClassName","Category":"","Description":"","Attributes":1,"ValueType":"System.String"},"Value":"Unit_Testovi.NoviTestovi"},{"Key":{"Id":"TestObject.Traits","Label":"Traits","Category":"","Description":"","Attributes":5,"ValueType":"System.Collections.Generic.KeyValuePair`2[[System.String],[System.String]][]"},"Value":[]}]},"Attachments":[],"Outcome":2,"ErrorMessage":"Test method threw exception System.NotImplementedException, but exception System.ArgumentNullException was expected. Exception message: System.NotImplementedException: The method or operation is not implemented.","ErrorStackTrace":"   at Filmoteka.Filmoteka.DodajNastavak(Film film, Double rating, Boolean istiGlumci, List`1 noviGlumci) in C:\\Users\\User\\Desktop\\VVSZadaca2\\Filmoteka\\Filmoteka\\Filmoteka.cs:line 118\r\n   at Unit_Testovi.NoviTestovi.TestDodajNastavakIzuzetak() in C:\\Users\\User\\Desktop\\VVSZadaca2\\Filmoteka\\Unit Testovi\\NoviTestovi.cs:line 66\r\n","DisplayName":null,"Messages":[],"ComputerName":null,"Duration":"00:00:00.0070198","StartTime":"2020-12-02T15:53:26.8410211+01:00","EndTime":"2020-12-02T15:53:26.8484529+01:00","Properties":[{"Key":{"Id":"ExecutionId","Label":"ExecutionId","Category":"","Description":"","Attributes":1,"ValueType":"System.Guid"},"Value":"00000000-0000-0000-0000-000000000000"},{"Key":{"Id":"ParentExecId","Label":"ParentExecId","Category":"","Description":"","Attributes":1,"ValueType":"System.Guid"},"Value":"00000000-0000-0000-0000-000000000000"},{"Key":{"Id":"InnerResultsCount","Label":"InnerResultsCount","Category":"","Description":"","Attributes":1,"ValueType":"System.Int32"},"Value":0}]}],"TestRunStatistics":{"ExecutedTests":4,"Stats":{"Failed":4}},"ActiveTests":[]},"RunAttachments":[],"ExecutorUris":["executor://mstestadapter/v2"]}}
TpTrace Verbose: 0 : 10404, 4, 2020/12/02, 15:53:26.930, 1920585614633, testhost.dll, BaseRunTests.RunTests: Run is complete.
TpTrace Verbose: 0 : 10404, 5, 2020/12/02, 15:53:26.939, 1920585701285, testhost.dll, TcpClientExtensions.MessageLoopAsync: NotifyDataAvailable remoteEndPoint: [::ffff:127.0.0.1]:51518 localEndPoint: [::ffff:127.0.0.1]:51519
TpTrace Information: 0 : 10404, 5, 2020/12/02, 15:53:26.939, 1920585704743, testhost.dll, TestRequestHandler.ProcessRequests: received message: (TestSession.Terminate) -> null
TpTrace Information: 0 : 10404, 5, 2020/12/02, 15:53:26.940, 1920585706814, testhost.dll, Session End message received from server. Closing the connection.
TpTrace Information: 0 : 10404, 5, 2020/12/02, 15:53:26.940, 1920585714272, testhost.dll, SocketClient.Stop: Stop communication from server endpoint: 127.0.0.1:051518
TpTrace Information: 0 : 10404, 5, 2020/12/02, 15:53:26.941, 1920585717214, testhost.dll, SocketClient: Stop: Cancellation requested. Stopping message loop.
TpTrace Verbose: 0 : 10404, 5, 2020/12/02, 15:53:26.941, 1920585724948, testhost.dll, LengthPrefixCommunicationChannel.Dispose: Dispose reader and writer.
TpTrace Information: 0 : 10404, 1, 2020/12/02, 15:53:26.942, 1920585726951, testhost.dll, Closing the connection !
TpTrace Information: 0 : 10404, 5, 2020/12/02, 15:53:26.942, 1920585727080, testhost.dll, Closing the connection !
TpTrace Information: 0 : 10404, 1, 2020/12/02, 15:53:26.942, 1920585729342, testhost.dll, SocketClient.Stop: Stop communication from server endpoint: 127.0.0.1:051518
TpTrace Information: 0 : 10404, 1, 2020/12/02, 15:53:26.942, 1920585733387, testhost.dll, SocketClient: Stop: Cancellation requested. Stopping message loop.
TpTrace Verbose: 0 : 10404, 1, 2020/12/02, 15:53:26.943, 1920585736472, testhost.dll, LengthPrefixCommunicationChannel.Dispose: Dispose reader and writer.
TpTrace Information: 0 : 10404, 5, 2020/12/02, 15:53:26.943, 1920585736472, testhost.dll, SocketClient.PrivateStop: Stop communication from server endpoint: 127.0.0.1:051518, error:
TpTrace Information: 0 : 10404, 1, 2020/12/02, 15:53:26.943, 1920585739296, testhost.dll, Testhost process exiting.
TpTrace Verbose: 0 : 10404, 5, 2020/12/02, 15:53:26.943, 1920585740928, testhost.dll, LengthPrefixCommunicationChannel.Dispose: Dispose reader and writer.
TpTrace Verbose: 0 : 10404, 5, 2020/12/02, 15:53:26.943, 1920585744027, testhost.dll, TcpClientExtensions.MessageLoopAsync: exiting MessageLoopAsync remoteEndPoint: [::ffff:127.0.0.1]:51518 localEndPoint: [::ffff:127.0.0.1]:51519
