TpTrace Information: 0 : 1348, 1, 2020/12/02, 17:54:06.470, 756473536792, datacollector.dll, DataCollectorMain.Run: Starting data collector run with args: --port,34074,--parentprocessid,12676,--diag,C:\Users\nadir\Desktop\VVSZadaca2\Filmoteka\Unit Testovi\bin\Debug\fine-code-coverage\_outputfolder\diagnostics.datacollector.20-12-02_17-54-06_37583_4.log,--tracelevel,4
TpTrace Information: 0 : 1348, 1, 2020/12/02, 17:54:06.475, 756473558953, datacollector.dll, DataCollector: Monitoring parent process with id: '12676'
TpTrace Information: 0 : 1348, 1, 2020/12/02, 17:54:06.483, 756473641347, datacollector.dll, Trying to connect to server on socket : 127.0.0.1:34074 
TpTrace Verbose: 0 : 1348, 1, 2020/12/02, 17:54:06.495, 756473763686, datacollector.dll, SocketCommunicationManager : SetupClientAsync : Attempting to connect to the server.
TpTrace Information: 0 : 1348, 7, 2020/12/02, 17:54:06.506, 756473875872, datacollector.dll, Connected to the server successfully 
TpTrace Information: 0 : 1348, 7, 2020/12/02, 17:54:06.506, 756473876750, datacollector.dll, Using the buffer size of 16384 bytes
TpTrace Information: 0 : 1348, 1, 2020/12/02, 17:54:06.564, 756474451405, datacollector.dll, DataCollector: Start Request Processing.
TpTrace Information: 0 : 1348, 1, 2020/12/02, 17:54:06.567, 756474483652, datacollector.dll, DataCollectionRequestHandler.ProcessRequests : Datacollector received message: (DataCollection.BeforeTestRunStart) -> {
  "SettingsXml": "<RunSettings><RunConfiguration><ResultsDirectory>C:\\Users\\nadir\\Desktop\\VVSZadaca2\\Filmoteka\\Unit Testovi\\bin\\Debug\\fine-code-coverage\\_outputfolder</ResultsDirectory><TargetPlatform>X64</TargetPlatform><TargetFrameworkVersion>.NETCoreApp,Version=v3.1</TargetFrameworkVersion><DesignMode>False</DesignMode><CollectSourceInformation>False</CollectSourceInformation><TestAdaptersPaths>C:\\Program Files\\dotnet\\sdk\\3.1.403\\Extensions</TestAdaptersPaths></RunConfiguration><LoggerRunSettings><Loggers><Logger friendlyName=\"blame\" enabled=\"True\" /><Logger friendlyName=\"Console\" uri=\"logger://microsoft/TestPlatform/ConsoleLogger/v1\" assemblyQualifiedName=\"Microsoft.VisualStudio.TestPlatform.CommandLine.Internal.ConsoleLogger, vstest.console, Version=15.0.0.0, Culture=neutral, PublicKeyToken=b03f5f7f11d50a3a\" codeBase=\"C:\\Program Files\\dotnet\\sdk\\3.1.403\\vstest.console.dll\" enabled=\"True\" /></Loggers></LoggerRunSettings><DataCollectionRunSettings><DataCollectors><DataCollector friendlyName=\"blame\" enabled=\"True\"><Configuration><ResultsDirectory>C:\\Users\\nadir\\Desktop\\VVSZadaca2\\Filmoteka\\Unit Testovi\\bin\\Debug\\fine-code-coverage\\_outputfolder</ResultsDirectory></Configuration></DataCollector></DataCollectors></DataCollectionRunSettings></RunSettings>",
  "Sources": [
    "C:\\Users\\nadir\\Desktop\\VVSZadaca2\\Filmoteka\\Unit Testovi\\bin\\Debug\\fine-code-coverage\\Unit Testovi.dll"
  ]
}
TpTrace Verbose: 0 : 1348, 1, 2020/12/02, 17:54:06.605, 756474865894, datacollector.dll, TestPluginCache: Update extensions started. Skip filter = False
TpTrace Verbose: 0 : 1348, 1, 2020/12/02, 17:54:06.606, 756474872537, datacollector.dll, TestPluginCache: Using directories for assembly resolution 'C:\Program Files\dotnet\sdk\3.1.403\Extensions'.
TpTrace Verbose: 0 : 1348, 1, 2020/12/02, 17:54:06.606, 756474873250, datacollector.dll, TestPluginCache: Updated the available extensions to 'C:\Program Files\dotnet\sdk\3.1.403\Extensions\Microsoft.TestPlatform.Extensions.BlameDataCollector.dll,C:\Program Files\dotnet\sdk\3.1.403\Extensions\Microsoft.TestPlatform.Extensions.EventLogCollector.dll'.
TpTrace Verbose: 0 : 1348, 1, 2020/12/02, 17:54:06.612, 756474931936, datacollector.dll, TestPluginCache.DiscoverTestExtensions: finding test extensions in assemblies ends with: Collector.dll TPluginInfo: Microsoft.VisualStudio.TestPlatform.Common.DataCollector.DataCollectorConfig TExtension: Microsoft.VisualStudio.TestPlatform.ObjectModel.DataCollection.DataCollector
TpTrace Verbose: 0 : 1348, 1, 2020/12/02, 17:54:06.612, 756474933653, datacollector.dll, TestPluginCache.GetExtensionPaths: Filtered extension paths: C:\Program Files\dotnet\sdk\3.1.403\Extensions\Microsoft.TestPlatform.Extensions.BlameDataCollector.dll
C:\Program Files\dotnet\sdk\3.1.403\Extensions\Microsoft.TestPlatform.Extensions.EventLogCollector.dll
TpTrace Verbose: 0 : 1348, 1, 2020/12/02, 17:54:06.612, 756474934642, datacollector.dll, TestPluginCache.GetExtensionPaths: Added default extension paths: 
TpTrace Verbose: 0 : 1348, 1, 2020/12/02, 17:54:06.612, 756474935214, datacollector.dll, TestPluginCache.GetExtensionPaths: Added unfilterableExtensionPaths: 
TpTrace Information: 0 : 1348, 1, 2020/12/02, 17:54:06.613, 756474940374, datacollector.dll, AssemblyResolver.ctor: Creating AssemblyResolver with searchDirectories C:\Program Files\dotnet\sdk\3.1.403\Extensions,C:\Program Files\dotnet\sdk\3.1.403
TpTrace Verbose: 0 : 1348, 1, 2020/12/02, 17:54:06.614, 756474951587, datacollector.dll, TestPluginCache.DiscoverTestExtensions: Discovering the extensions using extension path.
TpTrace Verbose: 0 : 1348, 1, 2020/12/02, 17:54:06.614, 756474953302, datacollector.dll, TestPluginCache.GetExtensionPaths: Filtered extension paths: C:\Program Files\dotnet\sdk\3.1.403\Extensions\Microsoft.TestPlatform.Extensions.BlameDataCollector.dll
C:\Program Files\dotnet\sdk\3.1.403\Extensions\Microsoft.TestPlatform.Extensions.EventLogCollector.dll
TpTrace Verbose: 0 : 1348, 1, 2020/12/02, 17:54:06.614, 756474953949, datacollector.dll, TestPluginCache.GetExtensionPaths: Added default extension paths: 
TpTrace Verbose: 0 : 1348, 1, 2020/12/02, 17:54:06.614, 756474954448, datacollector.dll, TestPluginCache.GetExtensionPaths: Added unfilterableExtensionPaths: 
TpTrace Verbose: 0 : 1348, 1, 2020/12/02, 17:54:06.614, 756474955199, datacollector.dll, TestPluginCache.DiscoverTestExtensions: Discovering the extensions using allExtensionPaths: C:\Program Files\dotnet\sdk\3.1.403\Extensions\Microsoft.TestPlatform.Extensions.BlameDataCollector.dll
C:\Program Files\dotnet\sdk\3.1.403\Extensions\Microsoft.TestPlatform.Extensions.EventLogCollector.dll
TpTrace Information: 0 : 1348, 1, 2020/12/02, 17:54:06.614, 756474956364, datacollector.dll, AssemblyResolver.AddSearchDirectories: Adding more searchDirectories C:\Program Files\dotnet\sdk\3.1.403\Extensions,C:\Program Files\dotnet\sdk\3.1.403
TpTrace Information: 0 : 1348, 1, 2020/12/02, 17:54:06.615, 756474957124, datacollector.dll, AssemblyResolver.AddSearchDirectories: Adding more searchDirectories C:\Program Files\dotnet\sdk\3.1.403\Extensions,C:\Program Files\dotnet\sdk\3.1.403
TpTrace Information: 0 : 1348, 1, 2020/12/02, 17:54:06.615, 756474961454, datacollector.dll, AssemblyResolver.OnResolve: Microsoft.TestPlatform.Extensions.BlameDataCollector: Resolving assembly.
TpTrace Information: 0 : 1348, 1, 2020/12/02, 17:54:06.616, 756474972601, datacollector.dll, AssemblyResolver.OnResolve: Resolved assembly: Microsoft.TestPlatform.Extensions.BlameDataCollector, from path: C:\Program Files\dotnet\sdk\3.1.403\Extensions\Microsoft.TestPlatform.Extensions.BlameDataCollector.dll
TpTrace Error: 0 : 1348, 1, 2020/12/02, 17:54:06.617, 756474980468, datacollector.dll, The type "Microsoft.TestPlatform.Extensions.BlameDataCollector.BlameCollector" defined in "Microsoft.TestPlatform.Extensions.BlameDataCollector.dll" does not have ExtensionUri attribute.
TpTrace Information: 0 : 1348, 1, 2020/12/02, 17:54:06.617, 756474985440, datacollector.dll, AssemblyResolver.OnResolve: Microsoft.TestPlatform.Extensions.EventLogCollector: Resolving assembly.
TpTrace Information: 0 : 1348, 1, 2020/12/02, 17:54:06.618, 756474993319, datacollector.dll, AssemblyResolver.OnResolve: Resolved assembly: Microsoft.TestPlatform.Extensions.EventLogCollector, from path: C:\Program Files\dotnet\sdk\3.1.403\Extensions\Microsoft.TestPlatform.Extensions.EventLogCollector.dll
TpTrace Error: 0 : 1348, 1, 2020/12/02, 17:54:06.620, 756475007459, datacollector.dll, The type "Microsoft.TestPlatform.Extensions.EventLogCollector.EventLogDataCollector" defined in "Microsoft.TestPlatform.Extensions.EventLogCollector.dll" does not have ExtensionUri attribute.
TpTrace Verbose: 0 : 1348, 1, 2020/12/02, 17:54:06.620, 756475010302, datacollector.dll, TestPluginCache: Discovered the extensions using extension path 'C:\Program Files\dotnet\sdk\3.1.403\Extensions\Microsoft.TestPlatform.Extensions.BlameDataCollector.dll,C:\Program Files\dotnet\sdk\3.1.403\Extensions\Microsoft.TestPlatform.Extensions.EventLogCollector.dll'.
TpTrace Verbose: 0 : 1348, 1, 2020/12/02, 17:54:06.620, 756475011000, datacollector.dll, TestPluginCache: Discoverers are ''.
TpTrace Verbose: 0 : 1348, 1, 2020/12/02, 17:54:06.620, 756475011478, datacollector.dll, TestPluginCache: Executors are ''.
TpTrace Verbose: 0 : 1348, 1, 2020/12/02, 17:54:06.620, 756475011919, datacollector.dll, TestPluginCache: Executors2 are ''.
TpTrace Verbose: 0 : 1348, 1, 2020/12/02, 17:54:06.620, 756475012350, datacollector.dll, TestPluginCache: Setting providers are ''.
TpTrace Verbose: 0 : 1348, 1, 2020/12/02, 17:54:06.620, 756475012816, datacollector.dll, TestPluginCache: Loggers are ''.
TpTrace Information: 0 : 1348, 1, 2020/12/02, 17:54:06.621, 756475024088, datacollector.dll, TestPluginManager.CreateTestExtension: Attempting to load test extension: Microsoft.TestPlatform.Extensions.BlameDataCollector.BlameCollector
TpTrace Error: 0 : 1348, 1, 2020/12/02, 17:54:06.621, 756475025607, datacollector.dll, The type "Microsoft.TestPlatform.Extensions.BlameDataCollector.BlameCollector" defined in "Microsoft.TestPlatform.Extensions.BlameDataCollector.dll" does not have ExtensionUri attribute.
TpTrace Information: 0 : 1348, 1, 2020/12/02, 17:54:06.626, 756475073778, datacollector.dll, Listening on Endpoint : 127.0.0.1:34076
TpTrace Information: 0 : 1348, 1, 2020/12/02, 17:54:06.631, 756475122908, datacollector.dll, DataCollectionRequestHandler.ProcessRequests : DataCollection started.
TpTrace Information: 0 : 1348, 1, 2020/12/02, 17:54:06.665, 756475464156, datacollector.dll, DataCollectionRequestHandler.ProcessRequests : Datacollector received message: (DataCollection.TestHostLaunched) -> {
  "ProcessId": 11268
}
TpTrace Information: 0 : 1348, 5, 2020/12/02, 17:54:06.801, 756476818059, datacollector.dll, Using the buffer size of 16384 bytes
TpTrace Information: 0 : 1348, 5, 2020/12/02, 17:54:06.801, 756476818951, datacollector.dll, Accepted Client request and set the flag
TpTrace Information: 0 : 1348, 7, 2020/12/02, 17:54:07.143, 756480239354, datacollector.dll, DataCollectionTestCaseEventHandler: Test case starting.
TpTrace Information: 0 : 1348, 7, 2020/12/02, 17:54:07.167, 756480482025, datacollector.dll, Blame Collector : Test Case Start
TpTrace Information: 0 : 1348, 7, 2020/12/02, 17:54:07.167, 756480485605, datacollector.dll, DataCollectionTestCaseEventHandler: Test case 'TestDajSveFilmoveSGlumcima1 - 1c352a7f-958a-a6b4-d8e1-b916a9458cf0' started.
TpTrace Information: 0 : 1348, 7, 2020/12/02, 17:54:07.208, 756480892608, datacollector.dll, DataCollectionTestCaseEventHandler : Test case completing.
TpTrace Information: 0 : 1348, 7, 2020/12/02, 17:54:07.211, 756480918764, datacollector.dll, Blame Collector : Test Case End
TpTrace Error: 0 : 1348, 7, 2020/12/02, 17:54:07.221, 756481026465, datacollector.dll, DataCollectionAttachmentManager.GetAttachments: Fail to get attachments: System.Collections.Generic.KeyNotFoundException: The given key 'Microsoft.VisualStudio.TestPlatform.ObjectModel.DataCollection.DataCollectionContext' was not present in the dictionary.
   at System.Collections.Generic.Dictionary`2.get_Item(TKey key)
   at Microsoft.VisualStudio.TestPlatform.Common.DataCollector.DataCollectionAttachmentManager.GetAttachments(DataCollectionContext dataCollectionContext) 
TpTrace Information: 0 : 1348, 7, 2020/12/02, 17:54:07.224, 756481048795, datacollector.dll, DataCollectionTestCaseEventHandler: Test case 'TestDajSveFilmoveSGlumcima1 - 1c352a7f-958a-a6b4-d8e1-b916a9458cf0' completed
TpTrace Information: 0 : 1348, 7, 2020/12/02, 17:54:07.232, 756481135994, datacollector.dll, DataCollectionTestCaseEventHandler: Test case starting.
TpTrace Information: 0 : 1348, 7, 2020/12/02, 17:54:07.233, 756481139238, datacollector.dll, Blame Collector : Test Case Start
TpTrace Information: 0 : 1348, 7, 2020/12/02, 17:54:07.233, 756481140482, datacollector.dll, DataCollectionTestCaseEventHandler: Test case 'TestDajSveFilmoveSGlumcima2 - 8878fe32-8883-05f3-b64b-634a4fe2459e' started.
TpTrace Information: 0 : 1348, 7, 2020/12/02, 17:54:07.234, 756481148268, datacollector.dll, DataCollectionTestCaseEventHandler : Test case completing.
TpTrace Information: 0 : 1348, 7, 2020/12/02, 17:54:07.234, 756481151116, datacollector.dll, Blame Collector : Test Case End
TpTrace Error: 0 : 1348, 7, 2020/12/02, 17:54:07.234, 756481153055, datacollector.dll, DataCollectionAttachmentManager.GetAttachments: Fail to get attachments: System.Collections.Generic.KeyNotFoundException: The given key 'Microsoft.VisualStudio.TestPlatform.ObjectModel.DataCollection.DataCollectionContext' was not present in the dictionary.
   at System.Collections.Generic.Dictionary`2.get_Item(TKey key)
   at Microsoft.VisualStudio.TestPlatform.Common.DataCollector.DataCollectionAttachmentManager.GetAttachments(DataCollectionContext dataCollectionContext) 
TpTrace Information: 0 : 1348, 7, 2020/12/02, 17:54:07.234, 756481154432, datacollector.dll, DataCollectionTestCaseEventHandler: Test case 'TestDajSveFilmoveSGlumcima2 - 8878fe32-8883-05f3-b64b-634a4fe2459e' completed
TpTrace Information: 0 : 1348, 7, 2020/12/02, 17:54:07.235, 756481162027, datacollector.dll, DataCollectionTestCaseEventHandler: Test case starting.
TpTrace Information: 0 : 1348, 7, 2020/12/02, 17:54:07.235, 756481165011, datacollector.dll, Blame Collector : Test Case Start
TpTrace Information: 0 : 1348, 7, 2020/12/02, 17:54:07.235, 756481166035, datacollector.dll, DataCollectionTestCaseEventHandler: Test case 'TestDodajNastavakIzuzetak - 870dc948-2d33-ba74-2be0-2d66f8928f48' started.
TpTrace Information: 0 : 1348, 7, 2020/12/02, 17:54:07.238, 756481190371, datacollector.dll, DataCollectionTestCaseEventHandler : Test case completing.
TpTrace Information: 0 : 1348, 7, 2020/12/02, 17:54:07.238, 756481193505, datacollector.dll, Blame Collector : Test Case End
TpTrace Error: 0 : 1348, 7, 2020/12/02, 17:54:07.238, 756481195016, datacollector.dll, DataCollectionAttachmentManager.GetAttachments: Fail to get attachments: System.Collections.Generic.KeyNotFoundException: The given key 'Microsoft.VisualStudio.TestPlatform.ObjectModel.DataCollection.DataCollectionContext' was not present in the dictionary.
   at System.Collections.Generic.Dictionary`2.get_Item(TKey key)
   at Microsoft.VisualStudio.TestPlatform.Common.DataCollector.DataCollectionAttachmentManager.GetAttachments(DataCollectionContext dataCollectionContext) 
TpTrace Information: 0 : 1348, 7, 2020/12/02, 17:54:07.238, 756481196192, datacollector.dll, DataCollectionTestCaseEventHandler: Test case 'TestDodajNastavakIzuzetak - 870dc948-2d33-ba74-2be0-2d66f8928f48' completed
TpTrace Information: 0 : 1348, 7, 2020/12/02, 17:54:07.239, 756481202105, datacollector.dll, DataCollectionTestCaseEventHandler: Test case starting.
TpTrace Information: 0 : 1348, 7, 2020/12/02, 17:54:07.242, 756481228092, datacollector.dll, Blame Collector : Test Case Start
TpTrace Information: 0 : 1348, 7, 2020/12/02, 17:54:07.242, 756481229637, datacollector.dll, DataCollectionTestCaseEventHandler: Test case 'TestZamjenskiObjekat - aef9dec6-1181-fac1-2596-b31421e8da47' started.
TpTrace Information: 0 : 1348, 7, 2020/12/02, 17:54:07.261, 756481418995, datacollector.dll, DataCollectionTestCaseEventHandler : Test case completing.
TpTrace Information: 0 : 1348, 7, 2020/12/02, 17:54:07.261, 756481422023, datacollector.dll, Blame Collector : Test Case End
TpTrace Error: 0 : 1348, 7, 2020/12/02, 17:54:07.261, 756481423642, datacollector.dll, DataCollectionAttachmentManager.GetAttachments: Fail to get attachments: System.Collections.Generic.KeyNotFoundException: The given key 'Microsoft.VisualStudio.TestPlatform.ObjectModel.DataCollection.DataCollectionContext' was not present in the dictionary.
   at System.Collections.Generic.Dictionary`2.get_Item(TKey key)
   at Microsoft.VisualStudio.TestPlatform.Common.DataCollector.DataCollectionAttachmentManager.GetAttachments(DataCollectionContext dataCollectionContext) 
TpTrace Information: 0 : 1348, 7, 2020/12/02, 17:54:07.261, 756481425459, datacollector.dll, DataCollectionTestCaseEventHandler: Test case 'TestZamjenskiObjekat - aef9dec6-1181-fac1-2596-b31421e8da47' completed
TpTrace Information: 0 : 1348, 7, 2020/12/02, 17:54:07.262, 756481432779, datacollector.dll, DataCollectionTestCaseEventHandler: Test case starting.
TpTrace Information: 0 : 1348, 7, 2020/12/02, 17:54:07.262, 756481435385, datacollector.dll, Blame Collector : Test Case Start
TpTrace Information: 0 : 1348, 7, 2020/12/02, 17:54:07.262, 756481436400, datacollector.dll, DataCollectionTestCaseEventHandler: Test case 'TestDodajNastavakIstiGlumci - 307a9543-71bf-45b1-736e-e86a33581b25' started.
TpTrace Information: 0 : 1348, 7, 2020/12/02, 17:54:07.264, 756481448292, datacollector.dll, DataCollectionTestCaseEventHandler : Test case completing.
TpTrace Information: 0 : 1348, 7, 2020/12/02, 17:54:07.264, 756481451039, datacollector.dll, Blame Collector : Test Case End
TpTrace Error: 0 : 1348, 7, 2020/12/02, 17:54:07.264, 756481452376, datacollector.dll, DataCollectionAttachmentManager.GetAttachments: Fail to get attachments: System.Collections.Generic.KeyNotFoundException: The given key 'Microsoft.VisualStudio.TestPlatform.ObjectModel.DataCollection.DataCollectionContext' was not present in the dictionary.
   at System.Collections.Generic.Dictionary`2.get_Item(TKey key)
   at Microsoft.VisualStudio.TestPlatform.Common.DataCollector.DataCollectionAttachmentManager.GetAttachments(DataCollectionContext dataCollectionContext) 
TpTrace Information: 0 : 1348, 7, 2020/12/02, 17:54:07.264, 756481453653, datacollector.dll, DataCollectionTestCaseEventHandler: Test case 'TestDodajNastavakIstiGlumci - 307a9543-71bf-45b1-736e-e86a33581b25' completed
TpTrace Information: 0 : 1348, 7, 2020/12/02, 17:54:07.265, 756481459909, datacollector.dll, DataCollectionTestCaseEventHandler: Test case starting.
TpTrace Information: 0 : 1348, 7, 2020/12/02, 17:54:07.265, 756481462942, datacollector.dll, Blame Collector : Test Case Start
TpTrace Information: 0 : 1348, 7, 2020/12/02, 17:54:07.265, 756481464125, datacollector.dll, DataCollectionTestCaseEventHandler: Test case 'TestDodajNastavakRazlicitiGlumci - ccc8a4b1-0bba-0d1f-634a-2a0e08c0293a' started.
TpTrace Information: 0 : 1348, 7, 2020/12/02, 17:54:07.266, 756481476317, datacollector.dll, DataCollectionTestCaseEventHandler : Test case completing.
TpTrace Information: 0 : 1348, 7, 2020/12/02, 17:54:07.267, 756481478798, datacollector.dll, Blame Collector : Test Case End
TpTrace Error: 0 : 1348, 7, 2020/12/02, 17:54:07.267, 756481480098, datacollector.dll, DataCollectionAttachmentManager.GetAttachments: Fail to get attachments: System.Collections.Generic.KeyNotFoundException: The given key 'Microsoft.VisualStudio.TestPlatform.ObjectModel.DataCollection.DataCollectionContext' was not present in the dictionary.
   at System.Collections.Generic.Dictionary`2.get_Item(TKey key)
   at Microsoft.VisualStudio.TestPlatform.Common.DataCollector.DataCollectionAttachmentManager.GetAttachments(DataCollectionContext dataCollectionContext) 
TpTrace Information: 0 : 1348, 7, 2020/12/02, 17:54:07.267, 756481481164, datacollector.dll, DataCollectionTestCaseEventHandler: Test case 'TestDodajNastavakRazlicitiGlumci - ccc8a4b1-0bba-0d1f-634a-2a0e08c0293a' completed
TpTrace Information: 0 : 1348, 7, 2020/12/02, 17:54:07.268, 756481487148, datacollector.dll, DataCollectionTestCaseEventHandler: Test case starting.
TpTrace Information: 0 : 1348, 7, 2020/12/02, 17:54:07.268, 756481489243, datacollector.dll, Blame Collector : Test Case Start
TpTrace Information: 0 : 1348, 7, 2020/12/02, 17:54:07.268, 756481490090, datacollector.dll, DataCollectionTestCaseEventHandler: Test case 'TestDodajNastavakIzuzetak - 83c1ddde-4e31-66fc-a376-4096e8037e77' started.
TpTrace Information: 0 : 1348, 7, 2020/12/02, 17:54:07.270, 756481515094, datacollector.dll, DataCollectionTestCaseEventHandler : Test case completing.
TpTrace Information: 0 : 1348, 7, 2020/12/02, 17:54:07.271, 756481517841, datacollector.dll, Blame Collector : Test Case End
TpTrace Error: 0 : 1348, 7, 2020/12/02, 17:54:07.271, 756481519199, datacollector.dll, DataCollectionAttachmentManager.GetAttachments: Fail to get attachments: System.Collections.Generic.KeyNotFoundException: The given key 'Microsoft.VisualStudio.TestPlatform.ObjectModel.DataCollection.DataCollectionContext' was not present in the dictionary.
   at System.Collections.Generic.Dictionary`2.get_Item(TKey key)
   at Microsoft.VisualStudio.TestPlatform.Common.DataCollector.DataCollectionAttachmentManager.GetAttachments(DataCollectionContext dataCollectionContext) 
TpTrace Information: 0 : 1348, 7, 2020/12/02, 17:54:07.271, 756481520246, datacollector.dll, DataCollectionTestCaseEventHandler: Test case 'TestDodajNastavakIzuzetak - 83c1ddde-4e31-66fc-a376-4096e8037e77' completed
TpTrace Information: 0 : 1348, 7, 2020/12/02, 17:54:07.274, 756481548228, datacollector.dll, DataCollectionTestCaseEventHandler: Test session ended
TpTrace Information: 0 : 1348, 1, 2020/12/02, 17:54:07.351, 756482319018, datacollector.dll, DataCollectionRequestHandler.ProcessRequests : Datacollector received message: (DataCollection.AfterTestRunEnd) -> false
TpTrace Information: 0 : 1348, 1, 2020/12/02, 17:54:07.351, 756482324197, datacollector.dll, Blame Collector : Session End
TpTrace Error: 0 : 1348, 1, 2020/12/02, 17:54:07.351, 756482325986, datacollector.dll, DataCollectionAttachmentManager.GetAttachments: Fail to get attachments: System.Collections.Generic.KeyNotFoundException: The given key 'Microsoft.VisualStudio.TestPlatform.ObjectModel.DataCollection.DataCollectionContext' was not present in the dictionary.
   at System.Collections.Generic.Dictionary`2.get_Item(TKey key)
   at Microsoft.VisualStudio.TestPlatform.Common.DataCollector.DataCollectionAttachmentManager.GetAttachments(DataCollectionContext dataCollectionContext) 
TpTrace Information: 0 : 1348, 1, 2020/12/02, 17:54:07.351, 756482326723, datacollector.dll, DataCollectionManager.CleanupPlugins: CleanupPlugins called
TpTrace Verbose: 0 : 1348, 1, 2020/12/02, 17:54:07.352, 756482327274, datacollector.dll, DataCollectionManager.CleanupPlugins: Cleaning up 1 plugins
TpTrace Verbose: 0 : 1348, 1, 2020/12/02, 17:54:07.352, 756482328318, datacollector.dll, dataCollectorInfo.DisposeDataCollector: calling Dispose() on Microsoft.TestPlatform.Extensions.BlameDataCollector.BlameCollector
TpTrace Information: 0 : 1348, 1, 2020/12/02, 17:54:07.352, 756482329077, datacollector.dll, DataCollectionManager.CleanupPlugins: CleanupPlugins finished
TpTrace Information: 0 : 1348, 1, 2020/12/02, 17:54:07.352, 756482330067, datacollector.dll, DataCollectionRequestHandler.ProcessRequests : Session End message received from server. Closing the connection.
TpTrace Information: 0 : 1348, 1, 2020/12/02, 17:54:07.352, 756482331163, datacollector.dll, Closing the connection !
TpTrace Information: 0 : 1348, 1, 2020/12/02, 17:54:07.352, 756482331678, datacollector.dll, DataCollectionRequestHandler.ProcessRequests : DataCollection completed
TpTrace Information: 0 : 1348, 1, 2020/12/02, 17:54:07.352, 756482332323, datacollector.dll, Program.Main: exiting datacollector process.
