TpTrace Information: 0 : 18876, 1, 2020/12/02, 21:57:02.870, 2138745086673, datacollector.dll, DataCollectorMain.Run: Starting data collector run with args: --port,64828,--parentprocessid,640,--diag,C:\Users\User\Desktop\VVSZadaca2\Filmoteka\Unit Testovi\bin\Debug\fine-code-coverage\_outputfolder\diagnostics.datacollector.20-12-02_21-57-02_62673_4.log,--tracelevel,4
TpTrace Information: 0 : 18876, 1, 2020/12/02, 21:57:02.883, 2138745137831, datacollector.dll, DataCollector: Monitoring parent process with id: '640'
TpTrace Information: 0 : 18876, 1, 2020/12/02, 21:57:02.904, 2138745348728, datacollector.dll, Trying to connect to server on socket : 127.0.0.1:64828 
TpTrace Verbose: 0 : 18876, 1, 2020/12/02, 21:57:02.933, 2138745643204, datacollector.dll, SocketCommunicationManager : SetupClientAsync : Attempting to connect to the server.
TpTrace Information: 0 : 18876, 4, 2020/12/02, 21:57:02.955, 2138745857022, datacollector.dll, Connected to the server successfully 
TpTrace Information: 0 : 18876, 4, 2020/12/02, 21:57:02.955, 2138745859637, datacollector.dll, Using the buffer size of 16384 bytes
TpTrace Information: 0 : 18876, 1, 2020/12/02, 21:57:03.395, 2138750256060, datacollector.dll, DataCollector: Start Request Processing.
TpTrace Information: 0 : 18876, 1, 2020/12/02, 21:57:03.405, 2138750364088, datacollector.dll, DataCollectionRequestHandler.ProcessRequests : Datacollector received message: (DataCollection.BeforeTestRunStart) -> {
  "SettingsXml": "<RunSettings><RunConfiguration><ResultsDirectory>C:\\Users\\User\\Desktop\\VVSZadaca2\\Filmoteka\\Unit Testovi\\bin\\Debug\\fine-code-coverage\\_outputfolder</ResultsDirectory><TargetPlatform>X64</TargetPlatform><TargetFrameworkVersion>.NETCoreApp,Version=v3.1</TargetFrameworkVersion><DesignMode>False</DesignMode><CollectSourceInformation>False</CollectSourceInformation><TestAdaptersPaths>C:\\Program Files\\dotnet\\sdk\\3.1.403\\Extensions</TestAdaptersPaths></RunConfiguration><LoggerRunSettings><Loggers><Logger friendlyName=\"blame\" enabled=\"True\" /><Logger friendlyName=\"Console\" uri=\"logger://microsoft/TestPlatform/ConsoleLogger/v1\" assemblyQualifiedName=\"Microsoft.VisualStudio.TestPlatform.CommandLine.Internal.ConsoleLogger, vstest.console, Version=15.0.0.0, Culture=neutral, PublicKeyToken=b03f5f7f11d50a3a\" codeBase=\"C:\\Program Files\\dotnet\\sdk\\3.1.403\\vstest.console.dll\" enabled=\"True\" /></Loggers></LoggerRunSettings><DataCollectionRunSettings><DataCollectors><DataCollector friendlyName=\"blame\" enabled=\"True\"><Configuration><ResultsDirectory>C:\\Users\\User\\Desktop\\VVSZadaca2\\Filmoteka\\Unit Testovi\\bin\\Debug\\fine-code-coverage\\_outputfolder</ResultsDirectory></Configuration></DataCollector></DataCollectors></DataCollectionRunSettings></RunSettings>",
  "Sources": [
    "C:\\Users\\User\\Desktop\\VVSZadaca2\\Filmoteka\\Unit Testovi\\bin\\Debug\\fine-code-coverage\\Unit Testovi.dll"
  ]
}
TpTrace Verbose: 0 : 18876, 1, 2020/12/02, 21:57:03.765, 2138753961450, datacollector.dll, TestPluginCache: Update extensions started. Skip filter = False
TpTrace Verbose: 0 : 18876, 1, 2020/12/02, 21:57:03.772, 2138754034435, datacollector.dll, TestPluginCache: Using directories for assembly resolution 'C:\Program Files\dotnet\sdk\3.1.403\Extensions'.
TpTrace Verbose: 0 : 18876, 1, 2020/12/02, 21:57:03.773, 2138754040142, datacollector.dll, TestPluginCache: Updated the available extensions to 'C:\Program Files\dotnet\sdk\3.1.403\Extensions\Microsoft.TestPlatform.Extensions.BlameDataCollector.dll,C:\Program Files\dotnet\sdk\3.1.403\Extensions\Microsoft.TestPlatform.Extensions.EventLogCollector.dll'.
TpTrace Verbose: 0 : 18876, 1, 2020/12/02, 21:57:03.791, 2138754221000, datacollector.dll, TestPluginCache.DiscoverTestExtensions: finding test extensions in assemblies ends with: Collector.dll TPluginInfo: Microsoft.VisualStudio.TestPlatform.Common.DataCollector.DataCollectorConfig TExtension: Microsoft.VisualStudio.TestPlatform.ObjectModel.DataCollection.DataCollector
TpTrace Verbose: 0 : 18876, 1, 2020/12/02, 21:57:03.792, 2138754228971, datacollector.dll, TestPluginCache.GetExtensionPaths: Filtered extension paths: C:\Program Files\dotnet\sdk\3.1.403\Extensions\Microsoft.TestPlatform.Extensions.BlameDataCollector.dll
C:\Program Files\dotnet\sdk\3.1.403\Extensions\Microsoft.TestPlatform.Extensions.EventLogCollector.dll
TpTrace Verbose: 0 : 18876, 1, 2020/12/02, 21:57:03.792, 2138754233347, datacollector.dll, TestPluginCache.GetExtensionPaths: Added default extension paths: 
TpTrace Verbose: 0 : 18876, 1, 2020/12/02, 21:57:03.793, 2138754236878, datacollector.dll, TestPluginCache.GetExtensionPaths: Added unfilterableExtensionPaths: 
TpTrace Information: 0 : 18876, 1, 2020/12/02, 21:57:03.795, 2138754259515, datacollector.dll, AssemblyResolver.ctor: Creating AssemblyResolver with searchDirectories C:\Program Files\dotnet\sdk\3.1.403\Extensions,C:\Program Files\dotnet\sdk\3.1.403
TpTrace Verbose: 0 : 18876, 1, 2020/12/02, 21:57:03.798, 2138754291631, datacollector.dll, TestPluginCache.DiscoverTestExtensions: Discovering the extensions using extension path.
TpTrace Verbose: 0 : 18876, 1, 2020/12/02, 21:57:03.799, 2138754296998, datacollector.dll, TestPluginCache.GetExtensionPaths: Filtered extension paths: C:\Program Files\dotnet\sdk\3.1.403\Extensions\Microsoft.TestPlatform.Extensions.BlameDataCollector.dll
C:\Program Files\dotnet\sdk\3.1.403\Extensions\Microsoft.TestPlatform.Extensions.EventLogCollector.dll
TpTrace Verbose: 0 : 18876, 1, 2020/12/02, 21:57:03.799, 2138754299782, datacollector.dll, TestPluginCache.GetExtensionPaths: Added default extension paths: 
TpTrace Verbose: 0 : 18876, 1, 2020/12/02, 21:57:03.799, 2138754302297, datacollector.dll, TestPluginCache.GetExtensionPaths: Added unfilterableExtensionPaths: 
TpTrace Verbose: 0 : 18876, 1, 2020/12/02, 21:57:03.800, 2138754307074, datacollector.dll, TestPluginCache.DiscoverTestExtensions: Discovering the extensions using allExtensionPaths: C:\Program Files\dotnet\sdk\3.1.403\Extensions\Microsoft.TestPlatform.Extensions.BlameDataCollector.dll
C:\Program Files\dotnet\sdk\3.1.403\Extensions\Microsoft.TestPlatform.Extensions.EventLogCollector.dll
TpTrace Information: 0 : 18876, 1, 2020/12/02, 21:57:03.800, 2138754312224, datacollector.dll, AssemblyResolver.AddSearchDirectories: Adding more searchDirectories C:\Program Files\dotnet\sdk\3.1.403\Extensions,C:\Program Files\dotnet\sdk\3.1.403
TpTrace Information: 0 : 18876, 1, 2020/12/02, 21:57:03.800, 2138754315442, datacollector.dll, AssemblyResolver.AddSearchDirectories: Adding more searchDirectories C:\Program Files\dotnet\sdk\3.1.403\Extensions,C:\Program Files\dotnet\sdk\3.1.403
TpTrace Information: 0 : 18876, 1, 2020/12/02, 21:57:03.803, 2138754336831, datacollector.dll, AssemblyResolver.OnResolve: Microsoft.TestPlatform.Extensions.BlameDataCollector: Resolving assembly.
TpTrace Information: 0 : 18876, 1, 2020/12/02, 21:57:03.820, 2138754508780, datacollector.dll, AssemblyResolver.OnResolve: Resolved assembly: Microsoft.TestPlatform.Extensions.BlameDataCollector, from path: C:\Program Files\dotnet\sdk\3.1.403\Extensions\Microsoft.TestPlatform.Extensions.BlameDataCollector.dll
TpTrace Error: 0 : 18876, 1, 2020/12/02, 21:57:03.823, 2138754545344, datacollector.dll, The type "Microsoft.TestPlatform.Extensions.BlameDataCollector.BlameCollector" defined in "Microsoft.TestPlatform.Extensions.BlameDataCollector.dll" does not have ExtensionUri attribute.
TpTrace Information: 0 : 18876, 1, 2020/12/02, 21:57:03.825, 2138754565745, datacollector.dll, AssemblyResolver.OnResolve: Microsoft.TestPlatform.Extensions.EventLogCollector: Resolving assembly.
TpTrace Information: 0 : 18876, 1, 2020/12/02, 21:57:03.836, 2138754674052, datacollector.dll, AssemblyResolver.OnResolve: Resolved assembly: Microsoft.TestPlatform.Extensions.EventLogCollector, from path: C:\Program Files\dotnet\sdk\3.1.403\Extensions\Microsoft.TestPlatform.Extensions.EventLogCollector.dll
TpTrace Error: 0 : 18876, 1, 2020/12/02, 21:57:03.844, 2138754750298, datacollector.dll, The type "Microsoft.TestPlatform.Extensions.EventLogCollector.EventLogDataCollector" defined in "Microsoft.TestPlatform.Extensions.EventLogCollector.dll" does not have ExtensionUri attribute.
TpTrace Verbose: 0 : 18876, 1, 2020/12/02, 21:57:03.845, 2138754760483, datacollector.dll, TestPluginCache: Discovered the extensions using extension path 'C:\Program Files\dotnet\sdk\3.1.403\Extensions\Microsoft.TestPlatform.Extensions.BlameDataCollector.dll,C:\Program Files\dotnet\sdk\3.1.403\Extensions\Microsoft.TestPlatform.Extensions.EventLogCollector.dll'.
TpTrace Verbose: 0 : 18876, 1, 2020/12/02, 21:57:03.845, 2138754763762, datacollector.dll, TestPluginCache: Discoverers are ''.
TpTrace Verbose: 0 : 18876, 1, 2020/12/02, 21:57:03.846, 2138754766404, datacollector.dll, TestPluginCache: Executors are ''.
TpTrace Verbose: 0 : 18876, 1, 2020/12/02, 21:57:03.846, 2138754768848, datacollector.dll, TestPluginCache: Executors2 are ''.
TpTrace Verbose: 0 : 18876, 1, 2020/12/02, 21:57:03.846, 2138754771232, datacollector.dll, TestPluginCache: Setting providers are ''.
TpTrace Verbose: 0 : 18876, 1, 2020/12/02, 21:57:03.846, 2138754773947, datacollector.dll, TestPluginCache: Loggers are ''.
TpTrace Information: 0 : 18876, 1, 2020/12/02, 21:57:03.854, 2138754849758, datacollector.dll, TestPluginManager.CreateTestExtension: Attempting to load test extension: Microsoft.TestPlatform.Extensions.BlameDataCollector.BlameCollector
TpTrace Error: 0 : 18876, 1, 2020/12/02, 21:57:03.854, 2138754854505, datacollector.dll, The type "Microsoft.TestPlatform.Extensions.BlameDataCollector.BlameCollector" defined in "Microsoft.TestPlatform.Extensions.BlameDataCollector.dll" does not have ExtensionUri attribute.
TpTrace Information: 0 : 18876, 1, 2020/12/02, 21:57:03.879, 2138755097628, datacollector.dll, Listening on Endpoint : 127.0.0.1:64830
TpTrace Information: 0 : 18876, 1, 2020/12/02, 21:57:03.936, 2138755674730, datacollector.dll, DataCollectionRequestHandler.ProcessRequests : DataCollection started.
TpTrace Information: 0 : 18876, 1, 2020/12/02, 21:57:04.032, 2138756633538, datacollector.dll, DataCollectionRequestHandler.ProcessRequests : Datacollector received message: (DataCollection.TestHostLaunched) -> {
  "ProcessId": 1632
}
TpTrace Information: 0 : 18876, 7, 2020/12/02, 21:57:04.371, 2138760020931, datacollector.dll, Using the buffer size of 16384 bytes
TpTrace Information: 0 : 18876, 7, 2020/12/02, 21:57:04.372, 2138760025912, datacollector.dll, Accepted Client request and set the flag
TpTrace Information: 0 : 18876, 4, 2020/12/02, 21:57:05.221, 2138768522117, datacollector.dll, DataCollectionTestCaseEventHandler: Test case starting.
TpTrace Information: 0 : 18876, 4, 2020/12/02, 21:57:05.281, 2138769121473, datacollector.dll, Blame Collector : Test Case Start
TpTrace Information: 0 : 18876, 4, 2020/12/02, 21:57:05.282, 2138769128833, datacollector.dll, DataCollectionTestCaseEventHandler: Test case 'ClanKonstruktor1 - 139572fd-680c-520c-cc6c-9653e8b199d2' started.
TpTrace Information: 0 : 18876, 4, 2020/12/02, 21:57:05.351, 2138769825242, datacollector.dll, DataCollectionTestCaseEventHandler : Test case completing.
TpTrace Information: 0 : 18876, 4, 2020/12/02, 21:57:05.357, 2138769882783, datacollector.dll, Blame Collector : Test Case End
TpTrace Error: 0 : 18876, 4, 2020/12/02, 21:57:05.380, 2138770109292, datacollector.dll, DataCollectionAttachmentManager.GetAttachments: Fail to get attachments: System.Collections.Generic.KeyNotFoundException: The given key 'Microsoft.VisualStudio.TestPlatform.ObjectModel.DataCollection.DataCollectionContext' was not present in the dictionary.
   at System.Collections.Generic.Dictionary`2.get_Item(TKey key)
   at Microsoft.VisualStudio.TestPlatform.Common.DataCollector.DataCollectionAttachmentManager.GetAttachments(DataCollectionContext dataCollectionContext) 
TpTrace Information: 0 : 18876, 4, 2020/12/02, 21:57:05.384, 2138770154775, datacollector.dll, DataCollectionTestCaseEventHandler: Test case 'ClanKonstruktor1 - 139572fd-680c-520c-cc6c-9653e8b199d2' completed
TpTrace Information: 0 : 18876, 4, 2020/12/02, 21:57:05.400, 2138770311325, datacollector.dll, DataCollectionTestCaseEventHandler: Test case starting.
TpTrace Information: 0 : 18876, 4, 2020/12/02, 21:57:05.401, 2138770317086, datacollector.dll, Blame Collector : Test Case Start
TpTrace Information: 0 : 18876, 4, 2020/12/02, 21:57:05.401, 2138770319716, datacollector.dll, DataCollectionTestCaseEventHandler: Test case 'ClanKonstruktor2 - 9ad286de-a3d6-e579-4112-d565bd1054cb' started.
TpTrace Information: 0 : 18876, 4, 2020/12/02, 21:57:05.402, 2138770331779, datacollector.dll, DataCollectionTestCaseEventHandler : Test case completing.
TpTrace Information: 0 : 18876, 4, 2020/12/02, 21:57:05.403, 2138770338693, datacollector.dll, Blame Collector : Test Case End
TpTrace Error: 0 : 18876, 4, 2020/12/02, 21:57:05.403, 2138770343183, datacollector.dll, DataCollectionAttachmentManager.GetAttachments: Fail to get attachments: System.Collections.Generic.KeyNotFoundException: The given key 'Microsoft.VisualStudio.TestPlatform.ObjectModel.DataCollection.DataCollectionContext' was not present in the dictionary.
   at System.Collections.Generic.Dictionary`2.get_Item(TKey key)
   at Microsoft.VisualStudio.TestPlatform.Common.DataCollector.DataCollectionAttachmentManager.GetAttachments(DataCollectionContext dataCollectionContext) 
TpTrace Information: 0 : 18876, 4, 2020/12/02, 21:57:05.404, 2138770346125, datacollector.dll, DataCollectionTestCaseEventHandler: Test case 'ClanKonstruktor2 - 9ad286de-a3d6-e579-4112-d565bd1054cb' completed
TpTrace Information: 0 : 18876, 4, 2020/12/02, 21:57:05.405, 2138770361949, datacollector.dll, DataCollectionTestCaseEventHandler: Test case starting.
TpTrace Information: 0 : 18876, 4, 2020/12/02, 21:57:05.406, 2138770369196, datacollector.dll, Blame Collector : Test Case Start
TpTrace Information: 0 : 18876, 4, 2020/12/02, 21:57:05.406, 2138770371601, datacollector.dll, DataCollectionTestCaseEventHandler: Test case 'vratiWatchList - d8983018-3355-41eb-a856-7c7fd6fe5c9f' started.
TpTrace Information: 0 : 18876, 4, 2020/12/02, 21:57:05.411, 2138770416629, datacollector.dll, DataCollectionTestCaseEventHandler : Test case completing.
TpTrace Information: 0 : 18876, 4, 2020/12/02, 21:57:05.411, 2138770422717, datacollector.dll, Blame Collector : Test Case End
TpTrace Error: 0 : 18876, 4, 2020/12/02, 21:57:05.412, 2138770426197, datacollector.dll, DataCollectionAttachmentManager.GetAttachments: Fail to get attachments: System.Collections.Generic.KeyNotFoundException: The given key 'Microsoft.VisualStudio.TestPlatform.ObjectModel.DataCollection.DataCollectionContext' was not present in the dictionary.
   at System.Collections.Generic.Dictionary`2.get_Item(TKey key)
   at Microsoft.VisualStudio.TestPlatform.Common.DataCollector.DataCollectionAttachmentManager.GetAttachments(DataCollectionContext dataCollectionContext) 
TpTrace Information: 0 : 18876, 4, 2020/12/02, 21:57:05.412, 2138770428841, datacollector.dll, DataCollectionTestCaseEventHandler: Test case 'vratiWatchList - d8983018-3355-41eb-a856-7c7fd6fe5c9f' completed
TpTrace Information: 0 : 18876, 4, 2020/12/02, 21:57:05.413, 2138770443638, datacollector.dll, DataCollectionTestCaseEventHandler: Test case starting.
TpTrace Information: 0 : 18876, 4, 2020/12/02, 21:57:05.414, 2138770449364, datacollector.dll, Blame Collector : Test Case Start
TpTrace Information: 0 : 18876, 4, 2020/12/02, 21:57:05.414, 2138770451996, datacollector.dll, DataCollectionTestCaseEventHandler: Test case 'vratiRokPreplate - 235154e2-4575-eb5b-08d3-30a8f52320f7' started.
TpTrace Information: 0 : 18876, 4, 2020/12/02, 21:57:05.415, 2138770465697, datacollector.dll, DataCollectionTestCaseEventHandler : Test case completing.
TpTrace Information: 0 : 18876, 4, 2020/12/02, 21:57:05.416, 2138770470957, datacollector.dll, Blame Collector : Test Case End
TpTrace Error: 0 : 18876, 4, 2020/12/02, 21:57:05.416, 2138770474180, datacollector.dll, DataCollectionAttachmentManager.GetAttachments: Fail to get attachments: System.Collections.Generic.KeyNotFoundException: The given key 'Microsoft.VisualStudio.TestPlatform.ObjectModel.DataCollection.DataCollectionContext' was not present in the dictionary.
   at System.Collections.Generic.Dictionary`2.get_Item(TKey key)
   at Microsoft.VisualStudio.TestPlatform.Common.DataCollector.DataCollectionAttachmentManager.GetAttachments(DataCollectionContext dataCollectionContext) 
TpTrace Information: 0 : 18876, 4, 2020/12/02, 21:57:05.417, 2138770477204, datacollector.dll, DataCollectionTestCaseEventHandler: Test case 'vratiRokPreplate - 235154e2-4575-eb5b-08d3-30a8f52320f7' completed
TpTrace Information: 0 : 18876, 4, 2020/12/02, 21:57:05.418, 2138770490393, datacollector.dll, DataCollectionTestCaseEventHandler: Test case starting.
TpTrace Information: 0 : 18876, 4, 2020/12/02, 21:57:05.418, 2138770495280, datacollector.dll, Blame Collector : Test Case Start
TpTrace Information: 0 : 18876, 4, 2020/12/02, 21:57:05.419, 2138770497972, datacollector.dll, DataCollectionTestCaseEventHandler: Test case 'FilmotekaTestKonstruktor1 - 830add01-5277-d6c6-a33f-8b2d18d00e49' started.
TpTrace Information: 0 : 18876, 4, 2020/12/02, 21:57:05.420, 2138770513330, datacollector.dll, DataCollectionTestCaseEventHandler : Test case completing.
TpTrace Information: 0 : 18876, 4, 2020/12/02, 21:57:05.421, 2138770518319, datacollector.dll, Blame Collector : Test Case End
TpTrace Error: 0 : 18876, 4, 2020/12/02, 21:57:05.421, 2138770521491, datacollector.dll, DataCollectionAttachmentManager.GetAttachments: Fail to get attachments: System.Collections.Generic.KeyNotFoundException: The given key 'Microsoft.VisualStudio.TestPlatform.ObjectModel.DataCollection.DataCollectionContext' was not present in the dictionary.
   at System.Collections.Generic.Dictionary`2.get_Item(TKey key)
   at Microsoft.VisualStudio.TestPlatform.Common.DataCollector.DataCollectionAttachmentManager.GetAttachments(DataCollectionContext dataCollectionContext) 
TpTrace Information: 0 : 18876, 4, 2020/12/02, 21:57:05.421, 2138770523888, datacollector.dll, DataCollectionTestCaseEventHandler: Test case 'FilmotekaTestKonstruktor1 - 830add01-5277-d6c6-a33f-8b2d18d00e49' completed
TpTrace Information: 0 : 18876, 4, 2020/12/02, 21:57:05.423, 2138770536964, datacollector.dll, DataCollectionTestCaseEventHandler: Test case starting.
TpTrace Information: 0 : 18876, 4, 2020/12/02, 21:57:05.423, 2138770545040, datacollector.dll, Blame Collector : Test Case Start
TpTrace Information: 0 : 18876, 4, 2020/12/02, 21:57:05.424, 2138770548619, datacollector.dll, DataCollectionTestCaseEventHandler: Test case 'FilmotekaTestKonstruktor2 - e55661b8-2091-e054-9ca8-7c4e7b611965' started.
TpTrace Information: 0 : 18876, 4, 2020/12/02, 21:57:05.426, 2138770566718, datacollector.dll, DataCollectionTestCaseEventHandler : Test case completing.
TpTrace Information: 0 : 18876, 4, 2020/12/02, 21:57:05.426, 2138770574168, datacollector.dll, Blame Collector : Test Case End
TpTrace Error: 0 : 18876, 4, 2020/12/02, 21:57:05.427, 2138770577762, datacollector.dll, DataCollectionAttachmentManager.GetAttachments: Fail to get attachments: System.Collections.Generic.KeyNotFoundException: The given key 'Microsoft.VisualStudio.TestPlatform.ObjectModel.DataCollection.DataCollectionContext' was not present in the dictionary.
   at System.Collections.Generic.Dictionary`2.get_Item(TKey key)
   at Microsoft.VisualStudio.TestPlatform.Common.DataCollector.DataCollectionAttachmentManager.GetAttachments(DataCollectionContext dataCollectionContext) 
TpTrace Information: 0 : 18876, 4, 2020/12/02, 21:57:05.427, 2138770580546, datacollector.dll, DataCollectionTestCaseEventHandler: Test case 'FilmotekaTestKonstruktor2 - e55661b8-2091-e054-9ca8-7c4e7b611965' completed
TpTrace Information: 0 : 18876, 4, 2020/12/02, 21:57:05.428, 2138770594531, datacollector.dll, DataCollectionTestCaseEventHandler: Test case starting.
TpTrace Information: 0 : 18876, 4, 2020/12/02, 21:57:05.429, 2138770600954, datacollector.dll, Blame Collector : Test Case Start
TpTrace Information: 0 : 18876, 4, 2020/12/02, 21:57:05.429, 2138770603969, datacollector.dll, DataCollectionTestCaseEventHandler: Test case 'DodajWatchlistuTest - cc26dc98-368f-72f4-126e-41ee00726230' started.
TpTrace Information: 0 : 18876, 4, 2020/12/02, 21:57:05.431, 2138770616429, datacollector.dll, DataCollectionTestCaseEventHandler : Test case completing.
TpTrace Information: 0 : 18876, 4, 2020/12/02, 21:57:05.431, 2138770621815, datacollector.dll, Blame Collector : Test Case End
TpTrace Error: 0 : 18876, 4, 2020/12/02, 21:57:05.431, 2138770625043, datacollector.dll, DataCollectionAttachmentManager.GetAttachments: Fail to get attachments: System.Collections.Generic.KeyNotFoundException: The given key 'Microsoft.VisualStudio.TestPlatform.ObjectModel.DataCollection.DataCollectionContext' was not present in the dictionary.
   at System.Collections.Generic.Dictionary`2.get_Item(TKey key)
   at Microsoft.VisualStudio.TestPlatform.Common.DataCollector.DataCollectionAttachmentManager.GetAttachments(DataCollectionContext dataCollectionContext) 
TpTrace Information: 0 : 18876, 4, 2020/12/02, 21:57:05.432, 2138770627500, datacollector.dll, DataCollectionTestCaseEventHandler: Test case 'DodajWatchlistuTest - cc26dc98-368f-72f4-126e-41ee00726230' completed
TpTrace Information: 0 : 18876, 4, 2020/12/02, 21:57:05.433, 2138770642550, datacollector.dll, DataCollectionTestCaseEventHandler: Test case starting.
TpTrace Information: 0 : 18876, 4, 2020/12/02, 21:57:05.434, 2138770648120, datacollector.dll, Blame Collector : Test Case Start
TpTrace Information: 0 : 18876, 4, 2020/12/02, 21:57:05.434, 2138770651608, datacollector.dll, DataCollectionTestCaseEventHandler: Test case 'DajSveFilmoveZaReziseraTest - 3a8bf842-1414-c573-0562-859fdb513ec1' started.
TpTrace Information: 0 : 18876, 4, 2020/12/02, 21:57:05.436, 2138770667390, datacollector.dll, DataCollectionTestCaseEventHandler : Test case completing.
TpTrace Information: 0 : 18876, 4, 2020/12/02, 21:57:05.436, 2138770675325, datacollector.dll, Blame Collector : Test Case End
TpTrace Error: 0 : 18876, 4, 2020/12/02, 21:57:05.437, 2138770680104, datacollector.dll, DataCollectionAttachmentManager.GetAttachments: Fail to get attachments: System.Collections.Generic.KeyNotFoundException: The given key 'Microsoft.VisualStudio.TestPlatform.ObjectModel.DataCollection.DataCollectionContext' was not present in the dictionary.
   at System.Collections.Generic.Dictionary`2.get_Item(TKey key)
   at Microsoft.VisualStudio.TestPlatform.Common.DataCollector.DataCollectionAttachmentManager.GetAttachments(DataCollectionContext dataCollectionContext) 
TpTrace Information: 0 : 18876, 4, 2020/12/02, 21:57:05.437, 2138770683620, datacollector.dll, DataCollectionTestCaseEventHandler: Test case 'DajSveFilmoveZaReziseraTest - 3a8bf842-1414-c573-0562-859fdb513ec1' completed
TpTrace Information: 0 : 18876, 4, 2020/12/02, 21:57:05.439, 2138770704240, datacollector.dll, DataCollectionTestCaseEventHandler: Test case starting.
TpTrace Information: 0 : 18876, 4, 2020/12/02, 21:57:05.440, 2138770712970, datacollector.dll, Blame Collector : Test Case Start
TpTrace Information: 0 : 18876, 4, 2020/12/02, 21:57:05.441, 2138770716179, datacollector.dll, DataCollectionTestCaseEventHandler: Test case 'RadSaKorisnicimaTest - b942e361-4be5-f590-6aa4-9aad43bbea60' started.
TpTrace Information: 0 : 18876, 4, 2020/12/02, 21:57:05.442, 2138770729597, datacollector.dll, DataCollectionTestCaseEventHandler : Test case completing.
TpTrace Information: 0 : 18876, 4, 2020/12/02, 21:57:05.443, 2138770739744, datacollector.dll, Blame Collector : Test Case End
TpTrace Error: 0 : 18876, 4, 2020/12/02, 21:57:05.443, 2138770745378, datacollector.dll, DataCollectionAttachmentManager.GetAttachments: Fail to get attachments: System.Collections.Generic.KeyNotFoundException: The given key 'Microsoft.VisualStudio.TestPlatform.ObjectModel.DataCollection.DataCollectionContext' was not present in the dictionary.
   at System.Collections.Generic.Dictionary`2.get_Item(TKey key)
   at Microsoft.VisualStudio.TestPlatform.Common.DataCollector.DataCollectionAttachmentManager.GetAttachments(DataCollectionContext dataCollectionContext) 
TpTrace Information: 0 : 18876, 4, 2020/12/02, 21:57:05.444, 2138770751178, datacollector.dll, DataCollectionTestCaseEventHandler: Test case 'RadSaKorisnicimaTest - b942e361-4be5-f590-6aa4-9aad43bbea60' completed
TpTrace Information: 0 : 18876, 4, 2020/12/02, 21:57:05.508, 2138771390738, datacollector.dll, DataCollectionTestCaseEventHandler: Test case starting.
TpTrace Information: 0 : 18876, 4, 2020/12/02, 21:57:05.509, 2138771400896, datacollector.dll, Blame Collector : Test Case Start
TpTrace Information: 0 : 18876, 4, 2020/12/02, 21:57:05.509, 2138771405409, datacollector.dll, DataCollectionTestCaseEventHandler: Test case 'FilmTestKonstruktor1 - 03a038aa-8497-4306-f9a2-05522e98cf00' started.
TpTrace Information: 0 : 18876, 4, 2020/12/02, 21:57:05.512, 2138771430057, datacollector.dll, DataCollectionTestCaseEventHandler : Test case completing.
TpTrace Information: 0 : 18876, 4, 2020/12/02, 21:57:05.513, 2138771438577, datacollector.dll, Blame Collector : Test Case End
TpTrace Error: 0 : 18876, 4, 2020/12/02, 21:57:05.513, 2138771445141, datacollector.dll, DataCollectionAttachmentManager.GetAttachments: Fail to get attachments: System.Collections.Generic.KeyNotFoundException: The given key 'Microsoft.VisualStudio.TestPlatform.ObjectModel.DataCollection.DataCollectionContext' was not present in the dictionary.
   at System.Collections.Generic.Dictionary`2.get_Item(TKey key)
   at Microsoft.VisualStudio.TestPlatform.Common.DataCollector.DataCollectionAttachmentManager.GetAttachments(DataCollectionContext dataCollectionContext) 
TpTrace Information: 0 : 18876, 4, 2020/12/02, 21:57:05.514, 2138771449419, datacollector.dll, DataCollectionTestCaseEventHandler: Test case 'FilmTestKonstruktor1 - 03a038aa-8497-4306-f9a2-05522e98cf00' completed
TpTrace Information: 0 : 18876, 4, 2020/12/02, 21:57:05.517, 2138771477808, datacollector.dll, DataCollectionTestCaseEventHandler: Test case starting.
TpTrace Information: 0 : 18876, 4, 2020/12/02, 21:57:05.517, 2138771484230, datacollector.dll, Blame Collector : Test Case Start
TpTrace Information: 0 : 18876, 4, 2020/12/02, 21:57:05.518, 2138771487000, datacollector.dll, DataCollectionTestCaseEventHandler: Test case 'FilmTestKonstruktor2 - 6d7f88f3-c0af-7e44-e254-a509de61f3a7' started.
TpTrace Information: 0 : 18876, 4, 2020/12/02, 21:57:05.519, 2138771503289, datacollector.dll, DataCollectionTestCaseEventHandler : Test case completing.
TpTrace Information: 0 : 18876, 4, 2020/12/02, 21:57:05.520, 2138771509905, datacollector.dll, Blame Collector : Test Case End
TpTrace Error: 0 : 18876, 4, 2020/12/02, 21:57:05.520, 2138771513556, datacollector.dll, DataCollectionAttachmentManager.GetAttachments: Fail to get attachments: System.Collections.Generic.KeyNotFoundException: The given key 'Microsoft.VisualStudio.TestPlatform.ObjectModel.DataCollection.DataCollectionContext' was not present in the dictionary.
   at System.Collections.Generic.Dictionary`2.get_Item(TKey key)
   at Microsoft.VisualStudio.TestPlatform.Common.DataCollector.DataCollectionAttachmentManager.GetAttachments(DataCollectionContext dataCollectionContext) 
TpTrace Information: 0 : 18876, 4, 2020/12/02, 21:57:05.521, 2138771516549, datacollector.dll, DataCollectionTestCaseEventHandler: Test case 'FilmTestKonstruktor2 - 6d7f88f3-c0af-7e44-e254-a509de61f3a7' completed
TpTrace Information: 0 : 18876, 4, 2020/12/02, 21:57:05.523, 2138771536860, datacollector.dll, DataCollectionTestCaseEventHandler: Test case starting.
TpTrace Information: 0 : 18876, 4, 2020/12/02, 21:57:05.523, 2138771545437, datacollector.dll, Blame Collector : Test Case Start
TpTrace Information: 0 : 18876, 4, 2020/12/02, 21:57:05.524, 2138771548978, datacollector.dll, DataCollectionTestCaseEventHandler: Test case 'GostTestKonstruktor1 - 2a34a0e4-6794-7c5c-d0f0-c60b5cbbf6fd' started.
TpTrace Information: 0 : 18876, 4, 2020/12/02, 21:57:05.526, 2138771571162, datacollector.dll, DataCollectionTestCaseEventHandler : Test case completing.
TpTrace Information: 0 : 18876, 4, 2020/12/02, 21:57:05.527, 2138771580860, datacollector.dll, Blame Collector : Test Case End
TpTrace Error: 0 : 18876, 4, 2020/12/02, 21:57:05.528, 2138771586782, datacollector.dll, DataCollectionAttachmentManager.GetAttachments: Fail to get attachments: System.Collections.Generic.KeyNotFoundException: The given key 'Microsoft.VisualStudio.TestPlatform.ObjectModel.DataCollection.DataCollectionContext' was not present in the dictionary.
   at System.Collections.Generic.Dictionary`2.get_Item(TKey key)
   at Microsoft.VisualStudio.TestPlatform.Common.DataCollector.DataCollectionAttachmentManager.GetAttachments(DataCollectionContext dataCollectionContext) 
TpTrace Information: 0 : 18876, 4, 2020/12/02, 21:57:05.528, 2138771591223, datacollector.dll, DataCollectionTestCaseEventHandler: Test case 'GostTestKonstruktor1 - 2a34a0e4-6794-7c5c-d0f0-c60b5cbbf6fd' completed
TpTrace Information: 0 : 18876, 4, 2020/12/02, 21:57:05.531, 2138771618896, datacollector.dll, DataCollectionTestCaseEventHandler: Test case starting.
TpTrace Information: 0 : 18876, 4, 2020/12/02, 21:57:05.532, 2138771629408, datacollector.dll, Blame Collector : Test Case Start
TpTrace Information: 0 : 18876, 4, 2020/12/02, 21:57:05.532, 2138771633871, datacollector.dll, DataCollectionTestCaseEventHandler: Test case 'GostTestKonstruktor2 - 5329faea-753a-3783-8eac-5f5a6112fb03' started.
TpTrace Information: 0 : 18876, 4, 2020/12/02, 21:57:05.534, 2138771651743, datacollector.dll, DataCollectionTestCaseEventHandler : Test case completing.
TpTrace Information: 0 : 18876, 4, 2020/12/02, 21:57:05.535, 2138771660272, datacollector.dll, Blame Collector : Test Case End
TpTrace Error: 0 : 18876, 4, 2020/12/02, 21:57:05.536, 2138771666432, datacollector.dll, DataCollectionAttachmentManager.GetAttachments: Fail to get attachments: System.Collections.Generic.KeyNotFoundException: The given key 'Microsoft.VisualStudio.TestPlatform.ObjectModel.DataCollection.DataCollectionContext' was not present in the dictionary.
   at System.Collections.Generic.Dictionary`2.get_Item(TKey key)
   at Microsoft.VisualStudio.TestPlatform.Common.DataCollector.DataCollectionAttachmentManager.GetAttachments(DataCollectionContext dataCollectionContext) 
TpTrace Information: 0 : 18876, 4, 2020/12/02, 21:57:05.537, 2138771680614, datacollector.dll, DataCollectionTestCaseEventHandler: Test case 'GostTestKonstruktor2 - 5329faea-753a-3783-8eac-5f5a6112fb03' completed
TpTrace Information: 0 : 18876, 4, 2020/12/02, 21:57:05.540, 2138771713760, datacollector.dll, DataCollectionTestCaseEventHandler: Test case starting.
TpTrace Information: 0 : 18876, 4, 2020/12/02, 21:57:05.542, 2138771728462, datacollector.dll, Blame Collector : Test Case Start
TpTrace Information: 0 : 18876, 4, 2020/12/02, 21:57:05.542, 2138771733769, datacollector.dll, DataCollectionTestCaseEventHandler: Test case 'AutomatskiKorisničkiPodaciTest - 7fb0bd75-b855-0371-f3a9-be12f246e7ae' started.
TpTrace Information: 0 : 18876, 4, 2020/12/02, 21:57:05.544, 2138771752166, datacollector.dll, DataCollectionTestCaseEventHandler : Test case completing.
TpTrace Information: 0 : 18876, 4, 2020/12/02, 21:57:05.545, 2138771760889, datacollector.dll, Blame Collector : Test Case End
TpTrace Error: 0 : 18876, 4, 2020/12/02, 21:57:05.546, 2138771768181, datacollector.dll, DataCollectionAttachmentManager.GetAttachments: Fail to get attachments: System.Collections.Generic.KeyNotFoundException: The given key 'Microsoft.VisualStudio.TestPlatform.ObjectModel.DataCollection.DataCollectionContext' was not present in the dictionary.
   at System.Collections.Generic.Dictionary`2.get_Item(TKey key)
   at Microsoft.VisualStudio.TestPlatform.Common.DataCollector.DataCollectionAttachmentManager.GetAttachments(DataCollectionContext dataCollectionContext) 
TpTrace Information: 0 : 18876, 4, 2020/12/02, 21:57:05.546, 2138771772688, datacollector.dll, DataCollectionTestCaseEventHandler: Test case 'AutomatskiKorisničkiPodaciTest - 7fb0bd75-b855-0371-f3a9-be12f246e7ae' completed
TpTrace Information: 0 : 18876, 4, 2020/12/02, 21:57:05.548, 2138771793655, datacollector.dll, DataCollectionTestCaseEventHandler: Test case starting.
TpTrace Information: 0 : 18876, 4, 2020/12/02, 21:57:05.549, 2138771801650, datacollector.dll, Blame Collector : Test Case Start
TpTrace Information: 0 : 18876, 4, 2020/12/02, 21:57:05.550, 2138771806256, datacollector.dll, DataCollectionTestCaseEventHandler: Test case 'TestDajSveFilmoveSGlumcima1 - 1c352a7f-958a-a6b4-d8e1-b916a9458cf0' started.
TpTrace Information: 0 : 18876, 4, 2020/12/02, 21:57:05.565, 2138771960554, datacollector.dll, DataCollectionTestCaseEventHandler : Test case completing.
TpTrace Information: 0 : 18876, 4, 2020/12/02, 21:57:05.566, 2138771970079, datacollector.dll, Blame Collector : Test Case End
TpTrace Error: 0 : 18876, 4, 2020/12/02, 21:57:05.567, 2138771976044, datacollector.dll, DataCollectionAttachmentManager.GetAttachments: Fail to get attachments: System.Collections.Generic.KeyNotFoundException: The given key 'Microsoft.VisualStudio.TestPlatform.ObjectModel.DataCollection.DataCollectionContext' was not present in the dictionary.
   at System.Collections.Generic.Dictionary`2.get_Item(TKey key)
   at Microsoft.VisualStudio.TestPlatform.Common.DataCollector.DataCollectionAttachmentManager.GetAttachments(DataCollectionContext dataCollectionContext) 
TpTrace Information: 0 : 18876, 4, 2020/12/02, 21:57:05.567, 2138771979754, datacollector.dll, DataCollectionTestCaseEventHandler: Test case 'TestDajSveFilmoveSGlumcima1 - 1c352a7f-958a-a6b4-d8e1-b916a9458cf0' completed
TpTrace Information: 0 : 18876, 4, 2020/12/02, 21:57:05.569, 2138772004393, datacollector.dll, DataCollectionTestCaseEventHandler: Test case starting.
TpTrace Information: 0 : 18876, 4, 2020/12/02, 21:57:05.570, 2138772013734, datacollector.dll, Blame Collector : Test Case Start
TpTrace Information: 0 : 18876, 4, 2020/12/02, 21:57:05.571, 2138772017835, datacollector.dll, DataCollectionTestCaseEventHandler: Test case 'TestDajSveFilmoveSGlumcima2 - 8878fe32-8883-05f3-b64b-634a4fe2459e' started.
TpTrace Information: 0 : 18876, 4, 2020/12/02, 21:57:05.573, 2138772043658, datacollector.dll, DataCollectionTestCaseEventHandler : Test case completing.
TpTrace Information: 0 : 18876, 4, 2020/12/02, 21:57:05.574, 2138772053447, datacollector.dll, Blame Collector : Test Case End
TpTrace Error: 0 : 18876, 4, 2020/12/02, 21:57:05.575, 2138772058679, datacollector.dll, DataCollectionAttachmentManager.GetAttachments: Fail to get attachments: System.Collections.Generic.KeyNotFoundException: The given key 'Microsoft.VisualStudio.TestPlatform.ObjectModel.DataCollection.DataCollectionContext' was not present in the dictionary.
   at System.Collections.Generic.Dictionary`2.get_Item(TKey key)
   at Microsoft.VisualStudio.TestPlatform.Common.DataCollector.DataCollectionAttachmentManager.GetAttachments(DataCollectionContext dataCollectionContext) 
TpTrace Information: 0 : 18876, 4, 2020/12/02, 21:57:05.575, 2138772063751, datacollector.dll, DataCollectionTestCaseEventHandler: Test case 'TestDajSveFilmoveSGlumcima2 - 8878fe32-8883-05f3-b64b-634a4fe2459e' completed
TpTrace Information: 0 : 18876, 4, 2020/12/02, 21:57:05.577, 2138772085418, datacollector.dll, DataCollectionTestCaseEventHandler: Test case starting.
TpTrace Information: 0 : 18876, 4, 2020/12/02, 21:57:05.578, 2138772094466, datacollector.dll, Blame Collector : Test Case Start
TpTrace Information: 0 : 18876, 4, 2020/12/02, 21:57:05.579, 2138772098778, datacollector.dll, DataCollectionTestCaseEventHandler: Test case 'TestDajSveFilmoveSaGlumcimaIzuzetak - 540364fc-aa0e-893b-b9c6-b3574792c46d' started.
TpTrace Information: 0 : 18876, 4, 2020/12/02, 21:57:05.585, 2138772157789, datacollector.dll, DataCollectionTestCaseEventHandler : Test case completing.
TpTrace Information: 0 : 18876, 4, 2020/12/02, 21:57:05.586, 2138772167644, datacollector.dll, Blame Collector : Test Case End
TpTrace Error: 0 : 18876, 4, 2020/12/02, 21:57:05.586, 2138772173307, datacollector.dll, DataCollectionAttachmentManager.GetAttachments: Fail to get attachments: System.Collections.Generic.KeyNotFoundException: The given key 'Microsoft.VisualStudio.TestPlatform.ObjectModel.DataCollection.DataCollectionContext' was not present in the dictionary.
   at System.Collections.Generic.Dictionary`2.get_Item(TKey key)
   at Microsoft.VisualStudio.TestPlatform.Common.DataCollector.DataCollectionAttachmentManager.GetAttachments(DataCollectionContext dataCollectionContext) 
TpTrace Information: 0 : 18876, 4, 2020/12/02, 21:57:05.587, 2138772177942, datacollector.dll, DataCollectionTestCaseEventHandler: Test case 'TestDajSveFilmoveSaGlumcimaIzuzetak - 540364fc-aa0e-893b-b9c6-b3574792c46d' completed
TpTrace Information: 0 : 18876, 4, 2020/12/02, 21:57:05.589, 2138772200164, datacollector.dll, DataCollectionTestCaseEventHandler: Test case starting.
TpTrace Information: 0 : 18876, 4, 2020/12/02, 21:57:05.590, 2138772209438, datacollector.dll, Blame Collector : Test Case Start
TpTrace Information: 0 : 18876, 4, 2020/12/02, 21:57:05.590, 2138772213780, datacollector.dll, DataCollectionTestCaseEventHandler: Test case 'TestZamjenskiObjekat - aef9dec6-1181-fac1-2596-b31421e8da47' started.
TpTrace Information: 0 : 18876, 4, 2020/12/02, 21:57:05.595, 2138772257023, datacollector.dll, DataCollectionTestCaseEventHandler : Test case completing.
TpTrace Information: 0 : 18876, 4, 2020/12/02, 21:57:05.596, 2138772267450, datacollector.dll, Blame Collector : Test Case End
TpTrace Error: 0 : 18876, 4, 2020/12/02, 21:57:05.596, 2138772272780, datacollector.dll, DataCollectionAttachmentManager.GetAttachments: Fail to get attachments: System.Collections.Generic.KeyNotFoundException: The given key 'Microsoft.VisualStudio.TestPlatform.ObjectModel.DataCollection.DataCollectionContext' was not present in the dictionary.
   at System.Collections.Generic.Dictionary`2.get_Item(TKey key)
   at Microsoft.VisualStudio.TestPlatform.Common.DataCollector.DataCollectionAttachmentManager.GetAttachments(DataCollectionContext dataCollectionContext) 
TpTrace Information: 0 : 18876, 4, 2020/12/02, 21:57:05.597, 2138772277140, datacollector.dll, DataCollectionTestCaseEventHandler: Test case 'TestZamjenskiObjekat - aef9dec6-1181-fac1-2596-b31421e8da47' completed
TpTrace Information: 0 : 18876, 4, 2020/12/02, 21:57:05.605, 2138772357121, datacollector.dll, DataCollectionTestCaseEventHandler: Test case starting.
TpTrace Information: 0 : 18876, 4, 2020/12/02, 21:57:05.606, 2138772366250, datacollector.dll, Blame Collector : Test Case Start
TpTrace Information: 0 : 18876, 4, 2020/12/02, 21:57:05.606, 2138772370266, datacollector.dll, DataCollectionTestCaseEventHandler: Test case 'TestDodajNastavakIstiGlumci - 307a9543-71bf-45b1-736e-e86a33581b25' started.
TpTrace Information: 0 : 18876, 4, 2020/12/02, 21:57:05.612, 2138772427951, datacollector.dll, DataCollectionTestCaseEventHandler : Test case completing.
TpTrace Information: 0 : 18876, 4, 2020/12/02, 21:57:05.613, 2138772438857, datacollector.dll, Blame Collector : Test Case End
TpTrace Error: 0 : 18876, 4, 2020/12/02, 21:57:05.613, 2138772444532, datacollector.dll, DataCollectionAttachmentManager.GetAttachments: Fail to get attachments: System.Collections.Generic.KeyNotFoundException: The given key 'Microsoft.VisualStudio.TestPlatform.ObjectModel.DataCollection.DataCollectionContext' was not present in the dictionary.
   at System.Collections.Generic.Dictionary`2.get_Item(TKey key)
   at Microsoft.VisualStudio.TestPlatform.Common.DataCollector.DataCollectionAttachmentManager.GetAttachments(DataCollectionContext dataCollectionContext) 
TpTrace Information: 0 : 18876, 4, 2020/12/02, 21:57:05.614, 2138772448777, datacollector.dll, DataCollectionTestCaseEventHandler: Test case 'TestDodajNastavakIstiGlumci - 307a9543-71bf-45b1-736e-e86a33581b25' completed
TpTrace Information: 0 : 18876, 4, 2020/12/02, 21:57:05.616, 2138772468598, datacollector.dll, DataCollectionTestCaseEventHandler: Test case starting.
TpTrace Information: 0 : 18876, 4, 2020/12/02, 21:57:05.617, 2138772479358, datacollector.dll, Blame Collector : Test Case Start
TpTrace Information: 0 : 18876, 4, 2020/12/02, 21:57:05.617, 2138772483553, datacollector.dll, DataCollectionTestCaseEventHandler: Test case 'TestDodajNastavakRazlicitiGlumci - ccc8a4b1-0bba-0d1f-634a-2a0e08c0293a' started.
TpTrace Information: 0 : 18876, 4, 2020/12/02, 21:57:05.620, 2138772513339, datacollector.dll, DataCollectionTestCaseEventHandler : Test case completing.
TpTrace Information: 0 : 18876, 4, 2020/12/02, 21:57:05.621, 2138772520969, datacollector.dll, Blame Collector : Test Case End
TpTrace Error: 0 : 18876, 4, 2020/12/02, 21:57:05.621, 2138772524947, datacollector.dll, DataCollectionAttachmentManager.GetAttachments: Fail to get attachments: System.Collections.Generic.KeyNotFoundException: The given key 'Microsoft.VisualStudio.TestPlatform.ObjectModel.DataCollection.DataCollectionContext' was not present in the dictionary.
   at System.Collections.Generic.Dictionary`2.get_Item(TKey key)
   at Microsoft.VisualStudio.TestPlatform.Common.DataCollector.DataCollectionAttachmentManager.GetAttachments(DataCollectionContext dataCollectionContext) 
TpTrace Information: 0 : 18876, 4, 2020/12/02, 21:57:05.622, 2138772528120, datacollector.dll, DataCollectionTestCaseEventHandler: Test case 'TestDodajNastavakRazlicitiGlumci - ccc8a4b1-0bba-0d1f-634a-2a0e08c0293a' completed
TpTrace Information: 0 : 18876, 4, 2020/12/02, 21:57:05.624, 2138772547226, datacollector.dll, DataCollectionTestCaseEventHandler: Test case starting.
TpTrace Information: 0 : 18876, 4, 2020/12/02, 21:57:05.624, 2138772555522, datacollector.dll, Blame Collector : Test Case Start
TpTrace Information: 0 : 18876, 4, 2020/12/02, 21:57:05.625, 2138772559111, datacollector.dll, DataCollectionTestCaseEventHandler: Test case 'TestDodajNastavakIzuzetak - 83c1ddde-4e31-66fc-a376-4096e8037e77' started.
TpTrace Information: 0 : 18876, 4, 2020/12/02, 21:57:05.627, 2138772583756, datacollector.dll, DataCollectionTestCaseEventHandler : Test case completing.
TpTrace Information: 0 : 18876, 4, 2020/12/02, 21:57:05.628, 2138772591187, datacollector.dll, Blame Collector : Test Case End
TpTrace Error: 0 : 18876, 4, 2020/12/02, 21:57:05.629, 2138772596177, datacollector.dll, DataCollectionAttachmentManager.GetAttachments: Fail to get attachments: System.Collections.Generic.KeyNotFoundException: The given key 'Microsoft.VisualStudio.TestPlatform.ObjectModel.DataCollection.DataCollectionContext' was not present in the dictionary.
   at System.Collections.Generic.Dictionary`2.get_Item(TKey key)
   at Microsoft.VisualStudio.TestPlatform.Common.DataCollector.DataCollectionAttachmentManager.GetAttachments(DataCollectionContext dataCollectionContext) 
TpTrace Information: 0 : 18876, 4, 2020/12/02, 21:57:05.629, 2138772600554, datacollector.dll, DataCollectionTestCaseEventHandler: Test case 'TestDodajNastavakIzuzetak - 83c1ddde-4e31-66fc-a376-4096e8037e77' completed
TpTrace Information: 0 : 18876, 4, 2020/12/02, 21:57:05.631, 2138772619336, datacollector.dll, DataCollectionTestCaseEventHandler: Test case starting.
TpTrace Information: 0 : 18876, 4, 2020/12/02, 21:57:05.631, 2138772625348, datacollector.dll, Blame Collector : Test Case Start
TpTrace Information: 0 : 18876, 4, 2020/12/02, 21:57:05.632, 2138772628337, datacollector.dll, DataCollectionTestCaseEventHandler: Test case 'ReziserTestKonstruktor1 - 1f519e49-1160-89f5-2933-26a8b7041eb0' started.
TpTrace Information: 0 : 18876, 4, 2020/12/02, 21:57:05.635, 2138772657388, datacollector.dll, DataCollectionTestCaseEventHandler : Test case completing.
TpTrace Information: 0 : 18876, 4, 2020/12/02, 21:57:05.636, 2138772666932, datacollector.dll, Blame Collector : Test Case End
TpTrace Error: 0 : 18876, 4, 2020/12/02, 21:57:05.636, 2138772672503, datacollector.dll, DataCollectionAttachmentManager.GetAttachments: Fail to get attachments: System.Collections.Generic.KeyNotFoundException: The given key 'Microsoft.VisualStudio.TestPlatform.ObjectModel.DataCollection.DataCollectionContext' was not present in the dictionary.
   at System.Collections.Generic.Dictionary`2.get_Item(TKey key)
   at Microsoft.VisualStudio.TestPlatform.Common.DataCollector.DataCollectionAttachmentManager.GetAttachments(DataCollectionContext dataCollectionContext) 
TpTrace Information: 0 : 18876, 4, 2020/12/02, 21:57:05.637, 2138772677063, datacollector.dll, DataCollectionTestCaseEventHandler: Test case 'ReziserTestKonstruktor1 - 1f519e49-1160-89f5-2933-26a8b7041eb0' completed
TpTrace Information: 0 : 18876, 4, 2020/12/02, 21:57:05.638, 2138772694767, datacollector.dll, DataCollectionTestCaseEventHandler: Test case starting.
TpTrace Information: 0 : 18876, 4, 2020/12/02, 21:57:05.639, 2138772704230, datacollector.dll, Blame Collector : Test Case Start
TpTrace Information: 0 : 18876, 4, 2020/12/02, 21:57:05.640, 2138772708413, datacollector.dll, DataCollectionTestCaseEventHandler: Test case 'DaLiJeReziraoFilmTest1 - 8be05c28-e858-6601-d7d6-2d0b439996c8' started.
TpTrace Information: 0 : 18876, 4, 2020/12/02, 21:57:05.642, 2138772728002, datacollector.dll, DataCollectionTestCaseEventHandler : Test case completing.
TpTrace Information: 0 : 18876, 4, 2020/12/02, 21:57:05.643, 2138772738256, datacollector.dll, Blame Collector : Test Case End
TpTrace Error: 0 : 18876, 4, 2020/12/02, 21:57:05.643, 2138772744509, datacollector.dll, DataCollectionAttachmentManager.GetAttachments: Fail to get attachments: System.Collections.Generic.KeyNotFoundException: The given key 'Microsoft.VisualStudio.TestPlatform.ObjectModel.DataCollection.DataCollectionContext' was not present in the dictionary.
   at System.Collections.Generic.Dictionary`2.get_Item(TKey key)
   at Microsoft.VisualStudio.TestPlatform.Common.DataCollector.DataCollectionAttachmentManager.GetAttachments(DataCollectionContext dataCollectionContext) 
TpTrace Information: 0 : 18876, 4, 2020/12/02, 21:57:05.644, 2138772749238, datacollector.dll, DataCollectionTestCaseEventHandler: Test case 'DaLiJeReziraoFilmTest1 - 8be05c28-e858-6601-d7d6-2d0b439996c8' completed
TpTrace Information: 0 : 18876, 4, 2020/12/02, 21:57:05.646, 2138772770559, datacollector.dll, DataCollectionTestCaseEventHandler: Test case starting.
TpTrace Information: 0 : 18876, 4, 2020/12/02, 21:57:05.647, 2138772778958, datacollector.dll, Blame Collector : Test Case Start
TpTrace Information: 0 : 18876, 4, 2020/12/02, 21:57:05.647, 2138772782490, datacollector.dll, DataCollectionTestCaseEventHandler: Test case 'DaLiJeReziraoFilmTest2 - 19923882-2e3c-d457-55ca-0707cb853a52' started.
TpTrace Information: 0 : 18876, 4, 2020/12/02, 21:57:05.650, 2138772811794, datacollector.dll, DataCollectionTestCaseEventHandler : Test case completing.
TpTrace Information: 0 : 18876, 4, 2020/12/02, 21:57:05.651, 2138772820056, datacollector.dll, Blame Collector : Test Case End
TpTrace Error: 0 : 18876, 4, 2020/12/02, 21:57:05.651, 2138772825490, datacollector.dll, DataCollectionAttachmentManager.GetAttachments: Fail to get attachments: System.Collections.Generic.KeyNotFoundException: The given key 'Microsoft.VisualStudio.TestPlatform.ObjectModel.DataCollection.DataCollectionContext' was not present in the dictionary.
   at System.Collections.Generic.Dictionary`2.get_Item(TKey key)
   at Microsoft.VisualStudio.TestPlatform.Common.DataCollector.DataCollectionAttachmentManager.GetAttachments(DataCollectionContext dataCollectionContext) 
TpTrace Information: 0 : 18876, 4, 2020/12/02, 21:57:05.652, 2138772829413, datacollector.dll, DataCollectionTestCaseEventHandler: Test case 'DaLiJeReziraoFilmTest2 - 19923882-2e3c-d457-55ca-0707cb853a52' completed
TpTrace Information: 0 : 18876, 4, 2020/12/02, 21:57:05.654, 2138772852605, datacollector.dll, DataCollectionTestCaseEventHandler: Test case starting.
TpTrace Information: 0 : 18876, 4, 2020/12/02, 21:57:05.655, 2138772861606, datacollector.dll, Blame Collector : Test Case Start
TpTrace Information: 0 : 18876, 4, 2020/12/02, 21:57:05.655, 2138772865518, datacollector.dll, DataCollectionTestCaseEventHandler: Test case 'TestKonstruktor1 - ffc49825-d3bd-615d-b858-0a03aea3e527' started.
TpTrace Information: 0 : 18876, 4, 2020/12/02, 21:57:05.659, 2138772897084, datacollector.dll, DataCollectionTestCaseEventHandler : Test case completing.
TpTrace Information: 0 : 18876, 4, 2020/12/02, 21:57:05.660, 2138772907067, datacollector.dll, Blame Collector : Test Case End
TpTrace Error: 0 : 18876, 4, 2020/12/02, 21:57:05.660, 2138772912498, datacollector.dll, DataCollectionAttachmentManager.GetAttachments: Fail to get attachments: System.Collections.Generic.KeyNotFoundException: The given key 'Microsoft.VisualStudio.TestPlatform.ObjectModel.DataCollection.DataCollectionContext' was not present in the dictionary.
   at System.Collections.Generic.Dictionary`2.get_Item(TKey key)
   at Microsoft.VisualStudio.TestPlatform.Common.DataCollector.DataCollectionAttachmentManager.GetAttachments(DataCollectionContext dataCollectionContext) 
TpTrace Information: 0 : 18876, 4, 2020/12/02, 21:57:05.661, 2138772916704, datacollector.dll, DataCollectionTestCaseEventHandler: Test case 'TestKonstruktor1 - ffc49825-d3bd-615d-b858-0a03aea3e527' completed
TpTrace Information: 0 : 18876, 4, 2020/12/02, 21:57:05.663, 2138772937063, datacollector.dll, DataCollectionTestCaseEventHandler: Test case starting.
TpTrace Information: 0 : 18876, 4, 2020/12/02, 21:57:05.663, 2138772945795, datacollector.dll, Blame Collector : Test Case Start
TpTrace Information: 0 : 18876, 4, 2020/12/02, 21:57:05.664, 2138772949376, datacollector.dll, DataCollectionTestCaseEventHandler: Test case 'TestKonstruktor2 - be6c605f-e0fd-60e9-3217-1e34ca32661a' started.
TpTrace Information: 0 : 18876, 4, 2020/12/02, 21:57:05.667, 2138772976323, datacollector.dll, DataCollectionTestCaseEventHandler : Test case completing.
TpTrace Information: 0 : 18876, 4, 2020/12/02, 21:57:05.667, 2138772982364, datacollector.dll, Blame Collector : Test Case End
TpTrace Error: 0 : 18876, 4, 2020/12/02, 21:57:05.668, 2138772986987, datacollector.dll, DataCollectionAttachmentManager.GetAttachments: Fail to get attachments: System.Collections.Generic.KeyNotFoundException: The given key 'Microsoft.VisualStudio.TestPlatform.ObjectModel.DataCollection.DataCollectionContext' was not present in the dictionary.
   at System.Collections.Generic.Dictionary`2.get_Item(TKey key)
   at Microsoft.VisualStudio.TestPlatform.Common.DataCollector.DataCollectionAttachmentManager.GetAttachments(DataCollectionContext dataCollectionContext) 
TpTrace Information: 0 : 18876, 4, 2020/12/02, 21:57:05.668, 2138772991177, datacollector.dll, DataCollectionTestCaseEventHandler: Test case 'TestKonstruktor2 - be6c605f-e0fd-60e9-3217-1e34ca32661a' completed
TpTrace Information: 0 : 18876, 4, 2020/12/02, 21:57:05.670, 2138773011765, datacollector.dll, DataCollectionTestCaseEventHandler: Test case starting.
TpTrace Information: 0 : 18876, 4, 2020/12/02, 21:57:05.671, 2138773020415, datacollector.dll, Blame Collector : Test Case Start
TpTrace Information: 0 : 18876, 4, 2020/12/02, 21:57:05.671, 2138773024119, datacollector.dll, DataCollectionTestCaseEventHandler: Test case 'TestDajSrednjuOcjenuSvihFilmova - c1f446c3-373e-8894-430c-be98942b8c49' started.
TpTrace Information: 0 : 18876, 4, 2020/12/02, 21:57:05.675, 2138773065309, datacollector.dll, DataCollectionTestCaseEventHandler : Test case completing.
TpTrace Information: 0 : 18876, 4, 2020/12/02, 21:57:05.676, 2138773073431, datacollector.dll, Blame Collector : Test Case End
TpTrace Error: 0 : 18876, 4, 2020/12/02, 21:57:05.677, 2138773078465, datacollector.dll, DataCollectionAttachmentManager.GetAttachments: Fail to get attachments: System.Collections.Generic.KeyNotFoundException: The given key 'Microsoft.VisualStudio.TestPlatform.ObjectModel.DataCollection.DataCollectionContext' was not present in the dictionary.
   at System.Collections.Generic.Dictionary`2.get_Item(TKey key)
   at Microsoft.VisualStudio.TestPlatform.Common.DataCollector.DataCollectionAttachmentManager.GetAttachments(DataCollectionContext dataCollectionContext) 
TpTrace Information: 0 : 18876, 4, 2020/12/02, 21:57:05.677, 2138773082141, datacollector.dll, DataCollectionTestCaseEventHandler: Test case 'TestDajSrednjuOcjenuSvihFilmova - c1f446c3-373e-8894-430c-be98942b8c49' completed
TpTrace Information: 0 : 18876, 4, 2020/12/02, 21:57:05.682, 2138773132369, datacollector.dll, DataCollectionTestCaseEventHandler: Test case starting.
TpTrace Information: 0 : 18876, 4, 2020/12/02, 21:57:05.683, 2138773139621, datacollector.dll, Blame Collector : Test Case Start
TpTrace Information: 0 : 18876, 4, 2020/12/02, 21:57:05.683, 2138773142476, datacollector.dll, DataCollectionTestCaseEventHandler: Test case 'TestDajSrednjuOcjenuSvihFilmovaIzuzetak - 76c48a79-7490-42b6-b19d-fdaf9ac2ea05' started.
TpTrace Information: 0 : 18876, 4, 2020/12/02, 21:57:05.686, 2138773170367, datacollector.dll, DataCollectionTestCaseEventHandler : Test case completing.
TpTrace Information: 0 : 18876, 4, 2020/12/02, 21:57:05.687, 2138773176192, datacollector.dll, Blame Collector : Test Case End
TpTrace Error: 0 : 18876, 4, 2020/12/02, 21:57:05.687, 2138773179576, datacollector.dll, DataCollectionAttachmentManager.GetAttachments: Fail to get attachments: System.Collections.Generic.KeyNotFoundException: The given key 'Microsoft.VisualStudio.TestPlatform.ObjectModel.DataCollection.DataCollectionContext' was not present in the dictionary.
   at System.Collections.Generic.Dictionary`2.get_Item(TKey key)
   at Microsoft.VisualStudio.TestPlatform.Common.DataCollector.DataCollectionAttachmentManager.GetAttachments(DataCollectionContext dataCollectionContext) 
TpTrace Information: 0 : 18876, 4, 2020/12/02, 21:57:05.687, 2138773182302, datacollector.dll, DataCollectionTestCaseEventHandler: Test case 'TestDajSrednjuOcjenuSvihFilmovaIzuzetak - 76c48a79-7490-42b6-b19d-fdaf9ac2ea05' completed
TpTrace Information: 0 : 18876, 4, 2020/12/02, 21:57:05.699, 2138773302411, datacollector.dll, DataCollectionTestCaseEventHandler: Test session ended
TpTrace Information: 0 : 18876, 1, 2020/12/02, 21:57:05.783, 2138774141363, datacollector.dll, DataCollectionRequestHandler.ProcessRequests : Datacollector received message: (DataCollection.AfterTestRunEnd) -> false
TpTrace Information: 0 : 18876, 1, 2020/12/02, 21:57:05.784, 2138774154829, datacollector.dll, Blame Collector : Session End
TpTrace Error: 0 : 18876, 1, 2020/12/02, 21:57:05.785, 2138774160823, datacollector.dll, DataCollectionAttachmentManager.GetAttachments: Fail to get attachments: System.Collections.Generic.KeyNotFoundException: The given key 'Microsoft.VisualStudio.TestPlatform.ObjectModel.DataCollection.DataCollectionContext' was not present in the dictionary.
   at System.Collections.Generic.Dictionary`2.get_Item(TKey key)
   at Microsoft.VisualStudio.TestPlatform.Common.DataCollector.DataCollectionAttachmentManager.GetAttachments(DataCollectionContext dataCollectionContext) 
TpTrace Information: 0 : 18876, 1, 2020/12/02, 21:57:05.785, 2138774164078, datacollector.dll, DataCollectionManager.CleanupPlugins: CleanupPlugins called
TpTrace Verbose: 0 : 18876, 1, 2020/12/02, 21:57:05.786, 2138774166323, datacollector.dll, DataCollectionManager.CleanupPlugins: Cleaning up 1 plugins
TpTrace Verbose: 0 : 18876, 1, 2020/12/02, 21:57:05.786, 2138774169098, datacollector.dll, dataCollectorInfo.DisposeDataCollector: calling Dispose() on Microsoft.TestPlatform.Extensions.BlameDataCollector.BlameCollector
TpTrace Information: 0 : 18876, 1, 2020/12/02, 21:57:05.786, 2138774171130, datacollector.dll, DataCollectionManager.CleanupPlugins: CleanupPlugins finished
TpTrace Information: 0 : 18876, 1, 2020/12/02, 21:57:05.786, 2138774173690, datacollector.dll, DataCollectionRequestHandler.ProcessRequests : Session End message received from server. Closing the connection.
TpTrace Information: 0 : 18876, 1, 2020/12/02, 21:57:05.787, 2138774176215, datacollector.dll, Closing the connection !
TpTrace Information: 0 : 18876, 1, 2020/12/02, 21:57:05.787, 2138774177885, datacollector.dll, DataCollectionRequestHandler.ProcessRequests : DataCollection completed
TpTrace Information: 0 : 18876, 1, 2020/12/02, 21:57:05.787, 2138774179315, datacollector.dll, Program.Main: exiting datacollector process.
