TpTrace Information: 0 : 1532, 1, 2020/12/02, 14:54:25.549, 1885194670670, datacollector.dll, DataCollectorMain.Run: Starting data collector run with args: --port,51031,--parentprocessid,14164,--diag,C:\Users\User\Desktop\VVSZadaca2\Filmoteka\Unit Testovi\bin\Debug\fine-code-coverage\_outputfolder\diagnostics.datacollector.20-12-02_14-54-25_04727_4.log,--tracelevel,4
TpTrace Information: 0 : 1532, 1, 2020/12/02, 14:54:25.564, 1885194725193, datacollector.dll, DataCollector: Monitoring parent process with id: '14164'
TpTrace Information: 0 : 1532, 1, 2020/12/02, 14:54:25.577, 1885194857431, datacollector.dll, Trying to connect to server on socket : 127.0.0.1:51031 
TpTrace Verbose: 0 : 1532, 1, 2020/12/02, 14:54:25.601, 1885195091118, datacollector.dll, SocketCommunicationManager : SetupClientAsync : Attempting to connect to the server.
TpTrace Information: 0 : 1532, 4, 2020/12/02, 14:54:25.624, 1885195325063, datacollector.dll, Connected to the server successfully 
TpTrace Information: 0 : 1532, 4, 2020/12/02, 14:54:25.625, 1885195331128, datacollector.dll, Using the buffer size of 16384 bytes
TpTrace Information: 0 : 1532, 1, 2020/12/02, 14:54:25.839, 1885197470857, datacollector.dll, DataCollector: Start Request Processing.
TpTrace Information: 0 : 1532, 1, 2020/12/02, 14:54:25.849, 1885197568018, datacollector.dll, DataCollectionRequestHandler.ProcessRequests : Datacollector received message: (DataCollection.BeforeTestRunStart) -> {
  "SettingsXml": "<RunSettings><RunConfiguration><ResultsDirectory>C:\\Users\\User\\Desktop\\VVSZadaca2\\Filmoteka\\Unit Testovi\\bin\\Debug\\fine-code-coverage\\_outputfolder</ResultsDirectory><TargetPlatform>X64</TargetPlatform><TargetFrameworkVersion>.NETCoreApp,Version=v3.1</TargetFrameworkVersion><DesignMode>False</DesignMode><CollectSourceInformation>False</CollectSourceInformation><TestAdaptersPaths>C:\\Program Files\\dotnet\\sdk\\3.1.403\\Extensions</TestAdaptersPaths></RunConfiguration><LoggerRunSettings><Loggers><Logger friendlyName=\"blame\" enabled=\"True\" /><Logger friendlyName=\"Console\" uri=\"logger://microsoft/TestPlatform/ConsoleLogger/v1\" assemblyQualifiedName=\"Microsoft.VisualStudio.TestPlatform.CommandLine.Internal.ConsoleLogger, vstest.console, Version=15.0.0.0, Culture=neutral, PublicKeyToken=b03f5f7f11d50a3a\" codeBase=\"C:\\Program Files\\dotnet\\sdk\\3.1.403\\vstest.console.dll\" enabled=\"True\" /></Loggers></LoggerRunSettings><DataCollectionRunSettings><DataCollectors><DataCollector friendlyName=\"blame\" enabled=\"True\"><Configuration><ResultsDirectory>C:\\Users\\User\\Desktop\\VVSZadaca2\\Filmoteka\\Unit Testovi\\bin\\Debug\\fine-code-coverage\\_outputfolder</ResultsDirectory></Configuration></DataCollector></DataCollectors></DataCollectionRunSettings></RunSettings>",
  "Sources": [
    "C:\\Users\\User\\Desktop\\VVSZadaca2\\Filmoteka\\Unit Testovi\\bin\\Debug\\fine-code-coverage\\Unit Testovi.dll"
  ]
}
TpTrace Verbose: 0 : 1532, 1, 2020/12/02, 14:54:25.933, 1885198409308, datacollector.dll, TestPluginCache: Update extensions started. Skip filter = False
TpTrace Verbose: 0 : 1532, 1, 2020/12/02, 14:54:25.934, 1885198420130, datacollector.dll, TestPluginCache: Using directories for assembly resolution 'C:\Program Files\dotnet\sdk\3.1.403\Extensions'.
TpTrace Verbose: 0 : 1532, 1, 2020/12/02, 14:54:25.934, 1885198422109, datacollector.dll, TestPluginCache: Updated the available extensions to 'C:\Program Files\dotnet\sdk\3.1.403\Extensions\Microsoft.TestPlatform.Extensions.BlameDataCollector.dll,C:\Program Files\dotnet\sdk\3.1.403\Extensions\Microsoft.TestPlatform.Extensions.EventLogCollector.dll'.
TpTrace Verbose: 0 : 1532, 1, 2020/12/02, 14:54:25.948, 1885198560307, datacollector.dll, TestPluginCache.DiscoverTestExtensions: finding test extensions in assemblies ends with: Collector.dll TPluginInfo: Microsoft.VisualStudio.TestPlatform.Common.DataCollector.DataCollectorConfig TExtension: Microsoft.VisualStudio.TestPlatform.ObjectModel.DataCollection.DataCollector
TpTrace Verbose: 0 : 1532, 1, 2020/12/02, 14:54:25.948, 1885198564686, datacollector.dll, TestPluginCache.GetExtensionPaths: Filtered extension paths: C:\Program Files\dotnet\sdk\3.1.403\Extensions\Microsoft.TestPlatform.Extensions.BlameDataCollector.dll
C:\Program Files\dotnet\sdk\3.1.403\Extensions\Microsoft.TestPlatform.Extensions.EventLogCollector.dll
TpTrace Verbose: 0 : 1532, 1, 2020/12/02, 14:54:25.948, 1885198567595, datacollector.dll, TestPluginCache.GetExtensionPaths: Added default extension paths: 
TpTrace Verbose: 0 : 1532, 1, 2020/12/02, 14:54:25.949, 1885198569407, datacollector.dll, TestPluginCache.GetExtensionPaths: Added unfilterableExtensionPaths: 
TpTrace Information: 0 : 1532, 1, 2020/12/02, 14:54:25.950, 1885198582329, datacollector.dll, AssemblyResolver.ctor: Creating AssemblyResolver with searchDirectories C:\Program Files\dotnet\sdk\3.1.403\Extensions,C:\Program Files\dotnet\sdk\3.1.403
TpTrace Verbose: 0 : 1532, 1, 2020/12/02, 14:54:25.953, 1885198610583, datacollector.dll, TestPluginCache.DiscoverTestExtensions: Discovering the extensions using extension path.
TpTrace Verbose: 0 : 1532, 1, 2020/12/02, 14:54:25.953, 1885198615933, datacollector.dll, TestPluginCache.GetExtensionPaths: Filtered extension paths: C:\Program Files\dotnet\sdk\3.1.403\Extensions\Microsoft.TestPlatform.Extensions.BlameDataCollector.dll
C:\Program Files\dotnet\sdk\3.1.403\Extensions\Microsoft.TestPlatform.Extensions.EventLogCollector.dll
TpTrace Verbose: 0 : 1532, 1, 2020/12/02, 14:54:25.954, 1885198618384, datacollector.dll, TestPluginCache.GetExtensionPaths: Added default extension paths: 
TpTrace Verbose: 0 : 1532, 1, 2020/12/02, 14:54:25.954, 1885198620528, datacollector.dll, TestPluginCache.GetExtensionPaths: Added unfilterableExtensionPaths: 
TpTrace Verbose: 0 : 1532, 1, 2020/12/02, 14:54:25.954, 1885198623979, datacollector.dll, TestPluginCache.DiscoverTestExtensions: Discovering the extensions using allExtensionPaths: C:\Program Files\dotnet\sdk\3.1.403\Extensions\Microsoft.TestPlatform.Extensions.BlameDataCollector.dll
C:\Program Files\dotnet\sdk\3.1.403\Extensions\Microsoft.TestPlatform.Extensions.EventLogCollector.dll
TpTrace Information: 0 : 1532, 1, 2020/12/02, 14:54:25.955, 1885198628008, datacollector.dll, AssemblyResolver.AddSearchDirectories: Adding more searchDirectories C:\Program Files\dotnet\sdk\3.1.403\Extensions,C:\Program Files\dotnet\sdk\3.1.403
TpTrace Information: 0 : 1532, 1, 2020/12/02, 14:54:25.955, 1885198630734, datacollector.dll, AssemblyResolver.AddSearchDirectories: Adding more searchDirectories C:\Program Files\dotnet\sdk\3.1.403\Extensions,C:\Program Files\dotnet\sdk\3.1.403
TpTrace Information: 0 : 1532, 1, 2020/12/02, 14:54:25.956, 1885198643941, datacollector.dll, AssemblyResolver.OnResolve: Microsoft.TestPlatform.Extensions.BlameDataCollector: Resolving assembly.
TpTrace Information: 0 : 1532, 1, 2020/12/02, 14:54:25.959, 1885198673671, datacollector.dll, AssemblyResolver.OnResolve: Resolved assembly: Microsoft.TestPlatform.Extensions.BlameDataCollector, from path: C:\Program Files\dotnet\sdk\3.1.403\Extensions\Microsoft.TestPlatform.Extensions.BlameDataCollector.dll
TpTrace Error: 0 : 1532, 1, 2020/12/02, 14:54:25.961, 1885198692762, datacollector.dll, The type "Microsoft.TestPlatform.Extensions.BlameDataCollector.BlameCollector" defined in "Microsoft.TestPlatform.Extensions.BlameDataCollector.dll" does not have ExtensionUri attribute.
TpTrace Information: 0 : 1532, 1, 2020/12/02, 14:54:25.962, 1885198702415, datacollector.dll, AssemblyResolver.OnResolve: Microsoft.TestPlatform.Extensions.EventLogCollector: Resolving assembly.
TpTrace Information: 0 : 1532, 1, 2020/12/02, 14:54:25.964, 1885198722932, datacollector.dll, AssemblyResolver.OnResolve: Resolved assembly: Microsoft.TestPlatform.Extensions.EventLogCollector, from path: C:\Program Files\dotnet\sdk\3.1.403\Extensions\Microsoft.TestPlatform.Extensions.EventLogCollector.dll
TpTrace Error: 0 : 1532, 1, 2020/12/02, 14:54:25.968, 1885198764466, datacollector.dll, The type "Microsoft.TestPlatform.Extensions.EventLogCollector.EventLogDataCollector" defined in "Microsoft.TestPlatform.Extensions.EventLogCollector.dll" does not have ExtensionUri attribute.
TpTrace Verbose: 0 : 1532, 1, 2020/12/02, 14:54:25.969, 1885198770276, datacollector.dll, TestPluginCache: Discovered the extensions using extension path 'C:\Program Files\dotnet\sdk\3.1.403\Extensions\Microsoft.TestPlatform.Extensions.BlameDataCollector.dll,C:\Program Files\dotnet\sdk\3.1.403\Extensions\Microsoft.TestPlatform.Extensions.EventLogCollector.dll'.
TpTrace Verbose: 0 : 1532, 1, 2020/12/02, 14:54:25.969, 1885198772262, datacollector.dll, TestPluginCache: Discoverers are ''.
TpTrace Verbose: 0 : 1532, 1, 2020/12/02, 14:54:25.969, 1885198773728, datacollector.dll, TestPluginCache: Executors are ''.
TpTrace Verbose: 0 : 1532, 1, 2020/12/02, 14:54:25.969, 1885198775400, datacollector.dll, TestPluginCache: Executors2 are ''.
TpTrace Verbose: 0 : 1532, 1, 2020/12/02, 14:54:25.969, 1885198777118, datacollector.dll, TestPluginCache: Setting providers are ''.
TpTrace Verbose: 0 : 1532, 1, 2020/12/02, 14:54:25.970, 1885198779268, datacollector.dll, TestPluginCache: Loggers are ''.
TpTrace Information: 0 : 1532, 1, 2020/12/02, 14:54:25.973, 1885198810111, datacollector.dll, TestPluginManager.CreateTestExtension: Attempting to load test extension: Microsoft.TestPlatform.Extensions.BlameDataCollector.BlameCollector
TpTrace Error: 0 : 1532, 1, 2020/12/02, 14:54:25.973, 1885198813402, datacollector.dll, The type "Microsoft.TestPlatform.Extensions.BlameDataCollector.BlameCollector" defined in "Microsoft.TestPlatform.Extensions.BlameDataCollector.dll" does not have ExtensionUri attribute.
TpTrace Information: 0 : 1532, 1, 2020/12/02, 14:54:25.985, 1885198928733, datacollector.dll, Listening on Endpoint : 127.0.0.1:51034
TpTrace Information: 0 : 1532, 1, 2020/12/02, 14:54:26.002, 1885199107000, datacollector.dll, DataCollectionRequestHandler.ProcessRequests : DataCollection started.
TpTrace Information: 0 : 1532, 1, 2020/12/02, 14:54:26.092, 1885200003959, datacollector.dll, DataCollectionRequestHandler.ProcessRequests : Datacollector received message: (DataCollection.TestHostLaunched) -> {
  "ProcessId": 16548
}
TpTrace Information: 0 : 1532, 7, 2020/12/02, 14:54:26.580, 1885204882734, datacollector.dll, Using the buffer size of 16384 bytes
TpTrace Information: 0 : 1532, 7, 2020/12/02, 14:54:26.581, 1885204888293, datacollector.dll, Accepted Client request and set the flag
TpTrace Information: 0 : 1532, 4, 2020/12/02, 14:54:27.419, 1885213276654, datacollector.dll, DataCollectionTestCaseEventHandler: Test case starting.
TpTrace Information: 0 : 1532, 4, 2020/12/02, 14:54:27.512, 1885214199484, datacollector.dll, Blame Collector : Test Case Start
TpTrace Information: 0 : 1532, 4, 2020/12/02, 14:54:27.514, 1885214221195, datacollector.dll, DataCollectionTestCaseEventHandler: Test case 'TestZamjenskiObjekat - aef9dec6-1181-fac1-2596-b31421e8da47' started.
TpTrace Information: 0 : 1532, 4, 2020/12/02, 14:54:27.718, 1885216259005, datacollector.dll, DataCollectionTestCaseEventHandler : Test case completing.
TpTrace Information: 0 : 1532, 4, 2020/12/02, 14:54:27.739, 1885216474414, datacollector.dll, Blame Collector : Test Case End
TpTrace Error: 0 : 1532, 4, 2020/12/02, 14:54:27.776, 1885216842133, datacollector.dll, DataCollectionAttachmentManager.GetAttachments: Fail to get attachments: System.Collections.Generic.KeyNotFoundException: The given key 'Microsoft.VisualStudio.TestPlatform.ObjectModel.DataCollection.DataCollectionContext' was not present in the dictionary.
   at System.Collections.Generic.Dictionary`2.get_Item(TKey key)
   at Microsoft.VisualStudio.TestPlatform.Common.DataCollector.DataCollectionAttachmentManager.GetAttachments(DataCollectionContext dataCollectionContext) 
TpTrace Information: 0 : 1532, 4, 2020/12/02, 14:54:27.788, 1885216959610, datacollector.dll, DataCollectionTestCaseEventHandler: Test case 'TestZamjenskiObjekat - aef9dec6-1181-fac1-2596-b31421e8da47' completed
TpTrace Information: 0 : 1532, 4, 2020/12/02, 14:54:27.807, 1885217152249, datacollector.dll, DataCollectionTestCaseEventHandler: Test case starting.
TpTrace Information: 0 : 1532, 4, 2020/12/02, 14:54:27.809, 1885217172486, datacollector.dll, Blame Collector : Test Case Start
TpTrace Information: 0 : 1532, 4, 2020/12/02, 14:54:27.809, 1885217176590, datacollector.dll, DataCollectionTestCaseEventHandler: Test case 'TestDodajNastavakIstiGlumci - 307a9543-71bf-45b1-736e-e86a33581b25' started.
TpTrace Information: 0 : 1532, 4, 2020/12/02, 14:54:27.813, 1885217212041, datacollector.dll, DataCollectionTestCaseEventHandler : Test case completing.
TpTrace Information: 0 : 1532, 4, 2020/12/02, 14:54:27.814, 1885217222784, datacollector.dll, Blame Collector : Test Case End
TpTrace Error: 0 : 1532, 4, 2020/12/02, 14:54:27.815, 1885217228501, datacollector.dll, DataCollectionAttachmentManager.GetAttachments: Fail to get attachments: System.Collections.Generic.KeyNotFoundException: The given key 'Microsoft.VisualStudio.TestPlatform.ObjectModel.DataCollection.DataCollectionContext' was not present in the dictionary.
   at System.Collections.Generic.Dictionary`2.get_Item(TKey key)
   at Microsoft.VisualStudio.TestPlatform.Common.DataCollector.DataCollectionAttachmentManager.GetAttachments(DataCollectionContext dataCollectionContext) 
TpTrace Information: 0 : 1532, 4, 2020/12/02, 14:54:27.815, 1885217232749, datacollector.dll, DataCollectionTestCaseEventHandler: Test case 'TestDodajNastavakIstiGlumci - 307a9543-71bf-45b1-736e-e86a33581b25' completed
TpTrace Information: 0 : 1532, 4, 2020/12/02, 14:54:27.817, 1885217255011, datacollector.dll, DataCollectionTestCaseEventHandler: Test case starting.
TpTrace Information: 0 : 1532, 4, 2020/12/02, 14:54:27.818, 1885217264464, datacollector.dll, Blame Collector : Test Case Start
TpTrace Information: 0 : 1532, 4, 2020/12/02, 14:54:27.819, 1885217268940, datacollector.dll, DataCollectionTestCaseEventHandler: Test case 'TestDodajNastavakRazlicitiGlumci - ccc8a4b1-0bba-0d1f-634a-2a0e08c0293a' started.
TpTrace Information: 0 : 1532, 4, 2020/12/02, 14:54:27.827, 1885217357131, datacollector.dll, DataCollectionTestCaseEventHandler : Test case completing.
TpTrace Information: 0 : 1532, 4, 2020/12/02, 14:54:27.828, 1885217365305, datacollector.dll, Blame Collector : Test Case End
TpTrace Error: 0 : 1532, 4, 2020/12/02, 14:54:27.829, 1885217369855, datacollector.dll, DataCollectionAttachmentManager.GetAttachments: Fail to get attachments: System.Collections.Generic.KeyNotFoundException: The given key 'Microsoft.VisualStudio.TestPlatform.ObjectModel.DataCollection.DataCollectionContext' was not present in the dictionary.
   at System.Collections.Generic.Dictionary`2.get_Item(TKey key)
   at Microsoft.VisualStudio.TestPlatform.Common.DataCollector.DataCollectionAttachmentManager.GetAttachments(DataCollectionContext dataCollectionContext) 
TpTrace Information: 0 : 1532, 4, 2020/12/02, 14:54:27.829, 1885217373096, datacollector.dll, DataCollectionTestCaseEventHandler: Test case 'TestDodajNastavakRazlicitiGlumci - ccc8a4b1-0bba-0d1f-634a-2a0e08c0293a' completed
TpTrace Information: 0 : 1532, 4, 2020/12/02, 14:54:27.831, 1885217391801, datacollector.dll, DataCollectionTestCaseEventHandler: Test case starting.
TpTrace Information: 0 : 1532, 4, 2020/12/02, 14:54:27.832, 1885217400550, datacollector.dll, Blame Collector : Test Case Start
TpTrace Information: 0 : 1532, 4, 2020/12/02, 14:54:27.832, 1885217404675, datacollector.dll, DataCollectionTestCaseEventHandler: Test case 'TestDodajNastavakIzuzetak - 83c1ddde-4e31-66fc-a376-4096e8037e77' started.
TpTrace Information: 0 : 1532, 4, 2020/12/02, 14:54:27.840, 1885217482738, datacollector.dll, DataCollectionTestCaseEventHandler : Test case completing.
TpTrace Information: 0 : 1532, 4, 2020/12/02, 14:54:27.841, 1885217492149, datacollector.dll, Blame Collector : Test Case End
TpTrace Error: 0 : 1532, 4, 2020/12/02, 14:54:27.841, 1885217497303, datacollector.dll, DataCollectionAttachmentManager.GetAttachments: Fail to get attachments: System.Collections.Generic.KeyNotFoundException: The given key 'Microsoft.VisualStudio.TestPlatform.ObjectModel.DataCollection.DataCollectionContext' was not present in the dictionary.
   at System.Collections.Generic.Dictionary`2.get_Item(TKey key)
   at Microsoft.VisualStudio.TestPlatform.Common.DataCollector.DataCollectionAttachmentManager.GetAttachments(DataCollectionContext dataCollectionContext) 
TpTrace Information: 0 : 1532, 4, 2020/12/02, 14:54:27.842, 1885217500795, datacollector.dll, DataCollectionTestCaseEventHandler: Test case 'TestDodajNastavakIzuzetak - 83c1ddde-4e31-66fc-a376-4096e8037e77' completed
TpTrace Information: 0 : 1532, 4, 2020/12/02, 14:54:27.850, 1885217582788, datacollector.dll, DataCollectionTestCaseEventHandler: Test session ended
TpTrace Information: 0 : 1532, 1, 2020/12/02, 14:54:28.099, 1885220075680, datacollector.dll, DataCollectionRequestHandler.ProcessRequests : Datacollector received message: (DataCollection.AfterTestRunEnd) -> false
TpTrace Information: 0 : 1532, 1, 2020/12/02, 14:54:28.101, 1885220092252, datacollector.dll, Blame Collector : Session End
TpTrace Error: 0 : 1532, 1, 2020/12/02, 14:54:28.102, 1885220099568, datacollector.dll, DataCollectionAttachmentManager.GetAttachments: Fail to get attachments: System.Collections.Generic.KeyNotFoundException: The given key 'Microsoft.VisualStudio.TestPlatform.ObjectModel.DataCollection.DataCollectionContext' was not present in the dictionary.
   at System.Collections.Generic.Dictionary`2.get_Item(TKey key)
   at Microsoft.VisualStudio.TestPlatform.Common.DataCollector.DataCollectionAttachmentManager.GetAttachments(DataCollectionContext dataCollectionContext) 
TpTrace Information: 0 : 1532, 1, 2020/12/02, 14:54:28.102, 1885220102788, datacollector.dll, DataCollectionManager.CleanupPlugins: CleanupPlugins called
TpTrace Verbose: 0 : 1532, 1, 2020/12/02, 14:54:28.102, 1885220105136, datacollector.dll, DataCollectionManager.CleanupPlugins: Cleaning up 1 plugins
TpTrace Verbose: 0 : 1532, 1, 2020/12/02, 14:54:28.103, 1885220109119, datacollector.dll, dataCollectorInfo.DisposeDataCollector: calling Dispose() on Microsoft.TestPlatform.Extensions.BlameDataCollector.BlameCollector
TpTrace Information: 0 : 1532, 1, 2020/12/02, 14:54:28.103, 1885220112728, datacollector.dll, DataCollectionManager.CleanupPlugins: CleanupPlugins finished
TpTrace Information: 0 : 1532, 1, 2020/12/02, 14:54:28.104, 1885220119334, datacollector.dll, DataCollectionRequestHandler.ProcessRequests : Session End message received from server. Closing the connection.
TpTrace Information: 0 : 1532, 1, 2020/12/02, 14:54:28.104, 1885220124372, datacollector.dll, Closing the connection !
TpTrace Information: 0 : 1532, 1, 2020/12/02, 14:54:28.104, 1885220126913, datacollector.dll, DataCollectionRequestHandler.ProcessRequests : DataCollection completed
TpTrace Information: 0 : 1532, 1, 2020/12/02, 14:54:28.105, 1885220129350, datacollector.dll, Program.Main: exiting datacollector process.
