TpTrace Information: 0 : 16124, 1, 2020/12/02, 15:40:23.882, 676247651893, datacollector.dll, DataCollectorMain.Run: Starting data collector run with args: --port,31938,--parentprocessid,10992,--diag,C:\Users\nadir\Desktop\VVSZadaca2\Filmoteka\Unit Testovi\bin\Debug\fine-code-coverage\_outputfolder\diagnostics.datacollector.20-12-02_15-40-23_78903_4.log,--tracelevel,4
TpTrace Information: 0 : 16124, 1, 2020/12/02, 15:40:23.886, 676247671249, datacollector.dll, DataCollector: Monitoring parent process with id: '10992'
TpTrace Information: 0 : 16124, 1, 2020/12/02, 15:40:23.894, 676247754451, datacollector.dll, Trying to connect to server on socket : 127.0.0.1:31938 
TpTrace Verbose: 0 : 16124, 1, 2020/12/02, 15:40:23.906, 676247872031, datacollector.dll, SocketCommunicationManager : SetupClientAsync : Attempting to connect to the server.
TpTrace Information: 0 : 16124, 7, 2020/12/02, 15:40:23.916, 676247974557, datacollector.dll, Connected to the server successfully 
TpTrace Information: 0 : 16124, 7, 2020/12/02, 15:40:23.916, 676247975489, datacollector.dll, Using the buffer size of 16384 bytes
TpTrace Information: 0 : 16124, 1, 2020/12/02, 15:40:23.972, 676248529927, datacollector.dll, DataCollector: Start Request Processing.
TpTrace Information: 0 : 16124, 1, 2020/12/02, 15:40:23.975, 676248561626, datacollector.dll, DataCollectionRequestHandler.ProcessRequests : Datacollector received message: (DataCollection.BeforeTestRunStart) -> {
  "SettingsXml": "<RunSettings><RunConfiguration><ResultsDirectory>C:\\Users\\nadir\\Desktop\\VVSZadaca2\\Filmoteka\\Unit Testovi\\bin\\Debug\\fine-code-coverage\\_outputfolder</ResultsDirectory><TargetPlatform>X64</TargetPlatform><TargetFrameworkVersion>.NETCoreApp,Version=v3.1</TargetFrameworkVersion><DesignMode>False</DesignMode><CollectSourceInformation>False</CollectSourceInformation><TestAdaptersPaths>C:\\Program Files\\dotnet\\sdk\\3.1.403\\Extensions</TestAdaptersPaths></RunConfiguration><LoggerRunSettings><Loggers><Logger friendlyName=\"blame\" enabled=\"True\" /><Logger friendlyName=\"Console\" uri=\"logger://microsoft/TestPlatform/ConsoleLogger/v1\" assemblyQualifiedName=\"Microsoft.VisualStudio.TestPlatform.CommandLine.Internal.ConsoleLogger, vstest.console, Version=15.0.0.0, Culture=neutral, PublicKeyToken=b03f5f7f11d50a3a\" codeBase=\"C:\\Program Files\\dotnet\\sdk\\3.1.403\\vstest.console.dll\" enabled=\"True\" /></Loggers></LoggerRunSettings><DataCollectionRunSettings><DataCollectors><DataCollector friendlyName=\"blame\" enabled=\"True\"><Configuration><ResultsDirectory>C:\\Users\\nadir\\Desktop\\VVSZadaca2\\Filmoteka\\Unit Testovi\\bin\\Debug\\fine-code-coverage\\_outputfolder</ResultsDirectory></Configuration></DataCollector></DataCollectors></DataCollectionRunSettings></RunSettings>",
  "Sources": [
    "C:\\Users\\nadir\\Desktop\\VVSZadaca2\\Filmoteka\\Unit Testovi\\bin\\Debug\\fine-code-coverage\\Unit Testovi.dll"
  ]
}
TpTrace Verbose: 0 : 16124, 1, 2020/12/02, 15:40:24.013, 676248939374, datacollector.dll, TestPluginCache: Update extensions started. Skip filter = False
TpTrace Verbose: 0 : 16124, 1, 2020/12/02, 15:40:24.013, 676248945444, datacollector.dll, TestPluginCache: Using directories for assembly resolution 'C:\Program Files\dotnet\sdk\3.1.403\Extensions'.
TpTrace Verbose: 0 : 16124, 1, 2020/12/02, 15:40:24.013, 676248946235, datacollector.dll, TestPluginCache: Updated the available extensions to 'C:\Program Files\dotnet\sdk\3.1.403\Extensions\Microsoft.TestPlatform.Extensions.BlameDataCollector.dll,C:\Program Files\dotnet\sdk\3.1.403\Extensions\Microsoft.TestPlatform.Extensions.EventLogCollector.dll'.
TpTrace Verbose: 0 : 16124, 1, 2020/12/02, 15:40:24.019, 676249004777, datacollector.dll, TestPluginCache.DiscoverTestExtensions: finding test extensions in assemblies ends with: Collector.dll TPluginInfo: Microsoft.VisualStudio.TestPlatform.Common.DataCollector.DataCollectorConfig TExtension: Microsoft.VisualStudio.TestPlatform.ObjectModel.DataCollection.DataCollector
TpTrace Verbose: 0 : 16124, 1, 2020/12/02, 15:40:24.019, 676249006570, datacollector.dll, TestPluginCache.GetExtensionPaths: Filtered extension paths: C:\Program Files\dotnet\sdk\3.1.403\Extensions\Microsoft.TestPlatform.Extensions.BlameDataCollector.dll
C:\Program Files\dotnet\sdk\3.1.403\Extensions\Microsoft.TestPlatform.Extensions.EventLogCollector.dll
TpTrace Verbose: 0 : 16124, 1, 2020/12/02, 15:40:24.020, 676249007553, datacollector.dll, TestPluginCache.GetExtensionPaths: Added default extension paths: 
TpTrace Verbose: 0 : 16124, 1, 2020/12/02, 15:40:24.020, 676249008126, datacollector.dll, TestPluginCache.GetExtensionPaths: Added unfilterableExtensionPaths: 
TpTrace Information: 0 : 16124, 1, 2020/12/02, 15:40:24.020, 676249013319, datacollector.dll, AssemblyResolver.ctor: Creating AssemblyResolver with searchDirectories C:\Program Files\dotnet\sdk\3.1.403\Extensions,C:\Program Files\dotnet\sdk\3.1.403
TpTrace Verbose: 0 : 16124, 1, 2020/12/02, 15:40:24.021, 676249025739, datacollector.dll, TestPluginCache.DiscoverTestExtensions: Discovering the extensions using extension path.
TpTrace Verbose: 0 : 16124, 1, 2020/12/02, 15:40:24.022, 676249027091, datacollector.dll, TestPluginCache.GetExtensionPaths: Filtered extension paths: C:\Program Files\dotnet\sdk\3.1.403\Extensions\Microsoft.TestPlatform.Extensions.BlameDataCollector.dll
C:\Program Files\dotnet\sdk\3.1.403\Extensions\Microsoft.TestPlatform.Extensions.EventLogCollector.dll
TpTrace Verbose: 0 : 16124, 1, 2020/12/02, 15:40:24.022, 676249027660, datacollector.dll, TestPluginCache.GetExtensionPaths: Added default extension paths: 
TpTrace Verbose: 0 : 16124, 1, 2020/12/02, 15:40:24.022, 676249028115, datacollector.dll, TestPluginCache.GetExtensionPaths: Added unfilterableExtensionPaths: 
TpTrace Verbose: 0 : 16124, 1, 2020/12/02, 15:40:24.022, 676249028801, datacollector.dll, TestPluginCache.DiscoverTestExtensions: Discovering the extensions using allExtensionPaths: C:\Program Files\dotnet\sdk\3.1.403\Extensions\Microsoft.TestPlatform.Extensions.BlameDataCollector.dll
C:\Program Files\dotnet\sdk\3.1.403\Extensions\Microsoft.TestPlatform.Extensions.EventLogCollector.dll
TpTrace Information: 0 : 16124, 1, 2020/12/02, 15:40:24.022, 676249029807, datacollector.dll, AssemblyResolver.AddSearchDirectories: Adding more searchDirectories C:\Program Files\dotnet\sdk\3.1.403\Extensions,C:\Program Files\dotnet\sdk\3.1.403
TpTrace Information: 0 : 16124, 1, 2020/12/02, 15:40:24.022, 676249030513, datacollector.dll, AssemblyResolver.AddSearchDirectories: Adding more searchDirectories C:\Program Files\dotnet\sdk\3.1.403\Extensions,C:\Program Files\dotnet\sdk\3.1.403
TpTrace Information: 0 : 16124, 1, 2020/12/02, 15:40:24.022, 676249034174, datacollector.dll, AssemblyResolver.OnResolve: Microsoft.TestPlatform.Extensions.BlameDataCollector: Resolving assembly.
TpTrace Information: 0 : 16124, 1, 2020/12/02, 15:40:24.023, 676249045330, datacollector.dll, AssemblyResolver.OnResolve: Resolved assembly: Microsoft.TestPlatform.Extensions.BlameDataCollector, from path: C:\Program Files\dotnet\sdk\3.1.403\Extensions\Microsoft.TestPlatform.Extensions.BlameDataCollector.dll
TpTrace Error: 0 : 16124, 1, 2020/12/02, 15:40:24.024, 676249053600, datacollector.dll, The type "Microsoft.TestPlatform.Extensions.BlameDataCollector.BlameCollector" defined in "Microsoft.TestPlatform.Extensions.BlameDataCollector.dll" does not have ExtensionUri attribute.
TpTrace Information: 0 : 16124, 1, 2020/12/02, 15:40:24.025, 676249059279, datacollector.dll, AssemblyResolver.OnResolve: Microsoft.TestPlatform.Extensions.EventLogCollector: Resolving assembly.
TpTrace Information: 0 : 16124, 1, 2020/12/02, 15:40:24.026, 676249068729, datacollector.dll, AssemblyResolver.OnResolve: Resolved assembly: Microsoft.TestPlatform.Extensions.EventLogCollector, from path: C:\Program Files\dotnet\sdk\3.1.403\Extensions\Microsoft.TestPlatform.Extensions.EventLogCollector.dll
TpTrace Error: 0 : 16124, 1, 2020/12/02, 15:40:24.028, 676249091134, datacollector.dll, The type "Microsoft.TestPlatform.Extensions.EventLogCollector.EventLogDataCollector" defined in "Microsoft.TestPlatform.Extensions.EventLogCollector.dll" does not have ExtensionUri attribute.
TpTrace Verbose: 0 : 16124, 1, 2020/12/02, 15:40:24.028, 676249095088, datacollector.dll, TestPluginCache: Discovered the extensions using extension path 'C:\Program Files\dotnet\sdk\3.1.403\Extensions\Microsoft.TestPlatform.Extensions.BlameDataCollector.dll,C:\Program Files\dotnet\sdk\3.1.403\Extensions\Microsoft.TestPlatform.Extensions.EventLogCollector.dll'.
TpTrace Verbose: 0 : 16124, 1, 2020/12/02, 15:40:24.028, 676249095811, datacollector.dll, TestPluginCache: Discoverers are ''.
TpTrace Verbose: 0 : 16124, 1, 2020/12/02, 15:40:24.028, 676249096289, datacollector.dll, TestPluginCache: Executors are ''.
TpTrace Verbose: 0 : 16124, 1, 2020/12/02, 15:40:24.028, 676249096723, datacollector.dll, TestPluginCache: Executors2 are ''.
TpTrace Verbose: 0 : 16124, 1, 2020/12/02, 15:40:24.029, 676249097183, datacollector.dll, TestPluginCache: Setting providers are ''.
TpTrace Verbose: 0 : 16124, 1, 2020/12/02, 15:40:24.029, 676249097606, datacollector.dll, TestPluginCache: Loggers are ''.
TpTrace Information: 0 : 16124, 1, 2020/12/02, 15:40:24.030, 676249108456, datacollector.dll, TestPluginManager.CreateTestExtension: Attempting to load test extension: Microsoft.TestPlatform.Extensions.BlameDataCollector.BlameCollector
TpTrace Error: 0 : 16124, 1, 2020/12/02, 15:40:24.030, 676249109783, datacollector.dll, The type "Microsoft.TestPlatform.Extensions.BlameDataCollector.BlameCollector" defined in "Microsoft.TestPlatform.Extensions.BlameDataCollector.dll" does not have ExtensionUri attribute.
TpTrace Information: 0 : 16124, 1, 2020/12/02, 15:40:24.035, 676249158954, datacollector.dll, Listening on Endpoint : 127.0.0.1:31940
TpTrace Information: 0 : 16124, 1, 2020/12/02, 15:40:24.040, 676249213085, datacollector.dll, DataCollectionRequestHandler.ProcessRequests : DataCollection started.
TpTrace Information: 0 : 16124, 1, 2020/12/02, 15:40:24.075, 676249563579, datacollector.dll, DataCollectionRequestHandler.ProcessRequests : Datacollector received message: (DataCollection.TestHostLaunched) -> {
  "ProcessId": 10448
}
TpTrace Information: 0 : 16124, 5, 2020/12/02, 15:40:24.210, 676250911233, datacollector.dll, Using the buffer size of 16384 bytes
TpTrace Information: 0 : 16124, 5, 2020/12/02, 15:40:24.210, 676250912132, datacollector.dll, Accepted Client request and set the flag
TpTrace Information: 0 : 16124, 7, 2020/12/02, 15:40:24.552, 676254335799, datacollector.dll, DataCollectionTestCaseEventHandler: Test case starting.
TpTrace Information: 0 : 16124, 7, 2020/12/02, 15:40:24.577, 676254577637, datacollector.dll, Blame Collector : Test Case Start
TpTrace Information: 0 : 16124, 7, 2020/12/02, 15:40:24.577, 676254581293, datacollector.dll, DataCollectionTestCaseEventHandler: Test case 'TestZamjenskiObjekat - aef9dec6-1181-fac1-2596-b31421e8da47' started.
TpTrace Information: 0 : 16124, 7, 2020/12/02, 15:40:24.635, 676255165748, datacollector.dll, DataCollectionTestCaseEventHandler : Test case completing.
TpTrace Information: 0 : 16124, 7, 2020/12/02, 15:40:24.638, 676255194555, datacollector.dll, Blame Collector : Test Case End
TpTrace Error: 0 : 16124, 7, 2020/12/02, 15:40:24.650, 676255308975, datacollector.dll, DataCollectionAttachmentManager.GetAttachments: Fail to get attachments: System.Collections.Generic.KeyNotFoundException: The given key 'Microsoft.VisualStudio.TestPlatform.ObjectModel.DataCollection.DataCollectionContext' was not present in the dictionary.
   at System.Collections.Generic.Dictionary`2.get_Item(TKey key)
   at Microsoft.VisualStudio.TestPlatform.Common.DataCollector.DataCollectionAttachmentManager.GetAttachments(DataCollectionContext dataCollectionContext) 
TpTrace Information: 0 : 16124, 7, 2020/12/02, 15:40:24.652, 676255332695, datacollector.dll, DataCollectionTestCaseEventHandler: Test case 'TestZamjenskiObjekat - aef9dec6-1181-fac1-2596-b31421e8da47' completed
TpTrace Information: 0 : 16124, 7, 2020/12/02, 15:40:24.660, 676255412555, datacollector.dll, DataCollectionTestCaseEventHandler: Test case starting.
TpTrace Information: 0 : 16124, 7, 2020/12/02, 15:40:24.660, 676255416020, datacollector.dll, Blame Collector : Test Case Start
TpTrace Information: 0 : 16124, 7, 2020/12/02, 15:40:24.661, 676255417278, datacollector.dll, DataCollectionTestCaseEventHandler: Test case 'TestDodajNastavakIstiGlumci - 307a9543-71bf-45b1-736e-e86a33581b25' started.
TpTrace Information: 0 : 16124, 7, 2020/12/02, 15:40:24.662, 676255430965, datacollector.dll, DataCollectionTestCaseEventHandler : Test case completing.
TpTrace Information: 0 : 16124, 7, 2020/12/02, 15:40:24.662, 676255433573, datacollector.dll, Blame Collector : Test Case End
TpTrace Error: 0 : 16124, 7, 2020/12/02, 15:40:24.662, 676255435462, datacollector.dll, DataCollectionAttachmentManager.GetAttachments: Fail to get attachments: System.Collections.Generic.KeyNotFoundException: The given key 'Microsoft.VisualStudio.TestPlatform.ObjectModel.DataCollection.DataCollectionContext' was not present in the dictionary.
   at System.Collections.Generic.Dictionary`2.get_Item(TKey key)
   at Microsoft.VisualStudio.TestPlatform.Common.DataCollector.DataCollectionAttachmentManager.GetAttachments(DataCollectionContext dataCollectionContext) 
TpTrace Information: 0 : 16124, 7, 2020/12/02, 15:40:24.663, 676255437281, datacollector.dll, DataCollectionTestCaseEventHandler: Test case 'TestDodajNastavakIstiGlumci - 307a9543-71bf-45b1-736e-e86a33581b25' completed
TpTrace Information: 0 : 16124, 7, 2020/12/02, 15:40:24.663, 676255446630, datacollector.dll, DataCollectionTestCaseEventHandler: Test case starting.
TpTrace Information: 0 : 16124, 7, 2020/12/02, 15:40:24.664, 676255450293, datacollector.dll, Blame Collector : Test Case Start
TpTrace Information: 0 : 16124, 7, 2020/12/02, 15:40:24.664, 676255452239, datacollector.dll, DataCollectionTestCaseEventHandler: Test case 'TestDodajNastavakRazlicitiGlumci - ccc8a4b1-0bba-0d1f-634a-2a0e08c0293a' started.
TpTrace Information: 0 : 16124, 7, 2020/12/02, 15:40:24.666, 676255467661, datacollector.dll, DataCollectionTestCaseEventHandler : Test case completing.
TpTrace Information: 0 : 16124, 7, 2020/12/02, 15:40:24.666, 676255470658, datacollector.dll, Blame Collector : Test Case End
TpTrace Error: 0 : 16124, 7, 2020/12/02, 15:40:24.666, 676255472225, datacollector.dll, DataCollectionAttachmentManager.GetAttachments: Fail to get attachments: System.Collections.Generic.KeyNotFoundException: The given key 'Microsoft.VisualStudio.TestPlatform.ObjectModel.DataCollection.DataCollectionContext' was not present in the dictionary.
   at System.Collections.Generic.Dictionary`2.get_Item(TKey key)
   at Microsoft.VisualStudio.TestPlatform.Common.DataCollector.DataCollectionAttachmentManager.GetAttachments(DataCollectionContext dataCollectionContext) 
TpTrace Information: 0 : 16124, 7, 2020/12/02, 15:40:24.666, 676255474005, datacollector.dll, DataCollectionTestCaseEventHandler: Test case 'TestDodajNastavakRazlicitiGlumci - ccc8a4b1-0bba-0d1f-634a-2a0e08c0293a' completed
TpTrace Information: 0 : 16124, 7, 2020/12/02, 15:40:24.667, 676255482676, datacollector.dll, DataCollectionTestCaseEventHandler: Test case starting.
TpTrace Information: 0 : 16124, 7, 2020/12/02, 15:40:24.670, 676255509596, datacollector.dll, Blame Collector : Test Case Start
TpTrace Information: 0 : 16124, 7, 2020/12/02, 15:40:24.670, 676255511448, datacollector.dll, DataCollectionTestCaseEventHandler: Test case 'TestDodajNastavakIzuzetak - 83c1ddde-4e31-66fc-a376-4096e8037e77' started.
TpTrace Information: 0 : 16124, 7, 2020/12/02, 15:40:24.673, 676255541699, datacollector.dll, DataCollectionTestCaseEventHandler : Test case completing.
TpTrace Information: 0 : 16124, 7, 2020/12/02, 15:40:24.673, 676255544563, datacollector.dll, Blame Collector : Test Case End
TpTrace Error: 0 : 16124, 7, 2020/12/02, 15:40:24.674, 676255546969, datacollector.dll, DataCollectionAttachmentManager.GetAttachments: Fail to get attachments: System.Collections.Generic.KeyNotFoundException: The given key 'Microsoft.VisualStudio.TestPlatform.ObjectModel.DataCollection.DataCollectionContext' was not present in the dictionary.
   at System.Collections.Generic.Dictionary`2.get_Item(TKey key)
   at Microsoft.VisualStudio.TestPlatform.Common.DataCollector.DataCollectionAttachmentManager.GetAttachments(DataCollectionContext dataCollectionContext) 
TpTrace Information: 0 : 16124, 7, 2020/12/02, 15:40:24.674, 676255549283, datacollector.dll, DataCollectionTestCaseEventHandler: Test case 'TestDodajNastavakIzuzetak - 83c1ddde-4e31-66fc-a376-4096e8037e77' completed
TpTrace Information: 0 : 16124, 7, 2020/12/02, 15:40:24.677, 676255580974, datacollector.dll, DataCollectionTestCaseEventHandler: Test session ended
TpTrace Information: 0 : 16124, 1, 2020/12/02, 15:40:24.753, 676256343508, datacollector.dll, DataCollectionRequestHandler.ProcessRequests : Datacollector received message: (DataCollection.AfterTestRunEnd) -> false
TpTrace Information: 0 : 16124, 1, 2020/12/02, 15:40:24.754, 676256349106, datacollector.dll, Blame Collector : Session End
TpTrace Error: 0 : 16124, 1, 2020/12/02, 15:40:24.754, 676256351100, datacollector.dll, DataCollectionAttachmentManager.GetAttachments: Fail to get attachments: System.Collections.Generic.KeyNotFoundException: The given key 'Microsoft.VisualStudio.TestPlatform.ObjectModel.DataCollection.DataCollectionContext' was not present in the dictionary.
   at System.Collections.Generic.Dictionary`2.get_Item(TKey key)
   at Microsoft.VisualStudio.TestPlatform.Common.DataCollector.DataCollectionAttachmentManager.GetAttachments(DataCollectionContext dataCollectionContext) 
TpTrace Information: 0 : 16124, 1, 2020/12/02, 15:40:24.754, 676256351849, datacollector.dll, DataCollectionManager.CleanupPlugins: CleanupPlugins called
TpTrace Verbose: 0 : 16124, 1, 2020/12/02, 15:40:24.754, 676256352416, datacollector.dll, DataCollectionManager.CleanupPlugins: Cleaning up 1 plugins
TpTrace Verbose: 0 : 16124, 1, 2020/12/02, 15:40:24.754, 676256353481, datacollector.dll, dataCollectorInfo.DisposeDataCollector: calling Dispose() on Microsoft.TestPlatform.Extensions.BlameDataCollector.BlameCollector
TpTrace Information: 0 : 16124, 1, 2020/12/02, 15:40:24.754, 676256354809, datacollector.dll, DataCollectionManager.CleanupPlugins: CleanupPlugins finished
TpTrace Information: 0 : 16124, 1, 2020/12/02, 15:40:24.754, 676256356730, datacollector.dll, DataCollectionRequestHandler.ProcessRequests : Session End message received from server. Closing the connection.
TpTrace Information: 0 : 16124, 1, 2020/12/02, 15:40:24.755, 676256357993, datacollector.dll, Closing the connection !
TpTrace Information: 0 : 16124, 1, 2020/12/02, 15:40:24.755, 676256358606, datacollector.dll, DataCollectionRequestHandler.ProcessRequests : DataCollection completed
TpTrace Information: 0 : 16124, 1, 2020/12/02, 15:40:24.755, 676256359066, datacollector.dll, Program.Main: exiting datacollector process.
