TpTrace Information: 0 : 8152, 1, 2020/12/02, 18:36:51.434, 2018630756613, datacollector.dll, DataCollectorMain.Run: Starting data collector run with args: --port,63084,--parentprocessid,11424,--diag,C:\Users\User\Desktop\VVSZadaca2\Filmoteka\Unit Testovi\bin\Debug\fine-code-coverage\_outputfolder\diagnostics.datacollector.20-12-02_18-36-51_23891_4.log,--tracelevel,4
TpTrace Information: 0 : 8152, 1, 2020/12/02, 18:36:51.449, 2018630805434, datacollector.dll, DataCollector: Monitoring parent process with id: '11424'
TpTrace Information: 0 : 8152, 1, 2020/12/02, 18:36:51.462, 2018630931429, datacollector.dll, Trying to connect to server on socket : 127.0.0.1:63084 
TpTrace Verbose: 0 : 8152, 1, 2020/12/02, 18:36:51.486, 2018631172433, datacollector.dll, SocketCommunicationManager : SetupClientAsync : Attempting to connect to the server.
TpTrace Information: 0 : 8152, 4, 2020/12/02, 18:36:51.507, 2018631376077, datacollector.dll, Connected to the server successfully 
TpTrace Information: 0 : 8152, 4, 2020/12/02, 18:36:51.507, 2018631378733, datacollector.dll, Using the buffer size of 16384 bytes
TpTrace Information: 0 : 8152, 1, 2020/12/02, 18:36:51.686, 2018633172760, datacollector.dll, DataCollector: Start Request Processing.
TpTrace Information: 0 : 8152, 1, 2020/12/02, 18:36:51.697, 2018633281466, datacollector.dll, DataCollectionRequestHandler.ProcessRequests : Datacollector received message: (DataCollection.BeforeTestRunStart) -> {
  "SettingsXml": "<RunSettings><RunConfiguration><ResultsDirectory>C:\\Users\\User\\Desktop\\VVSZadaca2\\Filmoteka\\Unit Testovi\\bin\\Debug\\fine-code-coverage\\_outputfolder</ResultsDirectory><TargetPlatform>X64</TargetPlatform><TargetFrameworkVersion>.NETCoreApp,Version=v3.1</TargetFrameworkVersion><DesignMode>False</DesignMode><CollectSourceInformation>False</CollectSourceInformation><TestAdaptersPaths>C:\\Program Files\\dotnet\\sdk\\3.1.403\\Extensions</TestAdaptersPaths></RunConfiguration><LoggerRunSettings><Loggers><Logger friendlyName=\"blame\" enabled=\"True\" /><Logger friendlyName=\"Console\" uri=\"logger://microsoft/TestPlatform/ConsoleLogger/v1\" assemblyQualifiedName=\"Microsoft.VisualStudio.TestPlatform.CommandLine.Internal.ConsoleLogger, vstest.console, Version=15.0.0.0, Culture=neutral, PublicKeyToken=b03f5f7f11d50a3a\" codeBase=\"C:\\Program Files\\dotnet\\sdk\\3.1.403\\vstest.console.dll\" enabled=\"True\" /></Loggers></LoggerRunSettings><DataCollectionRunSettings><DataCollectors><DataCollector friendlyName=\"blame\" enabled=\"True\"><Configuration><ResultsDirectory>C:\\Users\\User\\Desktop\\VVSZadaca2\\Filmoteka\\Unit Testovi\\bin\\Debug\\fine-code-coverage\\_outputfolder</ResultsDirectory></Configuration></DataCollector></DataCollectors></DataCollectionRunSettings></RunSettings>",
  "Sources": [
    "C:\\Users\\User\\Desktop\\VVSZadaca2\\Filmoteka\\Unit Testovi\\bin\\Debug\\fine-code-coverage\\Unit Testovi.dll"
  ]
}
TpTrace Verbose: 0 : 8152, 1, 2020/12/02, 18:36:51.797, 2018634278125, datacollector.dll, TestPluginCache: Update extensions started. Skip filter = False
TpTrace Verbose: 0 : 8152, 1, 2020/12/02, 18:36:51.799, 2018634297267, datacollector.dll, TestPluginCache: Using directories for assembly resolution 'C:\Program Files\dotnet\sdk\3.1.403\Extensions'.
TpTrace Verbose: 0 : 8152, 1, 2020/12/02, 18:36:51.799, 2018634300189, datacollector.dll, TestPluginCache: Updated the available extensions to 'C:\Program Files\dotnet\sdk\3.1.403\Extensions\Microsoft.TestPlatform.Extensions.BlameDataCollector.dll,C:\Program Files\dotnet\sdk\3.1.403\Extensions\Microsoft.TestPlatform.Extensions.EventLogCollector.dll'.
TpTrace Verbose: 0 : 8152, 1, 2020/12/02, 18:36:51.817, 2018634483771, datacollector.dll, TestPluginCache.DiscoverTestExtensions: finding test extensions in assemblies ends with: Collector.dll TPluginInfo: Microsoft.VisualStudio.TestPlatform.Common.DataCollector.DataCollectorConfig TExtension: Microsoft.VisualStudio.TestPlatform.ObjectModel.DataCollection.DataCollector
TpTrace Verbose: 0 : 8152, 1, 2020/12/02, 18:36:51.818, 2018634488906, datacollector.dll, TestPluginCache.GetExtensionPaths: Filtered extension paths: C:\Program Files\dotnet\sdk\3.1.403\Extensions\Microsoft.TestPlatform.Extensions.BlameDataCollector.dll
C:\Program Files\dotnet\sdk\3.1.403\Extensions\Microsoft.TestPlatform.Extensions.EventLogCollector.dll
TpTrace Verbose: 0 : 8152, 1, 2020/12/02, 18:36:51.818, 2018634492175, datacollector.dll, TestPluginCache.GetExtensionPaths: Added default extension paths: 
TpTrace Verbose: 0 : 8152, 1, 2020/12/02, 18:36:51.818, 2018634494593, datacollector.dll, TestPluginCache.GetExtensionPaths: Added unfilterableExtensionPaths: 
TpTrace Information: 0 : 8152, 1, 2020/12/02, 18:36:51.820, 2018634511258, datacollector.dll, AssemblyResolver.ctor: Creating AssemblyResolver with searchDirectories C:\Program Files\dotnet\sdk\3.1.403\Extensions,C:\Program Files\dotnet\sdk\3.1.403
TpTrace Verbose: 0 : 8152, 1, 2020/12/02, 18:36:51.824, 2018634546138, datacollector.dll, TestPluginCache.DiscoverTestExtensions: Discovering the extensions using extension path.
TpTrace Verbose: 0 : 8152, 1, 2020/12/02, 18:36:51.824, 2018634551133, datacollector.dll, TestPluginCache.GetExtensionPaths: Filtered extension paths: C:\Program Files\dotnet\sdk\3.1.403\Extensions\Microsoft.TestPlatform.Extensions.BlameDataCollector.dll
C:\Program Files\dotnet\sdk\3.1.403\Extensions\Microsoft.TestPlatform.Extensions.EventLogCollector.dll
TpTrace Verbose: 0 : 8152, 1, 2020/12/02, 18:36:51.824, 2018634553499, datacollector.dll, TestPluginCache.GetExtensionPaths: Added default extension paths: 
TpTrace Verbose: 0 : 8152, 1, 2020/12/02, 18:36:51.824, 2018634555579, datacollector.dll, TestPluginCache.GetExtensionPaths: Added unfilterableExtensionPaths: 
TpTrace Verbose: 0 : 8152, 1, 2020/12/02, 18:36:51.825, 2018634558310, datacollector.dll, TestPluginCache.DiscoverTestExtensions: Discovering the extensions using allExtensionPaths: C:\Program Files\dotnet\sdk\3.1.403\Extensions\Microsoft.TestPlatform.Extensions.BlameDataCollector.dll
C:\Program Files\dotnet\sdk\3.1.403\Extensions\Microsoft.TestPlatform.Extensions.EventLogCollector.dll
TpTrace Information: 0 : 8152, 1, 2020/12/02, 18:36:51.825, 2018634561936, datacollector.dll, AssemblyResolver.AddSearchDirectories: Adding more searchDirectories C:\Program Files\dotnet\sdk\3.1.403\Extensions,C:\Program Files\dotnet\sdk\3.1.403
TpTrace Information: 0 : 8152, 1, 2020/12/02, 18:36:51.825, 2018634564683, datacollector.dll, AssemblyResolver.AddSearchDirectories: Adding more searchDirectories C:\Program Files\dotnet\sdk\3.1.403\Extensions,C:\Program Files\dotnet\sdk\3.1.403
TpTrace Information: 0 : 8152, 1, 2020/12/02, 18:36:51.826, 2018634575375, datacollector.dll, AssemblyResolver.OnResolve: Microsoft.TestPlatform.Extensions.BlameDataCollector: Resolving assembly.
TpTrace Information: 0 : 8152, 1, 2020/12/02, 18:36:51.829, 2018634596533, datacollector.dll, AssemblyResolver.OnResolve: Resolved assembly: Microsoft.TestPlatform.Extensions.BlameDataCollector, from path: C:\Program Files\dotnet\sdk\3.1.403\Extensions\Microsoft.TestPlatform.Extensions.BlameDataCollector.dll
TpTrace Error: 0 : 8152, 1, 2020/12/02, 18:36:51.830, 2018634610305, datacollector.dll, The type "Microsoft.TestPlatform.Extensions.BlameDataCollector.BlameCollector" defined in "Microsoft.TestPlatform.Extensions.BlameDataCollector.dll" does not have ExtensionUri attribute.
TpTrace Information: 0 : 8152, 1, 2020/12/02, 18:36:51.831, 2018634619409, datacollector.dll, AssemblyResolver.OnResolve: Microsoft.TestPlatform.Extensions.EventLogCollector: Resolving assembly.
TpTrace Information: 0 : 8152, 1, 2020/12/02, 18:36:51.833, 2018634637668, datacollector.dll, AssemblyResolver.OnResolve: Resolved assembly: Microsoft.TestPlatform.Extensions.EventLogCollector, from path: C:\Program Files\dotnet\sdk\3.1.403\Extensions\Microsoft.TestPlatform.Extensions.EventLogCollector.dll
TpTrace Error: 0 : 8152, 1, 2020/12/02, 18:36:51.837, 2018634678563, datacollector.dll, The type "Microsoft.TestPlatform.Extensions.EventLogCollector.EventLogDataCollector" defined in "Microsoft.TestPlatform.Extensions.EventLogCollector.dll" does not have ExtensionUri attribute.
TpTrace Verbose: 0 : 8152, 1, 2020/12/02, 18:36:51.837, 2018634684462, datacollector.dll, TestPluginCache: Discovered the extensions using extension path 'C:\Program Files\dotnet\sdk\3.1.403\Extensions\Microsoft.TestPlatform.Extensions.BlameDataCollector.dll,C:\Program Files\dotnet\sdk\3.1.403\Extensions\Microsoft.TestPlatform.Extensions.EventLogCollector.dll'.
TpTrace Verbose: 0 : 8152, 1, 2020/12/02, 18:36:51.838, 2018634687174, datacollector.dll, TestPluginCache: Discoverers are ''.
TpTrace Verbose: 0 : 8152, 1, 2020/12/02, 18:36:51.838, 2018634689300, datacollector.dll, TestPluginCache: Executors are ''.
TpTrace Verbose: 0 : 8152, 1, 2020/12/02, 18:36:51.838, 2018634691394, datacollector.dll, TestPluginCache: Executors2 are ''.
TpTrace Verbose: 0 : 8152, 1, 2020/12/02, 18:36:51.838, 2018634693386, datacollector.dll, TestPluginCache: Setting providers are ''.
TpTrace Verbose: 0 : 8152, 1, 2020/12/02, 18:36:51.838, 2018634695615, datacollector.dll, TestPluginCache: Loggers are ''.
TpTrace Information: 0 : 8152, 1, 2020/12/02, 18:36:51.841, 2018634724321, datacollector.dll, TestPluginManager.CreateTestExtension: Attempting to load test extension: Microsoft.TestPlatform.Extensions.BlameDataCollector.BlameCollector
TpTrace Error: 0 : 8152, 1, 2020/12/02, 18:36:51.842, 2018634728433, datacollector.dll, The type "Microsoft.TestPlatform.Extensions.BlameDataCollector.BlameCollector" defined in "Microsoft.TestPlatform.Extensions.BlameDataCollector.dll" does not have ExtensionUri attribute.
TpTrace Information: 0 : 8152, 1, 2020/12/02, 18:36:51.851, 2018634820529, datacollector.dll, Listening on Endpoint : 127.0.0.1:63086
TpTrace Information: 0 : 8152, 1, 2020/12/02, 18:36:51.864, 2018634953317, datacollector.dll, DataCollectionRequestHandler.ProcessRequests : DataCollection started.
TpTrace Information: 0 : 8152, 1, 2020/12/02, 18:36:51.937, 2018635683487, datacollector.dll, DataCollectionRequestHandler.ProcessRequests : Datacollector received message: (DataCollection.TestHostLaunched) -> {
  "ProcessId": 18176
}
TpTrace Information: 0 : 8152, 7, 2020/12/02, 18:36:52.394, 2018640247477, datacollector.dll, Using the buffer size of 16384 bytes
TpTrace Information: 0 : 8152, 7, 2020/12/02, 18:36:52.394, 2018640252815, datacollector.dll, Accepted Client request and set the flag
TpTrace Information: 0 : 8152, 4, 2020/12/02, 18:36:53.295, 2018649257136, datacollector.dll, DataCollectionTestCaseEventHandler: Test case starting.
TpTrace Information: 0 : 8152, 4, 2020/12/02, 18:36:53.364, 2018649952432, datacollector.dll, Blame Collector : Test Case Start
TpTrace Information: 0 : 8152, 4, 2020/12/02, 18:36:53.366, 2018649971264, datacollector.dll, DataCollectionTestCaseEventHandler: Test case 'TestZamjenskiObjekat - aef9dec6-1181-fac1-2596-b31421e8da47' started.
TpTrace Information: 0 : 8152, 4, 2020/12/02, 18:36:53.455, 2018650860495, datacollector.dll, DataCollectionTestCaseEventHandler : Test case completing.
TpTrace Information: 0 : 8152, 4, 2020/12/02, 18:36:53.460, 2018650908129, datacollector.dll, Blame Collector : Test Case End
TpTrace Error: 0 : 8152, 4, 2020/12/02, 18:36:53.480, 2018651111161, datacollector.dll, DataCollectionAttachmentManager.GetAttachments: Fail to get attachments: System.Collections.Generic.KeyNotFoundException: The given key 'Microsoft.VisualStudio.TestPlatform.ObjectModel.DataCollection.DataCollectionContext' was not present in the dictionary.
   at System.Collections.Generic.Dictionary`2.get_Item(TKey key)
   at Microsoft.VisualStudio.TestPlatform.Common.DataCollector.DataCollectionAttachmentManager.GetAttachments(DataCollectionContext dataCollectionContext) 
TpTrace Information: 0 : 8152, 4, 2020/12/02, 18:36:53.484, 2018651154653, datacollector.dll, DataCollectionTestCaseEventHandler: Test case 'TestZamjenskiObjekat - aef9dec6-1181-fac1-2596-b31421e8da47' completed
TpTrace Information: 0 : 8152, 4, 2020/12/02, 18:36:53.498, 2018651291168, datacollector.dll, DataCollectionTestCaseEventHandler: Test case starting.
TpTrace Information: 0 : 8152, 4, 2020/12/02, 18:36:53.499, 2018651297873, datacollector.dll, Blame Collector : Test Case Start
TpTrace Information: 0 : 8152, 4, 2020/12/02, 18:36:53.499, 2018651301235, datacollector.dll, DataCollectionTestCaseEventHandler: Test case 'TestDodajNastavakIstiGlumci - 307a9543-71bf-45b1-736e-e86a33581b25' started.
TpTrace Information: 0 : 8152, 4, 2020/12/02, 18:36:53.535, 2018651658420, datacollector.dll, DataCollectionTestCaseEventHandler : Test case completing.
TpTrace Information: 0 : 8152, 4, 2020/12/02, 18:36:53.535, 2018651664741, datacollector.dll, Blame Collector : Test Case End
TpTrace Error: 0 : 8152, 4, 2020/12/02, 18:36:53.536, 2018651669761, datacollector.dll, DataCollectionAttachmentManager.GetAttachments: Fail to get attachments: System.Collections.Generic.KeyNotFoundException: The given key 'Microsoft.VisualStudio.TestPlatform.ObjectModel.DataCollection.DataCollectionContext' was not present in the dictionary.
   at System.Collections.Generic.Dictionary`2.get_Item(TKey key)
   at Microsoft.VisualStudio.TestPlatform.Common.DataCollector.DataCollectionAttachmentManager.GetAttachments(DataCollectionContext dataCollectionContext) 
TpTrace Information: 0 : 8152, 4, 2020/12/02, 18:36:53.536, 2018651673001, datacollector.dll, DataCollectionTestCaseEventHandler: Test case 'TestDodajNastavakIstiGlumci - 307a9543-71bf-45b1-736e-e86a33581b25' completed
TpTrace Information: 0 : 8152, 4, 2020/12/02, 18:36:53.538, 2018651695328, datacollector.dll, DataCollectionTestCaseEventHandler: Test case starting.
TpTrace Information: 0 : 8152, 4, 2020/12/02, 18:36:53.539, 2018651703807, datacollector.dll, Blame Collector : Test Case Start
TpTrace Information: 0 : 8152, 4, 2020/12/02, 18:36:53.540, 2018651707648, datacollector.dll, DataCollectionTestCaseEventHandler: Test case 'TestDodajNastavakRazlicitiGlumci - ccc8a4b1-0bba-0d1f-634a-2a0e08c0293a' started.
TpTrace Information: 0 : 8152, 4, 2020/12/02, 18:36:53.547, 2018651777746, datacollector.dll, DataCollectionTestCaseEventHandler : Test case completing.
TpTrace Information: 0 : 8152, 4, 2020/12/02, 18:36:53.548, 2018651786003, datacollector.dll, Blame Collector : Test Case End
TpTrace Error: 0 : 8152, 4, 2020/12/02, 18:36:53.548, 2018651790846, datacollector.dll, DataCollectionAttachmentManager.GetAttachments: Fail to get attachments: System.Collections.Generic.KeyNotFoundException: The given key 'Microsoft.VisualStudio.TestPlatform.ObjectModel.DataCollection.DataCollectionContext' was not present in the dictionary.
   at System.Collections.Generic.Dictionary`2.get_Item(TKey key)
   at Microsoft.VisualStudio.TestPlatform.Common.DataCollector.DataCollectionAttachmentManager.GetAttachments(DataCollectionContext dataCollectionContext) 
TpTrace Information: 0 : 8152, 4, 2020/12/02, 18:36:53.548, 2018651794522, datacollector.dll, DataCollectionTestCaseEventHandler: Test case 'TestDodajNastavakRazlicitiGlumci - ccc8a4b1-0bba-0d1f-634a-2a0e08c0293a' completed
TpTrace Information: 0 : 8152, 4, 2020/12/02, 18:36:53.550, 2018651814813, datacollector.dll, DataCollectionTestCaseEventHandler: Test case starting.
TpTrace Information: 0 : 8152, 4, 2020/12/02, 18:36:53.551, 2018651822390, datacollector.dll, Blame Collector : Test Case Start
TpTrace Information: 0 : 8152, 4, 2020/12/02, 18:36:53.552, 2018651826061, datacollector.dll, DataCollectionTestCaseEventHandler: Test case 'TestDodajNastavakIzuzetak - 83c1ddde-4e31-66fc-a376-4096e8037e77' started.
TpTrace Information: 0 : 8152, 4, 2020/12/02, 18:36:53.559, 2018651896511, datacollector.dll, DataCollectionTestCaseEventHandler : Test case completing.
TpTrace Information: 0 : 8152, 4, 2020/12/02, 18:36:53.559, 2018651901781, datacollector.dll, Blame Collector : Test Case End
TpTrace Error: 0 : 8152, 4, 2020/12/02, 18:36:53.559, 2018651905277, datacollector.dll, DataCollectionAttachmentManager.GetAttachments: Fail to get attachments: System.Collections.Generic.KeyNotFoundException: The given key 'Microsoft.VisualStudio.TestPlatform.ObjectModel.DataCollection.DataCollectionContext' was not present in the dictionary.
   at System.Collections.Generic.Dictionary`2.get_Item(TKey key)
   at Microsoft.VisualStudio.TestPlatform.Common.DataCollector.DataCollectionAttachmentManager.GetAttachments(DataCollectionContext dataCollectionContext) 
TpTrace Information: 0 : 8152, 4, 2020/12/02, 18:36:53.560, 2018651909186, datacollector.dll, DataCollectionTestCaseEventHandler: Test case 'TestDodajNastavakIzuzetak - 83c1ddde-4e31-66fc-a376-4096e8037e77' completed
TpTrace Information: 0 : 8152, 4, 2020/12/02, 18:36:53.567, 2018651981206, datacollector.dll, DataCollectionTestCaseEventHandler: Test session ended
TpTrace Information: 0 : 8152, 1, 2020/12/02, 18:36:53.717, 2018653477945, datacollector.dll, DataCollectionRequestHandler.ProcessRequests : Datacollector received message: (DataCollection.AfterTestRunEnd) -> false
TpTrace Information: 0 : 8152, 1, 2020/12/02, 18:36:53.718, 2018653486780, datacollector.dll, Blame Collector : Session End
TpTrace Error: 0 : 8152, 1, 2020/12/02, 18:36:53.718, 2018653490830, datacollector.dll, DataCollectionAttachmentManager.GetAttachments: Fail to get attachments: System.Collections.Generic.KeyNotFoundException: The given key 'Microsoft.VisualStudio.TestPlatform.ObjectModel.DataCollection.DataCollectionContext' was not present in the dictionary.
   at System.Collections.Generic.Dictionary`2.get_Item(TKey key)
   at Microsoft.VisualStudio.TestPlatform.Common.DataCollector.DataCollectionAttachmentManager.GetAttachments(DataCollectionContext dataCollectionContext) 
TpTrace Information: 0 : 8152, 1, 2020/12/02, 18:36:53.718, 2018653492954, datacollector.dll, DataCollectionManager.CleanupPlugins: CleanupPlugins called
TpTrace Verbose: 0 : 8152, 1, 2020/12/02, 18:36:53.718, 2018653494510, datacollector.dll, DataCollectionManager.CleanupPlugins: Cleaning up 1 plugins
TpTrace Verbose: 0 : 8152, 1, 2020/12/02, 18:36:53.719, 2018653496679, datacollector.dll, dataCollectorInfo.DisposeDataCollector: calling Dispose() on Microsoft.TestPlatform.Extensions.BlameDataCollector.BlameCollector
TpTrace Information: 0 : 8152, 1, 2020/12/02, 18:36:53.719, 2018653498513, datacollector.dll, DataCollectionManager.CleanupPlugins: CleanupPlugins finished
TpTrace Information: 0 : 8152, 1, 2020/12/02, 18:36:53.719, 2018653501111, datacollector.dll, DataCollectionRequestHandler.ProcessRequests : Session End message received from server. Closing the connection.
TpTrace Information: 0 : 8152, 1, 2020/12/02, 18:36:53.719, 2018653503663, datacollector.dll, Closing the connection !
TpTrace Information: 0 : 8152, 1, 2020/12/02, 18:36:53.719, 2018653505172, datacollector.dll, DataCollectionRequestHandler.ProcessRequests : DataCollection completed
TpTrace Information: 0 : 8152, 1, 2020/12/02, 18:36:53.720, 2018653506536, datacollector.dll, Program.Main: exiting datacollector process.
