TpTrace Information: 0 : 14996, 1, 2020/12/02, 15:55:48.920, 685498037210, testhost.dll, DefaultEngineInvoker.Invoke: Testhost process started with args :[--port, 32242],[--endpoint, 127.0.0.1:032242],[--role, client],[--parentprocessid, 14096],[--diag, C:\Users\nadir\Desktop\VVSZadaca2\Filmoteka\Unit Testovi\bin\Debug\fine-code-coverage\_outputfolder\diagnostics.host.20-12-02_15-55-48_77229_6.log],[--tracelevel, 4],[--datacollectionport, 32241],[--telemetryoptedin, false]
TpTrace Information: 0 : 14996, 1, 2020/12/02, 15:55:48.925, 685498065204, testhost.dll, DefaultEngineInvoker.SetParentProcessExitCallback: Monitoring parent process with id: '14096'
TpTrace Information: 0 : 14996, 1, 2020/12/02, 15:55:48.933, 685498138082, testhost.dll, DefaultEngineInvoker.GetConnectionInfo: Initialize communication on endpoint address: '127.0.0.1:032242'
TpTrace Information: 0 : 14996, 1, 2020/12/02, 15:55:48.945, 685498264400, testhost.dll, SocketClient.Start: connecting to server endpoint: 127.0.0.1:032242
TpTrace Information: 0 : 14996, 1, 2020/12/02, 15:55:48.950, 685498311827, testhost.dll, DefaultEngineInvoker.ConnectToDatacollector: Connecting to datacollector, port: 32241
TpTrace Information: 0 : 14996, 8, 2020/12/02, 15:55:48.952, 685498332064, testhost.dll, SocketClient.OnServerConnected: connected to server endpoint: 127.0.0.1:032242
TpTrace Information: 0 : 14996, 1, 2020/12/02, 15:55:48.954, 685498347150, testhost.dll, Trying to connect to server on socket : 127.0.0.1:32241 
TpTrace Verbose: 0 : 14996, 1, 2020/12/02, 15:55:48.954, 685498354205, testhost.dll, SocketCommunicationManager : SetupClientAsync : Attempting to connect to the server.
TpTrace Verbose: 0 : 14996, 8, 2020/12/02, 15:55:48.954, 685498354793, testhost.dll, Connected to server, and starting MessageLoopAsync
TpTrace Information: 0 : 14996, 10, 2020/12/02, 15:55:48.956, 685498370784, testhost.dll, Connected to the server successfully 
TpTrace Information: 0 : 14996, 10, 2020/12/02, 15:55:48.956, 685498371806, testhost.dll, Using the buffer size of 16384 bytes
TpTrace Information: 0 : 14996, 1, 2020/12/02, 15:55:48.957, 685498377030, testhost.dll, DefaultEngineInvoker.Invoke: Start Request Processing.
TpTrace Verbose: 0 : 14996, 8, 2020/12/02, 15:55:48.957, 685498382874, testhost.dll, TcpClientExtensions.MessageLoopAsync: Polling on remoteEndPoint: [::ffff:127.0.0.1]:32242 localEndPoint: [::ffff:127.0.0.1]:32243
TpTrace Information: 0 : 14996, 11, 2020/12/02, 15:55:48.957, 685498385412, testhost.dll, DefaultEngineInvoker.StartProcessingAsync: Connected to vstest.console, Starting process requests.
TpTrace Verbose: 0 : 14996, 8, 2020/12/02, 15:55:48.957, 685498386441, testhost.dll, TcpClientExtensions.MessageLoopAsync: NotifyDataAvailable remoteEndPoint: [::ffff:127.0.0.1]:32242 localEndPoint: [::ffff:127.0.0.1]:32243
TpTrace Information: 0 : 14996, 8, 2020/12/02, 15:55:49.087, 685499685021, testhost.dll, TestRequestHandler.ProcessRequests: received message: (ProtocolVersion) -> 3
TpTrace Verbose: 0 : 14996, 8, 2020/12/02, 15:55:49.118, 685499992114, testhost.dll, TestRequestHandler.SendData:  sending data from testhost: {"Version":2,"MessageType":"TestSession.Message","Payload":{"MessageLevel":0,"Message":"Logging TestHost Diagnostics in file: C:\\Users\\nadir\\Desktop\\VVSZadaca2\\Filmoteka\\Unit Testovi\\bin\\Debug\\fine-code-coverage\\_outputfolder\\diagnostics.host.20-12-02_15-55-48_77229_6.log"}}
TpTrace Verbose: 0 : 14996, 8, 2020/12/02, 15:55:49.118, 685499993905, testhost.dll, TcpClientExtensions.MessageLoopAsync: Polling on remoteEndPoint: [::ffff:127.0.0.1]:32242 localEndPoint: [::ffff:127.0.0.1]:32243
TpTrace Verbose: 0 : 14996, 8, 2020/12/02, 15:55:49.118, 685499994691, testhost.dll, TcpClientExtensions.MessageLoopAsync: NotifyDataAvailable remoteEndPoint: [::ffff:127.0.0.1]:32242 localEndPoint: [::ffff:127.0.0.1]:32243
TpTrace Information: 0 : 14996, 8, 2020/12/02, 15:55:49.122, 685500034419, testhost.dll, TestRequestHandler.ProcessRequests: received message: (TestExecution.Initialize) -> [
  "C:\\Users\\nadir\\Desktop\\VVSZadaca2\\Filmoteka\\Unit Testovi\\bin\\Debug\\fine-code-coverage\\Microsoft.VisualStudio.TestPlatform.MSTest.TestAdapter.dll"
]
TpTrace Information: 0 : 14996, 8, 2020/12/02, 15:55:49.122, 685500036459, testhost.dll, Execution Session Initialize.
TpTrace Verbose: 0 : 14996, 8, 2020/12/02, 15:55:49.130, 685500114484, testhost.dll, TcpClientExtensions.MessageLoopAsync: Polling on remoteEndPoint: [::ffff:127.0.0.1]:32242 localEndPoint: [::ffff:127.0.0.1]:32243
TpTrace Verbose: 0 : 14996, 8, 2020/12/02, 15:55:49.130, 685500115927, testhost.dll, TcpClientExtensions.MessageLoopAsync: NotifyDataAvailable remoteEndPoint: [::ffff:127.0.0.1]:32242 localEndPoint: [::ffff:127.0.0.1]:32243
TpTrace Verbose: 0 : 14996, 4, 2020/12/02, 15:55:49.133, 685500140299, testhost.dll, TestExecutorService: Loading the extensions
TpTrace Information: 0 : 14996, 8, 2020/12/02, 15:55:49.134, 685500147019, testhost.dll, TestRequestHandler.ProcessRequests: received message: (TestExecution.StartWithSources) -> {
  "AdapterSourceMap": {
    "_none_": [
      "C:\\Users\\nadir\\Desktop\\VVSZadaca2\\Filmoteka\\Unit Testovi\\bin\\Debug\\fine-code-coverage\\Unit Testovi.dll"
    ]
  },
  "RunSettings": "<RunSettings>\r\n  <RunConfiguration>\r\n    <ResultsDirectory>C:\\Users\\nadir\\Desktop\\VVSZadaca2\\Filmoteka\\Unit Testovi\\bin\\Debug\\fine-code-coverage\\_outputfolder</ResultsDirectory>\r\n    <TargetPlatform>X64</TargetPlatform>\r\n    <TargetFrameworkVersion>.NETCoreApp,Version=v3.1</TargetFrameworkVersion>\r\n    <DesignMode>False</DesignMode>\r\n    <CollectSourceInformation>False</CollectSourceInformation>\r\n  </RunConfiguration>\r\n  <LoggerRunSettings>\r\n    <Loggers>\r\n      <Logger friendlyName=\"blame\" enabled=\"True\" />\r\n      <Logger friendlyName=\"Console\" uri=\"logger://microsoft/TestPlatform/ConsoleLogger/v1\" assemblyQualifiedName=\"Microsoft.VisualStudio.TestPlatform.CommandLine.Internal.ConsoleLogger, vstest.console, Version=15.0.0.0, Culture=neutral, PublicKeyToken=b03f5f7f11d50a3a\" codeBase=\"C:\\Program Files\\dotnet\\sdk\\3.1.403\\vstest.console.dll\" enabled=\"True\" />\r\n    </Loggers>\r\n  </LoggerRunSettings>\r\n  <DataCollectionRunSettings>\r\n    <DataCollectors>\r\n      <DataCollector friendlyName=\"blame\" enabled=\"True\">\r\n        <Configuration>\r\n          <ResultsDirectory>C:\\Users\\nadir\\Desktop\\VVSZadaca2\\Filmoteka\\Unit Testovi\\bin\\Debug\\fine-code-coverage\\_outputfolder</ResultsDirectory>\r\n        </Configuration>\r\n      </DataCollector>\r\n    </DataCollectors>\r\n  </DataCollectionRunSettings>\r\n</RunSettings>",
  "TestExecutionContext": {
    "FrequencyOfRunStatsChangeEvent": 10,
    "RunStatsChangeEventTimeout": "00:00:01.5000000",
    "InIsolation": false,
    "KeepAlive": false,
    "AreTestCaseLevelEventsRequired": false,
    "IsDebug": false,
    "TestCaseFilter": null,
    "FilterOptions": null
  },
  "Package": null
}
TpTrace Information: 0 : 14996, 8, 2020/12/02, 15:55:49.134, 685500148752, testhost.dll, Execution started.
TpTrace Verbose: 0 : 14996, 4, 2020/12/02, 15:55:49.135, 685500160870, testhost.dll, TestPluginCache.DiscoverTestExtensions: finding test extensions in assemblies endswith: TestAdapter.dll TPluginInfo: Microsoft.VisualStudio.TestPlatform.Common.ExtensionFramework.Utilities.TestExecutorPluginInformation TExtension: Microsoft.VisualStudio.TestPlatform.ObjectModel.Adapter.ITestExecutor
TpTrace Verbose: 0 : 14996, 4, 2020/12/02, 15:55:49.136, 685500172346, testhost.dll, TestPluginCache.GetExtensionPaths: Filtered extension paths: 
TpTrace Verbose: 0 : 14996, 4, 2020/12/02, 15:55:49.137, 685500177017, testhost.dll, TestPluginCache.GetExtensionPaths: Added default extension paths: C:\Users\nadir\Desktop\VVSZadaca2\Filmoteka\Unit Testovi\bin\Debug\fine-code-coverage\Microsoft.VisualStudio.TestPlatform.MSTest.TestAdapter.dll
TpTrace Verbose: 0 : 14996, 4, 2020/12/02, 15:55:49.137, 685500177994, testhost.dll, TestPluginCache.GetExtensionPaths: Added unfilterableExtensionPaths: 
TpTrace Information: 0 : 14996, 4, 2020/12/02, 15:55:49.139, 685500201622, testhost.dll, AssemblyResolver.ctor: Creating AssemblyResolver with searchDirectories C:\Users\nadir\Desktop\VVSZadaca2\Filmoteka\Unit Testovi\bin\Debug\fine-code-coverage
TpTrace Verbose: 0 : 14996, 4, 2020/12/02, 15:55:49.141, 685500219362, testhost.dll, TestPluginCache.DiscoverTestExtensions: Discovering the extensions using extension path.
TpTrace Verbose: 0 : 14996, 4, 2020/12/02, 15:55:49.141, 685500220818, testhost.dll, TestPluginCache.GetExtensionPaths: Filtered extension paths: 
TpTrace Verbose: 0 : 14996, 4, 2020/12/02, 15:55:49.141, 685500221601, testhost.dll, TestPluginCache.GetExtensionPaths: Added default extension paths: C:\Users\nadir\Desktop\VVSZadaca2\Filmoteka\Unit Testovi\bin\Debug\fine-code-coverage\Microsoft.VisualStudio.TestPlatform.MSTest.TestAdapter.dll
TpTrace Verbose: 0 : 14996, 4, 2020/12/02, 15:55:49.141, 685500222282, testhost.dll, TestPluginCache.GetExtensionPaths: Added unfilterableExtensionPaths: 
TpTrace Verbose: 0 : 14996, 4, 2020/12/02, 15:55:49.141, 685500223223, testhost.dll, TestPluginCache.DiscoverTestExtensions: Discovering the extensions using allExtensionPaths: C:\Users\nadir\Desktop\VVSZadaca2\Filmoteka\Unit Testovi\bin\Debug\fine-code-coverage\Microsoft.VisualStudio.TestPlatform.MSTest.TestAdapter.dll
TpTrace Information: 0 : 14996, 4, 2020/12/02, 15:55:49.142, 685500232923, testhost.dll, AssemblyResolver.AddSearchDirectories: Adding more searchDirectories C:\Users\nadir\Desktop\VVSZadaca2\Filmoteka\Unit Testovi\bin\Debug\fine-code-coverage
TpTrace Information: 0 : 14996, 4, 2020/12/02, 15:55:49.147, 685500279013, testhost.dll, AssemblyResolver.OnResolve: Microsoft.VisualStudio.TestPlatform.MSTest.TestAdapter: Resolving assembly.
TpTrace Information: 0 : 14996, 4, 2020/12/02, 15:55:49.148, 685500296486, testhost.dll, AssemblyResolver.OnResolve: Resolved assembly: Microsoft.VisualStudio.TestPlatform.MSTest.TestAdapter, from path: C:\Users\nadir\Desktop\VVSZadaca2\Filmoteka\Unit Testovi\bin\Debug\fine-code-coverage\Microsoft.VisualStudio.TestPlatform.MSTest.TestAdapter.dll
TpTrace Information: 0 : 14996, 4, 2020/12/02, 15:55:49.150, 685500315245, testhost.dll, AssemblyResolver.OnResolve: Microsoft.VisualStudio.TestPlatform.MSTestAdapter.PlatformServices.Interface: Resolving assembly.
TpTrace Information: 0 : 14996, 4, 2020/12/02, 15:55:49.151, 685500321753, testhost.dll, AssemblyResolver.OnResolve: Resolved assembly: Microsoft.VisualStudio.TestPlatform.MSTestAdapter.PlatformServices.Interface, from path: C:\Users\nadir\Desktop\VVSZadaca2\Filmoteka\Unit Testovi\bin\Debug\fine-code-coverage\Microsoft.VisualStudio.TestPlatform.MSTestAdapter.PlatformServices.Interface.dll
TpTrace Information: 0 : 14996, 4, 2020/12/02, 15:55:49.151, 685500324632, testhost.dll, AssemblyResolver.OnResolve: Microsoft.VisualStudio.TestPlatform.MSTestAdapter.PlatformServices: Resolving assembly.
TpTrace Information: 0 : 14996, 4, 2020/12/02, 15:55:49.152, 685500330038, testhost.dll, AssemblyResolver.OnResolve: Resolved assembly: Microsoft.VisualStudio.TestPlatform.MSTestAdapter.PlatformServices, from path: C:\Users\nadir\Desktop\VVSZadaca2\Filmoteka\Unit Testovi\bin\Debug\fine-code-coverage\Microsoft.VisualStudio.TestPlatform.MSTestAdapter.PlatformServices.dll
TpTrace Verbose: 0 : 14996, 4, 2020/12/02, 15:55:49.157, 685500378331, testhost.dll, TestPluginCache: Discovered the extensions using extension path ''.
TpTrace Verbose: 0 : 14996, 4, 2020/12/02, 15:55:49.157, 685500383166, testhost.dll, TestPluginCache: Discoverers are ''.
TpTrace Verbose: 0 : 14996, 4, 2020/12/02, 15:55:49.157, 685500384255, testhost.dll, TestPluginCache: Executors are 'executor://MSTestAdapter/v2'.
TpTrace Verbose: 0 : 14996, 4, 2020/12/02, 15:55:49.157, 685500385403, testhost.dll, TestPluginCache: Setting providers are ''.
TpTrace Verbose: 0 : 14996, 4, 2020/12/02, 15:55:49.157, 685500386512, testhost.dll, TestPluginCache: Loggers are ''.
TpTrace Verbose: 0 : 14996, 8, 2020/12/02, 15:55:49.160, 685500411096, testhost.dll, TcpClientExtensions.MessageLoopAsync: Polling on remoteEndPoint: [::ffff:127.0.0.1]:32242 localEndPoint: [::ffff:127.0.0.1]:32243
TpTrace Information: 0 : 14996, 4, 2020/12/02, 15:55:49.163, 685500446621, testhost.dll, TestPluginManager.CreateTestExtension: Attempting to load test extension: Microsoft.VisualStudio.TestPlatform.MSTest.TestAdapter.MSTestExecutor
TpTrace Verbose: 0 : 14996, 4, 2020/12/02, 15:55:49.167, 685500482416, testhost.dll, TestExecutorExtensionManager: Loading executor Microsoft.VisualStudio.TestPlatform.MSTest.TestAdapter.MSTestExecutor
TpTrace Verbose: 0 : 14996, 4, 2020/12/02, 15:55:49.167, 685500483417, testhost.dll, TestExecutorService: Loaded the executors
TpTrace Verbose: 0 : 14996, 4, 2020/12/02, 15:55:49.168, 685500492662, testhost.dll, TestPluginCache.DiscoverTestExtensions: finding test extensions in assemblies endswith: TestAdapter.dll TPluginInfo: Microsoft.VisualStudio.TestPlatform.Common.ExtensionFramework.Utilities.TestSettingsProviderPluginInformation TExtension: Microsoft.VisualStudio.TestPlatform.ObjectModel.Adapter.ISettingsProvider
TpTrace Verbose: 0 : 14996, 4, 2020/12/02, 15:55:49.168, 685500495885, testhost.dll, TestPluginCache.GetExtensionPaths: Filtered extension paths: 
TpTrace Verbose: 0 : 14996, 4, 2020/12/02, 15:55:49.168, 685500496596, testhost.dll, TestPluginCache.GetExtensionPaths: Added default extension paths: C:\Users\nadir\Desktop\VVSZadaca2\Filmoteka\Unit Testovi\bin\Debug\fine-code-coverage\Microsoft.VisualStudio.TestPlatform.MSTest.TestAdapter.dll
TpTrace Verbose: 0 : 14996, 4, 2020/12/02, 15:55:49.169, 685500497213, testhost.dll, TestPluginCache.GetExtensionPaths: Added unfilterableExtensionPaths: 
TpTrace Information: 0 : 14996, 4, 2020/12/02, 15:55:49.169, 685500499237, testhost.dll, AssemblyResolver.AddSearchDirectories: Adding more searchDirectories C:\Users\nadir\Desktop\VVSZadaca2\Filmoteka\Unit Testovi\bin\Debug\fine-code-coverage
TpTrace Verbose: 0 : 14996, 4, 2020/12/02, 15:55:49.169, 685500500025, testhost.dll, TestPluginCache.DiscoverTestExtensions: Discovering the extensions using extension path.
TpTrace Verbose: 0 : 14996, 4, 2020/12/02, 15:55:49.169, 685500500683, testhost.dll, TestPluginCache.GetExtensionPaths: Filtered extension paths: 
TpTrace Verbose: 0 : 14996, 4, 2020/12/02, 15:55:49.169, 685500501232, testhost.dll, TestPluginCache.GetExtensionPaths: Added default extension paths: C:\Users\nadir\Desktop\VVSZadaca2\Filmoteka\Unit Testovi\bin\Debug\fine-code-coverage\Microsoft.VisualStudio.TestPlatform.MSTest.TestAdapter.dll
TpTrace Verbose: 0 : 14996, 4, 2020/12/02, 15:55:49.169, 685500501840, testhost.dll, TestPluginCache.GetExtensionPaths: Added unfilterableExtensionPaths: 
TpTrace Verbose: 0 : 14996, 4, 2020/12/02, 15:55:49.169, 685500502410, testhost.dll, TestPluginCache.DiscoverTestExtensions: Discovering the extensions using allExtensionPaths: C:\Users\nadir\Desktop\VVSZadaca2\Filmoteka\Unit Testovi\bin\Debug\fine-code-coverage\Microsoft.VisualStudio.TestPlatform.MSTest.TestAdapter.dll
TpTrace Information: 0 : 14996, 4, 2020/12/02, 15:55:49.169, 685500503122, testhost.dll, AssemblyResolver.AddSearchDirectories: Adding more searchDirectories C:\Users\nadir\Desktop\VVSZadaca2\Filmoteka\Unit Testovi\bin\Debug\fine-code-coverage
TpTrace Verbose: 0 : 14996, 4, 2020/12/02, 15:55:49.169, 685500505477, testhost.dll, TestPluginCache: Discovered the extensions using extension path ''.
TpTrace Verbose: 0 : 14996, 4, 2020/12/02, 15:55:49.169, 685500506118, testhost.dll, TestPluginCache: Discoverers are ''.
TpTrace Verbose: 0 : 14996, 4, 2020/12/02, 15:55:49.170, 685500506856, testhost.dll, TestPluginCache: Executors are 'executor://MSTestAdapter/v2'.
TpTrace Verbose: 0 : 14996, 4, 2020/12/02, 15:55:49.170, 685500507752, testhost.dll, TestPluginCache: Setting providers are ''.
TpTrace Verbose: 0 : 14996, 4, 2020/12/02, 15:55:49.170, 685500508330, testhost.dll, TestPluginCache: Loggers are ''.
TpTrace Verbose: 0 : 14996, 4, 2020/12/02, 15:55:49.171, 685500518026, testhost.dll, TestExecutorService: Loaded the settings providers
TpTrace Information: 0 : 14996, 4, 2020/12/02, 15:55:49.171, 685500518762, testhost.dll, TestExecutorService: Loaded the extensions
TpTrace Information: 0 : 14996, 4, 2020/12/02, 15:55:49.244, 685501247469, testhost.dll, TestDiscoveryManager: Discovering tests from sources C:\Users\nadir\Desktop\VVSZadaca2\Filmoteka\Unit Testovi\bin\Debug\fine-code-coverage\Unit Testovi.dll
TpTrace Verbose: 0 : 14996, 4, 2020/12/02, 15:55:49.246, 685501268136, testhost.dll, TestPluginCache.DiscoverTestExtensions: finding test extensions in assemblies endswith: TestAdapter.dll TPluginInfo: Microsoft.VisualStudio.TestPlatform.Common.ExtensionFramework.Utilities.TestDiscovererPluginInformation TExtension: Microsoft.VisualStudio.TestPlatform.ObjectModel.Adapter.ITestDiscoverer
TpTrace Verbose: 0 : 14996, 4, 2020/12/02, 15:55:49.246, 685501269609, testhost.dll, TestPluginCache.GetExtensionPaths: Filtered extension paths: 
TpTrace Verbose: 0 : 14996, 4, 2020/12/02, 15:55:49.246, 685501270272, testhost.dll, TestPluginCache.GetExtensionPaths: Added default extension paths: C:\Users\nadir\Desktop\VVSZadaca2\Filmoteka\Unit Testovi\bin\Debug\fine-code-coverage\Microsoft.VisualStudio.TestPlatform.MSTest.TestAdapter.dll
TpTrace Verbose: 0 : 14996, 4, 2020/12/02, 15:55:49.246, 685501270835, testhost.dll, TestPluginCache.GetExtensionPaths: Added unfilterableExtensionPaths: 
TpTrace Information: 0 : 14996, 4, 2020/12/02, 15:55:49.246, 685501272254, testhost.dll, AssemblyResolver.AddSearchDirectories: Adding more searchDirectories C:\Users\nadir\Desktop\VVSZadaca2\Filmoteka\Unit Testovi\bin\Debug\fine-code-coverage
TpTrace Verbose: 0 : 14996, 4, 2020/12/02, 15:55:49.246, 685501272904, testhost.dll, TestPluginCache.DiscoverTestExtensions: Discovering the extensions using extension path.
TpTrace Verbose: 0 : 14996, 4, 2020/12/02, 15:55:49.246, 685501273488, testhost.dll, TestPluginCache.GetExtensionPaths: Filtered extension paths: 
TpTrace Verbose: 0 : 14996, 4, 2020/12/02, 15:55:49.246, 685501274015, testhost.dll, TestPluginCache.GetExtensionPaths: Added default extension paths: C:\Users\nadir\Desktop\VVSZadaca2\Filmoteka\Unit Testovi\bin\Debug\fine-code-coverage\Microsoft.VisualStudio.TestPlatform.MSTest.TestAdapter.dll
TpTrace Verbose: 0 : 14996, 4, 2020/12/02, 15:55:49.246, 685501274536, testhost.dll, TestPluginCache.GetExtensionPaths: Added unfilterableExtensionPaths: 
TpTrace Verbose: 0 : 14996, 4, 2020/12/02, 15:55:49.246, 685501275121, testhost.dll, TestPluginCache.DiscoverTestExtensions: Discovering the extensions using allExtensionPaths: C:\Users\nadir\Desktop\VVSZadaca2\Filmoteka\Unit Testovi\bin\Debug\fine-code-coverage\Microsoft.VisualStudio.TestPlatform.MSTest.TestAdapter.dll
TpTrace Information: 0 : 14996, 4, 2020/12/02, 15:55:49.246, 685501275768, testhost.dll, AssemblyResolver.AddSearchDirectories: Adding more searchDirectories C:\Users\nadir\Desktop\VVSZadaca2\Filmoteka\Unit Testovi\bin\Debug\fine-code-coverage
TpTrace Verbose: 0 : 14996, 4, 2020/12/02, 15:55:49.249, 685501298599, testhost.dll, TestPluginCache: Discovered the extensions using extension path ''.
TpTrace Verbose: 0 : 14996, 4, 2020/12/02, 15:55:49.249, 685501299589, testhost.dll, TestPluginCache: Discoverers are 'Microsoft.VisualStudio.TestPlatform.MSTest.TestAdapter.MSTestDiscoverer, Microsoft.VisualStudio.TestPlatform.MSTest.TestAdapter, Version=14.0.0.0, Culture=neutral, PublicKeyToken=b03f5f7f11d50a3a'.
TpTrace Verbose: 0 : 14996, 4, 2020/12/02, 15:55:49.249, 685501300243, testhost.dll, TestPluginCache: Executors are 'executor://MSTestAdapter/v2'.
TpTrace Verbose: 0 : 14996, 4, 2020/12/02, 15:55:49.249, 685501300786, testhost.dll, TestPluginCache: Setting providers are ''.
TpTrace Verbose: 0 : 14996, 4, 2020/12/02, 15:55:49.249, 685501301294, testhost.dll, TestPluginCache: Loggers are ''.
TpTrace Verbose: 0 : 14996, 4, 2020/12/02, 15:55:49.254, 685501348696, testhost.dll, BaseRunTests.RunTestInternalWithExecutors: Running tests for executor://MSTestAdapter/v2
TpTrace Information: 0 : 14996, 4, 2020/12/02, 15:55:49.298, 685501789503, testhost.dll, AssemblyResolver.OnResolve: Microsoft.VisualStudio.TestPlatform.MSTestAdapter.PlatformServices.resources: Resolving assembly.
TpTrace Information: 0 : 14996, 4, 2020/12/02, 15:55:49.298, 685501791359, testhost.dll, AssemblyResolver.OnResolve: Microsoft.VisualStudio.TestPlatform.MSTestAdapter.PlatformServices.resources: Failed to load assembly.
TpTrace Information: 0 : 14996, 4, 2020/12/02, 15:55:49.298, 685501793857, testhost.dll, AssemblyResolver.OnResolve: Microsoft.VisualStudio.TestPlatform.MSTestAdapter.PlatformServices.resources: Resolving assembly.
TpTrace Information: 0 : 14996, 4, 2020/12/02, 15:55:49.298, 685501794604, testhost.dll, AssemblyResolver.OnResolve: Microsoft.VisualStudio.TestPlatform.MSTestAdapter.PlatformServices.resources: Resolved from cache.
TpTrace Verbose: 0 : 14996, 4, 2020/12/02, 15:55:49.312, 685501935810, testhost.dll, TestExecutionRecorder.RecordStart: Starting test: Unit_Testovi.NoviTestovi.TestZamjenskiObjekat.
TpTrace Information: 0 : 14996, 4, 2020/12/02, 15:55:49.401, 685502825281, testhost.dll, AssemblyResolver.OnResolve: Microsoft.VisualStudio.TestPlatform.MSTest.TestAdapter.resources: Resolving assembly.
TpTrace Information: 0 : 14996, 4, 2020/12/02, 15:55:49.402, 685502827044, testhost.dll, AssemblyResolver.OnResolve: Microsoft.VisualStudio.TestPlatform.MSTest.TestAdapter.resources: Failed to load assembly.
TpTrace Verbose: 0 : 14996, 4, 2020/12/02, 15:55:49.427, 685503080925, testhost.dll, TestExecutionRecorder.RecordEnd: test: Unit_Testovi.NoviTestovi.TestZamjenskiObjekat execution completed.
TpTrace Verbose: 0 : 14996, 4, 2020/12/02, 15:55:49.451, 685503324917, testhost.dll, TestExecutionRecorder.RecordResult: Received result for test: Unit_Testovi.NoviTestovi.TestZamjenskiObjekat.
TpTrace Warning: 0 : 14996, 4, 2020/12/02, 15:55:49.455, 685503360554, testhost.dll, InProgressTests is null
TpTrace Warning: 0 : 14996, 4, 2020/12/02, 15:55:49.457, 685503380273, testhost.dll, TestRunCache: No test found corresponding to testResult 'TestZamjenskiObjekat  Failed
  Message: Test method Unit_Testovi.NoviTestovi.TestZamjenskiObjekat threw exception: 
System.NotImplementedException: The method or operation is not implemented.
  StackTrace:
    at Filmoteka.Reziser.DaLiJeReziraoFilm(Film f) in C:\Users\nadir\Desktop\VVSZadaca2\Filmoteka\Filmoteka\Reziser.cs:line 15
   at Filmoteka.Filmoteka.DajSveFilmoveZaRezisera(IReziser reziser) in C:\Users\nadir\Desktop\VVSZadaca2\Filmoteka\Filmoteka\Filmoteka.cs:line 97
   at Unit_Testovi.NoviTestovi.TestZamjenskiObjekat() in C:\Users\nadir\Desktop\VVSZadaca2\Filmoteka\Unit Testovi\NoviTestovi.cs:line 23
' in inProgress list.
TpTrace Verbose: 0 : 14996, 4, 2020/12/02, 15:55:49.457, 685503381675, testhost.dll, TestExecutionRecorder.RecordStart: Starting test: Unit_Testovi.NoviTestovi.TestDodajNastavakIstiGlumci.
TpTrace Verbose: 0 : 14996, 4, 2020/12/02, 15:55:49.459, 685503405378, testhost.dll, TestExecutionRecorder.RecordEnd: test: Unit_Testovi.NoviTestovi.TestDodajNastavakIstiGlumci execution completed.
TpTrace Verbose: 0 : 14996, 4, 2020/12/02, 15:55:49.461, 685503417561, testhost.dll, TestExecutionRecorder.RecordResult: Received result for test: Unit_Testovi.NoviTestovi.TestDodajNastavakIstiGlumci.
TpTrace Warning: 0 : 14996, 4, 2020/12/02, 15:55:49.461, 685503418455, testhost.dll, InProgressTests is null
TpTrace Warning: 0 : 14996, 4, 2020/12/02, 15:55:49.461, 685503419095, testhost.dll, TestRunCache: No test found corresponding to testResult 'TestDodajNastavakIstiGlumci  Failed
  Message: Test method Unit_Testovi.NoviTestovi.TestDodajNastavakIstiGlumci threw exception: 
System.NotImplementedException: The method or operation is not implemented.
  StackTrace:
    at Filmoteka.Filmoteka.DodajNastavak(Film film, Double rating, Boolean istiGlumci, List`1 noviGlumci) in C:\Users\nadir\Desktop\VVSZadaca2\Filmoteka\Filmoteka\Filmoteka.cs:line 131
   at Unit_Testovi.NoviTestovi.TestDodajNastavakIstiGlumci() in C:\Users\nadir\Desktop\VVSZadaca2\Filmoteka\Unit Testovi\NoviTestovi.cs:line 40
' in inProgress list.
TpTrace Verbose: 0 : 14996, 4, 2020/12/02, 15:55:49.461, 685503420248, testhost.dll, TestExecutionRecorder.RecordStart: Starting test: Unit_Testovi.NoviTestovi.TestDodajNastavakRazlicitiGlumci.
TpTrace Verbose: 0 : 14996, 4, 2020/12/02, 15:55:49.463, 685503438334, testhost.dll, TestExecutionRecorder.RecordEnd: test: Unit_Testovi.NoviTestovi.TestDodajNastavakRazlicitiGlumci execution completed.
TpTrace Verbose: 0 : 14996, 4, 2020/12/02, 15:55:49.464, 685503450061, testhost.dll, TestExecutionRecorder.RecordResult: Received result for test: Unit_Testovi.NoviTestovi.TestDodajNastavakRazlicitiGlumci.
TpTrace Warning: 0 : 14996, 4, 2020/12/02, 15:55:49.464, 685503451036, testhost.dll, InProgressTests is null
TpTrace Warning: 0 : 14996, 4, 2020/12/02, 15:55:49.464, 685503451679, testhost.dll, TestRunCache: No test found corresponding to testResult 'TestDodajNastavakRazlicitiGlumci  Failed
  Message: Test method Unit_Testovi.NoviTestovi.TestDodajNastavakRazlicitiGlumci threw exception: 
System.NotImplementedException: The method or operation is not implemented.
  StackTrace:
    at Filmoteka.Filmoteka.DodajNastavak(Film film, Double rating, Boolean istiGlumci, List`1 noviGlumci) in C:\Users\nadir\Desktop\VVSZadaca2\Filmoteka\Filmoteka\Filmoteka.cs:line 131
   at Unit_Testovi.NoviTestovi.TestDodajNastavakRazlicitiGlumci() in C:\Users\nadir\Desktop\VVSZadaca2\Filmoteka\Unit Testovi\NoviTestovi.cs:line 55
' in inProgress list.
TpTrace Verbose: 0 : 14996, 4, 2020/12/02, 15:55:49.464, 685503452388, testhost.dll, TestExecutionRecorder.RecordStart: Starting test: Unit_Testovi.NoviTestovi.TestDodajNastavakIzuzetak.
TpTrace Information: 0 : 14996, 4, 2020/12/02, 15:55:49.469, 685503502660, testhost.dll, AssemblyResolver.OnResolve: Microsoft.VisualStudio.TestPlatform.TestFramework.resources: Resolving assembly.
TpTrace Information: 0 : 14996, 4, 2020/12/02, 15:55:49.469, 685503504330, testhost.dll, AssemblyResolver.OnResolve: Microsoft.VisualStudio.TestPlatform.TestFramework.resources: Failed to load assembly.
TpTrace Verbose: 0 : 14996, 4, 2020/12/02, 15:55:49.470, 685503513721, testhost.dll, TestExecutionRecorder.RecordEnd: test: Unit_Testovi.NoviTestovi.TestDodajNastavakIzuzetak execution completed.
TpTrace Verbose: 0 : 14996, 4, 2020/12/02, 15:55:49.471, 685503525733, testhost.dll, TestExecutionRecorder.RecordResult: Received result for test: Unit_Testovi.NoviTestovi.TestDodajNastavakIzuzetak.
TpTrace Warning: 0 : 14996, 4, 2020/12/02, 15:55:49.471, 685503526642, testhost.dll, InProgressTests is null
TpTrace Warning: 0 : 14996, 4, 2020/12/02, 15:55:49.472, 685503527276, testhost.dll, TestRunCache: No test found corresponding to testResult 'TestDodajNastavakIzuzetak  Failed
  Message: Test method threw exception System.NotImplementedException, but exception System.ArgumentNullException was expected. Exception message: System.NotImplementedException: The method or operation is not implemented.
  StackTrace:
   at Filmoteka.Filmoteka.DodajNastavak(Film film, Double rating, Boolean istiGlumci, List`1 noviGlumci) in C:\Users\nadir\Desktop\VVSZadaca2\Filmoteka\Filmoteka\Filmoteka.cs:line 131
   at Unit_Testovi.NoviTestovi.TestDodajNastavakIzuzetak() in C:\Users\nadir\Desktop\VVSZadaca2\Filmoteka\Unit Testovi\NoviTestovi.cs:line 68
' in inProgress list.
TpTrace Verbose: 0 : 14996, 4, 2020/12/02, 15:55:49.473, 685503545077, testhost.dll, BaseRunTests.RunTestInternalWithExecutors: Completed running tests for executor://MSTestAdapter/v2
TpTrace Information: 0 : 14996, 4, 2020/12/02, 15:55:49.477, 685503582449, testhost.dll, Sending test run complete
TpTrace Verbose: 0 : 14996, 4, 2020/12/02, 15:55:49.513, 685503940681, testhost.dll, TestRequestHandler.SendData:  sending data from testhost: {"Version":2,"MessageType":"TestExecution.Completed","Payload":{"TestRunCompleteArgs":{"TestRunStatistics":{"ExecutedTests":4,"Stats":{"Failed":4}},"IsCanceled":false,"IsAborted":false,"Error":null,"AttachmentSets":[],"ElapsedTimeInRunningTests":"00:00:00.2229981","Metrics":{}},"LastRunTests":{"NewTestResults":[{"TestCase":{"Id":"aef9dec6-1181-fac1-2596-b31421e8da47","FullyQualifiedName":"Unit_Testovi.NoviTestovi.TestZamjenskiObjekat","DisplayName":"TestZamjenskiObjekat","ExecutorUri":"executor://MSTestAdapter/v2","Source":"C:\\Users\\nadir\\Desktop\\VVSZadaca2\\Filmoteka\\Unit Testovi\\bin\\Debug\\fine-code-coverage\\Unit Testovi.dll","CodeFilePath":null,"LineNumber":-1,"Properties":[{"Key":{"Id":"MSTestDiscoverer.TestClassName","Label":"ClassName","Category":"","Description":"","Attributes":1,"ValueType":"System.String"},"Value":"Unit_Testovi.NoviTestovi"},{"Key":{"Id":"TestObject.Traits","Label":"Traits","Category":"","Description":"","Attributes":5,"ValueType":"System.Collections.Generic.KeyValuePair`2[[System.String],[System.String]][]"},"Value":[]}]},"Attachments":[],"Outcome":2,"ErrorMessage":"Test method Unit_Testovi.NoviTestovi.TestZamjenskiObjekat threw exception: \r\nSystem.NotImplementedException: The method or operation is not implemented.","ErrorStackTrace":"    at Filmoteka.Reziser.DaLiJeReziraoFilm(Film f) in C:\\Users\\nadir\\Desktop\\VVSZadaca2\\Filmoteka\\Filmoteka\\Reziser.cs:line 15\r\n   at Filmoteka.Filmoteka.DajSveFilmoveZaRezisera(IReziser reziser) in C:\\Users\\nadir\\Desktop\\VVSZadaca2\\Filmoteka\\Filmoteka\\Filmoteka.cs:line 97\r\n   at Unit_Testovi.NoviTestovi.TestZamjenskiObjekat() in C:\\Users\\nadir\\Desktop\\VVSZadaca2\\Filmoteka\\Unit Testovi\\NoviTestovi.cs:line 23\r\n","DisplayName":null,"Messages":[],"ComputerName":null,"Duration":"00:00:00.0274265","StartTime":"2020-12-02T15:55:49.3685418+01:00","EndTime":"2020-12-02T15:55:49.4234121+01:00","Properties":[{"Key":{"Id":"ExecutionId","Label":"ExecutionId","Category":"","Description":"","Attributes":1,"ValueType":"System.Guid"},"Value":"00000000-0000-0000-0000-000000000000"},{"Key":{"Id":"ParentExecId","Label":"ParentExecId","Category":"","Description":"","Attributes":1,"ValueType":"System.Guid"},"Value":"00000000-0000-0000-0000-000000000000"},{"Key":{"Id":"InnerResultsCount","Label":"InnerResultsCount","Category":"","Description":"","Attributes":1,"ValueType":"System.Int32"},"Value":0}]},{"TestCase":{"Id":"307a9543-71bf-45b1-736e-e86a33581b25","FullyQualifiedName":"Unit_Testovi.NoviTestovi.TestDodajNastavakIstiGlumci","DisplayName":"TestDodajNastavakIstiGlumci","ExecutorUri":"executor://MSTestAdapter/v2","Source":"C:\\Users\\nadir\\Desktop\\VVSZadaca2\\Filmoteka\\Unit Testovi\\bin\\Debug\\fine-code-coverage\\Unit Testovi.dll","CodeFilePath":null,"LineNumber":-1,"Properties":[{"Key":{"Id":"MSTestDiscoverer.TestClassName","Label":"ClassName","Category":"","Description":"","Attributes":1,"ValueType":"System.String"},"Value":"Unit_Testovi.NoviTestovi"},{"Key":{"Id":"TestObject.Traits","Label":"Traits","Category":"","Description":"","Attributes":5,"ValueType":"System.Collections.Generic.KeyValuePair`2[[System.String],[System.String]][]"},"Value":[]}]},"Attachments":[],"Outcome":2,"ErrorMessage":"Test method Unit_Testovi.NoviTestovi.TestDodajNastavakIstiGlumci threw exception: \r\nSystem.NotImplementedException: The method or operation is not implemented.","ErrorStackTrace":"    at Filmoteka.Filmoteka.DodajNastavak(Film film, Double rating, Boolean istiGlumci, List`1 noviGlumci) in C:\\Users\\nadir\\Desktop\\VVSZadaca2\\Filmoteka\\Filmoteka\\Filmoteka.cs:line 131\r\n   at Unit_Testovi.NoviTestovi.TestDodajNastavakIstiGlumci() in C:\\Users\\nadir\\Desktop\\VVSZadaca2\\Filmoteka\\Unit Testovi\\NoviTestovi.cs:line 40\r\n","DisplayName":null,"Messages":[],"ComputerName":null,"Duration":"00:00:00.0009177","StartTime":"2020-12-02T15:55:49.4587394+01:00","EndTime":"2020-12-02T15:55:49.4598406+01:00","Properties":[{"Key":{"Id":"ExecutionId","Label":"ExecutionId","Category":"","Description":"","Attributes":1,"ValueType":"System.Guid"},"Value":"00000000-0000-0000-0000-000000000000"},{"Key":{"Id":"ParentExecId","Label":"ParentExecId","Category":"","Description":"","Attributes":1,"ValueType":"System.Guid"},"Value":"00000000-0000-0000-0000-000000000000"},{"Key":{"Id":"InnerResultsCount","Label":"InnerResultsCount","Category":"","Description":"","Attributes":1,"ValueType":"System.Int32"},"Value":0}]},{"TestCase":{"Id":"ccc8a4b1-0bba-0d1f-634a-2a0e08c0293a","FullyQualifiedName":"Unit_Testovi.NoviTestovi.TestDodajNastavakRazlicitiGlumci","DisplayName":"TestDodajNastavakRazlicitiGlumci","ExecutorUri":"executor://MSTestAdapter/v2","Source":"C:\\Users\\nadir\\Desktop\\VVSZadaca2\\Filmoteka\\Unit Testovi\\bin\\Debug\\fine-code-coverage\\Unit Testovi.dll","CodeFilePath":null,"LineNumber":-1,"Properties":[{"Key":{"Id":"MSTestDiscoverer.TestClassName","Label":"ClassName","Category":"","Description":"","Attributes":1,"ValueType":"System.String"},"Value":"Unit_Testovi.NoviTestovi"},{"Key":{"Id":"TestObject.Traits","Label":"Traits","Category":"","Description":"","Attributes":5,"ValueType":"System.Collections.Generic.KeyValuePair`2[[System.String],[System.String]][]"},"Value":[]}]},"Attachments":[],"Outcome":2,"ErrorMessage":"Test method Unit_Testovi.NoviTestovi.TestDodajNastavakRazlicitiGlumci threw exception: \r\nSystem.NotImplementedException: The method or operation is not implemented.","ErrorStackTrace":"    at Filmoteka.Filmoteka.DodajNastavak(Film film, Double rating, Boolean istiGlumci, List`1 noviGlumci) in C:\\Users\\nadir\\Desktop\\VVSZadaca2\\Filmoteka\\Filmoteka\\Filmoteka.cs:line 131\r\n   at Unit_Testovi.NoviTestovi.TestDodajNastavakRazlicitiGlumci() in C:\\Users\\nadir\\Desktop\\VVSZadaca2\\Filmoteka\\Unit Testovi\\NoviTestovi.cs:line 55\r\n","DisplayName":null,"Messages":[],"ComputerName":null,"Duration":"00:00:00.0007578","StartTime":"2020-12-02T15:55:49.4622612+01:00","EndTime":"2020-12-02T15:55:49.4631416+01:00","Properties":[{"Key":{"Id":"ExecutionId","Label":"ExecutionId","Category":"","Description":"","Attributes":1,"ValueType":"System.Guid"},"Value":"00000000-0000-0000-0000-000000000000"},{"Key":{"Id":"ParentExecId","Label":"ParentExecId","Category":"","Description":"","Attributes":1,"ValueType":"System.Guid"},"Value":"00000000-0000-0000-0000-000000000000"},{"Key":{"Id":"InnerResultsCount","Label":"InnerResultsCount","Category":"","Description":"","Attributes":1,"ValueType":"System.Int32"},"Value":0}]},{"TestCase":{"Id":"83c1ddde-4e31-66fc-a376-4096e8037e77","FullyQualifiedName":"Unit_Testovi.NoviTestovi.TestDodajNastavakIzuzetak","DisplayName":"TestDodajNastavakIzuzetak","ExecutorUri":"executor://MSTestAdapter/v2","Source":"C:\\Users\\nadir\\Desktop\\VVSZadaca2\\Filmoteka\\Unit Testovi\\bin\\Debug\\fine-code-coverage\\Unit Testovi.dll","CodeFilePath":null,"LineNumber":-1,"Properties":[{"Key":{"Id":"MSTestDiscoverer.TestClassName","Label":"ClassName","Category":"","Description":"","Attributes":1,"ValueType":"System.String"},"Value":"Unit_Testovi.NoviTestovi"},{"Key":{"Id":"TestObject.Traits","Label":"Traits","Category":"","Description":"","Attributes":5,"ValueType":"System.Collections.Generic.KeyValuePair`2[[System.String],[System.String]][]"},"Value":[]}]},"Attachments":[],"Outcome":2,"ErrorMessage":"Test method threw exception System.NotImplementedException, but exception System.ArgumentNullException was expected. Exception message: System.NotImplementedException: The method or operation is not implemented.","ErrorStackTrace":"   at Filmoteka.Filmoteka.DodajNastavak(Film film, Double rating, Boolean istiGlumci, List`1 noviGlumci) in C:\\Users\\nadir\\Desktop\\VVSZadaca2\\Filmoteka\\Filmoteka\\Filmoteka.cs:line 131\r\n   at Unit_Testovi.NoviTestovi.TestDodajNastavakIzuzetak() in C:\\Users\\nadir\\Desktop\\VVSZadaca2\\Filmoteka\\Unit Testovi\\NoviTestovi.cs:line 68\r\n","DisplayName":null,"Messages":[],"ComputerName":null,"Duration":"00:00:00.0024949","StartTime":"2020-12-02T15:55:49.4679878+01:00","EndTime":"2020-12-02T15:55:49.4706808+01:00","Properties":[{"Key":{"Id":"ExecutionId","Label":"ExecutionId","Category":"","Description":"","Attributes":1,"ValueType":"System.Guid"},"Value":"00000000-0000-0000-0000-000000000000"},{"Key":{"Id":"ParentExecId","Label":"ParentExecId","Category":"","Description":"","Attributes":1,"ValueType":"System.Guid"},"Value":"00000000-0000-0000-0000-000000000000"},{"Key":{"Id":"InnerResultsCount","Label":"InnerResultsCount","Category":"","Description":"","Attributes":1,"ValueType":"System.Int32"},"Value":0}]}],"TestRunStatistics":{"ExecutedTests":4,"Stats":{"Failed":4}},"ActiveTests":[]},"RunAttachments":[],"ExecutorUris":["executor://mstestadapter/v2"]}}
TpTrace Verbose: 0 : 14996, 4, 2020/12/02, 15:55:49.513, 685503946643, testhost.dll, BaseRunTests.RunTests: Run is complete.
TpTrace Verbose: 0 : 14996, 8, 2020/12/02, 15:55:49.516, 685503974826, testhost.dll, TcpClientExtensions.MessageLoopAsync: NotifyDataAvailable remoteEndPoint: [::ffff:127.0.0.1]:32242 localEndPoint: [::ffff:127.0.0.1]:32243
TpTrace Information: 0 : 14996, 8, 2020/12/02, 15:55:49.517, 685503976992, testhost.dll, TestRequestHandler.ProcessRequests: received message: (TestSession.Terminate) -> null
TpTrace Information: 0 : 14996, 8, 2020/12/02, 15:55:49.517, 685503977597, testhost.dll, Session End message received from server. Closing the connection.
TpTrace Information: 0 : 14996, 8, 2020/12/02, 15:55:49.517, 685503981071, testhost.dll, SocketClient.Stop: Stop communication from server endpoint: 127.0.0.1:032242
TpTrace Information: 0 : 14996, 8, 2020/12/02, 15:55:49.517, 685503981789, testhost.dll, SocketClient: Stop: Cancellation requested. Stopping message loop.
TpTrace Verbose: 0 : 14996, 8, 2020/12/02, 15:55:49.517, 685503985452, testhost.dll, LengthPrefixCommunicationChannel.Dispose: Dispose reader and writer.
TpTrace Information: 0 : 14996, 8, 2020/12/02, 15:55:49.517, 685503986311, testhost.dll, Closing the connection !
TpTrace Information: 0 : 14996, 1, 2020/12/02, 15:55:49.518, 685503987558, testhost.dll, Closing the connection !
TpTrace Information: 0 : 14996, 1, 2020/12/02, 15:55:49.518, 685503988506, testhost.dll, SocketClient.Stop: Stop communication from server endpoint: 127.0.0.1:032242
TpTrace Information: 0 : 14996, 1, 2020/12/02, 15:55:49.518, 685503989134, testhost.dll, SocketClient: Stop: Cancellation requested. Stopping message loop.
TpTrace Verbose: 0 : 14996, 1, 2020/12/02, 15:55:49.518, 685503989768, testhost.dll, LengthPrefixCommunicationChannel.Dispose: Dispose reader and writer.
TpTrace Information: 0 : 14996, 8, 2020/12/02, 15:55:49.518, 685503989371, testhost.dll, SocketClient.PrivateStop: Stop communication from server endpoint: 127.0.0.1:032242, error:
TpTrace Information: 0 : 14996, 1, 2020/12/02, 15:55:49.518, 685503990964, testhost.dll, Testhost process exiting.
TpTrace Verbose: 0 : 14996, 8, 2020/12/02, 15:55:49.518, 685503992553, testhost.dll, LengthPrefixCommunicationChannel.Dispose: Dispose reader and writer.
TpTrace Verbose: 0 : 14996, 8, 2020/12/02, 15:55:49.518, 685503993485, testhost.dll, TcpClientExtensions.MessageLoopAsync: exiting MessageLoopAsync remoteEndPoint: [::ffff:127.0.0.1]:32242 localEndPoint: [::ffff:127.0.0.1]:32243
