TpTrace Information: 0 : 16548, 1, 2020/12/02, 14:54:26.475, 1885203910600, testhost.dll, DefaultEngineInvoker.Invoke: Testhost process started with args :[--port, 51035],[--endpoint, 127.0.0.1:051035],[--role, client],[--parentprocessid, 14164],[--diag, C:\Users\User\Desktop\VVSZadaca2\Filmoteka\Unit Testovi\bin\Debug\fine-code-coverage\_outputfolder\diagnostics.host.20-12-02_14-54-26_02179_4.log],[--tracelevel, 4],[--datacollectionport, 51034],[--telemetryoptedin, false]
TpTrace Information: 0 : 16548, 1, 2020/12/02, 14:54:26.489, 1885203977201, testhost.dll, DefaultEngineInvoker.SetParentProcessExitCallback: Monitoring parent process with id: '14164'
TpTrace Information: 0 : 16548, 1, 2020/12/02, 14:54:26.509, 1885204175374, testhost.dll, DefaultEngineInvoker.GetConnectionInfo: Initialize communication on endpoint address: '127.0.0.1:051035'
TpTrace Information: 0 : 16548, 1, 2020/12/02, 14:54:26.548, 1885204567635, testhost.dll, SocketClient.Start: connecting to server endpoint: 127.0.0.1:051035
TpTrace Information: 0 : 16548, 1, 2020/12/02, 14:54:26.562, 1885204706631, testhost.dll, DefaultEngineInvoker.ConnectToDatacollector: Connecting to datacollector, port: 51034
TpTrace Information: 0 : 16548, 4, 2020/12/02, 14:54:26.569, 1885204775269, testhost.dll, SocketClient.OnServerConnected: connected to server endpoint: 127.0.0.1:051035
TpTrace Information: 0 : 16548, 1, 2020/12/02, 14:54:26.574, 1885204822334, testhost.dll, Trying to connect to server on socket : 127.0.0.1:51034 
TpTrace Verbose: 0 : 16548, 1, 2020/12/02, 14:54:26.575, 1885204834759, testhost.dll, SocketCommunicationManager : SetupClientAsync : Attempting to connect to the server.
TpTrace Verbose: 0 : 16548, 4, 2020/12/02, 14:54:26.577, 1885204856980, testhost.dll, Connected to server, and starting MessageLoopAsync
TpTrace Information: 0 : 16548, 1, 2020/12/02, 14:54:26.583, 1885204917595, testhost.dll, Connected to the server successfully 
TpTrace Information: 0 : 16548, 1, 2020/12/02, 14:54:26.584, 1885204920161, testhost.dll, Using the buffer size of 16384 bytes
TpTrace Information: 0 : 16548, 1, 2020/12/02, 14:54:26.586, 1885204938022, testhost.dll, DefaultEngineInvoker.Invoke: Start Request Processing.
TpTrace Verbose: 0 : 16548, 4, 2020/12/02, 14:54:26.586, 1885204939260, testhost.dll, TcpClientExtensions.MessageLoopAsync: Polling on remoteEndPoint: [::ffff:127.0.0.1]:51035 localEndPoint: [::ffff:127.0.0.1]:51036
TpTrace Verbose: 0 : 16548, 4, 2020/12/02, 14:54:26.587, 1885204949250, testhost.dll, TcpClientExtensions.MessageLoopAsync: NotifyDataAvailable remoteEndPoint: [::ffff:127.0.0.1]:51035 localEndPoint: [::ffff:127.0.0.1]:51036
TpTrace Information: 0 : 16548, 12, 2020/12/02, 14:54:26.590, 1885204982457, testhost.dll, DefaultEngineInvoker.StartProcessingAsync: Connected to vstest.console, Starting process requests.
TpTrace Information: 0 : 16548, 4, 2020/12/02, 14:54:26.979, 1885208872068, testhost.dll, TestRequestHandler.ProcessRequests: received message: (ProtocolVersion) -> 3
TpTrace Verbose: 0 : 16548, 4, 2020/12/02, 14:54:27.034, 1885209420419, testhost.dll, TestRequestHandler.SendData:  sending data from testhost: {"Version":2,"MessageType":"TestSession.Message","Payload":{"MessageLevel":0,"Message":"Logging TestHost Diagnostics in file: C:\\Users\\User\\Desktop\\VVSZadaca2\\Filmoteka\\Unit Testovi\\bin\\Debug\\fine-code-coverage\\_outputfolder\\diagnostics.host.20-12-02_14-54-26_02179_4.log"}}
TpTrace Verbose: 0 : 16548, 4, 2020/12/02, 14:54:27.034, 1885209423625, testhost.dll, TcpClientExtensions.MessageLoopAsync: Polling on remoteEndPoint: [::ffff:127.0.0.1]:51035 localEndPoint: [::ffff:127.0.0.1]:51036
TpTrace Verbose: 0 : 16548, 4, 2020/12/02, 14:54:27.034, 1885209426001, testhost.dll, TcpClientExtensions.MessageLoopAsync: NotifyDataAvailable remoteEndPoint: [::ffff:127.0.0.1]:51035 localEndPoint: [::ffff:127.0.0.1]:51036
TpTrace Information: 0 : 16548, 4, 2020/12/02, 14:54:27.041, 1885209493247, testhost.dll, TestRequestHandler.ProcessRequests: received message: (TestExecution.Initialize) -> [
  "C:\\Users\\User\\Desktop\\VVSZadaca2\\Filmoteka\\Unit Testovi\\bin\\Debug\\fine-code-coverage\\Microsoft.VisualStudio.TestPlatform.MSTest.TestAdapter.dll"
]
TpTrace Information: 0 : 16548, 4, 2020/12/02, 14:54:27.041, 1885209497101, testhost.dll, Execution Session Initialize.
TpTrace Verbose: 0 : 16548, 4, 2020/12/02, 14:54:27.053, 1885209613471, testhost.dll, TcpClientExtensions.MessageLoopAsync: Polling on remoteEndPoint: [::ffff:127.0.0.1]:51035 localEndPoint: [::ffff:127.0.0.1]:51036
TpTrace Verbose: 0 : 16548, 4, 2020/12/02, 14:54:27.053, 1885209615856, testhost.dll, TcpClientExtensions.MessageLoopAsync: NotifyDataAvailable remoteEndPoint: [::ffff:127.0.0.1]:51035 localEndPoint: [::ffff:127.0.0.1]:51036
TpTrace Verbose: 0 : 16548, 5, 2020/12/02, 14:54:27.059, 1885209668048, testhost.dll, TestExecutorService: Loading the extensions
TpTrace Information: 0 : 16548, 4, 2020/12/02, 14:54:27.060, 1885209680274, testhost.dll, TestRequestHandler.ProcessRequests: received message: (TestExecution.StartWithSources) -> {
  "AdapterSourceMap": {
    "_none_": [
      "C:\\Users\\User\\Desktop\\VVSZadaca2\\Filmoteka\\Unit Testovi\\bin\\Debug\\fine-code-coverage\\Unit Testovi.dll"
    ]
  },
  "RunSettings": "<RunSettings>\r\n  <RunConfiguration>\r\n    <ResultsDirectory>C:\\Users\\User\\Desktop\\VVSZadaca2\\Filmoteka\\Unit Testovi\\bin\\Debug\\fine-code-coverage\\_outputfolder</ResultsDirectory>\r\n    <TargetPlatform>X64</TargetPlatform>\r\n    <TargetFrameworkVersion>.NETCoreApp,Version=v3.1</TargetFrameworkVersion>\r\n    <DesignMode>False</DesignMode>\r\n    <CollectSourceInformation>False</CollectSourceInformation>\r\n  </RunConfiguration>\r\n  <LoggerRunSettings>\r\n    <Loggers>\r\n      <Logger friendlyName=\"blame\" enabled=\"True\" />\r\n      <Logger friendlyName=\"Console\" uri=\"logger://microsoft/TestPlatform/ConsoleLogger/v1\" assemblyQualifiedName=\"Microsoft.VisualStudio.TestPlatform.CommandLine.Internal.ConsoleLogger, vstest.console, Version=15.0.0.0, Culture=neutral, PublicKeyToken=b03f5f7f11d50a3a\" codeBase=\"C:\\Program Files\\dotnet\\sdk\\3.1.403\\vstest.console.dll\" enabled=\"True\" />\r\n    </Loggers>\r\n  </LoggerRunSettings>\r\n  <DataCollectionRunSettings>\r\n    <DataCollectors>\r\n      <DataCollector friendlyName=\"blame\" enabled=\"True\">\r\n        <Configuration>\r\n          <ResultsDirectory>C:\\Users\\User\\Desktop\\VVSZadaca2\\Filmoteka\\Unit Testovi\\bin\\Debug\\fine-code-coverage\\_outputfolder</ResultsDirectory>\r\n        </Configuration>\r\n      </DataCollector>\r\n    </DataCollectors>\r\n  </DataCollectionRunSettings>\r\n</RunSettings>",
  "TestExecutionContext": {
    "FrequencyOfRunStatsChangeEvent": 10,
    "RunStatsChangeEventTimeout": "00:00:01.5000000",
    "InIsolation": false,
    "KeepAlive": false,
    "AreTestCaseLevelEventsRequired": false,
    "IsDebug": false,
    "TestCaseFilter": null,
    "FilterOptions": null
  },
  "Package": null
}
TpTrace Information: 0 : 16548, 4, 2020/12/02, 14:54:27.060, 1885209684094, testhost.dll, Execution started.
TpTrace Verbose: 0 : 16548, 5, 2020/12/02, 14:54:27.063, 1885209707932, testhost.dll, TestPluginCache.DiscoverTestExtensions: finding test extensions in assemblies endswith: TestAdapter.dll TPluginInfo: Microsoft.VisualStudio.TestPlatform.Common.ExtensionFramework.Utilities.TestExecutorPluginInformation TExtension: Microsoft.VisualStudio.TestPlatform.ObjectModel.Adapter.ITestExecutor
TpTrace Verbose: 0 : 16548, 5, 2020/12/02, 14:54:27.064, 1885209726576, testhost.dll, TestPluginCache.GetExtensionPaths: Filtered extension paths: 
TpTrace Verbose: 0 : 16548, 5, 2020/12/02, 14:54:27.065, 1885209733074, testhost.dll, TestPluginCache.GetExtensionPaths: Added default extension paths: C:\Users\User\Desktop\VVSZadaca2\Filmoteka\Unit Testovi\bin\Debug\fine-code-coverage\Microsoft.VisualStudio.TestPlatform.MSTest.TestAdapter.dll
TpTrace Verbose: 0 : 16548, 5, 2020/12/02, 14:54:27.065, 1885209735148, testhost.dll, TestPluginCache.GetExtensionPaths: Added unfilterableExtensionPaths: 
TpTrace Information: 0 : 16548, 5, 2020/12/02, 14:54:27.070, 1885209784325, testhost.dll, AssemblyResolver.ctor: Creating AssemblyResolver with searchDirectories C:\Users\User\Desktop\VVSZadaca2\Filmoteka\Unit Testovi\bin\Debug\fine-code-coverage
TpTrace Verbose: 0 : 16548, 5, 2020/12/02, 14:54:27.074, 1885209824621, testhost.dll, TestPluginCache.DiscoverTestExtensions: Discovering the extensions using extension path.
TpTrace Verbose: 0 : 16548, 5, 2020/12/02, 14:54:27.075, 1885209828764, testhost.dll, TestPluginCache.GetExtensionPaths: Filtered extension paths: 
TpTrace Verbose: 0 : 16548, 5, 2020/12/02, 14:54:27.075, 1885209831243, testhost.dll, TestPluginCache.GetExtensionPaths: Added default extension paths: C:\Users\User\Desktop\VVSZadaca2\Filmoteka\Unit Testovi\bin\Debug\fine-code-coverage\Microsoft.VisualStudio.TestPlatform.MSTest.TestAdapter.dll
TpTrace Verbose: 0 : 16548, 5, 2020/12/02, 14:54:27.075, 1885209833576, testhost.dll, TestPluginCache.GetExtensionPaths: Added unfilterableExtensionPaths: 
TpTrace Verbose: 0 : 16548, 5, 2020/12/02, 14:54:27.075, 1885209836888, testhost.dll, TestPluginCache.DiscoverTestExtensions: Discovering the extensions using allExtensionPaths: C:\Users\User\Desktop\VVSZadaca2\Filmoteka\Unit Testovi\bin\Debug\fine-code-coverage\Microsoft.VisualStudio.TestPlatform.MSTest.TestAdapter.dll
TpTrace Information: 0 : 16548, 5, 2020/12/02, 14:54:27.078, 1885209858684, testhost.dll, AssemblyResolver.AddSearchDirectories: Adding more searchDirectories C:\Users\User\Desktop\VVSZadaca2\Filmoteka\Unit Testovi\bin\Debug\fine-code-coverage
TpTrace Information: 0 : 16548, 5, 2020/12/02, 14:54:27.089, 1885209973075, testhost.dll, AssemblyResolver.OnResolve: Microsoft.VisualStudio.TestPlatform.MSTest.TestAdapter: Resolving assembly.
TpTrace Information: 0 : 16548, 5, 2020/12/02, 14:54:27.092, 1885210006099, testhost.dll, AssemblyResolver.OnResolve: Resolved assembly: Microsoft.VisualStudio.TestPlatform.MSTest.TestAdapter, from path: C:\Users\User\Desktop\VVSZadaca2\Filmoteka\Unit Testovi\bin\Debug\fine-code-coverage\Microsoft.VisualStudio.TestPlatform.MSTest.TestAdapter.dll
TpTrace Information: 0 : 16548, 5, 2020/12/02, 14:54:27.096, 1885210039362, testhost.dll, AssemblyResolver.OnResolve: Microsoft.VisualStudio.TestPlatform.MSTestAdapter.PlatformServices.Interface: Resolving assembly.
TpTrace Information: 0 : 16548, 5, 2020/12/02, 14:54:27.097, 1885210052028, testhost.dll, AssemblyResolver.OnResolve: Resolved assembly: Microsoft.VisualStudio.TestPlatform.MSTestAdapter.PlatformServices.Interface, from path: C:\Users\User\Desktop\VVSZadaca2\Filmoteka\Unit Testovi\bin\Debug\fine-code-coverage\Microsoft.VisualStudio.TestPlatform.MSTestAdapter.PlatformServices.Interface.dll
TpTrace Information: 0 : 16548, 5, 2020/12/02, 14:54:27.097, 1885210057189, testhost.dll, AssemblyResolver.OnResolve: Microsoft.VisualStudio.TestPlatform.MSTestAdapter.PlatformServices: Resolving assembly.
TpTrace Information: 0 : 16548, 5, 2020/12/02, 14:54:27.098, 1885210067669, testhost.dll, AssemblyResolver.OnResolve: Resolved assembly: Microsoft.VisualStudio.TestPlatform.MSTestAdapter.PlatformServices, from path: C:\Users\User\Desktop\VVSZadaca2\Filmoteka\Unit Testovi\bin\Debug\fine-code-coverage\Microsoft.VisualStudio.TestPlatform.MSTestAdapter.PlatformServices.dll
TpTrace Verbose: 0 : 16548, 5, 2020/12/02, 14:54:27.108, 1885210164388, testhost.dll, TestPluginCache: Discovered the extensions using extension path ''.
TpTrace Verbose: 0 : 16548, 5, 2020/12/02, 14:54:27.109, 1885210172724, testhost.dll, TestPluginCache: Discoverers are ''.
TpTrace Verbose: 0 : 16548, 5, 2020/12/02, 14:54:27.109, 1885210175023, testhost.dll, TestPluginCache: Executors are 'executor://MSTestAdapter/v2'.
TpTrace Verbose: 0 : 16548, 5, 2020/12/02, 14:54:27.110, 1885210177997, testhost.dll, TestPluginCache: Setting providers are ''.
TpTrace Verbose: 0 : 16548, 5, 2020/12/02, 14:54:27.110, 1885210180483, testhost.dll, TestPluginCache: Loggers are ''.
TpTrace Verbose: 0 : 16548, 4, 2020/12/02, 14:54:27.114, 1885210217906, testhost.dll, TcpClientExtensions.MessageLoopAsync: Polling on remoteEndPoint: [::ffff:127.0.0.1]:51035 localEndPoint: [::ffff:127.0.0.1]:51036
TpTrace Information: 0 : 16548, 5, 2020/12/02, 14:54:27.120, 1885210278868, testhost.dll, TestPluginManager.CreateTestExtension: Attempting to load test extension: Microsoft.VisualStudio.TestPlatform.MSTest.TestAdapter.MSTestExecutor
TpTrace Verbose: 0 : 16548, 5, 2020/12/02, 14:54:27.127, 1885210353838, testhost.dll, TestExecutorExtensionManager: Loading executor Microsoft.VisualStudio.TestPlatform.MSTest.TestAdapter.MSTestExecutor
TpTrace Verbose: 0 : 16548, 5, 2020/12/02, 14:54:27.127, 1885210355921, testhost.dll, TestExecutorService: Loaded the executors
TpTrace Verbose: 0 : 16548, 5, 2020/12/02, 14:54:27.129, 1885210369961, testhost.dll, TestPluginCache.DiscoverTestExtensions: finding test extensions in assemblies endswith: TestAdapter.dll TPluginInfo: Microsoft.VisualStudio.TestPlatform.Common.ExtensionFramework.Utilities.TestSettingsProviderPluginInformation TExtension: Microsoft.VisualStudio.TestPlatform.ObjectModel.Adapter.ISettingsProvider
TpTrace Verbose: 0 : 16548, 5, 2020/12/02, 14:54:27.129, 1885210375493, testhost.dll, TestPluginCache.GetExtensionPaths: Filtered extension paths: 
TpTrace Verbose: 0 : 16548, 5, 2020/12/02, 14:54:27.129, 1885210377178, testhost.dll, TestPluginCache.GetExtensionPaths: Added default extension paths: C:\Users\User\Desktop\VVSZadaca2\Filmoteka\Unit Testovi\bin\Debug\fine-code-coverage\Microsoft.VisualStudio.TestPlatform.MSTest.TestAdapter.dll
TpTrace Verbose: 0 : 16548, 5, 2020/12/02, 14:54:27.130, 1885210378626, testhost.dll, TestPluginCache.GetExtensionPaths: Added unfilterableExtensionPaths: 
TpTrace Information: 0 : 16548, 5, 2020/12/02, 14:54:27.130, 1885210381776, testhost.dll, AssemblyResolver.AddSearchDirectories: Adding more searchDirectories C:\Users\User\Desktop\VVSZadaca2\Filmoteka\Unit Testovi\bin\Debug\fine-code-coverage
TpTrace Verbose: 0 : 16548, 5, 2020/12/02, 14:54:27.130, 1885210383494, testhost.dll, TestPluginCache.DiscoverTestExtensions: Discovering the extensions using extension path.
TpTrace Verbose: 0 : 16548, 5, 2020/12/02, 14:54:27.130, 1885210387408, testhost.dll, TestPluginCache.GetExtensionPaths: Filtered extension paths: 
TpTrace Verbose: 0 : 16548, 5, 2020/12/02, 14:54:27.131, 1885210389437, testhost.dll, TestPluginCache.GetExtensionPaths: Added default extension paths: C:\Users\User\Desktop\VVSZadaca2\Filmoteka\Unit Testovi\bin\Debug\fine-code-coverage\Microsoft.VisualStudio.TestPlatform.MSTest.TestAdapter.dll
TpTrace Verbose: 0 : 16548, 5, 2020/12/02, 14:54:27.131, 1885210391202, testhost.dll, TestPluginCache.GetExtensionPaths: Added unfilterableExtensionPaths: 
TpTrace Verbose: 0 : 16548, 5, 2020/12/02, 14:54:27.131, 1885210392967, testhost.dll, TestPluginCache.DiscoverTestExtensions: Discovering the extensions using allExtensionPaths: C:\Users\User\Desktop\VVSZadaca2\Filmoteka\Unit Testovi\bin\Debug\fine-code-coverage\Microsoft.VisualStudio.TestPlatform.MSTest.TestAdapter.dll
TpTrace Information: 0 : 16548, 5, 2020/12/02, 14:54:27.131, 1885210395021, testhost.dll, AssemblyResolver.AddSearchDirectories: Adding more searchDirectories C:\Users\User\Desktop\VVSZadaca2\Filmoteka\Unit Testovi\bin\Debug\fine-code-coverage
TpTrace Verbose: 0 : 16548, 5, 2020/12/02, 14:54:27.132, 1885210400492, testhost.dll, TestPluginCache: Discovered the extensions using extension path ''.
TpTrace Verbose: 0 : 16548, 5, 2020/12/02, 14:54:27.132, 1885210403016, testhost.dll, TestPluginCache: Discoverers are ''.
TpTrace Verbose: 0 : 16548, 5, 2020/12/02, 14:54:27.132, 1885210405325, testhost.dll, TestPluginCache: Executors are 'executor://MSTestAdapter/v2'.
TpTrace Verbose: 0 : 16548, 5, 2020/12/02, 14:54:27.132, 1885210407365, testhost.dll, TestPluginCache: Setting providers are ''.
TpTrace Verbose: 0 : 16548, 5, 2020/12/02, 14:54:27.133, 1885210408811, testhost.dll, TestPluginCache: Loggers are ''.
TpTrace Verbose: 0 : 16548, 5, 2020/12/02, 14:54:27.134, 1885210423716, testhost.dll, TestExecutorService: Loaded the settings providers
TpTrace Information: 0 : 16548, 5, 2020/12/02, 14:54:27.134, 1885210425911, testhost.dll, TestExecutorService: Loaded the extensions
TpTrace Information: 0 : 16548, 5, 2020/12/02, 14:54:27.251, 1885211595053, testhost.dll, TestDiscoveryManager: Discovering tests from sources C:\Users\User\Desktop\VVSZadaca2\Filmoteka\Unit Testovi\bin\Debug\fine-code-coverage\Unit Testovi.dll
TpTrace Verbose: 0 : 16548, 5, 2020/12/02, 14:54:27.256, 1885211641275, testhost.dll, TestPluginCache.DiscoverTestExtensions: finding test extensions in assemblies endswith: TestAdapter.dll TPluginInfo: Microsoft.VisualStudio.TestPlatform.Common.ExtensionFramework.Utilities.TestDiscovererPluginInformation TExtension: Microsoft.VisualStudio.TestPlatform.ObjectModel.Adapter.ITestDiscoverer
TpTrace Verbose: 0 : 16548, 5, 2020/12/02, 14:54:27.256, 1885211645492, testhost.dll, TestPluginCache.GetExtensionPaths: Filtered extension paths: 
TpTrace Verbose: 0 : 16548, 5, 2020/12/02, 14:54:27.256, 1885211647249, testhost.dll, TestPluginCache.GetExtensionPaths: Added default extension paths: C:\Users\User\Desktop\VVSZadaca2\Filmoteka\Unit Testovi\bin\Debug\fine-code-coverage\Microsoft.VisualStudio.TestPlatform.MSTest.TestAdapter.dll
TpTrace Verbose: 0 : 16548, 5, 2020/12/02, 14:54:27.257, 1885211648707, testhost.dll, TestPluginCache.GetExtensionPaths: Added unfilterableExtensionPaths: 
TpTrace Information: 0 : 16548, 5, 2020/12/02, 14:54:27.257, 1885211651826, testhost.dll, AssemblyResolver.AddSearchDirectories: Adding more searchDirectories C:\Users\User\Desktop\VVSZadaca2\Filmoteka\Unit Testovi\bin\Debug\fine-code-coverage
TpTrace Verbose: 0 : 16548, 5, 2020/12/02, 14:54:27.257, 1885211654019, testhost.dll, TestPluginCache.DiscoverTestExtensions: Discovering the extensions using extension path.
TpTrace Verbose: 0 : 16548, 5, 2020/12/02, 14:54:27.257, 1885211655549, testhost.dll, TestPluginCache.GetExtensionPaths: Filtered extension paths: 
TpTrace Verbose: 0 : 16548, 5, 2020/12/02, 14:54:27.257, 1885211656959, testhost.dll, TestPluginCache.GetExtensionPaths: Added default extension paths: C:\Users\User\Desktop\VVSZadaca2\Filmoteka\Unit Testovi\bin\Debug\fine-code-coverage\Microsoft.VisualStudio.TestPlatform.MSTest.TestAdapter.dll
TpTrace Verbose: 0 : 16548, 5, 2020/12/02, 14:54:27.258, 1885211658345, testhost.dll, TestPluginCache.GetExtensionPaths: Added unfilterableExtensionPaths: 
TpTrace Verbose: 0 : 16548, 5, 2020/12/02, 14:54:27.258, 1885211659794, testhost.dll, TestPluginCache.DiscoverTestExtensions: Discovering the extensions using allExtensionPaths: C:\Users\User\Desktop\VVSZadaca2\Filmoteka\Unit Testovi\bin\Debug\fine-code-coverage\Microsoft.VisualStudio.TestPlatform.MSTest.TestAdapter.dll
TpTrace Information: 0 : 16548, 5, 2020/12/02, 14:54:27.258, 1885211661535, testhost.dll, AssemblyResolver.AddSearchDirectories: Adding more searchDirectories C:\Users\User\Desktop\VVSZadaca2\Filmoteka\Unit Testovi\bin\Debug\fine-code-coverage
TpTrace Verbose: 0 : 16548, 5, 2020/12/02, 14:54:27.262, 1885211699741, testhost.dll, TestPluginCache: Discovered the extensions using extension path ''.
TpTrace Verbose: 0 : 16548, 5, 2020/12/02, 14:54:27.262, 1885211702204, testhost.dll, TestPluginCache: Discoverers are 'Microsoft.VisualStudio.TestPlatform.MSTest.TestAdapter.MSTestDiscoverer, Microsoft.VisualStudio.TestPlatform.MSTest.TestAdapter, Version=14.0.0.0, Culture=neutral, PublicKeyToken=b03f5f7f11d50a3a'.
TpTrace Verbose: 0 : 16548, 5, 2020/12/02, 14:54:27.262, 1885211704853, testhost.dll, TestPluginCache: Executors are 'executor://MSTestAdapter/v2'.
TpTrace Verbose: 0 : 16548, 5, 2020/12/02, 14:54:27.262, 1885211706366, testhost.dll, TestPluginCache: Setting providers are ''.
TpTrace Verbose: 0 : 16548, 5, 2020/12/02, 14:54:27.263, 1885211707749, testhost.dll, TestPluginCache: Loggers are ''.
TpTrace Verbose: 0 : 16548, 5, 2020/12/02, 14:54:27.271, 1885211788604, testhost.dll, BaseRunTests.RunTestInternalWithExecutors: Running tests for executor://MSTestAdapter/v2
TpTrace Information: 0 : 16548, 5, 2020/12/02, 14:54:27.340, 1885212486086, testhost.dll, AssemblyResolver.OnResolve: Microsoft.VisualStudio.TestPlatform.MSTestAdapter.PlatformServices.resources: Resolving assembly.
TpTrace Information: 0 : 16548, 5, 2020/12/02, 14:54:27.341, 1885212490234, testhost.dll, AssemblyResolver.OnResolve: Microsoft.VisualStudio.TestPlatform.MSTestAdapter.PlatformServices.resources: Failed to load assembly.
TpTrace Information: 0 : 16548, 5, 2020/12/02, 14:54:27.341, 1885212494622, testhost.dll, AssemblyResolver.OnResolve: Microsoft.VisualStudio.TestPlatform.MSTestAdapter.PlatformServices.resources: Resolving assembly.
TpTrace Information: 0 : 16548, 5, 2020/12/02, 14:54:27.341, 1885212496329, testhost.dll, AssemblyResolver.OnResolve: Microsoft.VisualStudio.TestPlatform.MSTestAdapter.PlatformServices.resources: Resolved from cache.
TpTrace Verbose: 0 : 16548, 5, 2020/12/02, 14:54:27.368, 1885212760940, testhost.dll, TestExecutionRecorder.RecordStart: Starting test: Unit_Testovi.NoviTestovi.TestZamjenskiObjekat.
TpTrace Information: 0 : 16548, 5, 2020/12/02, 14:54:27.610, 1885215178153, testhost.dll, AssemblyResolver.OnResolve: Microsoft.VisualStudio.TestPlatform.MSTest.TestAdapter.resources: Resolving assembly.
TpTrace Information: 0 : 16548, 5, 2020/12/02, 14:54:27.610, 1885215182454, testhost.dll, AssemblyResolver.OnResolve: Microsoft.VisualStudio.TestPlatform.MSTest.TestAdapter.resources: Failed to load assembly.
TpTrace Verbose: 0 : 16548, 5, 2020/12/02, 14:54:27.701, 1885216094322, testhost.dll, TestExecutionRecorder.RecordEnd: test: Unit_Testovi.NoviTestovi.TestZamjenskiObjekat execution completed.
TpTrace Verbose: 0 : 16548, 5, 2020/12/02, 14:54:27.791, 1885216993888, testhost.dll, TestExecutionRecorder.RecordResult: Received result for test: Unit_Testovi.NoviTestovi.TestZamjenskiObjekat.
TpTrace Warning: 0 : 16548, 5, 2020/12/02, 14:54:27.800, 1885217079735, testhost.dll, InProgressTests is null
TpTrace Warning: 0 : 16548, 5, 2020/12/02, 14:54:27.805, 1885217130401, testhost.dll, TestRunCache: No test found corresponding to testResult 'TestZamjenskiObjekat  Failed
  Message: Test method Unit_Testovi.NoviTestovi.TestZamjenskiObjekat threw exception: 
System.NotImplementedException: The method or operation is not implemented.
  StackTrace:
    at Filmoteka.Reziser.DaLiJeReziraoFilm(Film f) in C:\Users\User\Desktop\VVSZadaca2\Filmoteka\Filmoteka\Reziser.cs:line 15
   at Filmoteka.Filmoteka.DajSveFilmoveZaRezisera(IReziser reziser) in C:\Users\User\Desktop\VVSZadaca2\Filmoteka\Filmoteka\Filmoteka.cs:line 97
   at Unit_Testovi.NoviTestovi.TestZamjenskiObjekat() in C:\Users\User\Desktop\VVSZadaca2\Filmoteka\Unit Testovi\NoviTestovi.cs:line 23
' in inProgress list.
TpTrace Verbose: 0 : 16548, 5, 2020/12/02, 14:54:27.805, 1885217135279, testhost.dll, TestExecutionRecorder.RecordStart: Starting test: Unit_Testovi.NoviTestovi.TestDodajNastavakIstiGlumci.
TpTrace Verbose: 0 : 16548, 5, 2020/12/02, 14:54:27.812, 1885217200843, testhost.dll, TestExecutionRecorder.RecordEnd: test: Unit_Testovi.NoviTestovi.TestDodajNastavakIstiGlumci execution completed.
TpTrace Verbose: 0 : 16548, 5, 2020/12/02, 14:54:27.815, 1885217233657, testhost.dll, TestExecutionRecorder.RecordResult: Received result for test: Unit_Testovi.NoviTestovi.TestDodajNastavakIstiGlumci.
TpTrace Warning: 0 : 16548, 5, 2020/12/02, 14:54:27.815, 1885217236710, testhost.dll, InProgressTests is null
TpTrace Warning: 0 : 16548, 5, 2020/12/02, 14:54:27.816, 1885217239419, testhost.dll, TestRunCache: No test found corresponding to testResult 'TestDodajNastavakIstiGlumci  Failed
  Message: Test method Unit_Testovi.NoviTestovi.TestDodajNastavakIstiGlumci threw exception: 
System.NotImplementedException: The method or operation is not implemented.
  StackTrace:
    at Filmoteka.Filmoteka.DodajNastavak(Film film, Double rating, Boolean istiGlumci, List`1 noviGlumci) in C:\Users\User\Desktop\VVSZadaca2\Filmoteka\Filmoteka\Filmoteka.cs:line 118
   at Unit_Testovi.NoviTestovi.TestDodajNastavakIstiGlumci() in C:\Users\User\Desktop\VVSZadaca2\Filmoteka\Unit Testovi\NoviTestovi.cs:line 40
' in inProgress list.
TpTrace Verbose: 0 : 16548, 5, 2020/12/02, 14:54:27.816, 1885217241772, testhost.dll, TestExecutionRecorder.RecordStart: Starting test: Unit_Testovi.NoviTestovi.TestDodajNastavakRazlicitiGlumci.
TpTrace Verbose: 0 : 16548, 5, 2020/12/02, 14:54:27.821, 1885217289667, testhost.dll, TestExecutionRecorder.RecordEnd: test: Unit_Testovi.NoviTestovi.TestDodajNastavakRazlicitiGlumci execution completed.
TpTrace Verbose: 0 : 16548, 5, 2020/12/02, 14:54:27.829, 1885217373926, testhost.dll, TestExecutionRecorder.RecordResult: Received result for test: Unit_Testovi.NoviTestovi.TestDodajNastavakRazlicitiGlumci.
TpTrace Warning: 0 : 16548, 5, 2020/12/02, 14:54:27.829, 1885217376987, testhost.dll, InProgressTests is null
TpTrace Warning: 0 : 16548, 5, 2020/12/02, 14:54:27.830, 1885217379199, testhost.dll, TestRunCache: No test found corresponding to testResult 'TestDodajNastavakRazlicitiGlumci  Failed
  Message: Test method Unit_Testovi.NoviTestovi.TestDodajNastavakRazlicitiGlumci threw exception: 
System.NotImplementedException: The method or operation is not implemented.
  StackTrace:
    at Filmoteka.Filmoteka.DodajNastavak(Film film, Double rating, Boolean istiGlumci, List`1 noviGlumci) in C:\Users\User\Desktop\VVSZadaca2\Filmoteka\Filmoteka\Filmoteka.cs:line 118
   at Unit_Testovi.NoviTestovi.TestDodajNastavakRazlicitiGlumci() in C:\Users\User\Desktop\VVSZadaca2\Filmoteka\Unit Testovi\NoviTestovi.cs:line 53
' in inProgress list.
TpTrace Verbose: 0 : 16548, 5, 2020/12/02, 14:54:27.830, 1885217381603, testhost.dll, TestExecutionRecorder.RecordStart: Starting test: Unit_Testovi.NoviTestovi.TestDodajNastavakIzuzetak.
TpTrace Information: 0 : 16548, 5, 2020/12/02, 14:54:27.836, 1885217440251, testhost.dll, AssemblyResolver.OnResolve: Microsoft.VisualStudio.TestPlatform.TestFramework.resources: Resolving assembly.
TpTrace Information: 0 : 16548, 5, 2020/12/02, 14:54:27.836, 1885217444410, testhost.dll, AssemblyResolver.OnResolve: Microsoft.VisualStudio.TestPlatform.TestFramework.resources: Failed to load assembly.
TpTrace Verbose: 0 : 16548, 5, 2020/12/02, 14:54:27.839, 1885217468528, testhost.dll, TestExecutionRecorder.RecordEnd: test: Unit_Testovi.NoviTestovi.TestDodajNastavakIzuzetak execution completed.
TpTrace Verbose: 0 : 16548, 5, 2020/12/02, 14:54:27.842, 1885217503450, testhost.dll, TestExecutionRecorder.RecordResult: Received result for test: Unit_Testovi.NoviTestovi.TestDodajNastavakIzuzetak.
TpTrace Warning: 0 : 16548, 5, 2020/12/02, 14:54:27.842, 1885217506274, testhost.dll, InProgressTests is null
TpTrace Warning: 0 : 16548, 5, 2020/12/02, 14:54:27.843, 1885217508721, testhost.dll, TestRunCache: No test found corresponding to testResult 'TestDodajNastavakIzuzetak  Failed
  Message: Test method threw exception System.NotImplementedException, but exception System.ArgumentNullException was expected. Exception message: System.NotImplementedException: The method or operation is not implemented.
  StackTrace:
   at Filmoteka.Filmoteka.DodajNastavak(Film film, Double rating, Boolean istiGlumci, List`1 noviGlumci) in C:\Users\User\Desktop\VVSZadaca2\Filmoteka\Filmoteka\Filmoteka.cs:line 118
   at Unit_Testovi.NoviTestovi.TestDodajNastavakIzuzetak() in C:\Users\User\Desktop\VVSZadaca2\Filmoteka\Unit Testovi\NoviTestovi.cs:line 66
' in inProgress list.
TpTrace Verbose: 0 : 16548, 5, 2020/12/02, 14:54:27.847, 1885217551394, testhost.dll, BaseRunTests.RunTestInternalWithExecutors: Completed running tests for executor://MSTestAdapter/v2
TpTrace Information: 0 : 16548, 5, 2020/12/02, 14:54:27.857, 1885217654252, testhost.dll, Sending test run complete
TpTrace Verbose: 0 : 16548, 5, 2020/12/02, 14:54:27.976, 1885218847119, testhost.dll, TestRequestHandler.SendData:  sending data from testhost: {"Version":2,"MessageType":"TestExecution.Completed","Payload":{"TestRunCompleteArgs":{"TestRunStatistics":{"ExecutedTests":4,"Stats":{"Failed":4}},"IsCanceled":false,"IsAborted":false,"Error":null,"AttachmentSets":[],"ElapsedTimeInRunningTests":"00:00:00.5822724","Metrics":{}},"LastRunTests":{"NewTestResults":[{"TestCase":{"Id":"aef9dec6-1181-fac1-2596-b31421e8da47","FullyQualifiedName":"Unit_Testovi.NoviTestovi.TestZamjenskiObjekat","DisplayName":"TestZamjenskiObjekat","ExecutorUri":"executor://MSTestAdapter/v2","Source":"C:\\Users\\User\\Desktop\\VVSZadaca2\\Filmoteka\\Unit Testovi\\bin\\Debug\\fine-code-coverage\\Unit Testovi.dll","CodeFilePath":null,"LineNumber":-1,"Properties":[{"Key":{"Id":"MSTestDiscoverer.TestClassName","Label":"ClassName","Category":"","Description":"","Attributes":1,"ValueType":"System.String"},"Value":"Unit_Testovi.NoviTestovi"},{"Key":{"Id":"TestObject.Traits","Label":"Traits","Category":"","Description":"","Attributes":5,"ValueType":"System.Collections.Generic.KeyValuePair`2[[System.String],[System.String]][]"},"Value":[]}]},"Attachments":[],"Outcome":2,"ErrorMessage":"Test method Unit_Testovi.NoviTestovi.TestZamjenskiObjekat threw exception: \r\nSystem.NotImplementedException: The method or operation is not implemented.","ErrorStackTrace":"    at Filmoteka.Reziser.DaLiJeReziraoFilm(Film f) in C:\\Users\\User\\Desktop\\VVSZadaca2\\Filmoteka\\Filmoteka\\Reziser.cs:line 15\r\n   at Filmoteka.Filmoteka.DajSveFilmoveZaRezisera(IReziser reziser) in C:\\Users\\User\\Desktop\\VVSZadaca2\\Filmoteka\\Filmoteka\\Filmoteka.cs:line 97\r\n   at Unit_Testovi.NoviTestovi.TestZamjenskiObjekat() in C:\\Users\\User\\Desktop\\VVSZadaca2\\Filmoteka\\Unit Testovi\\NoviTestovi.cs:line 23\r\n","DisplayName":null,"Messages":[],"ComputerName":null,"Duration":"00:00:00.0895545","StartTime":"2020-12-02T14:54:27.5145244+01:00","EndTime":"2020-12-02T14:54:27.6892476+01:00","Properties":[{"Key":{"Id":"ExecutionId","Label":"ExecutionId","Category":"","Description":"","Attributes":1,"ValueType":"System.Guid"},"Value":"00000000-0000-0000-0000-000000000000"},{"Key":{"Id":"ParentExecId","Label":"ParentExecId","Category":"","Description":"","Attributes":1,"ValueType":"System.Guid"},"Value":"00000000-0000-0000-0000-000000000000"},{"Key":{"Id":"InnerResultsCount","Label":"InnerResultsCount","Category":"","Description":"","Attributes":1,"ValueType":"System.Int32"},"Value":0}]},{"TestCase":{"Id":"307a9543-71bf-45b1-736e-e86a33581b25","FullyQualifiedName":"Unit_Testovi.NoviTestovi.TestDodajNastavakIstiGlumci","DisplayName":"TestDodajNastavakIstiGlumci","ExecutorUri":"executor://MSTestAdapter/v2","Source":"C:\\Users\\User\\Desktop\\VVSZadaca2\\Filmoteka\\Unit Testovi\\bin\\Debug\\fine-code-coverage\\Unit Testovi.dll","CodeFilePath":null,"LineNumber":-1,"Properties":[{"Key":{"Id":"MSTestDiscoverer.TestClassName","Label":"ClassName","Category":"","Description":"","Attributes":1,"ValueType":"System.String"},"Value":"Unit_Testovi.NoviTestovi"},{"Key":{"Id":"TestObject.Traits","Label":"Traits","Category":"","Description":"","Attributes":5,"ValueType":"System.Collections.Generic.KeyValuePair`2[[System.String],[System.String]][]"},"Value":[]}]},"Attachments":[],"Outcome":2,"ErrorMessage":"Test method Unit_Testovi.NoviTestovi.TestDodajNastavakIstiGlumci threw exception: \r\nSystem.NotImplementedException: The method or operation is not implemented.","ErrorStackTrace":"    at Filmoteka.Filmoteka.DodajNastavak(Film film, Double rating, Boolean istiGlumci, List`1 noviGlumci) in C:\\Users\\User\\Desktop\\VVSZadaca2\\Filmoteka\\Filmoteka\\Filmoteka.cs:line 118\r\n   at Unit_Testovi.NoviTestovi.TestDodajNastavakIstiGlumci() in C:\\Users\\User\\Desktop\\VVSZadaca2\\Filmoteka\\Unit Testovi\\NoviTestovi.cs:line 40\r\n","DisplayName":null,"Messages":[],"ComputerName":null,"Duration":"00:00:00.0019209","StartTime":"2020-12-02T14:54:27.8099574+01:00","EndTime":"2020-12-02T14:54:27.8122666+01:00","Properties":[{"Key":{"Id":"ExecutionId","Label":"ExecutionId","Category":"","Description":"","Attributes":1,"ValueType":"System.Guid"},"Value":"00000000-0000-0000-0000-000000000000"},{"Key":{"Id":"ParentExecId","Label":"ParentExecId","Category":"","Description":"","Attributes":1,"ValueType":"System.Guid"},"Value":"00000000-0000-0000-0000-000000000000"},{"Key":{"Id":"InnerResultsCount","Label":"InnerResultsCount","Category":"","Description":"","Attributes":1,"ValueType":"System.Int32"},"Value":0}]},{"TestCase":{"Id":"ccc8a4b1-0bba-0d1f-634a-2a0e08c0293a","FullyQualifiedName":"Unit_Testovi.NoviTestovi.TestDodajNastavakRazlicitiGlumci","DisplayName":"TestDodajNastavakRazlicitiGlumci","ExecutorUri":"executor://MSTestAdapter/v2","Source":"C:\\Users\\User\\Desktop\\VVSZadaca2\\Filmoteka\\Unit Testovi\\bin\\Debug\\fine-code-coverage\\Unit Testovi.dll","CodeFilePath":null,"LineNumber":-1,"Properties":[{"Key":{"Id":"MSTestDiscoverer.TestClassName","Label":"ClassName","Category":"","Description":"","Attributes":1,"ValueType":"System.String"},"Value":"Unit_Testovi.NoviTestovi"},{"Key":{"Id":"TestObject.Traits","Label":"Traits","Category":"","Description":"","Attributes":5,"ValueType":"System.Collections.Generic.KeyValuePair`2[[System.String],[System.String]][]"},"Value":[]}]},"Attachments":[],"Outcome":2,"ErrorMessage":"Test method Unit_Testovi.NoviTestovi.TestDodajNastavakRazlicitiGlumci threw exception: \r\nSystem.NotImplementedException: The method or operation is not implemented.","ErrorStackTrace":"    at Filmoteka.Filmoteka.DodajNastavak(Film film, Double rating, Boolean istiGlumci, List`1 noviGlumci) in C:\\Users\\User\\Desktop\\VVSZadaca2\\Filmoteka\\Filmoteka\\Filmoteka.cs:line 118\r\n   at Unit_Testovi.NoviTestovi.TestDodajNastavakRazlicitiGlumci() in C:\\Users\\User\\Desktop\\VVSZadaca2\\Filmoteka\\Unit Testovi\\NoviTestovi.cs:line 53\r\n","DisplayName":null,"Messages":[],"ComputerName":null,"Duration":"00:00:00.0017180","StartTime":"2020-12-02T14:54:27.8191509+01:00","EndTime":"2020-12-02T14:54:27.8211547+01:00","Properties":[{"Key":{"Id":"ExecutionId","Label":"ExecutionId","Category":"","Description":"","Attributes":1,"ValueType":"System.Guid"},"Value":"00000000-0000-0000-0000-000000000000"},{"Key":{"Id":"ParentExecId","Label":"ParentExecId","Category":"","Description":"","Attributes":1,"ValueType":"System.Guid"},"Value":"00000000-0000-0000-0000-000000000000"},{"Key":{"Id":"InnerResultsCount","Label":"InnerResultsCount","Category":"","Description":"","Attributes":1,"ValueType":"System.Int32"},"Value":0}]},{"TestCase":{"Id":"83c1ddde-4e31-66fc-a376-4096e8037e77","FullyQualifiedName":"Unit_Testovi.NoviTestovi.TestDodajNastavakIzuzetak","DisplayName":"TestDodajNastavakIzuzetak","ExecutorUri":"executor://MSTestAdapter/v2","Source":"C:\\Users\\User\\Desktop\\VVSZadaca2\\Filmoteka\\Unit Testovi\\bin\\Debug\\fine-code-coverage\\Unit Testovi.dll","CodeFilePath":null,"LineNumber":-1,"Properties":[{"Key":{"Id":"MSTestDiscoverer.TestClassName","Label":"ClassName","Category":"","Description":"","Attributes":1,"ValueType":"System.String"},"Value":"Unit_Testovi.NoviTestovi"},{"Key":{"Id":"TestObject.Traits","Label":"Traits","Category":"","Description":"","Attributes":5,"ValueType":"System.Collections.Generic.KeyValuePair`2[[System.String],[System.String]][]"},"Value":[]}]},"Attachments":[],"Outcome":2,"ErrorMessage":"Test method threw exception System.NotImplementedException, but exception System.ArgumentNullException was expected. Exception message: System.NotImplementedException: The method or operation is not implemented.","ErrorStackTrace":"   at Filmoteka.Filmoteka.DodajNastavak(Film film, Double rating, Boolean istiGlumci, List`1 noviGlumci) in C:\\Users\\User\\Desktop\\VVSZadaca2\\Filmoteka\\Filmoteka\\Filmoteka.cs:line 118\r\n   at Unit_Testovi.NoviTestovi.TestDodajNastavakIzuzetak() in C:\\Users\\User\\Desktop\\VVSZadaca2\\Filmoteka\\Unit Testovi\\NoviTestovi.cs:line 66\r\n","DisplayName":null,"Messages":[],"ComputerName":null,"Duration":"00:00:00.0059318","StartTime":"2020-12-02T14:54:27.8327251+01:00","EndTime":"2020-12-02T14:54:27.8390525+01:00","Properties":[{"Key":{"Id":"ExecutionId","Label":"ExecutionId","Category":"","Description":"","Attributes":1,"ValueType":"System.Guid"},"Value":"00000000-0000-0000-0000-000000000000"},{"Key":{"Id":"ParentExecId","Label":"ParentExecId","Category":"","Description":"","Attributes":1,"ValueType":"System.Guid"},"Value":"00000000-0000-0000-0000-000000000000"},{"Key":{"Id":"InnerResultsCount","Label":"InnerResultsCount","Category":"","Description":"","Attributes":1,"ValueType":"System.Int32"},"Value":0}]}],"TestRunStatistics":{"ExecutedTests":4,"Stats":{"Failed":4}},"ActiveTests":[]},"RunAttachments":[],"ExecutorUris":["executor://mstestadapter/v2"]}}
TpTrace Verbose: 0 : 16548, 5, 2020/12/02, 14:54:27.978, 1885218864805, testhost.dll, BaseRunTests.RunTests: Run is complete.
TpTrace Verbose: 0 : 16548, 4, 2020/12/02, 14:54:27.989, 1885218976087, testhost.dll, TcpClientExtensions.MessageLoopAsync: NotifyDataAvailable remoteEndPoint: [::ffff:127.0.0.1]:51035 localEndPoint: [::ffff:127.0.0.1]:51036
TpTrace Information: 0 : 16548, 4, 2020/12/02, 14:54:27.990, 1885218979759, testhost.dll, TestRequestHandler.ProcessRequests: received message: (TestSession.Terminate) -> null
TpTrace Information: 0 : 16548, 4, 2020/12/02, 14:54:27.990, 1885218981945, testhost.dll, Session End message received from server. Closing the connection.
TpTrace Information: 0 : 16548, 4, 2020/12/02, 14:54:27.991, 1885218989393, testhost.dll, SocketClient.Stop: Stop communication from server endpoint: 127.0.0.1:051035
TpTrace Information: 0 : 16548, 4, 2020/12/02, 14:54:27.991, 1885218992957, testhost.dll, SocketClient: Stop: Cancellation requested. Stopping message loop.
TpTrace Verbose: 0 : 16548, 4, 2020/12/02, 14:54:27.992, 1885219001594, testhost.dll, LengthPrefixCommunicationChannel.Dispose: Dispose reader and writer.
TpTrace Information: 0 : 16548, 4, 2020/12/02, 14:54:27.992, 1885219004051, testhost.dll, Closing the connection !
TpTrace Information: 0 : 16548, 4, 2020/12/02, 14:54:27.993, 1885219012186, testhost.dll, SocketClient.PrivateStop: Stop communication from server endpoint: 127.0.0.1:051035, error:
TpTrace Verbose: 0 : 16548, 4, 2020/12/02, 14:54:27.994, 1885219026783, testhost.dll, LengthPrefixCommunicationChannel.Dispose: Dispose reader and writer.
TpTrace Verbose: 0 : 16548, 4, 2020/12/02, 14:54:27.995, 1885219029922, testhost.dll, TcpClientExtensions.MessageLoopAsync: exiting MessageLoopAsync remoteEndPoint: [::ffff:127.0.0.1]:51035 localEndPoint: [::ffff:127.0.0.1]:51036
TpTrace Information: 0 : 16548, 1, 2020/12/02, 14:54:27.995, 1885219035507, testhost.dll, Closing the connection !
TpTrace Information: 0 : 16548, 1, 2020/12/02, 14:54:27.996, 1885219038099, testhost.dll, SocketClient.Stop: Stop communication from server endpoint: 127.0.0.1:051035
TpTrace Verbose: 0 : 16548, 1, 2020/12/02, 14:54:27.996, 1885219040546, testhost.dll, LengthPrefixCommunicationChannel.Dispose: Dispose reader and writer.
TpTrace Information: 0 : 16548, 1, 2020/12/02, 14:54:27.996, 1885219044176, testhost.dll, Testhost process exiting.
